2023-10-30 18:40:23,448 [INFO] Activator:176 - 


2023-10-30 18:40:23,461 [INFO] Activator:177 - !SESSION log4j initialized
2023-10-30 18:40:37,423 [INFO] LogOutputStream:77 - [STDOUT_REDIRECT] 
2023-10-30 18:40:44,265 [INFO] ApplicationProperties:184 - Using Application install path: /opt/st/stm32cubeide_1.13.2/plugins/com.st.stm32cube.common.mx_6.9.2.202309101412
2023-10-30 18:40:44,411 [INFO] DbMcusXml:78 - Set database path to: /opt/st/stm32cubeide_1.13.2/plugins/com.st.stm32cube.common.mx_6.9.2.202309101412//db//mcu/
2023-10-30 18:40:44,412 [INFO] ApiDb:274 - Set plugin database path to: /opt/st/stm32cubeide_1.13.2/plugins/com.st.stm32cube.common.mx_6.9.2.202309101412//db//plugins/boardmanager/
2023-10-30 18:40:44,414 [WARN] ApiDb:259 - Overriding images path with different value:  => /opt/st/stm32cubeide_1.13.2/plugins/com.st.stm32cube.common.mx_6.9.2.202309101412//db//plugins/mcufinder/images/
2023-10-30 18:40:44,468 [INFO] ApiDb:250 - Set database path to: /home/osboxes/.stmcufinder/plugins/mcufinder//mcu/
2023-10-30 18:40:44,470 [INFO] DbMcusAds:125 - Set database path to: /home/osboxes/.stmcufinder/plugins/mcufinder//mcu/
2023-10-30 18:40:44,484 [INFO] CrossReferenceDbSqlite:203 - Set database path to: /home/osboxes/.stmcufinder/plugins/mcufinder//mcu/cs/
2023-10-30 18:40:44,973 [INFO] RulesReader:64 - Compatibility file has been processed (293 Rules)
2023-10-30 18:40:45,682 [INFO] DbMcusXml:78 - Set database path to: /opt/st/stm32cubeide_1.13.2/plugins/com.st.stm32cube.common.mx_6.9.2.202309101412//db//mcu/
2023-10-30 18:40:45,682 [INFO] ApiDb:274 - Set plugin database path to: /opt/st/stm32cubeide_1.13.2/plugins/com.st.stm32cube.common.mx_6.9.2.202309101412//db//plugins/boardmanager/
2023-10-30 18:40:45,686 [INFO] ApiDb:261 - Set plugin images path to: /opt/st/stm32cubeide_1.13.2/plugins/com.st.stm32cube.common.mx_6.9.2.202309101412//db//plugins/mcufinder/images/
2023-10-30 18:40:45,687 [WARN] DbFile:41 - Overriding database path with different value: /home/osboxes/.stmcufinder/plugins/mcufinder/ => /home/osboxes/.stmcufinder/plugins/mcufinder
2023-10-30 18:40:45,687 [INFO] ApiDb:250 - Set database path to: /home/osboxes/.stmcufinder/plugins/mcufinder//mcu/
2023-10-30 18:40:45,687 [WARN] DbFile:41 - Overriding database path with different value: /home/osboxes/.stmcufinder/plugins/mcufinder/ => /home/osboxes/.stmcufinder/plugins/mcufinder
2023-10-30 18:40:45,687 [INFO] DbMcusAds:125 - Set database path to: /home/osboxes/.stmcufinder/plugins/mcufinder//mcu/
2023-10-30 18:40:45,696 [WARN] DbFile:41 - Overriding database path with different value: /home/osboxes/.stmcufinder/plugins/mcufinder/ => /home/osboxes/.stmcufinder/plugins/mcufinder
2023-10-30 18:40:45,696 [WARN] DbFile:41 - Overriding database path with different value: /home/osboxes/.stmcufinder/plugins/mcufinder/ => /home/osboxes/.stmcufinder/plugins/mcufinder
2023-10-30 18:40:45,710 [INFO] CrossReferenceDbSqlite:203 - Set database path to: /home/osboxes/.stmcufinder/plugins/mcufinder//mcu/cs/
2023-10-30 18:40:46,305 [INFO] MainPanel:262 - HeapMemory: 268435456
2023-10-30 18:40:47,218 [INFO] DbMcusXml:78 - Set database path to: /opt/st/stm32cubeide_1.13.2/plugins/com.st.stm32cube.common.mx_6.9.2.202309101412//db//mcu/
2023-10-30 18:40:47,219 [INFO] ApiDb:274 - Set plugin database path to: /opt/st/stm32cubeide_1.13.2/plugins/com.st.stm32cube.common.mx_6.9.2.202309101412//db//plugins/boardmanager/
2023-10-30 18:40:47,219 [INFO] ApiDb:261 - Set plugin images path to: /opt/st/stm32cubeide_1.13.2/plugins/com.st.stm32cube.common.mx_6.9.2.202309101412//db//plugins/mcufinder/images/
2023-10-30 18:40:47,234 [WARN] DbFile:41 - Overriding database path with different value: /home/osboxes/.stmcufinder/plugins/mcufinder/ => /home/osboxes/.stmcufinder/plugins/mcufinder
2023-10-30 18:40:47,234 [INFO] ApiDb:250 - Set database path to: /home/osboxes/.stmcufinder/plugins/mcufinder//mcu/
2023-10-30 18:40:47,234 [WARN] DbFile:41 - Overriding database path with different value: /home/osboxes/.stmcufinder/plugins/mcufinder/ => /home/osboxes/.stmcufinder/plugins/mcufinder
2023-10-30 18:40:47,234 [INFO] DbMcusAds:125 - Set database path to: /home/osboxes/.stmcufinder/plugins/mcufinder//mcu/
2023-10-30 18:40:47,234 [WARN] DbFile:41 - Overriding database path with different value: /home/osboxes/.stmcufinder/plugins/mcufinder/ => /home/osboxes/.stmcufinder/plugins/mcufinder
2023-10-30 18:40:47,234 [WARN] DbFile:41 - Overriding database path with different value: /home/osboxes/.stmcufinder/plugins/mcufinder/ => /home/osboxes/.stmcufinder/plugins/mcufinder
2023-10-30 18:40:47,235 [INFO] CrossReferenceDbSqlite:203 - Set database path to: /home/osboxes/.stmcufinder/plugins/mcufinder//mcu/cs/
2023-10-30 18:40:47,457 [INFO] ApplicationProperties:184 - Using Application install path: /opt/st/stm32cubeide_1.13.2/plugins/com.st.stm32cube.common.mx_6.9.2.202309101412
2023-10-30 18:40:47,490 [INFO] PluginManage:196 - Search for loadable plugins [exclusion list=, ]
2023-10-30 18:40:47,531 [INFO] PluginManage:310 - Check plugin analytics
2023-10-30 18:40:48,647 [INFO] AnalyticsPlugin:253 - Accepted Software Licenses: 
2023-10-30 18:40:48,648 [INFO] AnalyticsPlugin:255 - Accepted CMSIS Pack Licenses: STMicroelectronics.X-CUBE-NFC4.3.0.0
2023-10-30 18:40:48,648 [INFO] AnalyticsPlugin:257 - Accepted Firmware Licenses: FW.F4.1.27.0
2023-10-30 18:40:48,671 [INFO] PluginManage:359 - Loaded plugin analytics (category:tool,tabindex:-1)
2023-10-30 18:40:48,672 [INFO] PluginManage:310 - Check plugin cadmodel
2023-10-30 18:40:48,961 [INFO] CADModel:105 - Init CAD model plugin
2023-10-30 18:40:48,961 [INFO] PluginManage:359 - Loaded plugin cadmodel (category:power,tabindex:5)
2023-10-30 18:40:48,961 [INFO] PluginManage:310 - Check plugin clock
2023-10-30 18:40:49,061 [INFO] PluginManage:359 - Loaded plugin clock (category:base,tabindex:2)
2023-10-30 18:40:49,062 [INFO] PluginManage:310 - Check plugin ddr
2023-10-30 18:40:49,069 [INFO] PluginManage:359 - Loaded plugin ddr (category:tool,tabindex:6)
2023-10-30 18:40:49,069 [INFO] PluginManage:310 - Check plugin filemanager
2023-10-30 18:40:49,776 [INFO] PluginManage:359 - Loaded plugin filemanager (category:base,tabindex:10)
2023-10-30 18:40:49,781 [INFO] PluginManage:310 - Check plugin ipmanager
2023-10-30 18:40:49,799 [INFO] PluginManage:359 - Loaded plugin ipmanager (category:base,tabindex:5)
2023-10-30 18:40:49,800 [INFO] PluginManage:310 - Check plugin lpbam
2023-10-30 18:40:49,845 [INFO] PluginManage:359 - Loaded plugin lpbam (category:base,tabindex:0)
2023-10-30 18:40:49,846 [INFO] PluginManage:310 - Check plugin memorymap
2023-10-30 18:40:49,902 [INFO] PluginManage:359 - Loaded plugin memorymap (category:base,tabindex:4)
2023-10-30 18:40:49,902 [INFO] PluginManage:310 - Check plugin pinoutandconfiguration
2023-10-30 18:40:49,927 [INFO] PluginManage:359 - Loaded plugin pinoutandconfiguration (category:base,tabindex:1)
2023-10-30 18:40:49,927 [INFO] PluginManage:310 - Check plugin pinoutconfig
2023-10-30 18:40:50,351 [WARN] SupportedApi:132 - Cannot load RTOS API schema: s4s-elt-must-match.1: The content of 'definitions' must match (annotation?, (simpleType | complexType)?, (unique | key | keyref)*)). A problem was found starting at: attribute.
2023-10-30 18:40:50,949 [INFO] PluginManage:359 - Loaded plugin pinoutconfig (category:base,tabindex:0)
2023-10-30 18:40:50,949 [INFO] PluginManage:310 - Check plugin power
2023-10-30 18:40:50,988 [INFO] PluginManage:359 - Loaded plugin power (category:power,tabindex:4)
2023-10-30 18:40:50,988 [INFO] PluginManage:310 - Check plugin projectmanager
2023-10-30 18:40:51,053 [INFO] PluginManage:359 - Loaded plugin projectmanager (category:projectmanager,tabindex:3)
2023-10-30 18:40:51,054 [INFO] PluginManage:310 - Check plugin thirdparty
2023-10-30 18:40:51,657 [INFO] PluginManage:359 - Loaded plugin thirdparty (category:base,tabindex:-1)
2023-10-30 18:40:51,657 [INFO] PluginManage:310 - Check plugin tools
2023-10-30 18:40:51,658 [WARN] IntegrityCheckThread:84 - waiting for thirdparty lock release [integrity check]
2023-10-30 18:40:51,683 [INFO] IntegrityCheckThread:86 - entering critical section [integrity check]
2023-10-30 18:40:51,685 [INFO] ThirdPartyUpdaterWithRetryManager:70 - Updater plugin not ready yet. [1/15]
2023-10-30 18:40:51,670 [INFO] PluginManage:359 - Loaded plugin tools (category:base,tabindex:7)
2023-10-30 18:40:51,689 [INFO] PluginManage:310 - Check plugin tutovideos
2023-10-30 18:40:52,440 [INFO] PluginManage:359 - Loaded plugin tutovideos (category:base,tabindex:-1)
2023-10-30 18:40:52,441 [INFO] PluginManage:310 - Check plugin updater
2023-10-30 18:40:52,465 [INFO] PluginManage:359 - Loaded plugin updater (category:base,tabindex:12)
2023-10-30 18:40:52,465 [INFO] PluginManage:310 - Check plugin userauth
2023-10-30 18:40:52,479 [INFO] UserAuth:113 - Init User Auth plugin
2023-10-30 18:40:52,479 [INFO] PluginManage:359 - Loaded plugin userauth (category:base,tabindex:14)
2023-10-30 18:40:52,480 [INFO] PluginManage:283 - PluginManage : Loaded plugins [17]
2023-10-30 18:40:53,735 [INFO] PinOutPanel:1499 - setPackage(No Configuration,No Configuration)
2023-10-30 18:40:54,533 [INFO] CADModel:165 - CPN selected for project level
2023-10-30 18:40:54,545 [INFO] CADModel:114 - Register for checkConnection events
2023-10-30 18:40:54,599 [INFO] IPUIPlugin:80 - create IPUIPlugin
2023-10-30 18:40:54,602 [INFO] PluginManager:220 - loadIPPluginJar : add dma3
2023-10-30 18:40:54,606 [INFO] IPUIPlugin:80 - create IPUIPlugin
2023-10-30 18:40:54,607 [INFO] PluginManager:220 - loadIPPluginJar : add tracer_emb
2023-10-30 18:40:54,656 [INFO] IPUIPlugin:80 - create IPUIPlugin
2023-10-30 18:40:54,660 [INFO] PluginManager:220 - loadIPPluginJar : add gpio
2023-10-30 18:40:54,690 [INFO] ThirdPartyUpdaterWithRetryManager:70 - Updater plugin not ready yet. [2/15]
2023-10-30 18:40:54,707 [INFO] IPUIPlugin:80 - create IPUIPlugin
2023-10-30 18:40:54,708 [INFO] PluginManager:220 - loadIPPluginJar : add ipddr
2023-10-30 18:40:54,713 [INFO] IPUIPlugin:80 - create IPUIPlugin
2023-10-30 18:40:54,713 [INFO] PluginManager:220 - loadIPPluginJar : add sai
2023-10-30 18:40:54,716 [INFO] IPUIPlugin:80 - create IPUIPlugin
2023-10-30 18:40:54,717 [INFO] PluginManager:220 - loadIPPluginJar : add i2s
2023-10-30 18:40:54,732 [INFO] IPUIPlugin:80 - create IPUIPlugin
2023-10-30 18:40:54,732 [INFO] PluginManager:220 - loadIPPluginJar : add dma
2023-10-30 18:40:54,752 [INFO] IPUIPlugin:80 - create IPUIPlugin
2023-10-30 18:40:54,753 [INFO] PluginManager:220 - loadIPPluginJar : add fmc
2023-10-30 18:40:54,763 [INFO] IPUIPlugin:80 - create IPUIPlugin
2023-10-30 18:40:54,764 [INFO] PluginManager:220 - loadIPPluginJar : add hash
2023-10-30 18:40:54,771 [INFO] IPUIPlugin:80 - create IPUIPlugin
2023-10-30 18:40:54,771 [INFO] PluginManager:220 - loadIPPluginJar : add spi
2023-10-30 18:40:54,782 [INFO] IPUIPlugin:80 - create IPUIPlugin
2023-10-30 18:40:54,782 [INFO] PluginManager:220 - loadIPPluginJar : add nvic
2023-10-30 18:40:54,809 [INFO] IPUIPlugin:80 - create IPUIPlugin
2023-10-30 18:40:54,809 [INFO] PluginManager:220 - loadIPPluginJar : add stm32_wpan
2023-10-30 18:40:54,812 [INFO] IPUIPlugin:80 - create IPUIPlugin
2023-10-30 18:40:54,812 [INFO] PluginManager:220 - loadIPPluginJar : add comp
2023-10-30 18:40:54,820 [INFO] IPUIPlugin:80 - create IPUIPlugin
2023-10-30 18:40:54,821 [INFO] PluginManager:220 - loadIPPluginJar : add gfxmmu
2023-10-30 18:40:54,834 [INFO] IPUIPlugin:80 - create IPUIPlugin
2023-10-30 18:40:54,835 [INFO] PluginManager:220 - loadIPPluginJar : add aes
2023-10-30 18:40:54,841 [INFO] IPUIPlugin:80 - create IPUIPlugin
2023-10-30 18:40:54,841 [INFO] PluginManager:220 - loadIPPluginJar : add fatfs
2023-10-30 18:40:54,846 [INFO] IPUIPlugin:80 - create IPUIPlugin
2023-10-30 18:40:54,846 [INFO] PluginManager:220 - loadIPPluginJar : add openamp
2023-10-30 18:40:54,853 [INFO] IPUIPlugin:80 - create IPUIPlugin
2023-10-30 18:40:54,853 [INFO] PluginManager:220 - loadIPPluginJar : add pdm2pcm
2023-10-30 18:40:54,862 [INFO] IPUIPlugin:80 - create IPUIPlugin
2023-10-30 18:40:54,862 [INFO] PluginManager:220 - loadIPPluginJar : add tim
2023-10-30 18:40:54,871 [INFO] IPUIPlugin:80 - create IPUIPlugin
2023-10-30 18:40:54,872 [INFO] PluginManager:220 - loadIPPluginJar : add resmgrutility
2023-10-30 18:40:54,883 [INFO] IPUIPlugin:80 - create IPUIPlugin
2023-10-30 18:40:54,883 [INFO] PluginManager:220 - loadIPPluginJar : add ltdc
2023-10-30 18:40:54,890 [INFO] IPUIPlugin:80 - create IPUIPlugin
2023-10-30 18:40:54,890 [INFO] PluginManager:220 - loadIPPluginJar : add ucpd
2023-10-30 18:40:54,905 [INFO] IPUIPlugin:80 - create IPUIPlugin
2023-10-30 18:40:54,909 [INFO] PluginManager:220 - loadIPPluginJar : add usbx
2023-10-30 18:40:54,914 [INFO] IPUIPlugin:80 - create IPUIPlugin
2023-10-30 18:40:54,916 [INFO] PluginManager:220 - loadIPPluginJar : add cryp
2023-10-30 18:40:54,936 [INFO] IPUIPlugin:80 - create IPUIPlugin
2023-10-30 18:40:54,938 [INFO] PluginManager:220 - loadIPPluginJar : add gic
2023-10-30 18:40:54,953 [INFO] IPUIPlugin:80 - create IPUIPlugin
2023-10-30 18:40:54,953 [INFO] PluginManager:220 - loadIPPluginJar : add adc
2023-10-30 18:40:54,959 [INFO] IPUIPlugin:80 - create IPUIPlugin
2023-10-30 18:40:54,963 [INFO] PluginManager:220 - loadIPPluginJar : add ts
2023-10-30 18:40:54,971 [INFO] IPUIPlugin:80 - create IPUIPlugin
2023-10-30 18:40:54,974 [INFO] PluginManager:220 - loadIPPluginJar : add touchsensing
2023-10-30 18:40:54,981 [INFO] IPUIPlugin:80 - create IPUIPlugin
2023-10-30 18:40:54,981 [INFO] PluginManager:220 - loadIPPluginJar : add dfsdm
2023-10-30 18:40:54,989 [INFO] IPUIPlugin:80 - create IPUIPlugin
2023-10-30 18:40:54,992 [INFO] PluginManager:220 - loadIPPluginJar : add usart
2023-10-30 18:40:54,995 [INFO] IPUIPlugin:80 - create IPUIPlugin
2023-10-30 18:40:54,996 [INFO] PluginManager:220 - loadIPPluginJar : add lorawan
2023-10-30 18:40:55,012 [INFO] IPUIPlugin:80 - create IPUIPlugin
2023-10-30 18:40:55,014 [INFO] PluginManager:220 - loadIPPluginJar : add tsc
2023-10-30 18:40:55,043 [INFO] IPUIPlugin:80 - create IPUIPlugin
2023-10-30 18:40:55,048 [INFO] PluginManager:220 - loadIPPluginJar : add linkedlist
2023-10-30 18:40:55,106 [INFO] IPUIPlugin:80 - create IPUIPlugin
2023-10-30 18:40:55,131 [INFO] PluginManager:220 - loadIPPluginJar : add plateformsettings
2023-10-30 18:40:55,138 [INFO] IPUIPlugin:80 - create IPUIPlugin
2023-10-30 18:40:55,139 [INFO] PluginManager:220 - loadIPPluginJar : add genericplugin
2023-10-30 18:40:55,175 [INFO] IPUIPlugin:80 - create IPUIPlugin
2023-10-30 18:40:55,175 [INFO] PluginManager:220 - loadIPPluginJar : add mdma
2023-10-30 18:40:55,200 [INFO] IPUIPlugin:80 - create IPUIPlugin
2023-10-30 18:40:55,205 [INFO] PluginManager:220 - loadIPPluginJar : add gtzc
2023-10-30 18:40:55,222 [INFO] IPUIPlugin:80 - create IPUIPlugin
2023-10-30 18:40:55,223 [INFO] PluginManager:220 - loadIPPluginJar : add can
2023-10-30 18:40:55,265 [INFO] IPUIPlugin:80 - create IPUIPlugin
2023-10-30 18:40:55,266 [INFO] PluginManager:220 - loadIPPluginJar : add i3c
2023-10-30 18:40:55,335 [INFO] IPUIPlugin:80 - create IPUIPlugin
2023-10-30 18:40:55,346 [INFO] PluginManager:220 - loadIPPluginJar : add freertos
2023-10-30 18:40:55,358 [INFO] IPUIPlugin:80 - create IPUIPlugin
2023-10-30 18:40:55,359 [INFO] PluginManager:220 - loadIPPluginJar : add quadspi
2023-10-30 18:40:55,384 [INFO] IPUIPlugin:80 - create IPUIPlugin
2023-10-30 18:40:55,384 [INFO] PluginManager:220 - loadIPPluginJar : add opamp
2023-10-30 18:40:55,397 [INFO] IPUIPlugin:80 - create IPUIPlugin
2023-10-30 18:40:55,401 [INFO] PluginManager:220 - loadIPPluginJar : add i2c
2023-10-30 18:40:55,754 [INFO] CADModel:165 - CPN selected for project level
2023-10-30 18:40:55,754 [INFO] CADModel:114 - Register for checkConnection events
2023-10-30 18:40:55,755 [FATAL] Updater:308 - Updater called before beeing initialized
2023-10-30 18:40:55,755 [ERROR] CADModel:125 - Updater not yet initialized, retry later 
2023-10-30 18:40:56,854 [INFO] CADModel:165 - CPN selected for project level
2023-10-30 18:40:56,854 [INFO] CADModel:114 - Register for checkConnection events
2023-10-30 18:40:56,854 [FATAL] Updater:308 - Updater called before beeing initialized
2023-10-30 18:40:56,854 [ERROR] CADModel:125 - Updater not yet initialized, retry later 
2023-10-30 18:40:56,884 [FATAL] Updater:308 - Updater called before beeing initialized
2023-10-30 18:40:57,691 [INFO] ThirdPartyUpdaterWithRetryManager:70 - Updater plugin not ready yet. [3/15]
2023-10-30 18:40:57,758 [FATAL] Updater:308 - Updater called before beeing initialized
2023-10-30 18:40:57,791 [INFO] DbMcusAds:53 - JSON generation date=Tue Mar 07 05:50:55 ART 2023 (1678179055114)
2023-10-30 18:40:57,798 [FATAL] Updater:308 - Updater called before beeing initialized
2023-10-30 18:40:58,150 [WARN] DetailPanel:346 - Failed to get advertising image, set to default
2023-10-30 18:40:59,096 [FATAL] Updater:308 - Updater called before beeing initialized
2023-10-30 18:40:59,109 [FATAL] Updater:308 - Updater called before beeing initialized
2023-10-30 18:40:59,111 [FATAL] Updater:308 - Updater called before beeing initialized
2023-10-30 18:40:59,112 [WARN] DetailPanel:346 - Failed to get advertising image, set to default
2023-10-30 18:40:59,124 [FATAL] Updater:308 - Updater called before beeing initialized
2023-10-30 18:40:59,356 [ERROR] Updater:1120 - MainUpdater not yet initialized. External WinMGr cannot be set.
2023-10-30 18:40:59,374 [INFO] Updater:1056 - Updater Version found : 6.9.2
2023-10-30 18:40:59,550 [INFO] ApplicationProperties:184 - Using Application install path: /opt/st/stm32cubeide_1.13.2/plugins/com.st.stm32cube.common.mx_6.9.2.202309101412
2023-10-30 18:41:00,399 [INFO] MainUpdater:2868 - connection check result : 10
2023-10-30 18:41:00,408 [INFO] MainUpdater:285 - Updater Check For Update Now.
2023-10-30 18:41:00,409 [INFO] MicroXplorer:498 - Change Database Version : DB.6.0.92
2023-10-30 18:41:00,440 [INFO] McuFinderGlobals:63 - Set McuFinder mode to 2 (CubeIDE integrated)
2023-10-30 18:41:00,692 [WARN] MainUpdater:1189 - Updater busy. Cannot search thirdparties
2023-10-30 18:41:00,692 [INFO] ThirdPartyUpdaterWithRetryManager:96 - Updater plugin is busy. [1/15]
2023-10-30 18:41:01,042 [INFO] CheckServerUpdateThread:120 - End of CheckServer Thread
2023-10-30 18:41:04,695 [WARN] PackLoader:240 - Cannot read IP mode file for STMicroelectronics.X-CUBE-SMBUS.2.1.0
2023-10-30 18:41:05,140 [WARN] PackLoader:240 - Cannot read IP mode file for STMicroelectronics.X-CUBE-AZRTOS-F7.1.1.0
2023-10-30 18:41:05,266 [WARN] PackLoader:240 - Cannot read IP mode file for STMicroelectronics.FP-SNS-MOTENV1.4.3.2
2023-10-30 18:41:05,323 [WARN] PackLoader:240 - Cannot read IP mode file for STMicroelectronics.FP-SNS-FLIGHT1.5.0.2
2023-10-30 18:41:05,387 [WARN] PackLoader:240 - Cannot read IP mode file for STMicroelectronics.X-CUBE-DISPLAY.3.0.0
2023-10-30 18:41:05,472 [WARN] PackLoader:240 - Cannot read IP mode file for STMicroelectronics.X-CUBE-BLE1.7.0.0
2023-10-30 18:41:05,501 [WARN] PackLoader:240 - Cannot read IP mode file for emotas.I-CUBE-CANOPEN.1.3.0
2023-10-30 18:41:05,593 [WARN] PackLoader:240 - Cannot read IP mode file for STMicroelectronics.X-CUBE-TOUCHGFX.4.22.1
2023-10-30 18:41:05,639 [WARN] PackLoader:240 - Cannot read IP mode file for STMicroelectronics.FP-SNS-SMARTAG2.1.2.0
2023-10-30 18:41:05,776 [INFO] LogOutputStream:77 - [STDOUT_REDIRECT] 1 : Invalid condition id : UX_CORESTACK_Condition cause : null
2023-10-30 18:41:05,780 [INFO] LogOutputStream:77 - [STDOUT_REDIRECT] 1 : Invalid condition id : UX_CORESTACK_Condition cause : null
2023-10-30 18:41:05,789 [INFO] LogOutputStream:77 - [STDOUT_REDIRECT] 1 : Invalid condition id : UX_CORESTACK_Condition cause : null
2023-10-30 18:41:05,801 [INFO] LogOutputStream:77 - [STDOUT_REDIRECT] 1 : Invalid condition id : UX_CORESTACK_Condition cause : null
2023-10-30 18:41:05,804 [INFO] LogOutputStream:77 - [STDOUT_REDIRECT] 1 : Invalid condition id : UX_CORESTACK_Condition cause : null
2023-10-30 18:41:05,851 [WARN] PackLoader:240 - Cannot read IP mode file for STMicroelectronics.X-CUBE-AZRTOS-WL.2.0.0
2023-10-30 18:41:05,948 [WARN] PackLoader:240 - Cannot read IP mode file for WES.I-CUBE-Cesium.1.3.0
2023-10-30 18:41:06,021 [WARN] PackLoader:240 - Cannot read IP mode file for STMicroelectronics.X-CUBE-BLE2.3.3.0
2023-10-30 18:41:06,091 [WARN] PackLoader:240 - Cannot read IP mode file for STMicroelectronics.X-CUBE-ALGOBUILD.1.3.0
2023-10-30 18:41:06,337 [WARN] PackLoader:240 - Cannot read IP mode file for STMicroelectronics.X-CUBE-AZRTOS-G0.1.1.0
2023-10-30 18:41:06,414 [WARN] PackLoader:240 - Cannot read IP mode file for STMicroelectronics.X-CUBE-NFC4.3.0.0
2023-10-30 18:41:06,942 [WARN] PackLoader:240 - Cannot read IP mode file for STMicroelectronics.FP-ATR-SIGFOX1.3.2.0
2023-10-30 18:41:07,375 [WARN] PackLoader:240 - Cannot read IP mode file for SEGGER.I-CUBE-embOS.1.3.1
2023-10-30 18:41:07,693 [WARN] PackLoader:240 - Cannot read IP mode file for STMicroelectronics.X-CUBE-GNSS1.6.0.0
2023-10-30 18:41:07,991 [WARN] PackLoader:240 - Cannot read IP mode file for STMicroelectronics.X-CUBE-AZRTOS-F4.1.1.0
2023-10-30 18:41:08,067 [WARN] PackLoader:240 - Cannot read IP mode file for wolfSSL.I-CUBE-wolfSSL.5.6.3
2023-10-30 18:41:08,416 [WARN] PackLoader:240 - Cannot read IP mode file for STMicroelectronics.X-CUBE-AZRTOS-L5.2.0.0
2023-10-30 18:41:09,504 [WARN] PackLoader:240 - Cannot read IP mode file for STMicroelectronics.X-CUBE-MEMS1.9.6.0
2023-10-30 18:41:10,760 [WARN] PackLoader:240 - Cannot read IP mode file for STMicroelectronics.X-CUBE-EEPRMA1.4.2.0
2023-10-30 18:41:10,841 [WARN] PackLoader:240 - Cannot read IP mode file for ITTIA_DB.I-CUBE-ITTIADB.8.8.0
2023-10-30 18:41:10,931 [WARN] PackLoader:240 - Cannot read IP mode file for STMicroelectronics.X-CUBE-BLEMGR.2.0.0
2023-10-30 18:41:11,164 [WARN] ConditionMgr:438 - getConditionDescription Invalid condition id : UX DEVICE CLASS RTOS Condition cause : null
2023-10-30 18:41:11,164 [WARN] ConditionMgr:438 - getConditionDescription Invalid condition id : UX DEVICE CLASS RTOS Condition cause : null
2023-10-30 18:41:11,186 [WARN] PackLoader:240 - Cannot read IP mode file for STMicroelectronics.X-CUBE-AZRTOS-H7.3.1.0
2023-10-30 18:41:11,202 [WARN] ConditionMgr:1039 - genDependencies : Invalid condition id : UX DEVICE CLASS RTOS Condition cause : null
2023-10-30 18:41:11,202 [WARN] ConditionMgr:1039 - genDependencies : Invalid condition id : UX DEVICE CLASS RTOS Condition cause : null
2023-10-30 18:41:11,202 [WARN] ConditionMgr:1039 - genDependencies : Invalid condition id : UX DEVICE CLASS RTOS Condition cause : null
2023-10-30 18:41:11,203 [WARN] ConditionMgr:1039 - genDependencies : Invalid condition id : UX DEVICE CLASS RTOS Condition cause : null
2023-10-30 18:41:11,203 [WARN] ConditionMgr:1039 - genDependencies : Invalid condition id : UX DEVICE CLASS RTOS Condition cause : null
2023-10-30 18:41:11,247 [WARN] PackLoader:240 - Cannot read IP mode file for STMicroelectronics.X-CUBE-NFC7.1.0.1
2023-10-30 18:41:11,296 [WARN] PackLoader:240 - Cannot read IP mode file for STMicroelectronics.X-CUBE-NFC6.3.0.0
2023-10-30 18:41:11,337 [WARN] PackLoader:240 - Cannot read IP mode file for STMicroelectronics.X-CUBE-EEPRMA1.4.1.0
2023-10-30 18:41:11,388 [WARN] PackLoader:240 - Cannot read IP mode file for STMicroelectronics.X-CUBE-AI.8.1.0
2023-10-30 18:41:11,709 [WARN] ConditionMgr:438 - getConditionDescription Invalid condition id : LAN8742 Phy interface Condition cause : null
2023-10-30 18:41:11,710 [WARN] PackLoader:240 - Cannot read IP mode file for STMicroelectronics.X-CUBE-AZRTOS-L4.2.0.0
2023-10-30 18:41:11,737 [WARN] ConditionMgr:1039 - genDependencies : Invalid condition id : LAN8742 Phy interface Condition cause : null
2023-10-30 18:41:11,738 [WARN] ConditionMgr:1039 - genDependencies : Invalid condition id : LAN8742 Phy interface Condition cause : null
2023-10-30 18:41:11,739 [WARN] ConditionMgr:1039 - genDependencies : Invalid condition id : LAN8742 Phy interface Condition cause : null
2023-10-30 18:41:11,806 [WARN] PackLoader:240 - Cannot read IP mode file for STMicroelectronics.X-CUBE-SFXS2LP1.4.0.0
2023-10-30 18:41:11,846 [WARN] PackLoader:240 - Cannot read IP mode file for STMicroelectronics.X-CUBE-ISPU.1.1.0
2023-10-30 18:41:12,010 [WARN] ConditionMgr:438 - getConditionDescription Invalid condition id : UX DEVICE CLASS RTOS Condition cause : null
2023-10-30 18:41:12,011 [WARN] ConditionMgr:438 - getConditionDescription Invalid condition id : UX DEVICE CLASS RTOS Condition cause : null
2023-10-30 18:41:12,019 [WARN] PackLoader:240 - Cannot read IP mode file for STMicroelectronics.X-CUBE-AZRTOS-WB.2.0.0
2023-10-30 18:41:12,033 [WARN] ConditionMgr:1039 - genDependencies : Invalid condition id : UX DEVICE CLASS RTOS Condition cause : null
2023-10-30 18:41:12,033 [WARN] ConditionMgr:1039 - genDependencies : Invalid condition id : UX DEVICE CLASS RTOS Condition cause : null
2023-10-30 18:41:12,045 [WARN] ConditionMgr:1039 - genDependencies : Invalid condition id : UX DEVICE CLASS RTOS Condition cause : null
2023-10-30 18:41:12,046 [WARN] ConditionMgr:1039 - genDependencies : Invalid condition id : UX DEVICE CLASS RTOS Condition cause : null
2023-10-30 18:41:12,046 [WARN] ConditionMgr:1039 - genDependencies : Invalid condition id : UX DEVICE CLASS RTOS Condition cause : null
2023-10-30 18:41:12,147 [WARN] PackLoader:240 - Cannot read IP mode file for STMicroelectronics.X-CUBE-SUBG2.5.0.0
2023-10-30 18:41:12,396 [WARN] PackLoader:240 - Cannot read IP mode file for STMicroelectronics.X-CUBE-TOF1.3.3.1
2023-10-30 18:41:12,743 [WARN] PackLoader:240 - Cannot read IP mode file for STMicroelectronics.X-CUBE-AZRTOS-G4.2.0.0
2023-10-30 18:41:12,921 [WARN] PackLoader:240 - Cannot read IP mode file for Infineon.AIROC-Wi-Fi-Bluetooth-STM32.1.5.1
2023-10-30 18:41:13,635 [WARN] PackLoader:240 - Cannot read IP mode file for STMicroelectronics.X-CUBE-MEMS1.10.0.0
2023-10-30 18:41:15,497 [WARN] PackLoader:240 - Cannot read IP mode file for STMicroelectronics.X-CUBE-FREERTOS.1.1.0
2023-10-30 18:41:15,545 [WARN] PackLoader:240 - Cannot read IP mode file for portGmbH.I-Cube-SoM-uGOAL.1.1.0
2023-10-30 18:41:15,583 [WARN] PackLoader:240 - Cannot read IP mode file for STMicroelectronics.X-CUBE-ALS.1.0.1
2023-10-30 18:41:15,641 [WARN] PackLoader:240 - Cannot read IP mode file for STMicroelectronics.FP-ATR-ASTRA1.2.0.0
2023-10-30 18:41:15,657 [INFO] ThirdParty:978 - Integrity check success = true
2023-10-30 18:41:15,658 [INFO] IntegrityCheckThread:100 - exiting critical section [integrity check]
2023-10-30 18:41:15,658 [INFO] IntegrityCheckThread:103 - End integrity checks thread
2023-10-30 18:41:23,373 [ERROR] LogOutputStream:75 - [STDERR_REDIRECT] SLF4J: Failed to load class "org.slf4j.impl.StaticLoggerBinder".
2023-10-30 18:41:23,376 [ERROR] LogOutputStream:75 - [STDERR_REDIRECT] SLF4J: Defaulting to no-operation (NOP) logger implementation
2023-10-30 18:41:23,377 [ERROR] LogOutputStream:75 - [STDERR_REDIRECT] SLF4J: See http://www.slf4j.org/codes.html#StaticLoggerBinder for further details.
