2023-11-23 01:13:03,820 [ERROR] ConfigurationRetriever:142 - IOException on connection: sw-center.st.com
2023-11-23 01:13:03,879 [ERROR] ConfigurationRetriever:142 - IOException on connection: sw-center.st.com
2023-11-23 01:13:03,880 [ERROR] ConfigurationRetriever:142 - IOException on connection: sw-center.st.com
2023-11-23 10:39:26,763 [INFO] Activator:176 - 


2023-11-23 10:39:26,773 [INFO] Activator:177 - !SESSION log4j initialized
2023-11-23 10:39:36,449 [ERROR] LogOutputStream:75 - [STDERR_REDIRECT] Managed Build system manifest file error: Option com.atollic.truestudio.general.runtimelib.515011658 uses a null category that is invalid in its context. The option was ignored.
2023-11-23 10:39:36,453 [ERROR] LogOutputStream:75 - [STDERR_REDIRECT] Managed Build system manifest file error: Option com.atollic.truestudio.toolchain_options.mcu.1215812750 uses a null category that is invalid in its context. The option was ignored.
2023-11-23 10:39:36,460 [ERROR] LogOutputStream:75 - [STDERR_REDIRECT] Managed Build system manifest file error: Option com.atollic.truestudio.toolchain_options.vendor.1616666001 uses a null category that is invalid in its context. The option was ignored.
2023-11-23 10:39:36,679 [ERROR] LogOutputStream:75 - [STDERR_REDIRECT] Managed Build system manifest file error: Option com.atollic.truestudio.general.runtimelib.1515049018 uses a null category that is invalid in its context. The option was ignored.
2023-11-23 10:39:36,680 [ERROR] LogOutputStream:75 - [STDERR_REDIRECT] Managed Build system manifest file error: Option com.atollic.truestudio.toolchain_options.mcu.1352430483 uses a null category that is invalid in its context. The option was ignored.
2023-11-23 10:39:36,682 [ERROR] LogOutputStream:75 - [STDERR_REDIRECT] Managed Build system manifest file error: Option com.atollic.truestudio.toolchain_options.vendor.1233035770 uses a null category that is invalid in its context. The option was ignored.
2023-11-23 10:39:46,029 [INFO] LogOutputStream:77 - [STDOUT_REDIRECT] 
2023-11-23 10:40:04,648 [INFO] ApplicationProperties:184 - Using Application install path: /opt/st/stm32cubeide_1.13.2/plugins/com.st.stm32cube.common.mx_6.9.2.202309101412
2023-11-23 10:40:04,708 [INFO] DbMcusXml:78 - Set database path to: /opt/st/stm32cubeide_1.13.2/plugins/com.st.stm32cube.common.mx_6.9.2.202309101412//db//mcu/
2023-11-23 10:40:04,708 [INFO] ApiDb:274 - Set plugin database path to: /opt/st/stm32cubeide_1.13.2/plugins/com.st.stm32cube.common.mx_6.9.2.202309101412//db//plugins/boardmanager/
2023-11-23 10:40:04,708 [WARN] ApiDb:259 - Overriding images path with different value:  => /opt/st/stm32cubeide_1.13.2/plugins/com.st.stm32cube.common.mx_6.9.2.202309101412//db//plugins/mcufinder/images/
2023-11-23 10:40:04,744 [INFO] ApiDb:250 - Set database path to: /home/osboxes/.stmcufinder/plugins/mcufinder//mcu/
2023-11-23 10:40:04,745 [INFO] DbMcusAds:125 - Set database path to: /home/osboxes/.stmcufinder/plugins/mcufinder//mcu/
2023-11-23 10:40:04,855 [INFO] CrossReferenceDbSqlite:203 - Set database path to: /home/osboxes/.stmcufinder/plugins/mcufinder//mcu/cs/
2023-11-23 10:40:05,368 [INFO] RulesReader:64 - Compatibility file has been processed (293 Rules)
2023-11-23 10:40:05,838 [INFO] DbMcusXml:78 - Set database path to: /opt/st/stm32cubeide_1.13.2/plugins/com.st.stm32cube.common.mx_6.9.2.202309101412//db//mcu/
2023-11-23 10:40:05,838 [INFO] ApiDb:274 - Set plugin database path to: /opt/st/stm32cubeide_1.13.2/plugins/com.st.stm32cube.common.mx_6.9.2.202309101412//db//plugins/boardmanager/
2023-11-23 10:40:05,839 [INFO] ApiDb:261 - Set plugin images path to: /opt/st/stm32cubeide_1.13.2/plugins/com.st.stm32cube.common.mx_6.9.2.202309101412//db//plugins/mcufinder/images/
2023-11-23 10:40:05,839 [WARN] DbFile:41 - Overriding database path with different value: /home/osboxes/.stmcufinder/plugins/mcufinder/ => /home/osboxes/.stmcufinder/plugins/mcufinder
2023-11-23 10:40:05,839 [INFO] ApiDb:250 - Set database path to: /home/osboxes/.stmcufinder/plugins/mcufinder//mcu/
2023-11-23 10:40:05,839 [WARN] DbFile:41 - Overriding database path with different value: /home/osboxes/.stmcufinder/plugins/mcufinder/ => /home/osboxes/.stmcufinder/plugins/mcufinder
2023-11-23 10:40:05,839 [INFO] DbMcusAds:125 - Set database path to: /home/osboxes/.stmcufinder/plugins/mcufinder//mcu/
2023-11-23 10:40:05,839 [WARN] DbFile:41 - Overriding database path with different value: /home/osboxes/.stmcufinder/plugins/mcufinder/ => /home/osboxes/.stmcufinder/plugins/mcufinder
2023-11-23 10:40:05,839 [WARN] DbFile:41 - Overriding database path with different value: /home/osboxes/.stmcufinder/plugins/mcufinder/ => /home/osboxes/.stmcufinder/plugins/mcufinder
2023-11-23 10:40:05,840 [INFO] CrossReferenceDbSqlite:203 - Set database path to: /home/osboxes/.stmcufinder/plugins/mcufinder//mcu/cs/
2023-11-23 10:40:06,089 [INFO] MainPanel:262 - HeapMemory: 591396864
2023-11-23 10:40:06,522 [INFO] DbMcusXml:78 - Set database path to: /opt/st/stm32cubeide_1.13.2/plugins/com.st.stm32cube.common.mx_6.9.2.202309101412//db//mcu/
2023-11-23 10:40:06,524 [INFO] ApiDb:274 - Set plugin database path to: /opt/st/stm32cubeide_1.13.2/plugins/com.st.stm32cube.common.mx_6.9.2.202309101412//db//plugins/boardmanager/
2023-11-23 10:40:06,524 [INFO] ApiDb:261 - Set plugin images path to: /opt/st/stm32cubeide_1.13.2/plugins/com.st.stm32cube.common.mx_6.9.2.202309101412//db//plugins/mcufinder/images/
2023-11-23 10:40:06,528 [WARN] DbFile:41 - Overriding database path with different value: /home/osboxes/.stmcufinder/plugins/mcufinder/ => /home/osboxes/.stmcufinder/plugins/mcufinder
2023-11-23 10:40:06,528 [INFO] ApiDb:250 - Set database path to: /home/osboxes/.stmcufinder/plugins/mcufinder//mcu/
2023-11-23 10:40:06,528 [WARN] DbFile:41 - Overriding database path with different value: /home/osboxes/.stmcufinder/plugins/mcufinder/ => /home/osboxes/.stmcufinder/plugins/mcufinder
2023-11-23 10:40:06,528 [INFO] DbMcusAds:125 - Set database path to: /home/osboxes/.stmcufinder/plugins/mcufinder//mcu/
2023-11-23 10:40:06,528 [WARN] DbFile:41 - Overriding database path with different value: /home/osboxes/.stmcufinder/plugins/mcufinder/ => /home/osboxes/.stmcufinder/plugins/mcufinder
2023-11-23 10:40:06,529 [WARN] DbFile:41 - Overriding database path with different value: /home/osboxes/.stmcufinder/plugins/mcufinder/ => /home/osboxes/.stmcufinder/plugins/mcufinder
2023-11-23 10:40:06,529 [INFO] CrossReferenceDbSqlite:203 - Set database path to: /home/osboxes/.stmcufinder/plugins/mcufinder//mcu/cs/
2023-11-23 10:40:06,600 [INFO] ApplicationProperties:184 - Using Application install path: /opt/st/stm32cubeide_1.13.2/plugins/com.st.stm32cube.common.mx_6.9.2.202309101412
2023-11-23 10:40:06,610 [INFO] PluginManage:196 - Search for loadable plugins [exclusion list=, ]
2023-11-23 10:40:06,614 [INFO] PluginManage:310 - Check plugin analytics
2023-11-23 10:40:08,110 [INFO] AnalyticsPlugin:253 - Accepted Software Licenses: 
2023-11-23 10:40:08,116 [INFO] AnalyticsPlugin:255 - Accepted CMSIS Pack Licenses: STMicroelectronics.X-CUBE-NFC4.3.0.0
2023-11-23 10:40:08,116 [INFO] AnalyticsPlugin:257 - Accepted Firmware Licenses: FW.F4.1.27.0
2023-11-23 10:40:08,163 [INFO] PluginManage:359 - Loaded plugin analytics (category:tool,tabindex:-1)
2023-11-23 10:40:08,190 [INFO] PluginManage:310 - Check plugin cadmodel
2023-11-23 10:40:08,622 [INFO] CADModel:105 - Init CAD model plugin
2023-11-23 10:40:08,626 [INFO] PluginManage:359 - Loaded plugin cadmodel (category:power,tabindex:5)
2023-11-23 10:40:08,627 [INFO] PluginManage:310 - Check plugin clock
2023-11-23 10:40:08,768 [INFO] PluginManage:359 - Loaded plugin clock (category:base,tabindex:2)
2023-11-23 10:40:08,778 [INFO] PluginManage:310 - Check plugin ddr
2023-11-23 10:40:08,808 [INFO] PluginManage:359 - Loaded plugin ddr (category:tool,tabindex:6)
2023-11-23 10:40:08,819 [INFO] PluginManage:310 - Check plugin filemanager
2023-11-23 10:40:10,040 [INFO] PluginManage:359 - Loaded plugin filemanager (category:base,tabindex:10)
2023-11-23 10:40:10,040 [INFO] PluginManage:310 - Check plugin ipmanager
2023-11-23 10:40:10,057 [INFO] PluginManage:359 - Loaded plugin ipmanager (category:base,tabindex:5)
2023-11-23 10:40:10,057 [INFO] PluginManage:310 - Check plugin lpbam
2023-11-23 10:40:10,087 [INFO] PluginManage:359 - Loaded plugin lpbam (category:base,tabindex:0)
2023-11-23 10:40:10,088 [INFO] PluginManage:310 - Check plugin memorymap
2023-11-23 10:40:10,125 [INFO] PluginManage:359 - Loaded plugin memorymap (category:base,tabindex:4)
2023-11-23 10:40:10,125 [INFO] PluginManage:310 - Check plugin pinoutandconfiguration
2023-11-23 10:40:10,143 [INFO] PluginManage:359 - Loaded plugin pinoutandconfiguration (category:base,tabindex:1)
2023-11-23 10:40:10,144 [INFO] PluginManage:310 - Check plugin pinoutconfig
2023-11-23 10:40:10,439 [WARN] SupportedApi:132 - Cannot load RTOS API schema: s4s-elt-must-match.1: The content of 'definitions' must match (annotation?, (simpleType | complexType)?, (unique | key | keyref)*)). A problem was found starting at: attribute.
2023-11-23 10:40:11,090 [INFO] PluginManage:359 - Loaded plugin pinoutconfig (category:base,tabindex:0)
2023-11-23 10:40:11,090 [INFO] PluginManage:310 - Check plugin power
2023-11-23 10:40:11,155 [INFO] PluginManage:359 - Loaded plugin power (category:power,tabindex:4)
2023-11-23 10:40:11,155 [INFO] PluginManage:310 - Check plugin projectmanager
2023-11-23 10:40:11,222 [INFO] PluginManage:359 - Loaded plugin projectmanager (category:projectmanager,tabindex:3)
2023-11-23 10:40:11,223 [INFO] PluginManage:310 - Check plugin thirdparty
2023-11-23 10:40:11,846 [INFO] PluginManage:359 - Loaded plugin thirdparty (category:base,tabindex:-1)
2023-11-23 10:40:11,847 [INFO] PluginManage:310 - Check plugin tools
2023-11-23 10:40:11,847 [WARN] IntegrityCheckThread:84 - waiting for thirdparty lock release [integrity check]
2023-11-23 10:40:11,851 [INFO] IntegrityCheckThread:86 - entering critical section [integrity check]
2023-11-23 10:40:11,852 [INFO] ThirdPartyUpdaterWithRetryManager:70 - Updater plugin not ready yet. [1/15]
2023-11-23 10:40:11,856 [INFO] PluginManage:359 - Loaded plugin tools (category:base,tabindex:7)
2023-11-23 10:40:11,857 [INFO] PluginManage:310 - Check plugin tutovideos
2023-11-23 10:40:13,007 [INFO] PluginManage:359 - Loaded plugin tutovideos (category:base,tabindex:-1)
2023-11-23 10:40:13,007 [INFO] PluginManage:310 - Check plugin updater
2023-11-23 10:40:13,075 [INFO] PluginManage:359 - Loaded plugin updater (category:base,tabindex:12)
2023-11-23 10:40:13,075 [INFO] PluginManage:310 - Check plugin userauth
2023-11-23 10:40:13,107 [INFO] UserAuth:113 - Init User Auth plugin
2023-11-23 10:40:13,109 [INFO] PluginManage:359 - Loaded plugin userauth (category:base,tabindex:14)
2023-11-23 10:40:13,114 [INFO] PluginManage:283 - PluginManage : Loaded plugins [17]
2023-11-23 10:40:14,508 [INFO] PinOutPanel:1499 - setPackage(No Configuration,No Configuration)
2023-11-23 10:40:14,853 [INFO] ThirdPartyUpdaterWithRetryManager:70 - Updater plugin not ready yet. [2/15]
2023-11-23 10:40:15,183 [INFO] CADModel:165 - CPN selected for project level
2023-11-23 10:40:15,183 [INFO] CADModel:114 - Register for checkConnection events
2023-11-23 10:40:15,267 [INFO] IPUIPlugin:80 - create IPUIPlugin
2023-11-23 10:40:15,267 [INFO] PluginManager:220 - loadIPPluginJar : add dma3
2023-11-23 10:40:15,280 [INFO] IPUIPlugin:80 - create IPUIPlugin
2023-11-23 10:40:15,280 [INFO] PluginManager:220 - loadIPPluginJar : add tracer_emb
2023-11-23 10:40:15,308 [INFO] IPUIPlugin:80 - create IPUIPlugin
2023-11-23 10:40:15,308 [INFO] PluginManager:220 - loadIPPluginJar : add gpio
2023-11-23 10:40:15,361 [INFO] IPUIPlugin:80 - create IPUIPlugin
2023-11-23 10:40:15,362 [INFO] PluginManager:220 - loadIPPluginJar : add ipddr
2023-11-23 10:40:15,402 [INFO] IPUIPlugin:80 - create IPUIPlugin
2023-11-23 10:40:15,402 [INFO] PluginManager:220 - loadIPPluginJar : add sai
2023-11-23 10:40:15,413 [INFO] IPUIPlugin:80 - create IPUIPlugin
2023-11-23 10:40:15,413 [INFO] PluginManager:220 - loadIPPluginJar : add i2s
2023-11-23 10:40:15,488 [INFO] IPUIPlugin:80 - create IPUIPlugin
2023-11-23 10:40:15,488 [INFO] PluginManager:220 - loadIPPluginJar : add dma
2023-11-23 10:40:15,516 [INFO] IPUIPlugin:80 - create IPUIPlugin
2023-11-23 10:40:15,516 [INFO] PluginManager:220 - loadIPPluginJar : add fmc
2023-11-23 10:40:15,532 [INFO] IPUIPlugin:80 - create IPUIPlugin
2023-11-23 10:40:15,532 [INFO] PluginManager:220 - loadIPPluginJar : add hash
2023-11-23 10:40:15,547 [INFO] IPUIPlugin:80 - create IPUIPlugin
2023-11-23 10:40:15,547 [INFO] PluginManager:220 - loadIPPluginJar : add spi
2023-11-23 10:40:15,581 [INFO] IPUIPlugin:80 - create IPUIPlugin
2023-11-23 10:40:15,582 [INFO] PluginManager:220 - loadIPPluginJar : add nvic
2023-11-23 10:40:15,603 [INFO] IPUIPlugin:80 - create IPUIPlugin
2023-11-23 10:40:15,603 [INFO] PluginManager:220 - loadIPPluginJar : add stm32_wpan
2023-11-23 10:40:15,614 [INFO] IPUIPlugin:80 - create IPUIPlugin
2023-11-23 10:40:15,615 [INFO] PluginManager:220 - loadIPPluginJar : add comp
2023-11-23 10:40:15,630 [INFO] IPUIPlugin:80 - create IPUIPlugin
2023-11-23 10:40:15,630 [INFO] PluginManager:220 - loadIPPluginJar : add gfxmmu
2023-11-23 10:40:15,639 [INFO] IPUIPlugin:80 - create IPUIPlugin
2023-11-23 10:40:15,639 [INFO] PluginManager:220 - loadIPPluginJar : add aes
2023-11-23 10:40:15,647 [INFO] IPUIPlugin:80 - create IPUIPlugin
2023-11-23 10:40:15,647 [INFO] PluginManager:220 - loadIPPluginJar : add fatfs
2023-11-23 10:40:15,665 [INFO] IPUIPlugin:80 - create IPUIPlugin
2023-11-23 10:40:15,665 [INFO] PluginManager:220 - loadIPPluginJar : add openamp
2023-11-23 10:40:15,711 [INFO] IPUIPlugin:80 - create IPUIPlugin
2023-11-23 10:40:15,714 [INFO] PluginManager:220 - loadIPPluginJar : add pdm2pcm
2023-11-23 10:40:15,723 [INFO] IPUIPlugin:80 - create IPUIPlugin
2023-11-23 10:40:15,724 [INFO] PluginManager:220 - loadIPPluginJar : add tim
2023-11-23 10:40:15,746 [INFO] IPUIPlugin:80 - create IPUIPlugin
2023-11-23 10:40:15,746 [INFO] PluginManager:220 - loadIPPluginJar : add resmgrutility
2023-11-23 10:40:15,759 [INFO] IPUIPlugin:80 - create IPUIPlugin
2023-11-23 10:40:15,759 [INFO] PluginManager:220 - loadIPPluginJar : add ltdc
2023-11-23 10:40:15,768 [INFO] IPUIPlugin:80 - create IPUIPlugin
2023-11-23 10:40:15,768 [INFO] PluginManager:220 - loadIPPluginJar : add ucpd
2023-11-23 10:40:15,794 [INFO] IPUIPlugin:80 - create IPUIPlugin
2023-11-23 10:40:15,797 [INFO] PluginManager:220 - loadIPPluginJar : add usbx
2023-11-23 10:40:15,806 [INFO] IPUIPlugin:80 - create IPUIPlugin
2023-11-23 10:40:15,815 [INFO] PluginManager:220 - loadIPPluginJar : add cryp
2023-11-23 10:40:15,850 [INFO] IPUIPlugin:80 - create IPUIPlugin
2023-11-23 10:40:15,852 [INFO] PluginManager:220 - loadIPPluginJar : add gic
2023-11-23 10:40:15,897 [INFO] IPUIPlugin:80 - create IPUIPlugin
2023-11-23 10:40:15,906 [INFO] PluginManager:220 - loadIPPluginJar : add adc
2023-11-23 10:40:15,911 [INFO] IPUIPlugin:80 - create IPUIPlugin
2023-11-23 10:40:15,912 [INFO] PluginManager:220 - loadIPPluginJar : add ts
2023-11-23 10:40:15,924 [INFO] IPUIPlugin:80 - create IPUIPlugin
2023-11-23 10:40:15,924 [INFO] PluginManager:220 - loadIPPluginJar : add touchsensing
2023-11-23 10:40:15,936 [INFO] IPUIPlugin:80 - create IPUIPlugin
2023-11-23 10:40:15,937 [INFO] PluginManager:220 - loadIPPluginJar : add dfsdm
2023-11-23 10:40:15,947 [INFO] IPUIPlugin:80 - create IPUIPlugin
2023-11-23 10:40:15,947 [INFO] PluginManager:220 - loadIPPluginJar : add usart
2023-11-23 10:40:15,963 [INFO] IPUIPlugin:80 - create IPUIPlugin
2023-11-23 10:40:15,978 [INFO] PluginManager:220 - loadIPPluginJar : add lorawan
2023-11-23 10:40:15,988 [INFO] IPUIPlugin:80 - create IPUIPlugin
2023-11-23 10:40:15,988 [INFO] PluginManager:220 - loadIPPluginJar : add tsc
2023-11-23 10:40:16,071 [INFO] IPUIPlugin:80 - create IPUIPlugin
2023-11-23 10:40:16,071 [INFO] PluginManager:220 - loadIPPluginJar : add linkedlist
2023-11-23 10:40:16,115 [INFO] IPUIPlugin:80 - create IPUIPlugin
2023-11-23 10:40:16,135 [INFO] PluginManager:220 - loadIPPluginJar : add plateformsettings
2023-11-23 10:40:16,141 [INFO] IPUIPlugin:80 - create IPUIPlugin
2023-11-23 10:40:16,141 [INFO] PluginManager:220 - loadIPPluginJar : add genericplugin
2023-11-23 10:40:16,176 [INFO] IPUIPlugin:80 - create IPUIPlugin
2023-11-23 10:40:16,177 [INFO] PluginManager:220 - loadIPPluginJar : add mdma
2023-11-23 10:40:16,213 [INFO] IPUIPlugin:80 - create IPUIPlugin
2023-11-23 10:40:16,213 [INFO] PluginManager:220 - loadIPPluginJar : add gtzc
2023-11-23 10:40:16,233 [INFO] IPUIPlugin:80 - create IPUIPlugin
2023-11-23 10:40:16,233 [INFO] PluginManager:220 - loadIPPluginJar : add can
2023-11-23 10:40:16,265 [INFO] IPUIPlugin:80 - create IPUIPlugin
2023-11-23 10:40:16,265 [INFO] PluginManager:220 - loadIPPluginJar : add i3c
2023-11-23 10:40:16,300 [INFO] IPUIPlugin:80 - create IPUIPlugin
2023-11-23 10:40:16,301 [INFO] PluginManager:220 - loadIPPluginJar : add freertos
2023-11-23 10:40:16,322 [INFO] IPUIPlugin:80 - create IPUIPlugin
2023-11-23 10:40:16,323 [INFO] PluginManager:220 - loadIPPluginJar : add quadspi
2023-11-23 10:40:16,340 [INFO] IPUIPlugin:80 - create IPUIPlugin
2023-11-23 10:40:16,340 [INFO] PluginManager:220 - loadIPPluginJar : add opamp
2023-11-23 10:40:16,355 [INFO] IPUIPlugin:80 - create IPUIPlugin
2023-11-23 10:40:16,355 [INFO] PluginManager:220 - loadIPPluginJar : add i2c
2023-11-23 10:40:16,665 [INFO] CADModel:165 - CPN selected for project level
2023-11-23 10:40:16,666 [INFO] CADModel:114 - Register for checkConnection events
2023-11-23 10:40:16,666 [FATAL] Updater:308 - Updater called before beeing initialized
2023-11-23 10:40:16,669 [ERROR] CADModel:125 - Updater not yet initialized, retry later 
2023-11-23 10:40:17,854 [INFO] ThirdPartyUpdaterWithRetryManager:70 - Updater plugin not ready yet. [3/15]
2023-11-23 10:40:17,881 [INFO] CADModel:165 - CPN selected for project level
2023-11-23 10:40:17,881 [INFO] CADModel:114 - Register for checkConnection events
2023-11-23 10:40:17,881 [FATAL] Updater:308 - Updater called before beeing initialized
2023-11-23 10:40:17,881 [ERROR] CADModel:125 - Updater not yet initialized, retry later 
2023-11-23 10:40:17,892 [FATAL] Updater:308 - Updater called before beeing initialized
2023-11-23 10:40:18,308 [FATAL] Updater:308 - Updater called before beeing initialized
2023-11-23 10:40:18,331 [INFO] DbMcusAds:53 - JSON generation date=Tue Mar 07 05:50:55 ART 2023 (1678179055114)
2023-11-23 10:40:18,332 [FATAL] Updater:308 - Updater called before beeing initialized
2023-11-23 10:40:18,494 [WARN] DetailPanel:346 - Failed to get advertising image, set to default
2023-11-23 10:40:19,686 [FATAL] Updater:308 - Updater called before beeing initialized
2023-11-23 10:40:19,702 [FATAL] Updater:308 - Updater called before beeing initialized
2023-11-23 10:40:19,702 [FATAL] Updater:308 - Updater called before beeing initialized
2023-11-23 10:40:19,703 [WARN] DetailPanel:346 - Failed to get advertising image, set to default
2023-11-23 10:40:19,705 [FATAL] Updater:308 - Updater called before beeing initialized
2023-11-23 10:40:19,864 [ERROR] Updater:1120 - MainUpdater not yet initialized. External WinMGr cannot be set.
2023-11-23 10:40:19,867 [INFO] Updater:1056 - Updater Version found : 6.9.2
2023-11-23 10:40:19,943 [INFO] ApplicationProperties:184 - Using Application install path: /opt/st/stm32cubeide_1.13.2/plugins/com.st.stm32cube.common.mx_6.9.2.202309101412
2023-11-23 10:40:20,365 [INFO] MainUpdater:2868 - connection check result : 10
2023-11-23 10:40:20,369 [INFO] MainUpdater:285 - Updater Check For Update Now.
2023-11-23 10:40:20,369 [INFO] MicroXplorer:498 - Change Database Version : DB.6.0.92
2023-11-23 10:40:20,387 [INFO] McuFinderGlobals:63 - Set McuFinder mode to 2 (CubeIDE integrated)
2023-11-23 10:40:20,820 [INFO] CheckServerUpdateThread:120 - End of CheckServer Thread
2023-11-23 10:40:22,432 [WARN] PackLoader:240 - Cannot read IP mode file for STMicroelectronics.X-CUBE-SMBUS.2.1.0
2023-11-23 10:40:22,763 [WARN] PackLoader:240 - Cannot read IP mode file for STMicroelectronics.X-CUBE-AZRTOS-F7.1.1.0
2023-11-23 10:40:22,821 [WARN] PackLoader:240 - Cannot read IP mode file for STMicroelectronics.FP-SNS-MOTENV1.4.3.2
2023-11-23 10:40:22,880 [WARN] PackLoader:240 - Cannot read IP mode file for STMicroelectronics.FP-SNS-FLIGHT1.5.0.2
2023-11-23 10:40:22,932 [WARN] PackLoader:240 - Cannot read IP mode file for STMicroelectronics.X-CUBE-DISPLAY.3.0.0
2023-11-23 10:40:22,993 [WARN] PackLoader:240 - Cannot read IP mode file for STMicroelectronics.X-CUBE-BLE1.7.0.0
2023-11-23 10:40:23,022 [WARN] PackLoader:240 - Cannot read IP mode file for emotas.I-CUBE-CANOPEN.1.3.0
2023-11-23 10:40:23,043 [WARN] PackLoader:240 - Cannot read IP mode file for STMicroelectronics.X-CUBE-TOUCHGFX.4.22.1
2023-11-23 10:40:23,067 [WARN] PackLoader:240 - Cannot read IP mode file for STMicroelectronics.FP-SNS-SMARTAG2.1.2.0
2023-11-23 10:40:23,138 [INFO] LogOutputStream:77 - [STDOUT_REDIRECT] 1 : Invalid condition id : UX_CORESTACK_Condition cause : null
2023-11-23 10:40:23,141 [INFO] LogOutputStream:77 - [STDOUT_REDIRECT] 1 : Invalid condition id : UX_CORESTACK_Condition cause : null
2023-11-23 10:40:23,144 [INFO] LogOutputStream:77 - [STDOUT_REDIRECT] 1 : Invalid condition id : UX_CORESTACK_Condition cause : null
2023-11-23 10:40:23,145 [INFO] LogOutputStream:77 - [STDOUT_REDIRECT] 1 : Invalid condition id : UX_CORESTACK_Condition cause : null
2023-11-23 10:40:23,145 [INFO] LogOutputStream:77 - [STDOUT_REDIRECT] 1 : Invalid condition id : UX_CORESTACK_Condition cause : null
2023-11-23 10:40:23,162 [WARN] PackLoader:240 - Cannot read IP mode file for STMicroelectronics.X-CUBE-AZRTOS-WL.2.0.0
2023-11-23 10:40:23,231 [WARN] PackLoader:240 - Cannot read IP mode file for WES.I-CUBE-Cesium.1.3.0
2023-11-23 10:40:23,252 [WARN] PackLoader:240 - Cannot read IP mode file for STMicroelectronics.X-CUBE-BLE2.3.3.0
2023-11-23 10:40:23,272 [WARN] PackLoader:240 - Cannot read IP mode file for STMicroelectronics.X-CUBE-ALGOBUILD.1.3.0
2023-11-23 10:40:23,376 [WARN] PackLoader:240 - Cannot read IP mode file for STMicroelectronics.X-CUBE-AZRTOS-G0.1.1.0
2023-11-23 10:40:23,405 [WARN] PackLoader:240 - Cannot read IP mode file for STMicroelectronics.X-CUBE-NFC4.3.0.0
2023-11-23 10:40:24,014 [WARN] PackLoader:240 - Cannot read IP mode file for STMicroelectronics.X-CUBE-BLEMGR.3.0.0
2023-11-23 10:40:24,052 [WARN] PackLoader:240 - Cannot read IP mode file for STMicroelectronics.FP-ATR-SIGFOX1.3.2.0
2023-11-23 10:40:24,328 [WARN] PackLoader:240 - Cannot read IP mode file for SEGGER.I-CUBE-embOS.1.3.1
2023-11-23 10:40:24,737 [WARN] PackLoader:240 - Cannot read IP mode file for STMicroelectronics.X-CUBE-GNSS1.6.0.0
2023-11-23 10:40:24,959 [WARN] PackLoader:240 - Cannot read IP mode file for STMicroelectronics.X-CUBE-AZRTOS-F4.1.1.0
2023-11-23 10:40:25,007 [WARN] PackLoader:240 - Cannot read IP mode file for wolfSSL.I-CUBE-wolfSSL.5.6.3
2023-11-23 10:40:25,207 [WARN] PackLoader:240 - Cannot read IP mode file for STMicroelectronics.X-CUBE-AZRTOS-L5.2.0.0
2023-11-23 10:40:25,547 [WARN] PackLoader:240 - Cannot read IP mode file for STMicroelectronics.X-CUBE-MEMS1.9.6.0
2023-11-23 10:40:26,947 [WARN] PackLoader:240 - Cannot read IP mode file for STMicroelectronics.X-CUBE-EEPRMA1.4.2.0
2023-11-23 10:40:26,997 [WARN] PackLoader:240 - Cannot read IP mode file for ITTIA_DB.I-CUBE-ITTIADB.8.8.0
2023-11-23 10:40:27,110 [WARN] PackLoader:240 - Cannot read IP mode file for STMicroelectronics.X-CUBE-BLEMGR.2.0.0
2023-11-23 10:40:27,304 [WARN] ConditionMgr:438 - getConditionDescription Invalid condition id : UX DEVICE CLASS RTOS Condition cause : null
2023-11-23 10:40:27,305 [WARN] ConditionMgr:438 - getConditionDescription Invalid condition id : UX DEVICE CLASS RTOS Condition cause : null
2023-11-23 10:40:27,352 [WARN] PackLoader:240 - Cannot read IP mode file for STMicroelectronics.X-CUBE-AZRTOS-H7.3.1.0
2023-11-23 10:40:27,370 [WARN] ConditionMgr:1039 - genDependencies : Invalid condition id : UX DEVICE CLASS RTOS Condition cause : null
2023-11-23 10:40:27,370 [WARN] ConditionMgr:1039 - genDependencies : Invalid condition id : UX DEVICE CLASS RTOS Condition cause : null
2023-11-23 10:40:27,371 [WARN] ConditionMgr:1039 - genDependencies : Invalid condition id : UX DEVICE CLASS RTOS Condition cause : null
2023-11-23 10:40:27,371 [WARN] ConditionMgr:1039 - genDependencies : Invalid condition id : UX DEVICE CLASS RTOS Condition cause : null
2023-11-23 10:40:27,371 [WARN] ConditionMgr:1039 - genDependencies : Invalid condition id : UX DEVICE CLASS RTOS Condition cause : null
2023-11-23 10:40:27,432 [WARN] PackLoader:240 - Cannot read IP mode file for STMicroelectronics.X-CUBE-NFC7.1.0.1
2023-11-23 10:40:27,499 [WARN] PackLoader:240 - Cannot read IP mode file for STMicroelectronics.X-CUBE-NFC6.3.0.0
2023-11-23 10:40:27,555 [WARN] PackLoader:240 - Cannot read IP mode file for STMicroelectronics.X-CUBE-EEPRMA1.4.1.0
2023-11-23 10:40:27,592 [WARN] PackLoader:240 - Cannot read IP mode file for STMicroelectronics.X-CUBE-AI.8.1.0
2023-11-23 10:40:27,757 [WARN] ConditionMgr:438 - getConditionDescription Invalid condition id : LAN8742 Phy interface Condition cause : null
2023-11-23 10:40:27,764 [WARN] PackLoader:240 - Cannot read IP mode file for STMicroelectronics.X-CUBE-AZRTOS-L4.2.0.0
2023-11-23 10:40:27,773 [WARN] ConditionMgr:1039 - genDependencies : Invalid condition id : LAN8742 Phy interface Condition cause : null
2023-11-23 10:40:27,774 [WARN] ConditionMgr:1039 - genDependencies : Invalid condition id : LAN8742 Phy interface Condition cause : null
2023-11-23 10:40:27,780 [WARN] ConditionMgr:1039 - genDependencies : Invalid condition id : LAN8742 Phy interface Condition cause : null
2023-11-23 10:40:27,807 [WARN] PackLoader:240 - Cannot read IP mode file for STMicroelectronics.X-CUBE-SFXS2LP1.4.0.0
2023-11-23 10:40:27,822 [WARN] PackLoader:240 - Cannot read IP mode file for STMicroelectronics.X-CUBE-ISPU.1.1.0
2023-11-23 10:40:27,861 [WARN] ConditionMgr:438 - getConditionDescription Invalid condition id : UX DEVICE CLASS RTOS Condition cause : null
2023-11-23 10:40:27,861 [WARN] ConditionMgr:438 - getConditionDescription Invalid condition id : UX DEVICE CLASS RTOS Condition cause : null
2023-11-23 10:40:27,875 [WARN] PackLoader:240 - Cannot read IP mode file for STMicroelectronics.X-CUBE-AZRTOS-WB.2.0.0
2023-11-23 10:40:27,878 [WARN] ConditionMgr:1039 - genDependencies : Invalid condition id : UX DEVICE CLASS RTOS Condition cause : null
2023-11-23 10:40:27,881 [WARN] ConditionMgr:1039 - genDependencies : Invalid condition id : UX DEVICE CLASS RTOS Condition cause : null
2023-11-23 10:40:27,882 [WARN] ConditionMgr:1039 - genDependencies : Invalid condition id : UX DEVICE CLASS RTOS Condition cause : null
2023-11-23 10:40:27,883 [WARN] ConditionMgr:1039 - genDependencies : Invalid condition id : UX DEVICE CLASS RTOS Condition cause : null
2023-11-23 10:40:27,883 [WARN] ConditionMgr:1039 - genDependencies : Invalid condition id : UX DEVICE CLASS RTOS Condition cause : null
2023-11-23 10:40:27,972 [WARN] PackLoader:240 - Cannot read IP mode file for STMicroelectronics.X-CUBE-SUBG2.5.0.0
2023-11-23 10:40:28,052 [WARN] PackLoader:240 - Cannot read IP mode file for STMicroelectronics.X-CUBE-TOF1.3.3.1
2023-11-23 10:40:28,137 [WARN] PackLoader:240 - Cannot read IP mode file for STMicroelectronics.X-CUBE-AZRTOS-G4.2.0.0
2023-11-23 10:40:28,182 [WARN] PackLoader:240 - Cannot read IP mode file for Infineon.AIROC-Wi-Fi-Bluetooth-STM32.1.5.1
2023-11-23 10:40:28,203 [WARN] PackLoader:240 - Cannot read IP mode file for STMicroelectronics.FP-SNS-MOTENVWB1.1.3.0
2023-11-23 10:40:28,361 [WARN] PackLoader:240 - Cannot read IP mode file for STMicroelectronics.X-CUBE-MEMS1.10.0.0
2023-11-23 10:40:29,147 [WARN] PackLoader:240 - Cannot read IP mode file for STMicroelectronics.X-CUBE-FREERTOS.1.1.0
2023-11-23 10:40:29,175 [WARN] PackLoader:240 - Cannot read IP mode file for portGmbH.I-Cube-SoM-uGOAL.1.1.0
2023-11-23 10:40:29,185 [WARN] PackLoader:240 - Cannot read IP mode file for STMicroelectronics.X-CUBE-ALS.1.0.1
2023-11-23 10:40:29,198 [WARN] PackLoader:240 - Cannot read IP mode file for STMicroelectronics.FP-ATR-ASTRA1.2.0.0
2023-11-23 10:40:29,200 [INFO] ThirdParty:978 - Integrity check success = true
2023-11-23 10:40:29,201 [INFO] IntegrityCheckThread:100 - exiting critical section [integrity check]
2023-11-23 10:40:29,201 [INFO] IntegrityCheckThread:103 - End integrity checks thread
2023-11-23 10:40:42,797 [ERROR] LogOutputStream:75 - [STDERR_REDIRECT] SLF4J: Failed to load class "org.slf4j.impl.StaticLoggerBinder".
2023-11-23 10:40:42,798 [ERROR] LogOutputStream:75 - [STDERR_REDIRECT] SLF4J: Defaulting to no-operation (NOP) logger implementation
2023-11-23 10:40:42,799 [ERROR] LogOutputStream:75 - [STDERR_REDIRECT] SLF4J: See http://www.slf4j.org/codes.html#StaticLoggerBinder for further details.
2023-11-23 21:22:23,986 [ERROR] ConfigurationRetriever:142 - IOException on connection: sw-center.st.com
2023-11-23 21:22:24,025 [ERROR] ConfigurationRetriever:142 - IOException on connection: sw-center.st.com
2023-11-23 21:22:24,034 [ERROR] ConfigurationRetriever:142 - IOException on connection: sw-center.st.com
2023-11-23 21:24:24,924 [ERROR] ConfigurationRetriever:142 - IOException on connection: sw-center.st.com
2023-11-23 21:24:24,930 [ERROR] ConfigurationRetriever:142 - IOException on connection: sw-center.st.com
2023-11-23 21:24:24,931 [ERROR] ConfigurationRetriever:142 - IOException on connection: sw-center.st.com
2023-11-23 21:26:47,691 [ERROR] ConfigurationRetriever:142 - IOException on connection: sw-center.st.com
2023-11-23 21:26:47,711 [ERROR] ConfigurationRetriever:142 - IOException on connection: sw-center.st.com
2023-11-23 21:26:47,711 [ERROR] ConfigurationRetriever:142 - IOException on connection: sw-center.st.com
2023-11-23 21:27:34,962 [ERROR] ConfigurationRetriever:142 - IOException on connection: sw-center.st.com
2023-11-23 21:27:34,986 [ERROR] ConfigurationRetriever:142 - IOException on connection: sw-center.st.com
2023-11-23 21:27:34,987 [ERROR] ConfigurationRetriever:142 - IOException on connection: sw-center.st.com
2023-11-23 21:28:09,811 [ERROR] ConfigurationRetriever:142 - IOException on connection: sw-center.st.com
2023-11-23 21:28:09,849 [ERROR] ConfigurationRetriever:142 - IOException on connection: sw-center.st.com
2023-11-23 21:28:09,853 [ERROR] ConfigurationRetriever:142 - IOException on connection: sw-center.st.com
2023-11-23 22:46:23,426 [ERROR] ConfigurationRetriever:142 - IOException on connection: sw-center.st.com
2023-11-23 22:46:23,437 [ERROR] ConfigurationRetriever:142 - IOException on connection: sw-center.st.com
2023-11-23 22:46:23,438 [ERROR] ConfigurationRetriever:142 - IOException on connection: sw-center.st.com
2023-11-23 22:48:48,096 [ERROR] ConfigurationRetriever:142 - IOException on connection: sw-center.st.com
2023-11-23 22:48:48,142 [ERROR] ConfigurationRetriever:142 - IOException on connection: sw-center.st.com
2023-11-23 22:48:48,142 [ERROR] ConfigurationRetriever:142 - IOException on connection: sw-center.st.com
2023-11-23 22:49:00,071 [ERROR] ConfigurationRetriever:142 - IOException on connection: sw-center.st.com
2023-11-23 22:49:00,072 [ERROR] ConfigurationRetriever:142 - IOException on connection: sw-center.st.com
2023-11-23 22:49:00,072 [ERROR] ConfigurationRetriever:142 - IOException on connection: sw-center.st.com
2023-11-23 22:50:14,896 [ERROR] ConfigurationRetriever:142 - IOException on connection: sw-center.st.com
2023-11-23 22:50:14,913 [ERROR] ConfigurationRetriever:142 - IOException on connection: sw-center.st.com
2023-11-23 22:50:14,913 [ERROR] ConfigurationRetriever:142 - IOException on connection: sw-center.st.com
2023-11-23 22:50:17,993 [ERROR] ConfigurationRetriever:142 - IOException on connection: sw-center.st.com
2023-11-23 22:50:17,997 [ERROR] ConfigurationRetriever:142 - IOException on connection: sw-center.st.com
2023-11-23 22:50:18,000 [ERROR] ConfigurationRetriever:142 - IOException on connection: sw-center.st.com
2023-11-23 22:51:38,344 [ERROR] ConfigurationRetriever:142 - IOException on connection: sw-center.st.com
2023-11-23 22:51:38,370 [ERROR] ConfigurationRetriever:142 - IOException on connection: sw-center.st.com
2023-11-23 22:51:38,371 [ERROR] ConfigurationRetriever:142 - IOException on connection: sw-center.st.com
2023-11-23 22:51:39,521 [ERROR] ConfigurationRetriever:142 - IOException on connection: sw-center.st.com
2023-11-23 22:51:39,569 [ERROR] ConfigurationRetriever:142 - IOException on connection: sw-center.st.com
2023-11-23 22:51:39,581 [ERROR] ConfigurationRetriever:142 - IOException on connection: sw-center.st.com
2023-11-23 22:54:17,612 [ERROR] ConfigurationRetriever:142 - IOException on connection: sw-center.st.com
2023-11-23 22:54:17,645 [ERROR] ConfigurationRetriever:142 - IOException on connection: sw-center.st.com
2023-11-23 22:54:17,646 [ERROR] ConfigurationRetriever:142 - IOException on connection: sw-center.st.com
2023-11-23 22:54:19,296 [ERROR] ConfigurationRetriever:142 - IOException on connection: sw-center.st.com
2023-11-23 22:54:19,361 [ERROR] ConfigurationRetriever:142 - IOException on connection: sw-center.st.com
2023-11-23 22:54:19,371 [ERROR] ConfigurationRetriever:142 - IOException on connection: sw-center.st.com
2023-11-23 22:55:20,683 [ERROR] ConfigurationRetriever:142 - IOException on connection: sw-center.st.com
2023-11-23 22:55:20,723 [ERROR] ConfigurationRetriever:142 - IOException on connection: sw-center.st.com
2023-11-23 22:55:20,731 [ERROR] ConfigurationRetriever:142 - IOException on connection: sw-center.st.com
2023-11-23 22:55:21,813 [ERROR] ConfigurationRetriever:142 - IOException on connection: sw-center.st.com
2023-11-23 22:55:21,817 [ERROR] ConfigurationRetriever:142 - IOException on connection: sw-center.st.com
2023-11-23 22:55:21,835 [ERROR] ConfigurationRetriever:142 - IOException on connection: sw-center.st.com
2023-11-23 23:01:31,847 [ERROR] ConfigurationRetriever:142 - IOException on connection: sw-center.st.com
2023-11-23 23:01:31,849 [ERROR] ConfigurationRetriever:142 - IOException on connection: sw-center.st.com
2023-11-23 23:01:31,874 [ERROR] ConfigurationRetriever:142 - IOException on connection: sw-center.st.com
2023-11-23 23:01:38,017 [ERROR] ConfigurationRetriever:142 - IOException on connection: sw-center.st.com
2023-11-23 23:01:38,045 [ERROR] ConfigurationRetriever:142 - IOException on connection: sw-center.st.com
2023-11-23 23:01:38,046 [ERROR] ConfigurationRetriever:142 - IOException on connection: sw-center.st.com
