2023-12-08 12:44:22,854 [INFO] Activator:176 - 


2023-12-08 12:44:22,878 [INFO] Activator:177 - !SESSION log4j initialized
2023-12-08 12:44:38,483 [ERROR] LogOutputStream:75 - [STDERR_REDIRECT] Managed Build system manifest file error: Option com.atollic.truestudio.general.runtimelib.515011658 uses a null category that is invalid in its context. The option was ignored.
2023-12-08 12:44:38,490 [ERROR] LogOutputStream:75 - [STDERR_REDIRECT] Managed Build system manifest file error: Option com.atollic.truestudio.toolchain_options.mcu.1215812750 uses a null category that is invalid in its context. The option was ignored.
2023-12-08 12:44:38,494 [ERROR] LogOutputStream:75 - [STDERR_REDIRECT] Managed Build system manifest file error: Option com.atollic.truestudio.toolchain_options.vendor.1616666001 uses a null category that is invalid in its context. The option was ignored.
2023-12-08 12:44:38,654 [ERROR] LogOutputStream:75 - [STDERR_REDIRECT] Managed Build system manifest file error: Option com.atollic.truestudio.general.runtimelib.1515049018 uses a null category that is invalid in its context. The option was ignored.
2023-12-08 12:44:38,656 [ERROR] LogOutputStream:75 - [STDERR_REDIRECT] Managed Build system manifest file error: Option com.atollic.truestudio.toolchain_options.mcu.1352430483 uses a null category that is invalid in its context. The option was ignored.
2023-12-08 12:44:38,661 [ERROR] LogOutputStream:75 - [STDERR_REDIRECT] Managed Build system manifest file error: Option com.atollic.truestudio.toolchain_options.vendor.1233035770 uses a null category that is invalid in its context. The option was ignored.
2023-12-08 12:44:51,075 [INFO] LogOutputStream:77 - [STDOUT_REDIRECT] 
2023-12-08 12:45:02,684 [INFO] ApplicationProperties:184 - Using Application install path: /opt/st/stm32cubeide_1.13.2/plugins/com.st.stm32cube.common.mx_6.9.2.202309101412
2023-12-08 12:45:02,799 [INFO] DbMcusXml:78 - Set database path to: /opt/st/stm32cubeide_1.13.2/plugins/com.st.stm32cube.common.mx_6.9.2.202309101412//db//mcu/
2023-12-08 12:45:02,800 [INFO] ApiDb:274 - Set plugin database path to: /opt/st/stm32cubeide_1.13.2/plugins/com.st.stm32cube.common.mx_6.9.2.202309101412//db//plugins/boardmanager/
2023-12-08 12:45:02,806 [WARN] ApiDb:259 - Overriding images path with different value:  => /opt/st/stm32cubeide_1.13.2/plugins/com.st.stm32cube.common.mx_6.9.2.202309101412//db//plugins/mcufinder/images/
2023-12-08 12:45:02,880 [INFO] ApiDb:250 - Set database path to: /home/osboxes/.stmcufinder/plugins/mcufinder//mcu/
2023-12-08 12:45:02,890 [INFO] DbMcusAds:125 - Set database path to: /home/osboxes/.stmcufinder/plugins/mcufinder//mcu/
2023-12-08 12:45:02,913 [INFO] CrossReferenceDbSqlite:203 - Set database path to: /home/osboxes/.stmcufinder/plugins/mcufinder//mcu/cs/
2023-12-08 12:45:03,605 [INFO] RulesReader:64 - Compatibility file has been processed (293 Rules)
2023-12-08 12:45:04,063 [INFO] DbMcusXml:78 - Set database path to: /opt/st/stm32cubeide_1.13.2/plugins/com.st.stm32cube.common.mx_6.9.2.202309101412//db//mcu/
2023-12-08 12:45:04,065 [INFO] ApiDb:274 - Set plugin database path to: /opt/st/stm32cubeide_1.13.2/plugins/com.st.stm32cube.common.mx_6.9.2.202309101412//db//plugins/boardmanager/
2023-12-08 12:45:04,065 [INFO] ApiDb:261 - Set plugin images path to: /opt/st/stm32cubeide_1.13.2/plugins/com.st.stm32cube.common.mx_6.9.2.202309101412//db//plugins/mcufinder/images/
2023-12-08 12:45:04,073 [WARN] DbFile:41 - Overriding database path with different value: /home/osboxes/.stmcufinder/plugins/mcufinder/ => /home/osboxes/.stmcufinder/plugins/mcufinder
2023-12-08 12:45:04,074 [INFO] ApiDb:250 - Set database path to: /home/osboxes/.stmcufinder/plugins/mcufinder//mcu/
2023-12-08 12:45:04,076 [WARN] DbFile:41 - Overriding database path with different value: /home/osboxes/.stmcufinder/plugins/mcufinder/ => /home/osboxes/.stmcufinder/plugins/mcufinder
2023-12-08 12:45:04,076 [INFO] DbMcusAds:125 - Set database path to: /home/osboxes/.stmcufinder/plugins/mcufinder//mcu/
2023-12-08 12:45:04,076 [WARN] DbFile:41 - Overriding database path with different value: /home/osboxes/.stmcufinder/plugins/mcufinder/ => /home/osboxes/.stmcufinder/plugins/mcufinder
2023-12-08 12:45:04,077 [WARN] DbFile:41 - Overriding database path with different value: /home/osboxes/.stmcufinder/plugins/mcufinder/ => /home/osboxes/.stmcufinder/plugins/mcufinder
2023-12-08 12:45:04,136 [INFO] CrossReferenceDbSqlite:203 - Set database path to: /home/osboxes/.stmcufinder/plugins/mcufinder//mcu/cs/
2023-12-08 12:45:04,540 [INFO] MainPanel:262 - HeapMemory: 590348288
2023-12-08 12:45:05,289 [INFO] DbMcusXml:78 - Set database path to: /opt/st/stm32cubeide_1.13.2/plugins/com.st.stm32cube.common.mx_6.9.2.202309101412//db//mcu/
2023-12-08 12:45:05,290 [INFO] ApiDb:274 - Set plugin database path to: /opt/st/stm32cubeide_1.13.2/plugins/com.st.stm32cube.common.mx_6.9.2.202309101412//db//plugins/boardmanager/
2023-12-08 12:45:05,290 [INFO] ApiDb:261 - Set plugin images path to: /opt/st/stm32cubeide_1.13.2/plugins/com.st.stm32cube.common.mx_6.9.2.202309101412//db//plugins/mcufinder/images/
2023-12-08 12:45:05,294 [WARN] DbFile:41 - Overriding database path with different value: /home/osboxes/.stmcufinder/plugins/mcufinder/ => /home/osboxes/.stmcufinder/plugins/mcufinder
2023-12-08 12:45:05,294 [INFO] ApiDb:250 - Set database path to: /home/osboxes/.stmcufinder/plugins/mcufinder//mcu/
2023-12-08 12:45:05,294 [WARN] DbFile:41 - Overriding database path with different value: /home/osboxes/.stmcufinder/plugins/mcufinder/ => /home/osboxes/.stmcufinder/plugins/mcufinder
2023-12-08 12:45:05,294 [INFO] DbMcusAds:125 - Set database path to: /home/osboxes/.stmcufinder/plugins/mcufinder//mcu/
2023-12-08 12:45:05,295 [WARN] DbFile:41 - Overriding database path with different value: /home/osboxes/.stmcufinder/plugins/mcufinder/ => /home/osboxes/.stmcufinder/plugins/mcufinder
2023-12-08 12:45:05,295 [WARN] DbFile:41 - Overriding database path with different value: /home/osboxes/.stmcufinder/plugins/mcufinder/ => /home/osboxes/.stmcufinder/plugins/mcufinder
2023-12-08 12:45:05,295 [INFO] CrossReferenceDbSqlite:203 - Set database path to: /home/osboxes/.stmcufinder/plugins/mcufinder//mcu/cs/
2023-12-08 12:45:05,423 [INFO] ApplicationProperties:184 - Using Application install path: /opt/st/stm32cubeide_1.13.2/plugins/com.st.stm32cube.common.mx_6.9.2.202309101412
2023-12-08 12:45:05,440 [INFO] PluginManage:196 - Search for loadable plugins [exclusion list=, ]
2023-12-08 12:45:05,450 [INFO] PluginManage:310 - Check plugin analytics
2023-12-08 12:45:06,574 [INFO] AnalyticsPlugin:253 - Accepted Software Licenses: 
2023-12-08 12:45:06,574 [INFO] AnalyticsPlugin:255 - Accepted CMSIS Pack Licenses: STMicroelectronics.X-CUBE-NFC4.3.0.0
2023-12-08 12:45:06,574 [INFO] AnalyticsPlugin:257 - Accepted Firmware Licenses: FW.F4.1.27.0
2023-12-08 12:45:06,592 [INFO] PluginManage:359 - Loaded plugin analytics (category:tool,tabindex:-1)
2023-12-08 12:45:06,607 [INFO] PluginManage:310 - Check plugin cadmodel
2023-12-08 12:45:06,858 [INFO] CADModel:105 - Init CAD model plugin
2023-12-08 12:45:06,858 [INFO] PluginManage:359 - Loaded plugin cadmodel (category:power,tabindex:5)
2023-12-08 12:45:06,859 [INFO] PluginManage:310 - Check plugin clock
2023-12-08 12:45:06,918 [INFO] PluginManage:359 - Loaded plugin clock (category:base,tabindex:2)
2023-12-08 12:45:06,920 [INFO] PluginManage:310 - Check plugin ddr
2023-12-08 12:45:06,937 [INFO] PluginManage:359 - Loaded plugin ddr (category:tool,tabindex:6)
2023-12-08 12:45:06,939 [INFO] PluginManage:310 - Check plugin filemanager
2023-12-08 12:45:07,764 [INFO] PluginManage:359 - Loaded plugin filemanager (category:base,tabindex:10)
2023-12-08 12:45:07,767 [INFO] PluginManage:310 - Check plugin ipmanager
2023-12-08 12:45:07,793 [INFO] PluginManage:359 - Loaded plugin ipmanager (category:base,tabindex:5)
2023-12-08 12:45:07,794 [INFO] PluginManage:310 - Check plugin lpbam
2023-12-08 12:45:07,841 [INFO] PluginManage:359 - Loaded plugin lpbam (category:base,tabindex:0)
2023-12-08 12:45:07,842 [INFO] PluginManage:310 - Check plugin memorymap
2023-12-08 12:45:07,906 [INFO] PluginManage:359 - Loaded plugin memorymap (category:base,tabindex:4)
2023-12-08 12:45:07,914 [INFO] PluginManage:310 - Check plugin pinoutandconfiguration
2023-12-08 12:45:07,959 [INFO] PluginManage:359 - Loaded plugin pinoutandconfiguration (category:base,tabindex:1)
2023-12-08 12:45:07,959 [INFO] PluginManage:310 - Check plugin pinoutconfig
2023-12-08 12:45:08,544 [WARN] SupportedApi:132 - Cannot load RTOS API schema: s4s-elt-must-match.1: The content of 'definitions' must match (annotation?, (simpleType | complexType)?, (unique | key | keyref)*)). A problem was found starting at: attribute.
2023-12-08 12:45:09,483 [INFO] PluginManage:359 - Loaded plugin pinoutconfig (category:base,tabindex:0)
2023-12-08 12:45:09,489 [INFO] PluginManage:310 - Check plugin power
2023-12-08 12:45:09,571 [INFO] PluginManage:359 - Loaded plugin power (category:power,tabindex:4)
2023-12-08 12:45:09,573 [INFO] PluginManage:310 - Check plugin projectmanager
2023-12-08 12:45:09,647 [INFO] PluginManage:359 - Loaded plugin projectmanager (category:projectmanager,tabindex:3)
2023-12-08 12:45:09,647 [INFO] PluginManage:310 - Check plugin thirdparty
2023-12-08 12:45:10,515 [INFO] PluginManage:359 - Loaded plugin thirdparty (category:base,tabindex:-1)
2023-12-08 12:45:10,515 [INFO] PluginManage:310 - Check plugin tools
2023-12-08 12:45:10,518 [WARN] IntegrityCheckThread:84 - waiting for thirdparty lock release [integrity check]
2023-12-08 12:45:10,529 [INFO] IntegrityCheckThread:86 - entering critical section [integrity check]
2023-12-08 12:45:10,534 [INFO] ThirdPartyUpdaterWithRetryManager:70 - Updater plugin not ready yet. [1/15]
2023-12-08 12:45:10,527 [INFO] PluginManage:359 - Loaded plugin tools (category:base,tabindex:7)
2023-12-08 12:45:10,538 [INFO] PluginManage:310 - Check plugin tutovideos
2023-12-08 12:45:11,866 [INFO] PluginManage:359 - Loaded plugin tutovideos (category:base,tabindex:-1)
2023-12-08 12:45:11,867 [INFO] PluginManage:310 - Check plugin updater
2023-12-08 12:45:11,929 [INFO] PluginManage:359 - Loaded plugin updater (category:base,tabindex:12)
2023-12-08 12:45:11,930 [INFO] PluginManage:310 - Check plugin userauth
2023-12-08 12:45:11,960 [INFO] UserAuth:113 - Init User Auth plugin
2023-12-08 12:45:11,960 [INFO] PluginManage:359 - Loaded plugin userauth (category:base,tabindex:14)
2023-12-08 12:45:11,965 [INFO] PluginManage:283 - PluginManage : Loaded plugins [17]
2023-12-08 12:45:13,540 [INFO] ThirdPartyUpdaterWithRetryManager:70 - Updater plugin not ready yet. [2/15]
2023-12-08 12:45:13,834 [INFO] PinOutPanel:1499 - setPackage(No Configuration,No Configuration)
2023-12-08 12:45:14,298 [INFO] CADModel:165 - CPN selected for project level
2023-12-08 12:45:14,298 [INFO] CADModel:114 - Register for checkConnection events
2023-12-08 12:45:14,340 [INFO] IPUIPlugin:80 - create IPUIPlugin
2023-12-08 12:45:14,349 [INFO] PluginManager:220 - loadIPPluginJar : add dma3
2023-12-08 12:45:14,355 [INFO] IPUIPlugin:80 - create IPUIPlugin
2023-12-08 12:45:14,355 [INFO] PluginManager:220 - loadIPPluginJar : add tracer_emb
2023-12-08 12:45:14,379 [INFO] IPUIPlugin:80 - create IPUIPlugin
2023-12-08 12:45:14,380 [INFO] PluginManager:220 - loadIPPluginJar : add gpio
2023-12-08 12:45:14,409 [INFO] IPUIPlugin:80 - create IPUIPlugin
2023-12-08 12:45:14,410 [INFO] PluginManager:220 - loadIPPluginJar : add ipddr
2023-12-08 12:45:14,425 [INFO] IPUIPlugin:80 - create IPUIPlugin
2023-12-08 12:45:14,425 [INFO] PluginManager:220 - loadIPPluginJar : add sai
2023-12-08 12:45:14,430 [INFO] IPUIPlugin:80 - create IPUIPlugin
2023-12-08 12:45:14,430 [INFO] PluginManager:220 - loadIPPluginJar : add i2s
2023-12-08 12:45:14,463 [INFO] IPUIPlugin:80 - create IPUIPlugin
2023-12-08 12:45:14,463 [INFO] PluginManager:220 - loadIPPluginJar : add dma
2023-12-08 12:45:14,485 [INFO] IPUIPlugin:80 - create IPUIPlugin
2023-12-08 12:45:14,493 [INFO] PluginManager:220 - loadIPPluginJar : add fmc
2023-12-08 12:45:14,502 [INFO] IPUIPlugin:80 - create IPUIPlugin
2023-12-08 12:45:14,503 [INFO] PluginManager:220 - loadIPPluginJar : add hash
2023-12-08 12:45:14,512 [INFO] IPUIPlugin:80 - create IPUIPlugin
2023-12-08 12:45:14,512 [INFO] PluginManager:220 - loadIPPluginJar : add spi
2023-12-08 12:45:14,531 [INFO] IPUIPlugin:80 - create IPUIPlugin
2023-12-08 12:45:14,538 [INFO] PluginManager:220 - loadIPPluginJar : add nvic
2023-12-08 12:45:14,564 [INFO] IPUIPlugin:80 - create IPUIPlugin
2023-12-08 12:45:14,565 [INFO] PluginManager:220 - loadIPPluginJar : add stm32_wpan
2023-12-08 12:45:14,574 [INFO] IPUIPlugin:80 - create IPUIPlugin
2023-12-08 12:45:14,575 [INFO] PluginManager:220 - loadIPPluginJar : add comp
2023-12-08 12:45:14,581 [INFO] IPUIPlugin:80 - create IPUIPlugin
2023-12-08 12:45:14,581 [INFO] PluginManager:220 - loadIPPluginJar : add gfxmmu
2023-12-08 12:45:14,591 [INFO] IPUIPlugin:80 - create IPUIPlugin
2023-12-08 12:45:14,597 [INFO] PluginManager:220 - loadIPPluginJar : add aes
2023-12-08 12:45:14,610 [INFO] IPUIPlugin:80 - create IPUIPlugin
2023-12-08 12:45:14,610 [INFO] PluginManager:220 - loadIPPluginJar : add fatfs
2023-12-08 12:45:14,622 [INFO] IPUIPlugin:80 - create IPUIPlugin
2023-12-08 12:45:14,622 [INFO] PluginManager:220 - loadIPPluginJar : add openamp
2023-12-08 12:45:14,638 [INFO] IPUIPlugin:80 - create IPUIPlugin
2023-12-08 12:45:14,641 [INFO] PluginManager:220 - loadIPPluginJar : add pdm2pcm
2023-12-08 12:45:14,653 [INFO] IPUIPlugin:80 - create IPUIPlugin
2023-12-08 12:45:14,653 [INFO] PluginManager:220 - loadIPPluginJar : add tim
2023-12-08 12:45:14,665 [INFO] IPUIPlugin:80 - create IPUIPlugin
2023-12-08 12:45:14,668 [INFO] PluginManager:220 - loadIPPluginJar : add resmgrutility
2023-12-08 12:45:14,675 [INFO] IPUIPlugin:80 - create IPUIPlugin
2023-12-08 12:45:14,675 [INFO] PluginManager:220 - loadIPPluginJar : add ltdc
2023-12-08 12:45:14,687 [INFO] IPUIPlugin:80 - create IPUIPlugin
2023-12-08 12:45:14,687 [INFO] PluginManager:220 - loadIPPluginJar : add ucpd
2023-12-08 12:45:14,702 [INFO] IPUIPlugin:80 - create IPUIPlugin
2023-12-08 12:45:14,703 [INFO] PluginManager:220 - loadIPPluginJar : add usbx
2023-12-08 12:45:14,714 [INFO] IPUIPlugin:80 - create IPUIPlugin
2023-12-08 12:45:14,715 [INFO] PluginManager:220 - loadIPPluginJar : add cryp
2023-12-08 12:45:14,746 [INFO] IPUIPlugin:80 - create IPUIPlugin
2023-12-08 12:45:14,751 [INFO] PluginManager:220 - loadIPPluginJar : add gic
2023-12-08 12:45:14,771 [INFO] IPUIPlugin:80 - create IPUIPlugin
2023-12-08 12:45:14,777 [INFO] PluginManager:220 - loadIPPluginJar : add adc
2023-12-08 12:45:14,782 [INFO] IPUIPlugin:80 - create IPUIPlugin
2023-12-08 12:45:14,782 [INFO] PluginManager:220 - loadIPPluginJar : add ts
2023-12-08 12:45:14,796 [INFO] IPUIPlugin:80 - create IPUIPlugin
2023-12-08 12:45:14,796 [INFO] PluginManager:220 - loadIPPluginJar : add touchsensing
2023-12-08 12:45:14,807 [INFO] IPUIPlugin:80 - create IPUIPlugin
2023-12-08 12:45:14,807 [INFO] PluginManager:220 - loadIPPluginJar : add dfsdm
2023-12-08 12:45:14,816 [INFO] IPUIPlugin:80 - create IPUIPlugin
2023-12-08 12:45:14,816 [INFO] PluginManager:220 - loadIPPluginJar : add usart
2023-12-08 12:45:14,831 [INFO] IPUIPlugin:80 - create IPUIPlugin
2023-12-08 12:45:14,831 [INFO] PluginManager:220 - loadIPPluginJar : add lorawan
2023-12-08 12:45:14,845 [INFO] IPUIPlugin:80 - create IPUIPlugin
2023-12-08 12:45:14,845 [INFO] PluginManager:220 - loadIPPluginJar : add tsc
2023-12-08 12:45:14,873 [INFO] IPUIPlugin:80 - create IPUIPlugin
2023-12-08 12:45:14,876 [INFO] PluginManager:220 - loadIPPluginJar : add linkedlist
2023-12-08 12:45:14,906 [INFO] IPUIPlugin:80 - create IPUIPlugin
2023-12-08 12:45:14,910 [INFO] PluginManager:220 - loadIPPluginJar : add plateformsettings
2023-12-08 12:45:14,914 [INFO] IPUIPlugin:80 - create IPUIPlugin
2023-12-08 12:45:14,914 [INFO] PluginManager:220 - loadIPPluginJar : add genericplugin
2023-12-08 12:45:14,927 [INFO] IPUIPlugin:80 - create IPUIPlugin
2023-12-08 12:45:14,928 [INFO] PluginManager:220 - loadIPPluginJar : add mdma
2023-12-08 12:45:14,947 [INFO] IPUIPlugin:80 - create IPUIPlugin
2023-12-08 12:45:14,947 [INFO] PluginManager:220 - loadIPPluginJar : add gtzc
2023-12-08 12:45:14,954 [INFO] IPUIPlugin:80 - create IPUIPlugin
2023-12-08 12:45:14,954 [INFO] PluginManager:220 - loadIPPluginJar : add can
2023-12-08 12:45:14,970 [INFO] IPUIPlugin:80 - create IPUIPlugin
2023-12-08 12:45:14,970 [INFO] PluginManager:220 - loadIPPluginJar : add i3c
2023-12-08 12:45:14,993 [INFO] IPUIPlugin:80 - create IPUIPlugin
2023-12-08 12:45:14,993 [INFO] PluginManager:220 - loadIPPluginJar : add freertos
2023-12-08 12:45:14,997 [INFO] IPUIPlugin:80 - create IPUIPlugin
2023-12-08 12:45:14,997 [INFO] PluginManager:220 - loadIPPluginJar : add quadspi
2023-12-08 12:45:15,012 [INFO] IPUIPlugin:80 - create IPUIPlugin
2023-12-08 12:45:15,013 [INFO] PluginManager:220 - loadIPPluginJar : add opamp
2023-12-08 12:45:15,026 [INFO] IPUIPlugin:80 - create IPUIPlugin
2023-12-08 12:45:15,026 [INFO] PluginManager:220 - loadIPPluginJar : add i2c
2023-12-08 12:45:15,268 [INFO] CADModel:165 - CPN selected for project level
2023-12-08 12:45:15,268 [INFO] CADModel:114 - Register for checkConnection events
2023-12-08 12:45:15,269 [FATAL] Updater:308 - Updater called before beeing initialized
2023-12-08 12:45:15,272 [ERROR] CADModel:125 - Updater not yet initialized, retry later 
2023-12-08 12:45:15,833 [INFO] CADModel:165 - CPN selected for project level
2023-12-08 12:45:15,833 [INFO] CADModel:114 - Register for checkConnection events
2023-12-08 12:45:15,833 [FATAL] Updater:308 - Updater called before beeing initialized
2023-12-08 12:45:15,833 [ERROR] CADModel:125 - Updater not yet initialized, retry later 
2023-12-08 12:45:15,838 [FATAL] Updater:308 - Updater called before beeing initialized
2023-12-08 12:45:16,305 [FATAL] Updater:308 - Updater called before beeing initialized
2023-12-08 12:45:16,334 [INFO] DbMcusAds:53 - JSON generation date=Tue Mar 07 05:50:55 ART 2023 (1678179055114)
2023-12-08 12:45:16,335 [FATAL] Updater:308 - Updater called before beeing initialized
2023-12-08 12:45:16,515 [WARN] DetailPanel:346 - Failed to get advertising image, set to default
2023-12-08 12:45:16,541 [INFO] ThirdPartyUpdaterWithRetryManager:70 - Updater plugin not ready yet. [3/15]
2023-12-08 12:45:16,873 [FATAL] Updater:308 - Updater called before beeing initialized
2023-12-08 12:45:16,880 [FATAL] Updater:308 - Updater called before beeing initialized
2023-12-08 12:45:16,881 [FATAL] Updater:308 - Updater called before beeing initialized
2023-12-08 12:45:16,881 [WARN] DetailPanel:346 - Failed to get advertising image, set to default
2023-12-08 12:45:16,888 [FATAL] Updater:308 - Updater called before beeing initialized
2023-12-08 12:45:17,091 [ERROR] Updater:1120 - MainUpdater not yet initialized. External WinMGr cannot be set.
2023-12-08 12:45:17,101 [INFO] Updater:1056 - Updater Version found : 6.9.2
2023-12-08 12:45:17,238 [INFO] ApplicationProperties:184 - Using Application install path: /opt/st/stm32cubeide_1.13.2/plugins/com.st.stm32cube.common.mx_6.9.2.202309101412
2023-12-08 12:45:17,970 [INFO] MainUpdater:2868 - connection check result : 10
2023-12-08 12:45:17,979 [INFO] MainUpdater:285 - Updater Check For Update Now.
2023-12-08 12:45:17,981 [INFO] MicroXplorer:498 - Change Database Version : DB.6.0.92
2023-12-08 12:45:18,021 [INFO] McuFinderGlobals:63 - Set McuFinder mode to 2 (CubeIDE integrated)
2023-12-08 12:45:18,841 [INFO] CheckServerUpdateThread:120 - End of CheckServer Thread
2023-12-08 12:45:20,810 [WARN] PackLoader:240 - Cannot read IP mode file for STMicroelectronics.X-CUBE-SMBUS.2.1.0
2023-12-08 12:45:21,331 [WARN] PackLoader:240 - Cannot read IP mode file for STMicroelectronics.X-CUBE-AZRTOS-F7.1.1.0
2023-12-08 12:45:21,456 [WARN] PackLoader:240 - Cannot read IP mode file for STMicroelectronics.FP-SNS-MOTENV1.4.3.2
2023-12-08 12:45:21,531 [WARN] PackLoader:240 - Cannot read IP mode file for STMicroelectronics.FP-SNS-FLIGHT1.5.0.2
2023-12-08 12:45:22,055 [WARN] PackLoader:240 - Cannot read IP mode file for STMicroelectronics.X-CUBE-DISPLAY.3.0.0
2023-12-08 12:45:22,166 [WARN] PackLoader:240 - Cannot read IP mode file for STMicroelectronics.X-CUBE-BLE1.7.0.0
2023-12-08 12:45:22,200 [WARN] PackLoader:240 - Cannot read IP mode file for emotas.I-CUBE-CANOPEN.1.3.0
2023-12-08 12:45:22,228 [WARN] PackLoader:240 - Cannot read IP mode file for STMicroelectronics.X-CUBE-TOUCHGFX.4.22.1
2023-12-08 12:45:22,261 [WARN] PackLoader:240 - Cannot read IP mode file for STMicroelectronics.FP-SNS-SMARTAG2.1.2.0
2023-12-08 12:45:22,425 [INFO] LogOutputStream:77 - [STDOUT_REDIRECT] 1 : Invalid condition id : UX_CORESTACK_Condition cause : null
2023-12-08 12:45:22,426 [INFO] LogOutputStream:77 - [STDOUT_REDIRECT] 1 : Invalid condition id : UX_CORESTACK_Condition cause : null
2023-12-08 12:45:22,429 [INFO] LogOutputStream:77 - [STDOUT_REDIRECT] 1 : Invalid condition id : UX_CORESTACK_Condition cause : null
2023-12-08 12:45:22,430 [INFO] LogOutputStream:77 - [STDOUT_REDIRECT] 1 : Invalid condition id : UX_CORESTACK_Condition cause : null
2023-12-08 12:45:22,430 [INFO] LogOutputStream:77 - [STDOUT_REDIRECT] 1 : Invalid condition id : UX_CORESTACK_Condition cause : null
2023-12-08 12:45:22,456 [WARN] PackLoader:240 - Cannot read IP mode file for STMicroelectronics.X-CUBE-AZRTOS-WL.2.0.0
2023-12-08 12:45:22,563 [WARN] PackLoader:240 - Cannot read IP mode file for WES.I-CUBE-Cesium.1.3.0
2023-12-08 12:45:22,615 [WARN] PackLoader:240 - Cannot read IP mode file for STMicroelectronics.X-CUBE-BLE2.3.3.0
2023-12-08 12:45:22,666 [WARN] PackLoader:240 - Cannot read IP mode file for STMicroelectronics.X-CUBE-ALGOBUILD.1.3.0
2023-12-08 12:45:22,849 [WARN] PackLoader:240 - Cannot read IP mode file for STMicroelectronics.X-CUBE-AZRTOS-G0.1.1.0
2023-12-08 12:45:22,930 [WARN] PackLoader:240 - Cannot read IP mode file for STMicroelectronics.X-CUBE-NFC4.3.0.0
2023-12-08 12:45:23,601 [WARN] PackLoader:240 - Cannot read IP mode file for STMicroelectronics.X-CUBE-BLEMGR.3.0.0
2023-12-08 12:45:23,659 [WARN] PackLoader:240 - Cannot read IP mode file for STMicroelectronics.FP-ATR-SIGFOX1.3.2.0
2023-12-08 12:45:23,927 [WARN] PackLoader:240 - Cannot read IP mode file for SEGGER.I-CUBE-embOS.1.3.1
2023-12-08 12:45:24,280 [WARN] PackLoader:240 - Cannot read IP mode file for STMicroelectronics.X-CUBE-GNSS1.6.0.0
2023-12-08 12:45:24,518 [WARN] PackLoader:240 - Cannot read IP mode file for STMicroelectronics.X-CUBE-AZRTOS-F4.1.1.0
2023-12-08 12:45:24,573 [WARN] PackLoader:240 - Cannot read IP mode file for wolfSSL.I-CUBE-wolfSSL.5.6.3
2023-12-08 12:45:24,879 [WARN] PackLoader:240 - Cannot read IP mode file for STMicroelectronics.X-CUBE-AZRTOS-L5.2.0.0
2023-12-08 12:45:25,455 [WARN] PackLoader:240 - Cannot read IP mode file for STMicroelectronics.X-CUBE-MEMS1.9.6.0
2023-12-08 12:45:27,421 [WARN] PackLoader:240 - Cannot read IP mode file for STMicroelectronics.X-CUBE-EEPRMA1.4.2.0
2023-12-08 12:45:27,456 [WARN] PackLoader:240 - Cannot read IP mode file for ITTIA_DB.I-CUBE-ITTIADB.8.8.0
2023-12-08 12:45:27,509 [WARN] PackLoader:240 - Cannot read IP mode file for STMicroelectronics.X-CUBE-BLEMGR.2.0.0
2023-12-08 12:45:27,668 [WARN] ConditionMgr:438 - getConditionDescription Invalid condition id : UX DEVICE CLASS RTOS Condition cause : null
2023-12-08 12:45:27,672 [WARN] ConditionMgr:438 - getConditionDescription Invalid condition id : UX DEVICE CLASS RTOS Condition cause : null
2023-12-08 12:45:27,703 [WARN] PackLoader:240 - Cannot read IP mode file for STMicroelectronics.X-CUBE-AZRTOS-H7.3.1.0
2023-12-08 12:45:27,706 [WARN] ConditionMgr:1039 - genDependencies : Invalid condition id : UX DEVICE CLASS RTOS Condition cause : null
2023-12-08 12:45:27,707 [WARN] ConditionMgr:1039 - genDependencies : Invalid condition id : UX DEVICE CLASS RTOS Condition cause : null
2023-12-08 12:45:27,711 [WARN] ConditionMgr:1039 - genDependencies : Invalid condition id : UX DEVICE CLASS RTOS Condition cause : null
2023-12-08 12:45:27,712 [WARN] ConditionMgr:1039 - genDependencies : Invalid condition id : UX DEVICE CLASS RTOS Condition cause : null
2023-12-08 12:45:27,712 [WARN] ConditionMgr:1039 - genDependencies : Invalid condition id : UX DEVICE CLASS RTOS Condition cause : null
2023-12-08 12:45:27,751 [WARN] PackLoader:240 - Cannot read IP mode file for STMicroelectronics.X-CUBE-NFC7.1.0.1
2023-12-08 12:45:27,795 [WARN] PackLoader:240 - Cannot read IP mode file for STMicroelectronics.X-CUBE-NFC6.3.0.0
2023-12-08 12:45:27,836 [WARN] PackLoader:240 - Cannot read IP mode file for STMicroelectronics.X-CUBE-EEPRMA1.4.1.0
2023-12-08 12:45:27,870 [WARN] PackLoader:240 - Cannot read IP mode file for STMicroelectronics.X-CUBE-AI.8.1.0
2023-12-08 12:45:28,008 [WARN] ConditionMgr:438 - getConditionDescription Invalid condition id : LAN8742 Phy interface Condition cause : null
2023-12-08 12:45:28,025 [WARN] PackLoader:240 - Cannot read IP mode file for STMicroelectronics.X-CUBE-AZRTOS-L4.2.0.0
2023-12-08 12:45:28,030 [WARN] ConditionMgr:1039 - genDependencies : Invalid condition id : LAN8742 Phy interface Condition cause : null
2023-12-08 12:45:28,030 [WARN] ConditionMgr:1039 - genDependencies : Invalid condition id : LAN8742 Phy interface Condition cause : null
2023-12-08 12:45:28,040 [WARN] ConditionMgr:1039 - genDependencies : Invalid condition id : LAN8742 Phy interface Condition cause : null
2023-12-08 12:45:28,107 [WARN] PackLoader:240 - Cannot read IP mode file for STMicroelectronics.X-CUBE-SFXS2LP1.4.0.0
2023-12-08 12:45:28,138 [WARN] PackLoader:240 - Cannot read IP mode file for STMicroelectronics.X-CUBE-ISPU.1.1.0
2023-12-08 12:45:28,245 [WARN] ConditionMgr:438 - getConditionDescription Invalid condition id : UX DEVICE CLASS RTOS Condition cause : null
2023-12-08 12:45:28,245 [WARN] ConditionMgr:438 - getConditionDescription Invalid condition id : UX DEVICE CLASS RTOS Condition cause : null
2023-12-08 12:45:28,264 [WARN] PackLoader:240 - Cannot read IP mode file for STMicroelectronics.X-CUBE-AZRTOS-WB.2.0.0
2023-12-08 12:45:28,277 [WARN] ConditionMgr:1039 - genDependencies : Invalid condition id : UX DEVICE CLASS RTOS Condition cause : null
2023-12-08 12:45:28,286 [WARN] ConditionMgr:1039 - genDependencies : Invalid condition id : UX DEVICE CLASS RTOS Condition cause : null
2023-12-08 12:45:28,287 [WARN] ConditionMgr:1039 - genDependencies : Invalid condition id : UX DEVICE CLASS RTOS Condition cause : null
2023-12-08 12:45:28,297 [WARN] ConditionMgr:1039 - genDependencies : Invalid condition id : UX DEVICE CLASS RTOS Condition cause : null
2023-12-08 12:45:28,297 [WARN] ConditionMgr:1039 - genDependencies : Invalid condition id : UX DEVICE CLASS RTOS Condition cause : null
2023-12-08 12:45:28,366 [WARN] PackLoader:240 - Cannot read IP mode file for STMicroelectronics.X-CUBE-SUBG2.5.0.0
2023-12-08 12:45:28,514 [WARN] PackLoader:240 - Cannot read IP mode file for STMicroelectronics.X-CUBE-TOF1.3.3.1
2023-12-08 12:45:28,747 [WARN] PackLoader:240 - Cannot read IP mode file for STMicroelectronics.X-CUBE-AZRTOS-G4.2.0.0
2023-12-08 12:45:28,911 [WARN] PackLoader:240 - Cannot read IP mode file for Infineon.AIROC-Wi-Fi-Bluetooth-STM32.1.5.1
2023-12-08 12:45:28,960 [WARN] PackLoader:240 - Cannot read IP mode file for STMicroelectronics.FP-SNS-MOTENVWB1.1.3.0
2023-12-08 12:45:28,989 [WARN] PackLoader:240 - Cannot read IP mode file for STMicroelectronics.FP-SNS-MOTENVWB1.1.3.1
2023-12-08 12:45:29,028 [WARN] PackLoader:240 - Cannot read IP mode file for STMicroelectronics.X-CUBE-ISPU.2.0.0
2023-12-08 12:45:29,494 [WARN] PackLoader:240 - Cannot read IP mode file for STMicroelectronics.X-CUBE-MEMS1.10.0.0
2023-12-08 12:45:30,436 [WARN] PackLoader:240 - Cannot read IP mode file for STMicroelectronics.X-CUBE-FREERTOS.1.1.0
2023-12-08 12:45:30,459 [WARN] PackLoader:240 - Cannot read IP mode file for portGmbH.I-Cube-SoM-uGOAL.1.1.0
2023-12-08 12:45:30,478 [WARN] PackLoader:240 - Cannot read IP mode file for STMicroelectronics.X-CUBE-ALS.1.0.1
2023-12-08 12:45:30,497 [WARN] PackLoader:240 - Cannot read IP mode file for STMicroelectronics.FP-ATR-ASTRA1.2.0.0
2023-12-08 12:45:30,543 [WARN] PackLoader:240 - Cannot read IP mode file for STMicroelectronics.X-CUBE-TOF1.3.4.0
2023-12-08 12:45:30,748 [WARN] PackLoader:240 - Cannot read IP mode file for STMicroelectronics.X-CUBE-AZRTOS-H7.3.2.0
2023-12-08 12:45:30,780 [INFO] ThirdParty:978 - Integrity check success = true
2023-12-08 12:45:30,788 [INFO] IntegrityCheckThread:100 - exiting critical section [integrity check]
2023-12-08 12:45:30,788 [INFO] IntegrityCheckThread:103 - End integrity checks thread
2023-12-08 12:45:41,453 [ERROR] LogOutputStream:75 - [STDERR_REDIRECT] SLF4J: Failed to load class "org.slf4j.impl.StaticLoggerBinder".
2023-12-08 12:45:41,454 [ERROR] LogOutputStream:75 - [STDERR_REDIRECT] SLF4J: Defaulting to no-operation (NOP) logger implementation
2023-12-08 12:45:41,460 [ERROR] LogOutputStream:75 - [STDERR_REDIRECT] SLF4J: See http://www.slf4j.org/codes.html#StaticLoggerBinder for further details.
2023-12-08 19:35:15,956 [INFO] Activator:176 - 


2023-12-08 19:35:15,970 [INFO] Activator:177 - !SESSION log4j initialized
2023-12-08 19:35:48,747 [ERROR] LogOutputStream:75 - [STDERR_REDIRECT] Managed Build system manifest file error: Option com.atollic.truestudio.general.runtimelib.515011658 uses a null category that is invalid in its context. The option was ignored.
2023-12-08 19:35:48,756 [ERROR] LogOutputStream:75 - [STDERR_REDIRECT] Managed Build system manifest file error: Option com.atollic.truestudio.toolchain_options.mcu.1215812750 uses a null category that is invalid in its context. The option was ignored.
2023-12-08 19:35:48,764 [ERROR] LogOutputStream:75 - [STDERR_REDIRECT] Managed Build system manifest file error: Option com.atollic.truestudio.toolchain_options.vendor.1616666001 uses a null category that is invalid in its context. The option was ignored.
2023-12-08 19:35:49,131 [ERROR] LogOutputStream:75 - [STDERR_REDIRECT] Managed Build system manifest file error: Option com.atollic.truestudio.general.runtimelib.1515049018 uses a null category that is invalid in its context. The option was ignored.
2023-12-08 19:35:49,141 [ERROR] LogOutputStream:75 - [STDERR_REDIRECT] Managed Build system manifest file error: Option com.atollic.truestudio.toolchain_options.mcu.1352430483 uses a null category that is invalid in its context. The option was ignored.
2023-12-08 19:35:49,149 [ERROR] LogOutputStream:75 - [STDERR_REDIRECT] Managed Build system manifest file error: Option com.atollic.truestudio.toolchain_options.vendor.1233035770 uses a null category that is invalid in its context. The option was ignored.
2023-12-08 19:36:08,236 [INFO] LogOutputStream:77 - [STDOUT_REDIRECT] 
2023-12-08 19:36:20,705 [INFO] ApplicationProperties:184 - Using Application install path: /opt/st/stm32cubeide_1.13.2/plugins/com.st.stm32cube.common.mx_6.9.2.202309101412
2023-12-08 19:36:20,985 [INFO] DbMcusXml:78 - Set database path to: /opt/st/stm32cubeide_1.13.2/plugins/com.st.stm32cube.common.mx_6.9.2.202309101412//db//mcu/
2023-12-08 19:36:20,986 [INFO] ApiDb:274 - Set plugin database path to: /opt/st/stm32cubeide_1.13.2/plugins/com.st.stm32cube.common.mx_6.9.2.202309101412//db//plugins/boardmanager/
2023-12-08 19:36:20,995 [WARN] ApiDb:259 - Overriding images path with different value:  => /opt/st/stm32cubeide_1.13.2/plugins/com.st.stm32cube.common.mx_6.9.2.202309101412//db//plugins/mcufinder/images/
2023-12-08 19:36:21,128 [INFO] ApiDb:250 - Set database path to: /home/osboxes/.stmcufinder/plugins/mcufinder//mcu/
2023-12-08 19:36:21,140 [INFO] DbMcusAds:125 - Set database path to: /home/osboxes/.stmcufinder/plugins/mcufinder//mcu/
2023-12-08 19:36:21,274 [INFO] CrossReferenceDbSqlite:203 - Set database path to: /home/osboxes/.stmcufinder/plugins/mcufinder//mcu/cs/
2023-12-08 19:36:23,485 [INFO] RulesReader:64 - Compatibility file has been processed (293 Rules)
2023-12-08 19:36:24,472 [INFO] DbMcusXml:78 - Set database path to: /opt/st/stm32cubeide_1.13.2/plugins/com.st.stm32cube.common.mx_6.9.2.202309101412//db//mcu/
2023-12-08 19:36:24,473 [INFO] ApiDb:274 - Set plugin database path to: /opt/st/stm32cubeide_1.13.2/plugins/com.st.stm32cube.common.mx_6.9.2.202309101412//db//plugins/boardmanager/
2023-12-08 19:36:24,473 [INFO] ApiDb:261 - Set plugin images path to: /opt/st/stm32cubeide_1.13.2/plugins/com.st.stm32cube.common.mx_6.9.2.202309101412//db//plugins/mcufinder/images/
2023-12-08 19:36:24,474 [WARN] DbFile:41 - Overriding database path with different value: /home/osboxes/.stmcufinder/plugins/mcufinder/ => /home/osboxes/.stmcufinder/plugins/mcufinder
2023-12-08 19:36:24,485 [INFO] ApiDb:250 - Set database path to: /home/osboxes/.stmcufinder/plugins/mcufinder//mcu/
2023-12-08 19:36:24,486 [WARN] DbFile:41 - Overriding database path with different value: /home/osboxes/.stmcufinder/plugins/mcufinder/ => /home/osboxes/.stmcufinder/plugins/mcufinder
2023-12-08 19:36:24,486 [INFO] DbMcusAds:125 - Set database path to: /home/osboxes/.stmcufinder/plugins/mcufinder//mcu/
2023-12-08 19:36:24,499 [WARN] DbFile:41 - Overriding database path with different value: /home/osboxes/.stmcufinder/plugins/mcufinder/ => /home/osboxes/.stmcufinder/plugins/mcufinder
2023-12-08 19:36:24,500 [WARN] DbFile:41 - Overriding database path with different value: /home/osboxes/.stmcufinder/plugins/mcufinder/ => /home/osboxes/.stmcufinder/plugins/mcufinder
2023-12-08 19:36:24,500 [INFO] CrossReferenceDbSqlite:203 - Set database path to: /home/osboxes/.stmcufinder/plugins/mcufinder//mcu/cs/
2023-12-08 19:36:25,773 [INFO] MainPanel:262 - HeapMemory: 704643072
2023-12-08 19:36:27,884 [INFO] DbMcusXml:78 - Set database path to: /opt/st/stm32cubeide_1.13.2/plugins/com.st.stm32cube.common.mx_6.9.2.202309101412//db//mcu/
2023-12-08 19:36:27,884 [INFO] ApiDb:274 - Set plugin database path to: /opt/st/stm32cubeide_1.13.2/plugins/com.st.stm32cube.common.mx_6.9.2.202309101412//db//plugins/boardmanager/
2023-12-08 19:36:27,885 [INFO] ApiDb:261 - Set plugin images path to: /opt/st/stm32cubeide_1.13.2/plugins/com.st.stm32cube.common.mx_6.9.2.202309101412//db//plugins/mcufinder/images/
2023-12-08 19:36:27,895 [WARN] DbFile:41 - Overriding database path with different value: /home/osboxes/.stmcufinder/plugins/mcufinder/ => /home/osboxes/.stmcufinder/plugins/mcufinder
2023-12-08 19:36:27,896 [INFO] ApiDb:250 - Set database path to: /home/osboxes/.stmcufinder/plugins/mcufinder//mcu/
2023-12-08 19:36:27,896 [WARN] DbFile:41 - Overriding database path with different value: /home/osboxes/.stmcufinder/plugins/mcufinder/ => /home/osboxes/.stmcufinder/plugins/mcufinder
2023-12-08 19:36:27,897 [INFO] DbMcusAds:125 - Set database path to: /home/osboxes/.stmcufinder/plugins/mcufinder//mcu/
2023-12-08 19:36:27,897 [WARN] DbFile:41 - Overriding database path with different value: /home/osboxes/.stmcufinder/plugins/mcufinder/ => /home/osboxes/.stmcufinder/plugins/mcufinder
2023-12-08 19:36:27,898 [WARN] DbFile:41 - Overriding database path with different value: /home/osboxes/.stmcufinder/plugins/mcufinder/ => /home/osboxes/.stmcufinder/plugins/mcufinder
2023-12-08 19:36:27,911 [INFO] CrossReferenceDbSqlite:203 - Set database path to: /home/osboxes/.stmcufinder/plugins/mcufinder//mcu/cs/
2023-12-08 19:36:28,280 [INFO] ApplicationProperties:184 - Using Application install path: /opt/st/stm32cubeide_1.13.2/plugins/com.st.stm32cube.common.mx_6.9.2.202309101412
2023-12-08 19:36:28,317 [INFO] PluginManage:196 - Search for loadable plugins [exclusion list=, ]
2023-12-08 19:36:28,349 [INFO] PluginManage:310 - Check plugin analytics
2023-12-08 19:36:31,272 [INFO] AnalyticsPlugin:253 - Accepted Software Licenses: 
2023-12-08 19:36:31,272 [INFO] AnalyticsPlugin:255 - Accepted CMSIS Pack Licenses: STMicroelectronics.X-CUBE-NFC4.3.0.0
2023-12-08 19:36:31,272 [INFO] AnalyticsPlugin:257 - Accepted Firmware Licenses: FW.F4.1.27.0
2023-12-08 19:36:31,306 [INFO] PluginManage:359 - Loaded plugin analytics (category:tool,tabindex:-1)
2023-12-08 19:36:31,311 [INFO] PluginManage:310 - Check plugin cadmodel
2023-12-08 19:36:31,617 [INFO] CADModel:105 - Init CAD model plugin
2023-12-08 19:36:31,618 [INFO] PluginManage:359 - Loaded plugin cadmodel (category:power,tabindex:5)
2023-12-08 19:36:31,618 [INFO] PluginManage:310 - Check plugin clock
2023-12-08 19:36:31,791 [INFO] PluginManage:359 - Loaded plugin clock (category:base,tabindex:2)
2023-12-08 19:36:31,792 [INFO] PluginManage:310 - Check plugin ddr
2023-12-08 19:36:31,805 [INFO] PluginManage:359 - Loaded plugin ddr (category:tool,tabindex:6)
2023-12-08 19:36:31,806 [INFO] PluginManage:310 - Check plugin filemanager
2023-12-08 19:36:34,727 [INFO] PluginManage:359 - Loaded plugin filemanager (category:base,tabindex:10)
2023-12-08 19:36:34,731 [INFO] PluginManage:310 - Check plugin ipmanager
2023-12-08 19:36:34,840 [INFO] PluginManage:359 - Loaded plugin ipmanager (category:base,tabindex:5)
2023-12-08 19:36:34,841 [INFO] PluginManage:310 - Check plugin lpbam
2023-12-08 19:36:35,027 [INFO] PluginManage:359 - Loaded plugin lpbam (category:base,tabindex:0)
2023-12-08 19:36:35,028 [INFO] PluginManage:310 - Check plugin memorymap
2023-12-08 19:36:35,231 [INFO] PluginManage:359 - Loaded plugin memorymap (category:base,tabindex:4)
2023-12-08 19:36:35,234 [INFO] PluginManage:310 - Check plugin pinoutandconfiguration
2023-12-08 19:36:35,297 [INFO] PluginManage:359 - Loaded plugin pinoutandconfiguration (category:base,tabindex:1)
2023-12-08 19:36:35,297 [INFO] PluginManage:310 - Check plugin pinoutconfig
2023-12-08 19:36:36,866 [WARN] SupportedApi:132 - Cannot load RTOS API schema: s4s-elt-must-match.1: The content of 'definitions' must match (annotation?, (simpleType | complexType)?, (unique | key | keyref)*)). A problem was found starting at: attribute.
2023-12-08 19:36:38,118 [INFO] PluginManage:359 - Loaded plugin pinoutconfig (category:base,tabindex:0)
2023-12-08 19:36:38,118 [INFO] PluginManage:310 - Check plugin power
2023-12-08 19:36:38,267 [INFO] PluginManage:359 - Loaded plugin power (category:power,tabindex:4)
2023-12-08 19:36:38,272 [INFO] PluginManage:310 - Check plugin projectmanager
2023-12-08 19:36:38,434 [INFO] PluginManage:359 - Loaded plugin projectmanager (category:projectmanager,tabindex:3)
2023-12-08 19:36:38,434 [INFO] PluginManage:310 - Check plugin thirdparty
2023-12-08 19:36:39,761 [INFO] PluginManage:359 - Loaded plugin thirdparty (category:base,tabindex:-1)
2023-12-08 19:36:39,761 [INFO] PluginManage:310 - Check plugin tools
2023-12-08 19:36:39,762 [WARN] IntegrityCheckThread:84 - waiting for thirdparty lock release [integrity check]
2023-12-08 19:36:39,776 [INFO] IntegrityCheckThread:86 - entering critical section [integrity check]
2023-12-08 19:36:39,777 [INFO] ThirdPartyUpdaterWithRetryManager:70 - Updater plugin not ready yet. [1/15]
2023-12-08 19:36:39,798 [INFO] PluginManage:359 - Loaded plugin tools (category:base,tabindex:7)
2023-12-08 19:36:39,801 [INFO] PluginManage:310 - Check plugin tutovideos
2023-12-08 19:36:42,779 [INFO] ThirdPartyUpdaterWithRetryManager:70 - Updater plugin not ready yet. [2/15]
2023-12-08 19:36:43,005 [INFO] PluginManage:359 - Loaded plugin tutovideos (category:base,tabindex:-1)
2023-12-08 19:36:43,018 [INFO] PluginManage:310 - Check plugin updater
2023-12-08 19:36:43,128 [INFO] PluginManage:359 - Loaded plugin updater (category:base,tabindex:12)
2023-12-08 19:36:43,129 [INFO] PluginManage:310 - Check plugin userauth
2023-12-08 19:36:43,205 [INFO] UserAuth:113 - Init User Auth plugin
2023-12-08 19:36:43,210 [INFO] PluginManage:359 - Loaded plugin userauth (category:base,tabindex:14)
2023-12-08 19:36:43,226 [INFO] PluginManage:283 - PluginManage : Loaded plugins [17]
2023-12-08 19:36:45,782 [INFO] ThirdPartyUpdaterWithRetryManager:70 - Updater plugin not ready yet. [3/15]
2023-12-08 19:36:45,953 [INFO] PinOutPanel:1499 - setPackage(No Configuration,No Configuration)
2023-12-08 19:36:47,888 [INFO] CADModel:165 - CPN selected for project level
2023-12-08 19:36:47,889 [INFO] CADModel:114 - Register for checkConnection events
2023-12-08 19:36:48,106 [INFO] IPUIPlugin:80 - create IPUIPlugin
2023-12-08 19:36:48,113 [INFO] PluginManager:220 - loadIPPluginJar : add dma3
2023-12-08 19:36:48,159 [INFO] IPUIPlugin:80 - create IPUIPlugin
2023-12-08 19:36:48,160 [INFO] PluginManager:220 - loadIPPluginJar : add tracer_emb
2023-12-08 19:36:48,271 [INFO] IPUIPlugin:80 - create IPUIPlugin
2023-12-08 19:36:48,277 [INFO] PluginManager:220 - loadIPPluginJar : add gpio
2023-12-08 19:36:48,366 [INFO] IPUIPlugin:80 - create IPUIPlugin
2023-12-08 19:36:48,389 [INFO] PluginManager:220 - loadIPPluginJar : add ipddr
2023-12-08 19:36:48,604 [INFO] IPUIPlugin:80 - create IPUIPlugin
2023-12-08 19:36:48,605 [INFO] PluginManager:220 - loadIPPluginJar : add sai
2023-12-08 19:36:48,884 [INFO] IPUIPlugin:80 - create IPUIPlugin
2023-12-08 19:36:48,885 [INFO] PluginManager:220 - loadIPPluginJar : add i2s
2023-12-08 19:36:48,891 [INFO] ThirdPartyUpdaterWithRetryManager:70 - Updater plugin not ready yet. [4/15]
2023-12-08 19:36:49,137 [INFO] IPUIPlugin:80 - create IPUIPlugin
2023-12-08 19:36:49,139 [INFO] PluginManager:220 - loadIPPluginJar : add dma
2023-12-08 19:36:49,352 [INFO] IPUIPlugin:80 - create IPUIPlugin
2023-12-08 19:36:49,352 [INFO] PluginManager:220 - loadIPPluginJar : add fmc
2023-12-08 19:36:49,411 [INFO] IPUIPlugin:80 - create IPUIPlugin
2023-12-08 19:36:49,412 [INFO] PluginManager:220 - loadIPPluginJar : add hash
2023-12-08 19:36:49,452 [INFO] IPUIPlugin:80 - create IPUIPlugin
2023-12-08 19:36:49,453 [INFO] PluginManager:220 - loadIPPluginJar : add spi
2023-12-08 19:36:49,528 [INFO] IPUIPlugin:80 - create IPUIPlugin
2023-12-08 19:36:49,529 [INFO] PluginManager:220 - loadIPPluginJar : add nvic
2023-12-08 19:36:49,636 [INFO] IPUIPlugin:80 - create IPUIPlugin
2023-12-08 19:36:49,636 [INFO] PluginManager:220 - loadIPPluginJar : add stm32_wpan
2023-12-08 19:36:49,658 [INFO] IPUIPlugin:80 - create IPUIPlugin
2023-12-08 19:36:49,659 [INFO] PluginManager:220 - loadIPPluginJar : add comp
2023-12-08 19:36:49,715 [INFO] IPUIPlugin:80 - create IPUIPlugin
2023-12-08 19:36:49,716 [INFO] PluginManager:220 - loadIPPluginJar : add gfxmmu
2023-12-08 19:36:49,782 [INFO] IPUIPlugin:80 - create IPUIPlugin
2023-12-08 19:36:49,783 [INFO] PluginManager:220 - loadIPPluginJar : add aes
2023-12-08 19:36:49,809 [INFO] IPUIPlugin:80 - create IPUIPlugin
2023-12-08 19:36:49,810 [INFO] PluginManager:220 - loadIPPluginJar : add fatfs
2023-12-08 19:36:49,892 [INFO] IPUIPlugin:80 - create IPUIPlugin
2023-12-08 19:36:49,893 [INFO] PluginManager:220 - loadIPPluginJar : add openamp
2023-12-08 19:36:49,968 [INFO] IPUIPlugin:80 - create IPUIPlugin
2023-12-08 19:36:49,969 [INFO] PluginManager:220 - loadIPPluginJar : add pdm2pcm
2023-12-08 19:36:50,022 [INFO] IPUIPlugin:80 - create IPUIPlugin
2023-12-08 19:36:50,022 [INFO] PluginManager:220 - loadIPPluginJar : add tim
2023-12-08 19:36:50,105 [INFO] IPUIPlugin:80 - create IPUIPlugin
2023-12-08 19:36:50,105 [INFO] PluginManager:220 - loadIPPluginJar : add resmgrutility
2023-12-08 19:36:50,129 [INFO] IPUIPlugin:80 - create IPUIPlugin
2023-12-08 19:36:50,147 [INFO] PluginManager:220 - loadIPPluginJar : add ltdc
2023-12-08 19:36:50,178 [INFO] IPUIPlugin:80 - create IPUIPlugin
2023-12-08 19:36:50,183 [INFO] PluginManager:220 - loadIPPluginJar : add ucpd
2023-12-08 19:36:50,227 [INFO] IPUIPlugin:80 - create IPUIPlugin
2023-12-08 19:36:50,232 [INFO] PluginManager:220 - loadIPPluginJar : add usbx
2023-12-08 19:36:50,273 [INFO] IPUIPlugin:80 - create IPUIPlugin
2023-12-08 19:36:50,279 [INFO] PluginManager:220 - loadIPPluginJar : add cryp
2023-12-08 19:36:50,354 [INFO] IPUIPlugin:80 - create IPUIPlugin
2023-12-08 19:36:50,375 [INFO] PluginManager:220 - loadIPPluginJar : add gic
2023-12-08 19:36:50,497 [INFO] IPUIPlugin:80 - create IPUIPlugin
2023-12-08 19:36:50,498 [INFO] PluginManager:220 - loadIPPluginJar : add adc
2023-12-08 19:36:50,578 [INFO] IPUIPlugin:80 - create IPUIPlugin
2023-12-08 19:36:50,606 [INFO] PluginManager:220 - loadIPPluginJar : add ts
2023-12-08 19:36:50,687 [INFO] IPUIPlugin:80 - create IPUIPlugin
2023-12-08 19:36:50,687 [INFO] PluginManager:220 - loadIPPluginJar : add touchsensing
2023-12-08 19:36:50,728 [INFO] IPUIPlugin:80 - create IPUIPlugin
2023-12-08 19:36:50,729 [INFO] PluginManager:220 - loadIPPluginJar : add dfsdm
2023-12-08 19:36:50,758 [INFO] IPUIPlugin:80 - create IPUIPlugin
2023-12-08 19:36:50,794 [INFO] PluginManager:220 - loadIPPluginJar : add usart
2023-12-08 19:36:50,833 [INFO] IPUIPlugin:80 - create IPUIPlugin
2023-12-08 19:36:50,833 [INFO] PluginManager:220 - loadIPPluginJar : add lorawan
2023-12-08 19:36:50,846 [INFO] IPUIPlugin:80 - create IPUIPlugin
2023-12-08 19:36:50,846 [INFO] PluginManager:220 - loadIPPluginJar : add tsc
2023-12-08 19:36:50,949 [INFO] IPUIPlugin:80 - create IPUIPlugin
2023-12-08 19:36:50,958 [INFO] PluginManager:220 - loadIPPluginJar : add linkedlist
2023-12-08 19:36:51,076 [INFO] IPUIPlugin:80 - create IPUIPlugin
2023-12-08 19:36:51,121 [INFO] PluginManager:220 - loadIPPluginJar : add plateformsettings
2023-12-08 19:36:51,158 [INFO] IPUIPlugin:80 - create IPUIPlugin
2023-12-08 19:36:51,158 [INFO] PluginManager:220 - loadIPPluginJar : add genericplugin
2023-12-08 19:36:51,297 [INFO] IPUIPlugin:80 - create IPUIPlugin
2023-12-08 19:36:51,298 [INFO] PluginManager:220 - loadIPPluginJar : add mdma
2023-12-08 19:36:51,383 [INFO] IPUIPlugin:80 - create IPUIPlugin
2023-12-08 19:36:51,383 [INFO] PluginManager:220 - loadIPPluginJar : add gtzc
2023-12-08 19:36:51,431 [INFO] IPUIPlugin:80 - create IPUIPlugin
2023-12-08 19:36:51,432 [INFO] PluginManager:220 - loadIPPluginJar : add can
2023-12-08 19:36:51,469 [INFO] IPUIPlugin:80 - create IPUIPlugin
2023-12-08 19:36:51,469 [INFO] PluginManager:220 - loadIPPluginJar : add i3c
2023-12-08 19:36:51,575 [INFO] IPUIPlugin:80 - create IPUIPlugin
2023-12-08 19:36:51,576 [INFO] PluginManager:220 - loadIPPluginJar : add freertos
2023-12-08 19:36:51,621 [INFO] IPUIPlugin:80 - create IPUIPlugin
2023-12-08 19:36:51,621 [INFO] PluginManager:220 - loadIPPluginJar : add quadspi
2023-12-08 19:36:51,667 [INFO] IPUIPlugin:80 - create IPUIPlugin
2023-12-08 19:36:51,667 [INFO] PluginManager:220 - loadIPPluginJar : add opamp
2023-12-08 19:36:51,685 [INFO] IPUIPlugin:80 - create IPUIPlugin
2023-12-08 19:36:51,686 [INFO] PluginManager:220 - loadIPPluginJar : add i2c
2023-12-08 19:36:51,892 [INFO] ThirdPartyUpdaterWithRetryManager:70 - Updater plugin not ready yet. [5/15]
2023-12-08 19:36:52,823 [INFO] CADModel:165 - CPN selected for project level
2023-12-08 19:36:52,823 [INFO] CADModel:114 - Register for checkConnection events
2023-12-08 19:36:52,828 [FATAL] Updater:308 - Updater called before beeing initialized
2023-12-08 19:36:52,829 [ERROR] CADModel:125 - Updater not yet initialized, retry later 
2023-12-08 19:36:54,895 [INFO] ThirdPartyUpdaterWithRetryManager:70 - Updater plugin not ready yet. [6/15]
2023-12-08 19:36:55,838 [INFO] CADModel:165 - CPN selected for project level
2023-12-08 19:36:55,839 [INFO] CADModel:114 - Register for checkConnection events
2023-12-08 19:36:55,840 [FATAL] Updater:308 - Updater called before beeing initialized
2023-12-08 19:36:55,841 [ERROR] CADModel:125 - Updater not yet initialized, retry later 
2023-12-08 19:36:55,959 [FATAL] Updater:308 - Updater called before beeing initialized
2023-12-08 19:36:57,008 [FATAL] Updater:308 - Updater called before beeing initialized
2023-12-08 19:36:57,064 [INFO] DbMcusAds:53 - JSON generation date=Tue Mar 07 05:50:55 ART 2023 (1678179055114)
2023-12-08 19:36:57,065 [FATAL] Updater:308 - Updater called before beeing initialized
2023-12-08 19:36:57,731 [WARN] DetailPanel:346 - Failed to get advertising image, set to default
2023-12-08 19:36:57,896 [FATAL] Updater:308 - Updater called before beeing initialized
2023-12-08 19:36:57,898 [ERROR] IntegrityCheckThread:130 - Cannot retrieve database content from updater: error 21
2023-12-08 19:36:57,913 [INFO] ThirdParty:978 - Integrity check success = false
2023-12-08 19:36:57,914 [INFO] IntegrityCheckThread:100 - exiting critical section [integrity check]
2023-12-08 19:36:57,914 [INFO] IntegrityCheckThread:103 - End integrity checks thread
2023-12-08 19:36:59,392 [FATAL] Updater:308 - Updater called before beeing initialized
2023-12-08 19:36:59,406 [FATAL] Updater:308 - Updater called before beeing initialized
2023-12-08 19:36:59,421 [FATAL] Updater:308 - Updater called before beeing initialized
2023-12-08 19:36:59,421 [WARN] DetailPanel:346 - Failed to get advertising image, set to default
2023-12-08 19:36:59,441 [FATAL] Updater:308 - Updater called before beeing initialized
2023-12-08 19:36:59,824 [ERROR] Updater:1120 - MainUpdater not yet initialized. External WinMGr cannot be set.
2023-12-08 19:36:59,848 [INFO] Updater:1056 - Updater Version found : 6.9.2
2023-12-08 19:37:00,132 [INFO] ApplicationProperties:184 - Using Application install path: /opt/st/stm32cubeide_1.13.2/plugins/com.st.stm32cube.common.mx_6.9.2.202309101412
2023-12-08 19:37:01,816 [INFO] MainUpdater:2868 - connection check result : 10
2023-12-08 19:37:01,833 [INFO] MainUpdater:285 - Updater Check For Update Now.
2023-12-08 19:37:01,834 [INFO] MicroXplorer:498 - Change Database Version : DB.6.0.92
2023-12-08 19:37:01,893 [INFO] McuFinderGlobals:63 - Set McuFinder mode to 2 (CubeIDE integrated)
2023-12-08 19:37:03,603 [INFO] CheckServerUpdateThread:120 - End of CheckServer Thread
2023-12-08 19:37:26,889 [ERROR] LogOutputStream:75 - [STDERR_REDIRECT] SLF4J: Failed to load class "org.slf4j.impl.StaticLoggerBinder".
2023-12-08 19:37:26,897 [ERROR] LogOutputStream:75 - [STDERR_REDIRECT] SLF4J: Defaulting to no-operation (NOP) logger implementation
2023-12-08 19:37:26,898 [ERROR] LogOutputStream:75 - [STDERR_REDIRECT] SLF4J: See http://www.slf4j.org/codes.html#StaticLoggerBinder for further details.
