2023-11-07 00:17:45,725 [ERROR] ConfigurationRetriever:142 - IOException on connection: sw-center.st.com
2023-11-07 00:17:45,844 [ERROR] ConfigurationRetriever:142 - IOException on connection: sw-center.st.com
2023-11-07 00:17:45,908 [ERROR] ConfigurationRetriever:142 - IOException on connection: sw-center.st.com
2023-11-07 00:17:47,326 [ERROR] ConfigurationRetriever:142 - IOException on connection: sw-center.st.com
2023-11-07 00:17:47,327 [ERROR] ConfigurationRetriever:142 - IOException on connection: sw-center.st.com
2023-11-07 00:17:47,334 [ERROR] ConfigurationRetriever:142 - IOException on connection: sw-center.st.com
2023-11-07 00:25:26,526 [INFO] Activator:176 - 


2023-11-07 00:25:26,536 [INFO] Activator:177 - !SESSION log4j initialized
2023-11-07 00:25:52,714 [INFO] LogOutputStream:77 - [STDOUT_REDIRECT] 
2023-11-07 00:26:02,959 [INFO] ApplicationProperties:184 - Using Application install path: /opt/st/stm32cubeide_1.13.2/plugins/com.st.stm32cube.common.mx_6.9.2.202309101412
2023-11-07 00:26:03,057 [INFO] DbMcusXml:78 - Set database path to: /opt/st/stm32cubeide_1.13.2/plugins/com.st.stm32cube.common.mx_6.9.2.202309101412//db//mcu/
2023-11-07 00:26:03,066 [INFO] ApiDb:274 - Set plugin database path to: /opt/st/stm32cubeide_1.13.2/plugins/com.st.stm32cube.common.mx_6.9.2.202309101412//db//plugins/boardmanager/
2023-11-07 00:26:03,066 [WARN] ApiDb:259 - Overriding images path with different value:  => /opt/st/stm32cubeide_1.13.2/plugins/com.st.stm32cube.common.mx_6.9.2.202309101412//db//plugins/mcufinder/images/
2023-11-07 00:26:03,170 [INFO] ApiDb:250 - Set database path to: /home/osboxes/.stmcufinder/plugins/mcufinder//mcu/
2023-11-07 00:26:03,190 [INFO] DbMcusAds:125 - Set database path to: /home/osboxes/.stmcufinder/plugins/mcufinder//mcu/
2023-11-07 00:26:03,209 [INFO] CrossReferenceDbSqlite:203 - Set database path to: /home/osboxes/.stmcufinder/plugins/mcufinder//mcu/cs/
2023-11-07 00:26:04,671 [INFO] RulesReader:64 - Compatibility file has been processed (293 Rules)
2023-11-07 00:26:05,413 [INFO] DbMcusXml:78 - Set database path to: /opt/st/stm32cubeide_1.13.2/plugins/com.st.stm32cube.common.mx_6.9.2.202309101412//db//mcu/
2023-11-07 00:26:05,413 [INFO] ApiDb:274 - Set plugin database path to: /opt/st/stm32cubeide_1.13.2/plugins/com.st.stm32cube.common.mx_6.9.2.202309101412//db//plugins/boardmanager/
2023-11-07 00:26:05,414 [INFO] ApiDb:261 - Set plugin images path to: /opt/st/stm32cubeide_1.13.2/plugins/com.st.stm32cube.common.mx_6.9.2.202309101412//db//plugins/mcufinder/images/
2023-11-07 00:26:05,417 [WARN] DbFile:41 - Overriding database path with different value: /home/osboxes/.stmcufinder/plugins/mcufinder/ => /home/osboxes/.stmcufinder/plugins/mcufinder
2023-11-07 00:26:05,422 [INFO] ApiDb:250 - Set database path to: /home/osboxes/.stmcufinder/plugins/mcufinder//mcu/
2023-11-07 00:26:05,422 [WARN] DbFile:41 - Overriding database path with different value: /home/osboxes/.stmcufinder/plugins/mcufinder/ => /home/osboxes/.stmcufinder/plugins/mcufinder
2023-11-07 00:26:05,422 [INFO] DbMcusAds:125 - Set database path to: /home/osboxes/.stmcufinder/plugins/mcufinder//mcu/
2023-11-07 00:26:05,422 [WARN] DbFile:41 - Overriding database path with different value: /home/osboxes/.stmcufinder/plugins/mcufinder/ => /home/osboxes/.stmcufinder/plugins/mcufinder
2023-11-07 00:26:05,422 [WARN] DbFile:41 - Overriding database path with different value: /home/osboxes/.stmcufinder/plugins/mcufinder/ => /home/osboxes/.stmcufinder/plugins/mcufinder
2023-11-07 00:26:05,859 [INFO] CrossReferenceDbSqlite:203 - Set database path to: /home/osboxes/.stmcufinder/plugins/mcufinder//mcu/cs/
2023-11-07 00:26:06,416 [INFO] MainPanel:262 - HeapMemory: 591396864
2023-11-07 00:26:06,804 [INFO] DbMcusXml:78 - Set database path to: /opt/st/stm32cubeide_1.13.2/plugins/com.st.stm32cube.common.mx_6.9.2.202309101412//db//mcu/
2023-11-07 00:26:06,804 [INFO] ApiDb:274 - Set plugin database path to: /opt/st/stm32cubeide_1.13.2/plugins/com.st.stm32cube.common.mx_6.9.2.202309101412//db//plugins/boardmanager/
2023-11-07 00:26:06,805 [INFO] ApiDb:261 - Set plugin images path to: /opt/st/stm32cubeide_1.13.2/plugins/com.st.stm32cube.common.mx_6.9.2.202309101412//db//plugins/mcufinder/images/
2023-11-07 00:26:06,808 [WARN] DbFile:41 - Overriding database path with different value: /home/osboxes/.stmcufinder/plugins/mcufinder/ => /home/osboxes/.stmcufinder/plugins/mcufinder
2023-11-07 00:26:06,808 [INFO] ApiDb:250 - Set database path to: /home/osboxes/.stmcufinder/plugins/mcufinder//mcu/
2023-11-07 00:26:06,808 [WARN] DbFile:41 - Overriding database path with different value: /home/osboxes/.stmcufinder/plugins/mcufinder/ => /home/osboxes/.stmcufinder/plugins/mcufinder
2023-11-07 00:26:06,813 [INFO] DbMcusAds:125 - Set database path to: /home/osboxes/.stmcufinder/plugins/mcufinder//mcu/
2023-11-07 00:26:06,813 [WARN] DbFile:41 - Overriding database path with different value: /home/osboxes/.stmcufinder/plugins/mcufinder/ => /home/osboxes/.stmcufinder/plugins/mcufinder
2023-11-07 00:26:06,813 [WARN] DbFile:41 - Overriding database path with different value: /home/osboxes/.stmcufinder/plugins/mcufinder/ => /home/osboxes/.stmcufinder/plugins/mcufinder
2023-11-07 00:26:06,813 [INFO] CrossReferenceDbSqlite:203 - Set database path to: /home/osboxes/.stmcufinder/plugins/mcufinder//mcu/cs/
2023-11-07 00:26:06,898 [INFO] ApplicationProperties:184 - Using Application install path: /opt/st/stm32cubeide_1.13.2/plugins/com.st.stm32cube.common.mx_6.9.2.202309101412
2023-11-07 00:26:06,907 [INFO] PluginManage:196 - Search for loadable plugins [exclusion list=, ]
2023-11-07 00:26:06,915 [INFO] PluginManage:310 - Check plugin analytics
2023-11-07 00:26:07,603 [INFO] AnalyticsPlugin:253 - Accepted Software Licenses: 
2023-11-07 00:26:07,603 [INFO] AnalyticsPlugin:255 - Accepted CMSIS Pack Licenses: STMicroelectronics.X-CUBE-NFC4.3.0.0
2023-11-07 00:26:07,604 [INFO] AnalyticsPlugin:257 - Accepted Firmware Licenses: FW.F4.1.27.0
2023-11-07 00:26:07,621 [INFO] PluginManage:359 - Loaded plugin analytics (category:tool,tabindex:-1)
2023-11-07 00:26:07,622 [INFO] PluginManage:310 - Check plugin cadmodel
2023-11-07 00:26:07,780 [INFO] CADModel:105 - Init CAD model plugin
2023-11-07 00:26:07,780 [INFO] PluginManage:359 - Loaded plugin cadmodel (category:power,tabindex:5)
2023-11-07 00:26:07,788 [INFO] PluginManage:310 - Check plugin clock
2023-11-07 00:26:07,860 [INFO] PluginManage:359 - Loaded plugin clock (category:base,tabindex:2)
2023-11-07 00:26:07,860 [INFO] PluginManage:310 - Check plugin ddr
2023-11-07 00:26:07,874 [INFO] PluginManage:359 - Loaded plugin ddr (category:tool,tabindex:6)
2023-11-07 00:26:07,875 [INFO] PluginManage:310 - Check plugin filemanager
2023-11-07 00:26:08,507 [INFO] PluginManage:359 - Loaded plugin filemanager (category:base,tabindex:10)
2023-11-07 00:26:08,509 [INFO] PluginManage:310 - Check plugin ipmanager
2023-11-07 00:26:08,529 [INFO] PluginManage:359 - Loaded plugin ipmanager (category:base,tabindex:5)
2023-11-07 00:26:08,529 [INFO] PluginManage:310 - Check plugin lpbam
2023-11-07 00:26:08,567 [INFO] PluginManage:359 - Loaded plugin lpbam (category:base,tabindex:0)
2023-11-07 00:26:08,572 [INFO] PluginManage:310 - Check plugin memorymap
2023-11-07 00:26:08,646 [INFO] PluginManage:359 - Loaded plugin memorymap (category:base,tabindex:4)
2023-11-07 00:26:08,650 [INFO] PluginManage:310 - Check plugin pinoutandconfiguration
2023-11-07 00:26:08,696 [INFO] PluginManage:359 - Loaded plugin pinoutandconfiguration (category:base,tabindex:1)
2023-11-07 00:26:08,700 [INFO] PluginManage:310 - Check plugin pinoutconfig
2023-11-07 00:26:09,123 [WARN] SupportedApi:132 - Cannot load RTOS API schema: s4s-elt-must-match.1: The content of 'definitions' must match (annotation?, (simpleType | complexType)?, (unique | key | keyref)*)). A problem was found starting at: attribute.
2023-11-07 00:26:09,620 [INFO] PluginManage:359 - Loaded plugin pinoutconfig (category:base,tabindex:0)
2023-11-07 00:26:09,620 [INFO] PluginManage:310 - Check plugin power
2023-11-07 00:26:09,660 [INFO] PluginManage:359 - Loaded plugin power (category:power,tabindex:4)
2023-11-07 00:26:09,661 [INFO] PluginManage:310 - Check plugin projectmanager
2023-11-07 00:26:09,708 [INFO] PluginManage:359 - Loaded plugin projectmanager (category:projectmanager,tabindex:3)
2023-11-07 00:26:09,709 [INFO] PluginManage:310 - Check plugin thirdparty
2023-11-07 00:26:10,213 [INFO] PluginManage:359 - Loaded plugin thirdparty (category:base,tabindex:-1)
2023-11-07 00:26:10,214 [INFO] PluginManage:310 - Check plugin tools
2023-11-07 00:26:10,215 [WARN] IntegrityCheckThread:84 - waiting for thirdparty lock release [integrity check]
2023-11-07 00:26:10,222 [INFO] IntegrityCheckThread:86 - entering critical section [integrity check]
2023-11-07 00:26:10,225 [INFO] ThirdPartyUpdaterWithRetryManager:70 - Updater plugin not ready yet. [1/15]
2023-11-07 00:26:10,226 [INFO] PluginManage:359 - Loaded plugin tools (category:base,tabindex:7)
2023-11-07 00:26:10,226 [INFO] PluginManage:310 - Check plugin tutovideos
2023-11-07 00:26:11,380 [INFO] PluginManage:359 - Loaded plugin tutovideos (category:base,tabindex:-1)
2023-11-07 00:26:11,380 [INFO] PluginManage:310 - Check plugin updater
2023-11-07 00:26:11,430 [INFO] PluginManage:359 - Loaded plugin updater (category:base,tabindex:12)
2023-11-07 00:26:11,430 [INFO] PluginManage:310 - Check plugin userauth
2023-11-07 00:26:11,464 [INFO] UserAuth:113 - Init User Auth plugin
2023-11-07 00:26:11,465 [INFO] PluginManage:359 - Loaded plugin userauth (category:base,tabindex:14)
2023-11-07 00:26:11,469 [INFO] PluginManage:283 - PluginManage : Loaded plugins [17]
2023-11-07 00:26:12,370 [INFO] PinOutPanel:1499 - setPackage(No Configuration,No Configuration)
2023-11-07 00:26:12,758 [INFO] CADModel:165 - CPN selected for project level
2023-11-07 00:26:12,760 [INFO] CADModel:114 - Register for checkConnection events
2023-11-07 00:26:12,797 [INFO] IPUIPlugin:80 - create IPUIPlugin
2023-11-07 00:26:12,798 [INFO] PluginManager:220 - loadIPPluginJar : add dma3
2023-11-07 00:26:12,810 [INFO] IPUIPlugin:80 - create IPUIPlugin
2023-11-07 00:26:12,815 [INFO] PluginManager:220 - loadIPPluginJar : add tracer_emb
2023-11-07 00:26:12,833 [INFO] IPUIPlugin:80 - create IPUIPlugin
2023-11-07 00:26:12,839 [INFO] PluginManager:220 - loadIPPluginJar : add gpio
2023-11-07 00:26:12,858 [INFO] IPUIPlugin:80 - create IPUIPlugin
2023-11-07 00:26:12,859 [INFO] PluginManager:220 - loadIPPluginJar : add ipddr
2023-11-07 00:26:12,863 [INFO] IPUIPlugin:80 - create IPUIPlugin
2023-11-07 00:26:12,863 [INFO] PluginManager:220 - loadIPPluginJar : add sai
2023-11-07 00:26:12,875 [INFO] IPUIPlugin:80 - create IPUIPlugin
2023-11-07 00:26:12,875 [INFO] PluginManager:220 - loadIPPluginJar : add i2s
2023-11-07 00:26:12,892 [INFO] IPUIPlugin:80 - create IPUIPlugin
2023-11-07 00:26:12,892 [INFO] PluginManager:220 - loadIPPluginJar : add dma
2023-11-07 00:26:12,919 [INFO] IPUIPlugin:80 - create IPUIPlugin
2023-11-07 00:26:12,919 [INFO] PluginManager:220 - loadIPPluginJar : add fmc
2023-11-07 00:26:12,924 [INFO] IPUIPlugin:80 - create IPUIPlugin
2023-11-07 00:26:12,924 [INFO] PluginManager:220 - loadIPPluginJar : add hash
2023-11-07 00:26:12,936 [INFO] IPUIPlugin:80 - create IPUIPlugin
2023-11-07 00:26:12,936 [INFO] PluginManager:220 - loadIPPluginJar : add spi
2023-11-07 00:26:12,952 [INFO] IPUIPlugin:80 - create IPUIPlugin
2023-11-07 00:26:12,952 [INFO] PluginManager:220 - loadIPPluginJar : add nvic
2023-11-07 00:26:12,971 [INFO] IPUIPlugin:80 - create IPUIPlugin
2023-11-07 00:26:12,971 [INFO] PluginManager:220 - loadIPPluginJar : add stm32_wpan
2023-11-07 00:26:12,982 [INFO] IPUIPlugin:80 - create IPUIPlugin
2023-11-07 00:26:12,982 [INFO] PluginManager:220 - loadIPPluginJar : add comp
2023-11-07 00:26:12,990 [INFO] IPUIPlugin:80 - create IPUIPlugin
2023-11-07 00:26:12,994 [INFO] PluginManager:220 - loadIPPluginJar : add gfxmmu
2023-11-07 00:26:13,005 [INFO] IPUIPlugin:80 - create IPUIPlugin
2023-11-07 00:26:13,005 [INFO] PluginManager:220 - loadIPPluginJar : add aes
2023-11-07 00:26:13,015 [INFO] IPUIPlugin:80 - create IPUIPlugin
2023-11-07 00:26:13,015 [INFO] PluginManager:220 - loadIPPluginJar : add fatfs
2023-11-07 00:26:13,034 [INFO] IPUIPlugin:80 - create IPUIPlugin
2023-11-07 00:26:13,035 [INFO] PluginManager:220 - loadIPPluginJar : add openamp
2023-11-07 00:26:13,050 [INFO] IPUIPlugin:80 - create IPUIPlugin
2023-11-07 00:26:13,050 [INFO] PluginManager:220 - loadIPPluginJar : add pdm2pcm
2023-11-07 00:26:13,053 [INFO] IPUIPlugin:80 - create IPUIPlugin
2023-11-07 00:26:13,058 [INFO] PluginManager:220 - loadIPPluginJar : add tim
2023-11-07 00:26:13,067 [INFO] IPUIPlugin:80 - create IPUIPlugin
2023-11-07 00:26:13,067 [INFO] PluginManager:220 - loadIPPluginJar : add resmgrutility
2023-11-07 00:26:13,079 [INFO] IPUIPlugin:80 - create IPUIPlugin
2023-11-07 00:26:13,080 [INFO] PluginManager:220 - loadIPPluginJar : add ltdc
2023-11-07 00:26:13,082 [INFO] IPUIPlugin:80 - create IPUIPlugin
2023-11-07 00:26:13,083 [INFO] PluginManager:220 - loadIPPluginJar : add ucpd
2023-11-07 00:26:13,087 [INFO] IPUIPlugin:80 - create IPUIPlugin
2023-11-07 00:26:13,098 [INFO] PluginManager:220 - loadIPPluginJar : add usbx
2023-11-07 00:26:13,104 [INFO] IPUIPlugin:80 - create IPUIPlugin
2023-11-07 00:26:13,105 [INFO] PluginManager:220 - loadIPPluginJar : add cryp
2023-11-07 00:26:13,112 [INFO] IPUIPlugin:80 - create IPUIPlugin
2023-11-07 00:26:13,125 [INFO] PluginManager:220 - loadIPPluginJar : add gic
2023-11-07 00:26:13,143 [INFO] IPUIPlugin:80 - create IPUIPlugin
2023-11-07 00:26:13,143 [INFO] PluginManager:220 - loadIPPluginJar : add adc
2023-11-07 00:26:13,154 [INFO] IPUIPlugin:80 - create IPUIPlugin
2023-11-07 00:26:13,155 [INFO] PluginManager:220 - loadIPPluginJar : add ts
2023-11-07 00:26:13,164 [INFO] IPUIPlugin:80 - create IPUIPlugin
2023-11-07 00:26:13,171 [INFO] PluginManager:220 - loadIPPluginJar : add touchsensing
2023-11-07 00:26:13,176 [INFO] IPUIPlugin:80 - create IPUIPlugin
2023-11-07 00:26:13,176 [INFO] PluginManager:220 - loadIPPluginJar : add dfsdm
2023-11-07 00:26:13,191 [INFO] IPUIPlugin:80 - create IPUIPlugin
2023-11-07 00:26:13,191 [INFO] PluginManager:220 - loadIPPluginJar : add usart
2023-11-07 00:26:13,195 [INFO] IPUIPlugin:80 - create IPUIPlugin
2023-11-07 00:26:13,195 [INFO] PluginManager:220 - loadIPPluginJar : add lorawan
2023-11-07 00:26:13,202 [INFO] IPUIPlugin:80 - create IPUIPlugin
2023-11-07 00:26:13,206 [INFO] PluginManager:220 - loadIPPluginJar : add tsc
2023-11-07 00:26:13,227 [INFO] ThirdPartyUpdaterWithRetryManager:70 - Updater plugin not ready yet. [2/15]
2023-11-07 00:26:13,230 [INFO] IPUIPlugin:80 - create IPUIPlugin
2023-11-07 00:26:13,231 [INFO] PluginManager:220 - loadIPPluginJar : add linkedlist
2023-11-07 00:26:13,261 [INFO] IPUIPlugin:80 - create IPUIPlugin
2023-11-07 00:26:13,264 [INFO] PluginManager:220 - loadIPPluginJar : add plateformsettings
2023-11-07 00:26:13,272 [INFO] IPUIPlugin:80 - create IPUIPlugin
2023-11-07 00:26:13,273 [INFO] PluginManager:220 - loadIPPluginJar : add genericplugin
2023-11-07 00:26:13,319 [INFO] IPUIPlugin:80 - create IPUIPlugin
2023-11-07 00:26:13,319 [INFO] PluginManager:220 - loadIPPluginJar : add mdma
2023-11-07 00:26:13,334 [INFO] IPUIPlugin:80 - create IPUIPlugin
2023-11-07 00:26:13,334 [INFO] PluginManager:220 - loadIPPluginJar : add gtzc
2023-11-07 00:26:13,340 [INFO] IPUIPlugin:80 - create IPUIPlugin
2023-11-07 00:26:13,340 [INFO] PluginManager:220 - loadIPPluginJar : add can
2023-11-07 00:26:13,354 [INFO] IPUIPlugin:80 - create IPUIPlugin
2023-11-07 00:26:13,355 [INFO] PluginManager:220 - loadIPPluginJar : add i3c
2023-11-07 00:26:13,369 [INFO] IPUIPlugin:80 - create IPUIPlugin
2023-11-07 00:26:13,369 [INFO] PluginManager:220 - loadIPPluginJar : add freertos
2023-11-07 00:26:13,387 [INFO] IPUIPlugin:80 - create IPUIPlugin
2023-11-07 00:26:13,388 [INFO] PluginManager:220 - loadIPPluginJar : add quadspi
2023-11-07 00:26:13,393 [INFO] IPUIPlugin:80 - create IPUIPlugin
2023-11-07 00:26:13,399 [INFO] PluginManager:220 - loadIPPluginJar : add opamp
2023-11-07 00:26:13,403 [INFO] IPUIPlugin:80 - create IPUIPlugin
2023-11-07 00:26:13,403 [INFO] PluginManager:220 - loadIPPluginJar : add i2c
2023-11-07 00:26:13,648 [INFO] CADModel:165 - CPN selected for project level
2023-11-07 00:26:13,648 [INFO] CADModel:114 - Register for checkConnection events
2023-11-07 00:26:13,653 [FATAL] Updater:308 - Updater called before beeing initialized
2023-11-07 00:26:13,653 [ERROR] CADModel:125 - Updater not yet initialized, retry later 
2023-11-07 00:26:14,386 [INFO] CADModel:165 - CPN selected for project level
2023-11-07 00:26:14,395 [INFO] CADModel:114 - Register for checkConnection events
2023-11-07 00:26:14,395 [FATAL] Updater:308 - Updater called before beeing initialized
2023-11-07 00:26:14,395 [ERROR] CADModel:125 - Updater not yet initialized, retry later 
2023-11-07 00:26:14,469 [FATAL] Updater:308 - Updater called before beeing initialized
2023-11-07 00:26:15,175 [FATAL] Updater:308 - Updater called before beeing initialized
2023-11-07 00:26:15,204 [INFO] DbMcusAds:53 - JSON generation date=Tue Mar 07 05:50:55 ART 2023 (1678179055114)
2023-11-07 00:26:15,204 [FATAL] Updater:308 - Updater called before beeing initialized
2023-11-07 00:26:15,474 [WARN] DetailPanel:346 - Failed to get advertising image, set to default
2023-11-07 00:26:15,702 [FATAL] Updater:308 - Updater called before beeing initialized
2023-11-07 00:26:15,706 [FATAL] Updater:308 - Updater called before beeing initialized
2023-11-07 00:26:15,706 [FATAL] Updater:308 - Updater called before beeing initialized
2023-11-07 00:26:15,706 [WARN] DetailPanel:346 - Failed to get advertising image, set to default
2023-11-07 00:26:15,707 [FATAL] Updater:308 - Updater called before beeing initialized
2023-11-07 00:26:15,846 [ERROR] Updater:1120 - MainUpdater not yet initialized. External WinMGr cannot be set.
2023-11-07 00:26:15,851 [INFO] Updater:1056 - Updater Version found : 6.9.2
2023-11-07 00:26:15,960 [INFO] ApplicationProperties:184 - Using Application install path: /opt/st/stm32cubeide_1.13.2/plugins/com.st.stm32cube.common.mx_6.9.2.202309101412
2023-11-07 00:26:16,228 [INFO] ThirdPartyUpdaterWithRetryManager:70 - Updater plugin not ready yet. [3/15]
2023-11-07 00:26:16,802 [INFO] MainUpdater:2868 - connection check result : 10
2023-11-07 00:26:16,816 [INFO] MainUpdater:285 - Updater Check For Update Now.
2023-11-07 00:26:16,822 [INFO] MicroXplorer:498 - Change Database Version : DB.6.0.92
2023-11-07 00:26:16,854 [INFO] McuFinderGlobals:63 - Set McuFinder mode to 2 (CubeIDE integrated)
2023-11-07 00:26:17,758 [INFO] CheckServerUpdateThread:120 - End of CheckServer Thread
2023-11-07 00:26:20,039 [WARN] PackLoader:240 - Cannot read IP mode file for STMicroelectronics.X-CUBE-SMBUS.2.1.0
2023-11-07 00:26:20,248 [WARN] PackLoader:240 - Cannot read IP mode file for STMicroelectronics.X-CUBE-AZRTOS-F7.1.1.0
2023-11-07 00:26:20,301 [WARN] PackLoader:240 - Cannot read IP mode file for STMicroelectronics.FP-SNS-MOTENV1.4.3.2
2023-11-07 00:26:20,319 [WARN] PackLoader:240 - Cannot read IP mode file for STMicroelectronics.FP-SNS-FLIGHT1.5.0.2
2023-11-07 00:26:20,354 [WARN] PackLoader:240 - Cannot read IP mode file for STMicroelectronics.X-CUBE-DISPLAY.3.0.0
2023-11-07 00:26:20,436 [WARN] PackLoader:240 - Cannot read IP mode file for STMicroelectronics.X-CUBE-BLE1.7.0.0
2023-11-07 00:26:20,506 [WARN] PackLoader:240 - Cannot read IP mode file for emotas.I-CUBE-CANOPEN.1.3.0
2023-11-07 00:26:20,567 [WARN] PackLoader:240 - Cannot read IP mode file for STMicroelectronics.X-CUBE-TOUCHGFX.4.22.1
2023-11-07 00:26:20,611 [WARN] PackLoader:240 - Cannot read IP mode file for STMicroelectronics.FP-SNS-SMARTAG2.1.2.0
2023-11-07 00:26:20,815 [INFO] LogOutputStream:77 - [STDOUT_REDIRECT] 1 : Invalid condition id : UX_CORESTACK_Condition cause : null
2023-11-07 00:26:20,819 [INFO] LogOutputStream:77 - [STDOUT_REDIRECT] 1 : Invalid condition id : UX_CORESTACK_Condition cause : null
2023-11-07 00:26:20,824 [INFO] LogOutputStream:77 - [STDOUT_REDIRECT] 1 : Invalid condition id : UX_CORESTACK_Condition cause : null
2023-11-07 00:26:20,826 [INFO] LogOutputStream:77 - [STDOUT_REDIRECT] 1 : Invalid condition id : UX_CORESTACK_Condition cause : null
2023-11-07 00:26:20,837 [INFO] LogOutputStream:77 - [STDOUT_REDIRECT] 1 : Invalid condition id : UX_CORESTACK_Condition cause : null
2023-11-07 00:26:20,927 [WARN] PackLoader:240 - Cannot read IP mode file for STMicroelectronics.X-CUBE-AZRTOS-WL.2.0.0
2023-11-07 00:26:21,015 [WARN] PackLoader:240 - Cannot read IP mode file for WES.I-CUBE-Cesium.1.3.0
2023-11-07 00:26:21,065 [WARN] PackLoader:240 - Cannot read IP mode file for STMicroelectronics.X-CUBE-BLE2.3.3.0
2023-11-07 00:26:21,145 [WARN] PackLoader:240 - Cannot read IP mode file for STMicroelectronics.X-CUBE-ALGOBUILD.1.3.0
2023-11-07 00:26:21,434 [WARN] PackLoader:240 - Cannot read IP mode file for STMicroelectronics.X-CUBE-AZRTOS-G0.1.1.0
2023-11-07 00:26:21,520 [WARN] PackLoader:240 - Cannot read IP mode file for STMicroelectronics.X-CUBE-NFC4.3.0.0
2023-11-07 00:26:22,305 [WARN] PackLoader:240 - Cannot read IP mode file for STMicroelectronics.X-CUBE-BLEMGR.3.0.0
2023-11-07 00:26:22,331 [WARN] PackLoader:240 - Cannot read IP mode file for STMicroelectronics.FP-ATR-SIGFOX1.3.2.0
2023-11-07 00:26:22,474 [WARN] PackLoader:240 - Cannot read IP mode file for SEGGER.I-CUBE-embOS.1.3.1
2023-11-07 00:26:22,955 [WARN] PackLoader:240 - Cannot read IP mode file for STMicroelectronics.X-CUBE-GNSS1.6.0.0
2023-11-07 00:26:23,214 [WARN] PackLoader:240 - Cannot read IP mode file for STMicroelectronics.X-CUBE-AZRTOS-F4.1.1.0
2023-11-07 00:26:23,309 [WARN] PackLoader:240 - Cannot read IP mode file for wolfSSL.I-CUBE-wolfSSL.5.6.3
2023-11-07 00:26:23,572 [WARN] PackLoader:240 - Cannot read IP mode file for STMicroelectronics.X-CUBE-AZRTOS-L5.2.0.0
2023-11-07 00:26:23,909 [WARN] PackLoader:240 - Cannot read IP mode file for STMicroelectronics.X-CUBE-MEMS1.9.6.0
2023-11-07 00:26:24,798 [WARN] PackLoader:240 - Cannot read IP mode file for STMicroelectronics.X-CUBE-EEPRMA1.4.2.0
2023-11-07 00:26:24,829 [WARN] PackLoader:240 - Cannot read IP mode file for ITTIA_DB.I-CUBE-ITTIADB.8.8.0
2023-11-07 00:26:24,922 [WARN] PackLoader:240 - Cannot read IP mode file for STMicroelectronics.X-CUBE-BLEMGR.2.0.0
2023-11-07 00:26:25,083 [WARN] ConditionMgr:438 - getConditionDescription Invalid condition id : UX DEVICE CLASS RTOS Condition cause : null
2023-11-07 00:26:25,083 [WARN] ConditionMgr:438 - getConditionDescription Invalid condition id : UX DEVICE CLASS RTOS Condition cause : null
2023-11-07 00:26:25,093 [WARN] PackLoader:240 - Cannot read IP mode file for STMicroelectronics.X-CUBE-AZRTOS-H7.3.1.0
2023-11-07 00:26:25,102 [WARN] ConditionMgr:1039 - genDependencies : Invalid condition id : UX DEVICE CLASS RTOS Condition cause : null
2023-11-07 00:26:25,102 [WARN] ConditionMgr:1039 - genDependencies : Invalid condition id : UX DEVICE CLASS RTOS Condition cause : null
2023-11-07 00:26:25,103 [WARN] ConditionMgr:1039 - genDependencies : Invalid condition id : UX DEVICE CLASS RTOS Condition cause : null
2023-11-07 00:26:25,104 [WARN] ConditionMgr:1039 - genDependencies : Invalid condition id : UX DEVICE CLASS RTOS Condition cause : null
2023-11-07 00:26:25,104 [WARN] ConditionMgr:1039 - genDependencies : Invalid condition id : UX DEVICE CLASS RTOS Condition cause : null
2023-11-07 00:26:25,129 [WARN] PackLoader:240 - Cannot read IP mode file for STMicroelectronics.X-CUBE-NFC7.1.0.1
2023-11-07 00:26:25,153 [WARN] PackLoader:240 - Cannot read IP mode file for STMicroelectronics.X-CUBE-NFC6.3.0.0
2023-11-07 00:26:25,183 [WARN] PackLoader:240 - Cannot read IP mode file for STMicroelectronics.X-CUBE-EEPRMA1.4.1.0
2023-11-07 00:26:25,212 [WARN] PackLoader:240 - Cannot read IP mode file for STMicroelectronics.X-CUBE-AI.8.1.0
2023-11-07 00:26:25,300 [WARN] ConditionMgr:438 - getConditionDescription Invalid condition id : LAN8742 Phy interface Condition cause : null
2023-11-07 00:26:25,301 [WARN] PackLoader:240 - Cannot read IP mode file for STMicroelectronics.X-CUBE-AZRTOS-L4.2.0.0
2023-11-07 00:26:25,315 [WARN] ConditionMgr:1039 - genDependencies : Invalid condition id : LAN8742 Phy interface Condition cause : null
2023-11-07 00:26:25,315 [WARN] ConditionMgr:1039 - genDependencies : Invalid condition id : LAN8742 Phy interface Condition cause : null
2023-11-07 00:26:25,316 [WARN] ConditionMgr:1039 - genDependencies : Invalid condition id : LAN8742 Phy interface Condition cause : null
2023-11-07 00:26:25,354 [WARN] PackLoader:240 - Cannot read IP mode file for STMicroelectronics.X-CUBE-SFXS2LP1.4.0.0
2023-11-07 00:26:25,370 [WARN] PackLoader:240 - Cannot read IP mode file for STMicroelectronics.X-CUBE-ISPU.1.1.0
2023-11-07 00:26:25,571 [WARN] ConditionMgr:438 - getConditionDescription Invalid condition id : UX DEVICE CLASS RTOS Condition cause : null
2023-11-07 00:26:25,572 [WARN] ConditionMgr:438 - getConditionDescription Invalid condition id : UX DEVICE CLASS RTOS Condition cause : null
2023-11-07 00:26:25,599 [WARN] PackLoader:240 - Cannot read IP mode file for STMicroelectronics.X-CUBE-AZRTOS-WB.2.0.0
2023-11-07 00:26:25,599 [WARN] ConditionMgr:1039 - genDependencies : Invalid condition id : UX DEVICE CLASS RTOS Condition cause : null
2023-11-07 00:26:25,600 [WARN] ConditionMgr:1039 - genDependencies : Invalid condition id : UX DEVICE CLASS RTOS Condition cause : null
2023-11-07 00:26:25,600 [WARN] ConditionMgr:1039 - genDependencies : Invalid condition id : UX DEVICE CLASS RTOS Condition cause : null
2023-11-07 00:26:25,617 [WARN] ConditionMgr:1039 - genDependencies : Invalid condition id : UX DEVICE CLASS RTOS Condition cause : null
2023-11-07 00:26:25,617 [WARN] ConditionMgr:1039 - genDependencies : Invalid condition id : UX DEVICE CLASS RTOS Condition cause : null
2023-11-07 00:26:25,750 [WARN] PackLoader:240 - Cannot read IP mode file for STMicroelectronics.X-CUBE-SUBG2.5.0.0
2023-11-07 00:26:25,950 [WARN] PackLoader:240 - Cannot read IP mode file for STMicroelectronics.X-CUBE-TOF1.3.3.1
2023-11-07 00:26:26,276 [WARN] PackLoader:240 - Cannot read IP mode file for STMicroelectronics.X-CUBE-AZRTOS-G4.2.0.0
2023-11-07 00:26:26,516 [WARN] PackLoader:240 - Cannot read IP mode file for Infineon.AIROC-Wi-Fi-Bluetooth-STM32.1.5.1
2023-11-07 00:26:26,872 [WARN] PackLoader:240 - Cannot read IP mode file for STMicroelectronics.X-CUBE-MEMS1.10.0.0
2023-11-07 00:26:27,909 [WARN] PackLoader:240 - Cannot read IP mode file for STMicroelectronics.X-CUBE-FREERTOS.1.1.0
2023-11-07 00:26:27,923 [WARN] PackLoader:240 - Cannot read IP mode file for portGmbH.I-Cube-SoM-uGOAL.1.1.0
2023-11-07 00:26:27,953 [WARN] PackLoader:240 - Cannot read IP mode file for STMicroelectronics.X-CUBE-ALS.1.0.1
2023-11-07 00:26:27,967 [WARN] PackLoader:240 - Cannot read IP mode file for STMicroelectronics.FP-ATR-ASTRA1.2.0.0
2023-11-07 00:26:27,971 [INFO] ThirdParty:978 - Integrity check success = true
2023-11-07 00:26:27,975 [INFO] IntegrityCheckThread:100 - exiting critical section [integrity check]
2023-11-07 00:26:27,976 [INFO] IntegrityCheckThread:103 - End integrity checks thread
2023-11-07 00:26:40,147 [ERROR] LogOutputStream:75 - [STDERR_REDIRECT] SLF4J: Failed to load class "org.slf4j.impl.StaticLoggerBinder".
2023-11-07 00:26:40,154 [ERROR] LogOutputStream:75 - [STDERR_REDIRECT] SLF4J: Defaulting to no-operation (NOP) logger implementation
2023-11-07 00:26:40,155 [ERROR] LogOutputStream:75 - [STDERR_REDIRECT] SLF4J: See http://www.slf4j.org/codes.html#StaticLoggerBinder for further details.
2023-11-07 14:51:22,315 [INFO] Activator:176 - 


2023-11-07 14:51:22,326 [INFO] Activator:177 - !SESSION log4j initialized
2023-11-07 14:51:44,576 [INFO] LogOutputStream:77 - [STDOUT_REDIRECT] 
2023-11-07 14:51:53,284 [INFO] ApplicationProperties:184 - Using Application install path: /opt/st/stm32cubeide_1.13.2/plugins/com.st.stm32cube.common.mx_6.9.2.202309101412
2023-11-07 14:51:53,356 [INFO] DbMcusXml:78 - Set database path to: /opt/st/stm32cubeide_1.13.2/plugins/com.st.stm32cube.common.mx_6.9.2.202309101412//db//mcu/
2023-11-07 14:51:53,359 [INFO] ApiDb:274 - Set plugin database path to: /opt/st/stm32cubeide_1.13.2/plugins/com.st.stm32cube.common.mx_6.9.2.202309101412//db//plugins/boardmanager/
2023-11-07 14:51:53,360 [WARN] ApiDb:259 - Overriding images path with different value:  => /opt/st/stm32cubeide_1.13.2/plugins/com.st.stm32cube.common.mx_6.9.2.202309101412//db//plugins/mcufinder/images/
2023-11-07 14:51:53,416 [INFO] ApiDb:250 - Set database path to: /home/osboxes/.stmcufinder/plugins/mcufinder//mcu/
2023-11-07 14:51:53,417 [INFO] DbMcusAds:125 - Set database path to: /home/osboxes/.stmcufinder/plugins/mcufinder//mcu/
2023-11-07 14:51:53,428 [INFO] CrossReferenceDbSqlite:203 - Set database path to: /home/osboxes/.stmcufinder/plugins/mcufinder//mcu/cs/
2023-11-07 14:51:54,070 [INFO] RulesReader:64 - Compatibility file has been processed (293 Rules)
2023-11-07 14:51:54,356 [INFO] DbMcusXml:78 - Set database path to: /opt/st/stm32cubeide_1.13.2/plugins/com.st.stm32cube.common.mx_6.9.2.202309101412//db//mcu/
2023-11-07 14:51:54,356 [INFO] ApiDb:274 - Set plugin database path to: /opt/st/stm32cubeide_1.13.2/plugins/com.st.stm32cube.common.mx_6.9.2.202309101412//db//plugins/boardmanager/
2023-11-07 14:51:54,356 [INFO] ApiDb:261 - Set plugin images path to: /opt/st/stm32cubeide_1.13.2/plugins/com.st.stm32cube.common.mx_6.9.2.202309101412//db//plugins/mcufinder/images/
2023-11-07 14:51:54,356 [WARN] DbFile:41 - Overriding database path with different value: /home/osboxes/.stmcufinder/plugins/mcufinder/ => /home/osboxes/.stmcufinder/plugins/mcufinder
2023-11-07 14:51:54,357 [INFO] ApiDb:250 - Set database path to: /home/osboxes/.stmcufinder/plugins/mcufinder//mcu/
2023-11-07 14:51:54,357 [WARN] DbFile:41 - Overriding database path with different value: /home/osboxes/.stmcufinder/plugins/mcufinder/ => /home/osboxes/.stmcufinder/plugins/mcufinder
2023-11-07 14:51:54,357 [INFO] DbMcusAds:125 - Set database path to: /home/osboxes/.stmcufinder/plugins/mcufinder//mcu/
2023-11-07 14:51:54,357 [WARN] DbFile:41 - Overriding database path with different value: /home/osboxes/.stmcufinder/plugins/mcufinder/ => /home/osboxes/.stmcufinder/plugins/mcufinder
2023-11-07 14:51:54,357 [WARN] DbFile:41 - Overriding database path with different value: /home/osboxes/.stmcufinder/plugins/mcufinder/ => /home/osboxes/.stmcufinder/plugins/mcufinder
2023-11-07 14:51:54,357 [INFO] CrossReferenceDbSqlite:203 - Set database path to: /home/osboxes/.stmcufinder/plugins/mcufinder//mcu/cs/
2023-11-07 14:51:54,633 [INFO] MainPanel:262 - HeapMemory: 268435456
2023-11-07 14:51:55,096 [INFO] DbMcusXml:78 - Set database path to: /opt/st/stm32cubeide_1.13.2/plugins/com.st.stm32cube.common.mx_6.9.2.202309101412//db//mcu/
2023-11-07 14:51:55,096 [INFO] ApiDb:274 - Set plugin database path to: /opt/st/stm32cubeide_1.13.2/plugins/com.st.stm32cube.common.mx_6.9.2.202309101412//db//plugins/boardmanager/
2023-11-07 14:51:55,096 [INFO] ApiDb:261 - Set plugin images path to: /opt/st/stm32cubeide_1.13.2/plugins/com.st.stm32cube.common.mx_6.9.2.202309101412//db//plugins/mcufinder/images/
2023-11-07 14:51:55,097 [WARN] DbFile:41 - Overriding database path with different value: /home/osboxes/.stmcufinder/plugins/mcufinder/ => /home/osboxes/.stmcufinder/plugins/mcufinder
2023-11-07 14:51:55,097 [INFO] ApiDb:250 - Set database path to: /home/osboxes/.stmcufinder/plugins/mcufinder//mcu/
2023-11-07 14:51:55,098 [WARN] DbFile:41 - Overriding database path with different value: /home/osboxes/.stmcufinder/plugins/mcufinder/ => /home/osboxes/.stmcufinder/plugins/mcufinder
2023-11-07 14:51:55,098 [INFO] DbMcusAds:125 - Set database path to: /home/osboxes/.stmcufinder/plugins/mcufinder//mcu/
2023-11-07 14:51:55,098 [WARN] DbFile:41 - Overriding database path with different value: /home/osboxes/.stmcufinder/plugins/mcufinder/ => /home/osboxes/.stmcufinder/plugins/mcufinder
2023-11-07 14:51:55,098 [WARN] DbFile:41 - Overriding database path with different value: /home/osboxes/.stmcufinder/plugins/mcufinder/ => /home/osboxes/.stmcufinder/plugins/mcufinder
2023-11-07 14:51:55,098 [INFO] CrossReferenceDbSqlite:203 - Set database path to: /home/osboxes/.stmcufinder/plugins/mcufinder//mcu/cs/
2023-11-07 14:51:55,155 [INFO] ApplicationProperties:184 - Using Application install path: /opt/st/stm32cubeide_1.13.2/plugins/com.st.stm32cube.common.mx_6.9.2.202309101412
2023-11-07 14:51:55,162 [INFO] PluginManage:196 - Search for loadable plugins [exclusion list=, ]
2023-11-07 14:51:55,170 [INFO] PluginManage:310 - Check plugin analytics
2023-11-07 14:51:55,849 [INFO] AnalyticsPlugin:253 - Accepted Software Licenses: 
2023-11-07 14:51:55,850 [INFO] AnalyticsPlugin:255 - Accepted CMSIS Pack Licenses: STMicroelectronics.X-CUBE-NFC4.3.0.0
2023-11-07 14:51:55,850 [INFO] AnalyticsPlugin:257 - Accepted Firmware Licenses: FW.F4.1.27.0
2023-11-07 14:51:55,857 [INFO] PluginManage:359 - Loaded plugin analytics (category:tool,tabindex:-1)
2023-11-07 14:51:55,858 [INFO] PluginManage:310 - Check plugin cadmodel
2023-11-07 14:51:55,995 [INFO] CADModel:105 - Init CAD model plugin
2023-11-07 14:51:55,995 [INFO] PluginManage:359 - Loaded plugin cadmodel (category:power,tabindex:5)
2023-11-07 14:51:55,996 [INFO] PluginManage:310 - Check plugin clock
2023-11-07 14:51:56,109 [INFO] PluginManage:359 - Loaded plugin clock (category:base,tabindex:2)
2023-11-07 14:51:56,109 [INFO] PluginManage:310 - Check plugin ddr
2023-11-07 14:51:56,127 [INFO] PluginManage:359 - Loaded plugin ddr (category:tool,tabindex:6)
2023-11-07 14:51:56,127 [INFO] PluginManage:310 - Check plugin filemanager
2023-11-07 14:51:56,677 [INFO] PluginManage:359 - Loaded plugin filemanager (category:base,tabindex:10)
2023-11-07 14:51:56,677 [INFO] PluginManage:310 - Check plugin ipmanager
2023-11-07 14:51:56,696 [INFO] PluginManage:359 - Loaded plugin ipmanager (category:base,tabindex:5)
2023-11-07 14:51:56,696 [INFO] PluginManage:310 - Check plugin lpbam
2023-11-07 14:51:56,735 [INFO] PluginManage:359 - Loaded plugin lpbam (category:base,tabindex:0)
2023-11-07 14:51:56,736 [INFO] PluginManage:310 - Check plugin memorymap
2023-11-07 14:51:56,801 [INFO] PluginManage:359 - Loaded plugin memorymap (category:base,tabindex:4)
2023-11-07 14:51:56,801 [INFO] PluginManage:310 - Check plugin pinoutandconfiguration
2023-11-07 14:51:56,842 [INFO] PluginManage:359 - Loaded plugin pinoutandconfiguration (category:base,tabindex:1)
2023-11-07 14:51:56,844 [INFO] PluginManage:310 - Check plugin pinoutconfig
2023-11-07 14:51:57,277 [WARN] SupportedApi:132 - Cannot load RTOS API schema: s4s-elt-must-match.1: The content of 'definitions' must match (annotation?, (simpleType | complexType)?, (unique | key | keyref)*)). A problem was found starting at: attribute.
2023-11-07 14:51:57,769 [INFO] PluginManage:359 - Loaded plugin pinoutconfig (category:base,tabindex:0)
2023-11-07 14:51:57,770 [INFO] PluginManage:310 - Check plugin power
2023-11-07 14:51:57,800 [INFO] PluginManage:359 - Loaded plugin power (category:power,tabindex:4)
2023-11-07 14:51:57,801 [INFO] PluginManage:310 - Check plugin projectmanager
2023-11-07 14:51:57,850 [INFO] PluginManage:359 - Loaded plugin projectmanager (category:projectmanager,tabindex:3)
2023-11-07 14:51:57,854 [INFO] PluginManage:310 - Check plugin thirdparty
2023-11-07 14:51:58,290 [INFO] PluginManage:359 - Loaded plugin thirdparty (category:base,tabindex:-1)
2023-11-07 14:51:58,290 [INFO] PluginManage:310 - Check plugin tools
2023-11-07 14:51:58,293 [INFO] PluginManage:359 - Loaded plugin tools (category:base,tabindex:7)
2023-11-07 14:51:58,295 [INFO] PluginManage:310 - Check plugin tutovideos
2023-11-07 14:51:58,293 [WARN] IntegrityCheckThread:84 - waiting for thirdparty lock release [integrity check]
2023-11-07 14:51:58,295 [INFO] IntegrityCheckThread:86 - entering critical section [integrity check]
2023-11-07 14:51:58,296 [INFO] ThirdPartyUpdaterWithRetryManager:70 - Updater plugin not ready yet. [1/15]
2023-11-07 14:51:58,855 [INFO] PluginManage:359 - Loaded plugin tutovideos (category:base,tabindex:-1)
2023-11-07 14:51:58,855 [INFO] PluginManage:310 - Check plugin updater
2023-11-07 14:51:58,883 [INFO] PluginManage:359 - Loaded plugin updater (category:base,tabindex:12)
2023-11-07 14:51:58,883 [INFO] PluginManage:310 - Check plugin userauth
2023-11-07 14:51:58,896 [INFO] UserAuth:113 - Init User Auth plugin
2023-11-07 14:51:58,897 [INFO] PluginManage:359 - Loaded plugin userauth (category:base,tabindex:14)
2023-11-07 14:51:58,897 [INFO] PluginManage:283 - PluginManage : Loaded plugins [17]
2023-11-07 14:51:59,500 [INFO] PinOutPanel:1499 - setPackage(No Configuration,No Configuration)
2023-11-07 14:51:59,827 [INFO] CADModel:165 - CPN selected for project level
2023-11-07 14:51:59,828 [INFO] CADModel:114 - Register for checkConnection events
2023-11-07 14:51:59,863 [INFO] IPUIPlugin:80 - create IPUIPlugin
2023-11-07 14:51:59,863 [INFO] PluginManager:220 - loadIPPluginJar : add dma3
2023-11-07 14:51:59,872 [INFO] IPUIPlugin:80 - create IPUIPlugin
2023-11-07 14:51:59,873 [INFO] PluginManager:220 - loadIPPluginJar : add tracer_emb
2023-11-07 14:51:59,904 [INFO] IPUIPlugin:80 - create IPUIPlugin
2023-11-07 14:51:59,905 [INFO] PluginManager:220 - loadIPPluginJar : add gpio
2023-11-07 14:51:59,932 [INFO] IPUIPlugin:80 - create IPUIPlugin
2023-11-07 14:51:59,940 [INFO] PluginManager:220 - loadIPPluginJar : add ipddr
2023-11-07 14:51:59,956 [INFO] IPUIPlugin:80 - create IPUIPlugin
2023-11-07 14:51:59,956 [INFO] PluginManager:220 - loadIPPluginJar : add sai
2023-11-07 14:51:59,965 [INFO] IPUIPlugin:80 - create IPUIPlugin
2023-11-07 14:51:59,965 [INFO] PluginManager:220 - loadIPPluginJar : add i2s
2023-11-07 14:52:00,011 [INFO] IPUIPlugin:80 - create IPUIPlugin
2023-11-07 14:52:00,011 [INFO] PluginManager:220 - loadIPPluginJar : add dma
2023-11-07 14:52:00,054 [INFO] IPUIPlugin:80 - create IPUIPlugin
2023-11-07 14:52:00,055 [INFO] PluginManager:220 - loadIPPluginJar : add fmc
2023-11-07 14:52:00,061 [INFO] IPUIPlugin:80 - create IPUIPlugin
2023-11-07 14:52:00,062 [INFO] PluginManager:220 - loadIPPluginJar : add hash
2023-11-07 14:52:00,066 [INFO] IPUIPlugin:80 - create IPUIPlugin
2023-11-07 14:52:00,066 [INFO] PluginManager:220 - loadIPPluginJar : add spi
2023-11-07 14:52:00,098 [INFO] IPUIPlugin:80 - create IPUIPlugin
2023-11-07 14:52:00,098 [INFO] PluginManager:220 - loadIPPluginJar : add nvic
2023-11-07 14:52:00,134 [INFO] IPUIPlugin:80 - create IPUIPlugin
2023-11-07 14:52:00,137 [INFO] PluginManager:220 - loadIPPluginJar : add stm32_wpan
2023-11-07 14:52:00,161 [INFO] IPUIPlugin:80 - create IPUIPlugin
2023-11-07 14:52:00,173 [INFO] PluginManager:220 - loadIPPluginJar : add comp
2023-11-07 14:52:00,207 [INFO] IPUIPlugin:80 - create IPUIPlugin
2023-11-07 14:52:00,207 [INFO] PluginManager:220 - loadIPPluginJar : add gfxmmu
2023-11-07 14:52:00,217 [INFO] IPUIPlugin:80 - create IPUIPlugin
2023-11-07 14:52:00,218 [INFO] PluginManager:220 - loadIPPluginJar : add aes
2023-11-07 14:52:00,225 [INFO] IPUIPlugin:80 - create IPUIPlugin
2023-11-07 14:52:00,225 [INFO] PluginManager:220 - loadIPPluginJar : add fatfs
2023-11-07 14:52:00,232 [INFO] IPUIPlugin:80 - create IPUIPlugin
2023-11-07 14:52:00,233 [INFO] PluginManager:220 - loadIPPluginJar : add openamp
2023-11-07 14:52:00,245 [INFO] IPUIPlugin:80 - create IPUIPlugin
2023-11-07 14:52:00,246 [INFO] PluginManager:220 - loadIPPluginJar : add pdm2pcm
2023-11-07 14:52:00,248 [INFO] IPUIPlugin:80 - create IPUIPlugin
2023-11-07 14:52:00,249 [INFO] PluginManager:220 - loadIPPluginJar : add tim
2023-11-07 14:52:00,256 [INFO] IPUIPlugin:80 - create IPUIPlugin
2023-11-07 14:52:00,256 [INFO] PluginManager:220 - loadIPPluginJar : add resmgrutility
2023-11-07 14:52:00,262 [INFO] IPUIPlugin:80 - create IPUIPlugin
2023-11-07 14:52:00,264 [INFO] PluginManager:220 - loadIPPluginJar : add ltdc
2023-11-07 14:52:00,272 [INFO] IPUIPlugin:80 - create IPUIPlugin
2023-11-07 14:52:00,272 [INFO] PluginManager:220 - loadIPPluginJar : add ucpd
2023-11-07 14:52:00,276 [INFO] IPUIPlugin:80 - create IPUIPlugin
2023-11-07 14:52:00,278 [INFO] PluginManager:220 - loadIPPluginJar : add usbx
2023-11-07 14:52:00,289 [INFO] IPUIPlugin:80 - create IPUIPlugin
2023-11-07 14:52:00,290 [INFO] PluginManager:220 - loadIPPluginJar : add cryp
2023-11-07 14:52:00,301 [INFO] IPUIPlugin:80 - create IPUIPlugin
2023-11-07 14:52:00,307 [INFO] PluginManager:220 - loadIPPluginJar : add gic
2023-11-07 14:52:00,326 [INFO] IPUIPlugin:80 - create IPUIPlugin
2023-11-07 14:52:00,327 [INFO] PluginManager:220 - loadIPPluginJar : add adc
2023-11-07 14:52:00,332 [INFO] IPUIPlugin:80 - create IPUIPlugin
2023-11-07 14:52:00,333 [INFO] PluginManager:220 - loadIPPluginJar : add ts
2023-11-07 14:52:00,343 [INFO] IPUIPlugin:80 - create IPUIPlugin
2023-11-07 14:52:00,344 [INFO] PluginManager:220 - loadIPPluginJar : add touchsensing
2023-11-07 14:52:00,354 [INFO] IPUIPlugin:80 - create IPUIPlugin
2023-11-07 14:52:00,354 [INFO] PluginManager:220 - loadIPPluginJar : add dfsdm
2023-11-07 14:52:00,357 [INFO] IPUIPlugin:80 - create IPUIPlugin
2023-11-07 14:52:00,357 [INFO] PluginManager:220 - loadIPPluginJar : add usart
2023-11-07 14:52:00,364 [INFO] IPUIPlugin:80 - create IPUIPlugin
2023-11-07 14:52:00,364 [INFO] PluginManager:220 - loadIPPluginJar : add lorawan
2023-11-07 14:52:00,371 [INFO] IPUIPlugin:80 - create IPUIPlugin
2023-11-07 14:52:00,371 [INFO] PluginManager:220 - loadIPPluginJar : add tsc
2023-11-07 14:52:00,394 [INFO] IPUIPlugin:80 - create IPUIPlugin
2023-11-07 14:52:00,394 [INFO] PluginManager:220 - loadIPPluginJar : add linkedlist
2023-11-07 14:52:00,409 [INFO] IPUIPlugin:80 - create IPUIPlugin
2023-11-07 14:52:00,414 [INFO] PluginManager:220 - loadIPPluginJar : add plateformsettings
2023-11-07 14:52:00,423 [INFO] IPUIPlugin:80 - create IPUIPlugin
2023-11-07 14:52:00,424 [INFO] PluginManager:220 - loadIPPluginJar : add genericplugin
2023-11-07 14:52:00,437 [INFO] IPUIPlugin:80 - create IPUIPlugin
2023-11-07 14:52:00,439 [INFO] PluginManager:220 - loadIPPluginJar : add mdma
2023-11-07 14:52:00,450 [INFO] IPUIPlugin:80 - create IPUIPlugin
2023-11-07 14:52:00,450 [INFO] PluginManager:220 - loadIPPluginJar : add gtzc
2023-11-07 14:52:00,456 [INFO] IPUIPlugin:80 - create IPUIPlugin
2023-11-07 14:52:00,456 [INFO] PluginManager:220 - loadIPPluginJar : add can
2023-11-07 14:52:00,461 [INFO] IPUIPlugin:80 - create IPUIPlugin
2023-11-07 14:52:00,461 [INFO] PluginManager:220 - loadIPPluginJar : add i3c
2023-11-07 14:52:00,475 [INFO] IPUIPlugin:80 - create IPUIPlugin
2023-11-07 14:52:00,475 [INFO] PluginManager:220 - loadIPPluginJar : add freertos
2023-11-07 14:52:00,477 [INFO] IPUIPlugin:80 - create IPUIPlugin
2023-11-07 14:52:00,477 [INFO] PluginManager:220 - loadIPPluginJar : add quadspi
2023-11-07 14:52:00,482 [INFO] IPUIPlugin:80 - create IPUIPlugin
2023-11-07 14:52:00,482 [INFO] PluginManager:220 - loadIPPluginJar : add opamp
2023-11-07 14:52:00,488 [INFO] IPUIPlugin:80 - create IPUIPlugin
2023-11-07 14:52:00,489 [INFO] PluginManager:220 - loadIPPluginJar : add i2c
2023-11-07 14:52:00,693 [INFO] CADModel:165 - CPN selected for project level
2023-11-07 14:52:00,693 [INFO] CADModel:114 - Register for checkConnection events
2023-11-07 14:52:00,693 [FATAL] Updater:308 - Updater called before beeing initialized
2023-11-07 14:52:00,697 [ERROR] CADModel:125 - Updater not yet initialized, retry later 
2023-11-07 14:52:01,195 [INFO] CADModel:165 - CPN selected for project level
2023-11-07 14:52:01,195 [INFO] CADModel:114 - Register for checkConnection events
2023-11-07 14:52:01,195 [FATAL] Updater:308 - Updater called before beeing initialized
2023-11-07 14:52:01,196 [ERROR] CADModel:125 - Updater not yet initialized, retry later 
2023-11-07 14:52:01,210 [FATAL] Updater:308 - Updater called before beeing initialized
2023-11-07 14:52:01,297 [INFO] ThirdPartyUpdaterWithRetryManager:70 - Updater plugin not ready yet. [2/15]
2023-11-07 14:52:01,506 [FATAL] Updater:308 - Updater called before beeing initialized
2023-11-07 14:52:01,525 [INFO] DbMcusAds:53 - JSON generation date=Tue Mar 07 05:50:55 ART 2023 (1678179055114)
2023-11-07 14:52:01,525 [FATAL] Updater:308 - Updater called before beeing initialized
2023-11-07 14:52:01,706 [WARN] DetailPanel:346 - Failed to get advertising image, set to default
2023-11-07 14:52:02,453 [FATAL] Updater:308 - Updater called before beeing initialized
2023-11-07 14:52:02,488 [FATAL] Updater:308 - Updater called before beeing initialized
2023-11-07 14:52:02,488 [FATAL] Updater:308 - Updater called before beeing initialized
2023-11-07 14:52:02,488 [WARN] DetailPanel:346 - Failed to get advertising image, set to default
2023-11-07 14:52:02,504 [FATAL] Updater:308 - Updater called before beeing initialized
2023-11-07 14:52:02,752 [ERROR] Updater:1120 - MainUpdater not yet initialized. External WinMGr cannot be set.
2023-11-07 14:52:02,755 [INFO] Updater:1056 - Updater Version found : 6.9.2
2023-11-07 14:52:02,810 [INFO] ApplicationProperties:184 - Using Application install path: /opt/st/stm32cubeide_1.13.2/plugins/com.st.stm32cube.common.mx_6.9.2.202309101412
2023-11-07 14:52:03,216 [INFO] MainUpdater:2868 - connection check result : 10
2023-11-07 14:52:03,225 [INFO] MainUpdater:285 - Updater Check For Update Now.
2023-11-07 14:52:03,225 [INFO] MicroXplorer:498 - Change Database Version : DB.6.0.92
2023-11-07 14:52:03,239 [INFO] McuFinderGlobals:63 - Set McuFinder mode to 2 (CubeIDE integrated)
2023-11-07 14:52:03,674 [INFO] CheckServerUpdateThread:120 - End of CheckServer Thread
2023-11-07 14:52:05,724 [WARN] PackLoader:240 - Cannot read IP mode file for STMicroelectronics.X-CUBE-SMBUS.2.1.0
2023-11-07 14:52:06,234 [WARN] PackLoader:240 - Cannot read IP mode file for STMicroelectronics.X-CUBE-AZRTOS-F7.1.1.0
2023-11-07 14:52:06,350 [WARN] PackLoader:240 - Cannot read IP mode file for STMicroelectronics.FP-SNS-MOTENV1.4.3.2
2023-11-07 14:52:06,407 [WARN] PackLoader:240 - Cannot read IP mode file for STMicroelectronics.FP-SNS-FLIGHT1.5.0.2
2023-11-07 14:52:06,488 [WARN] PackLoader:240 - Cannot read IP mode file for STMicroelectronics.X-CUBE-DISPLAY.3.0.0
2023-11-07 14:52:06,907 [WARN] PackLoader:240 - Cannot read IP mode file for STMicroelectronics.X-CUBE-BLE1.7.0.0
2023-11-07 14:52:07,048 [WARN] PackLoader:240 - Cannot read IP mode file for emotas.I-CUBE-CANOPEN.1.3.0
2023-11-07 14:52:07,104 [WARN] PackLoader:240 - Cannot read IP mode file for STMicroelectronics.X-CUBE-TOUCHGFX.4.22.1
2023-11-07 14:52:07,149 [WARN] PackLoader:240 - Cannot read IP mode file for STMicroelectronics.FP-SNS-SMARTAG2.1.2.0
2023-11-07 14:52:07,384 [INFO] LogOutputStream:77 - [STDOUT_REDIRECT] 1 : Invalid condition id : UX_CORESTACK_Condition cause : null
2023-11-07 14:52:07,393 [INFO] LogOutputStream:77 - [STDOUT_REDIRECT] 1 : Invalid condition id : UX_CORESTACK_Condition cause : null
2023-11-07 14:52:07,397 [INFO] LogOutputStream:77 - [STDOUT_REDIRECT] 1 : Invalid condition id : UX_CORESTACK_Condition cause : null
2023-11-07 14:52:07,411 [INFO] LogOutputStream:77 - [STDOUT_REDIRECT] 1 : Invalid condition id : UX_CORESTACK_Condition cause : null
2023-11-07 14:52:07,422 [INFO] LogOutputStream:77 - [STDOUT_REDIRECT] 1 : Invalid condition id : UX_CORESTACK_Condition cause : null
2023-11-07 14:52:07,531 [WARN] PackLoader:240 - Cannot read IP mode file for STMicroelectronics.X-CUBE-AZRTOS-WL.2.0.0
2023-11-07 14:52:07,676 [WARN] PackLoader:240 - Cannot read IP mode file for WES.I-CUBE-Cesium.1.3.0
2023-11-07 14:52:07,776 [WARN] PackLoader:240 - Cannot read IP mode file for STMicroelectronics.X-CUBE-BLE2.3.3.0
2023-11-07 14:52:07,952 [WARN] PackLoader:240 - Cannot read IP mode file for STMicroelectronics.X-CUBE-ALGOBUILD.1.3.0
2023-11-07 14:52:08,372 [WARN] PackLoader:240 - Cannot read IP mode file for STMicroelectronics.X-CUBE-AZRTOS-G0.1.1.0
2023-11-07 14:52:08,506 [WARN] PackLoader:240 - Cannot read IP mode file for STMicroelectronics.X-CUBE-NFC4.3.0.0
2023-11-07 14:52:09,705 [WARN] PackLoader:240 - Cannot read IP mode file for STMicroelectronics.X-CUBE-BLEMGR.3.0.0
2023-11-07 14:52:09,821 [WARN] PackLoader:240 - Cannot read IP mode file for STMicroelectronics.FP-ATR-SIGFOX1.3.2.0
2023-11-07 14:52:10,312 [WARN] PackLoader:240 - Cannot read IP mode file for SEGGER.I-CUBE-embOS.1.3.1
2023-11-07 14:52:10,643 [WARN] PackLoader:240 - Cannot read IP mode file for STMicroelectronics.X-CUBE-GNSS1.6.0.0
2023-11-07 14:52:10,772 [WARN] PackLoader:240 - Cannot read IP mode file for STMicroelectronics.X-CUBE-AZRTOS-F4.1.1.0
2023-11-07 14:52:10,821 [WARN] PackLoader:240 - Cannot read IP mode file for wolfSSL.I-CUBE-wolfSSL.5.6.3
2023-11-07 14:52:11,046 [WARN] PackLoader:240 - Cannot read IP mode file for STMicroelectronics.X-CUBE-AZRTOS-L5.2.0.0
2023-11-07 14:52:11,540 [WARN] PackLoader:240 - Cannot read IP mode file for STMicroelectronics.X-CUBE-MEMS1.9.6.0
2023-11-07 14:52:12,667 [WARN] PackLoader:240 - Cannot read IP mode file for STMicroelectronics.X-CUBE-EEPRMA1.4.2.0
2023-11-07 14:52:12,684 [WARN] PackLoader:240 - Cannot read IP mode file for ITTIA_DB.I-CUBE-ITTIADB.8.8.0
2023-11-07 14:52:12,711 [WARN] PackLoader:240 - Cannot read IP mode file for STMicroelectronics.X-CUBE-BLEMGR.2.0.0
2023-11-07 14:52:12,806 [WARN] ConditionMgr:438 - getConditionDescription Invalid condition id : UX DEVICE CLASS RTOS Condition cause : null
2023-11-07 14:52:12,807 [WARN] ConditionMgr:438 - getConditionDescription Invalid condition id : UX DEVICE CLASS RTOS Condition cause : null
2023-11-07 14:52:12,821 [WARN] PackLoader:240 - Cannot read IP mode file for STMicroelectronics.X-CUBE-AZRTOS-H7.3.1.0
2023-11-07 14:52:12,831 [WARN] ConditionMgr:1039 - genDependencies : Invalid condition id : UX DEVICE CLASS RTOS Condition cause : null
2023-11-07 14:52:12,831 [WARN] ConditionMgr:1039 - genDependencies : Invalid condition id : UX DEVICE CLASS RTOS Condition cause : null
2023-11-07 14:52:12,832 [WARN] ConditionMgr:1039 - genDependencies : Invalid condition id : UX DEVICE CLASS RTOS Condition cause : null
2023-11-07 14:52:12,833 [WARN] ConditionMgr:1039 - genDependencies : Invalid condition id : UX DEVICE CLASS RTOS Condition cause : null
2023-11-07 14:52:12,833 [WARN] ConditionMgr:1039 - genDependencies : Invalid condition id : UX DEVICE CLASS RTOS Condition cause : null
2023-11-07 14:52:12,907 [WARN] PackLoader:240 - Cannot read IP mode file for STMicroelectronics.X-CUBE-NFC7.1.0.1
2023-11-07 14:52:12,965 [WARN] PackLoader:240 - Cannot read IP mode file for STMicroelectronics.X-CUBE-NFC6.3.0.0
2023-11-07 14:52:13,025 [WARN] PackLoader:240 - Cannot read IP mode file for STMicroelectronics.X-CUBE-EEPRMA1.4.1.0
2023-11-07 14:52:13,051 [WARN] PackLoader:240 - Cannot read IP mode file for STMicroelectronics.X-CUBE-AI.8.1.0
2023-11-07 14:52:13,200 [WARN] ConditionMgr:438 - getConditionDescription Invalid condition id : LAN8742 Phy interface Condition cause : null
2023-11-07 14:52:13,222 [WARN] PackLoader:240 - Cannot read IP mode file for STMicroelectronics.X-CUBE-AZRTOS-L4.2.0.0
2023-11-07 14:52:13,250 [WARN] ConditionMgr:1039 - genDependencies : Invalid condition id : LAN8742 Phy interface Condition cause : null
2023-11-07 14:52:13,251 [WARN] ConditionMgr:1039 - genDependencies : Invalid condition id : LAN8742 Phy interface Condition cause : null
2023-11-07 14:52:13,251 [WARN] ConditionMgr:1039 - genDependencies : Invalid condition id : LAN8742 Phy interface Condition cause : null
2023-11-07 14:52:13,292 [WARN] PackLoader:240 - Cannot read IP mode file for STMicroelectronics.X-CUBE-SFXS2LP1.4.0.0
2023-11-07 14:52:13,319 [WARN] PackLoader:240 - Cannot read IP mode file for STMicroelectronics.X-CUBE-ISPU.1.1.0
2023-11-07 14:52:13,390 [WARN] ConditionMgr:438 - getConditionDescription Invalid condition id : UX DEVICE CLASS RTOS Condition cause : null
2023-11-07 14:52:13,390 [WARN] ConditionMgr:438 - getConditionDescription Invalid condition id : UX DEVICE CLASS RTOS Condition cause : null
2023-11-07 14:52:13,406 [WARN] PackLoader:240 - Cannot read IP mode file for STMicroelectronics.X-CUBE-AZRTOS-WB.2.0.0
2023-11-07 14:52:13,408 [WARN] ConditionMgr:1039 - genDependencies : Invalid condition id : UX DEVICE CLASS RTOS Condition cause : null
2023-11-07 14:52:13,426 [WARN] ConditionMgr:1039 - genDependencies : Invalid condition id : UX DEVICE CLASS RTOS Condition cause : null
2023-11-07 14:52:13,427 [WARN] ConditionMgr:1039 - genDependencies : Invalid condition id : UX DEVICE CLASS RTOS Condition cause : null
2023-11-07 14:52:13,427 [WARN] ConditionMgr:1039 - genDependencies : Invalid condition id : UX DEVICE CLASS RTOS Condition cause : null
2023-11-07 14:52:13,427 [WARN] ConditionMgr:1039 - genDependencies : Invalid condition id : UX DEVICE CLASS RTOS Condition cause : null
2023-11-07 14:52:13,546 [WARN] PackLoader:240 - Cannot read IP mode file for STMicroelectronics.X-CUBE-SUBG2.5.0.0
2023-11-07 14:52:13,614 [WARN] PackLoader:240 - Cannot read IP mode file for STMicroelectronics.X-CUBE-TOF1.3.3.1
2023-11-07 14:52:13,744 [WARN] PackLoader:240 - Cannot read IP mode file for STMicroelectronics.X-CUBE-AZRTOS-G4.2.0.0
2023-11-07 14:52:13,868 [WARN] PackLoader:240 - Cannot read IP mode file for Infineon.AIROC-Wi-Fi-Bluetooth-STM32.1.5.1
2023-11-07 14:52:14,039 [WARN] PackLoader:240 - Cannot read IP mode file for STMicroelectronics.X-CUBE-MEMS1.10.0.0
2023-11-07 14:52:14,328 [WARN] PackLoader:240 - Cannot read IP mode file for STMicroelectronics.X-CUBE-FREERTOS.1.1.0
2023-11-07 14:52:14,345 [WARN] PackLoader:240 - Cannot read IP mode file for portGmbH.I-Cube-SoM-uGOAL.1.1.0
2023-11-07 14:52:14,379 [WARN] PackLoader:240 - Cannot read IP mode file for STMicroelectronics.X-CUBE-ALS.1.0.1
2023-11-07 14:52:14,390 [WARN] PackLoader:240 - Cannot read IP mode file for STMicroelectronics.FP-ATR-ASTRA1.2.0.0
2023-11-07 14:52:14,391 [INFO] ThirdParty:978 - Integrity check success = true
2023-11-07 14:52:14,393 [INFO] IntegrityCheckThread:100 - exiting critical section [integrity check]
2023-11-07 14:52:14,402 [INFO] IntegrityCheckThread:103 - End integrity checks thread
2023-11-07 14:52:25,299 [ERROR] LogOutputStream:75 - [STDERR_REDIRECT] SLF4J: Failed to load class "org.slf4j.impl.StaticLoggerBinder".
2023-11-07 14:52:25,302 [ERROR] LogOutputStream:75 - [STDERR_REDIRECT] SLF4J: Defaulting to no-operation (NOP) logger implementation
2023-11-07 14:52:25,303 [ERROR] LogOutputStream:75 - [STDERR_REDIRECT] SLF4J: See http://www.slf4j.org/codes.html#StaticLoggerBinder for further details.
