2023-11-25 13:46:17,304 [INFO] Activator:176 - 


2023-11-25 13:46:17,333 [INFO] Activator:177 - !SESSION log4j initialized
2023-11-25 13:46:29,876 [ERROR] LogOutputStream:75 - [STDERR_REDIRECT] Managed Build system manifest file error: Option com.atollic.truestudio.general.runtimelib.515011658 uses a null category that is invalid in its context. The option was ignored.
2023-11-25 13:46:29,879 [ERROR] LogOutputStream:75 - [STDERR_REDIRECT] Managed Build system manifest file error: Option com.atollic.truestudio.toolchain_options.mcu.1215812750 uses a null category that is invalid in its context. The option was ignored.
2023-11-25 13:46:29,882 [ERROR] LogOutputStream:75 - [STDERR_REDIRECT] Managed Build system manifest file error: Option com.atollic.truestudio.toolchain_options.vendor.1616666001 uses a null category that is invalid in its context. The option was ignored.
2023-11-25 13:46:30,022 [ERROR] LogOutputStream:75 - [STDERR_REDIRECT] Managed Build system manifest file error: Option com.atollic.truestudio.general.runtimelib.1515049018 uses a null category that is invalid in its context. The option was ignored.
2023-11-25 13:46:30,024 [ERROR] LogOutputStream:75 - [STDERR_REDIRECT] Managed Build system manifest file error: Option com.atollic.truestudio.toolchain_options.mcu.1352430483 uses a null category that is invalid in its context. The option was ignored.
2023-11-25 13:46:30,030 [ERROR] LogOutputStream:75 - [STDERR_REDIRECT] Managed Build system manifest file error: Option com.atollic.truestudio.toolchain_options.vendor.1233035770 uses a null category that is invalid in its context. The option was ignored.
2023-11-25 13:46:41,051 [INFO] LogOutputStream:77 - [STDOUT_REDIRECT] 
2023-11-25 13:46:50,532 [INFO] ApplicationProperties:184 - Using Application install path: /opt/st/stm32cubeide_1.13.2/plugins/com.st.stm32cube.common.mx_6.9.2.202309101412
2023-11-25 13:46:50,747 [INFO] DbMcusXml:78 - Set database path to: /opt/st/stm32cubeide_1.13.2/plugins/com.st.stm32cube.common.mx_6.9.2.202309101412//db//mcu/
2023-11-25 13:46:50,748 [INFO] ApiDb:274 - Set plugin database path to: /opt/st/stm32cubeide_1.13.2/plugins/com.st.stm32cube.common.mx_6.9.2.202309101412//db//plugins/boardmanager/
2023-11-25 13:46:50,759 [WARN] ApiDb:259 - Overriding images path with different value:  => /opt/st/stm32cubeide_1.13.2/plugins/com.st.stm32cube.common.mx_6.9.2.202309101412//db//plugins/mcufinder/images/
2023-11-25 13:46:50,862 [INFO] ApiDb:250 - Set database path to: /home/osboxes/.stmcufinder/plugins/mcufinder//mcu/
2023-11-25 13:46:50,865 [INFO] DbMcusAds:125 - Set database path to: /home/osboxes/.stmcufinder/plugins/mcufinder//mcu/
2023-11-25 13:46:50,884 [INFO] CrossReferenceDbSqlite:203 - Set database path to: /home/osboxes/.stmcufinder/plugins/mcufinder//mcu/cs/
2023-11-25 13:46:52,333 [INFO] RulesReader:64 - Compatibility file has been processed (293 Rules)
2023-11-25 13:46:53,073 [INFO] DbMcusXml:78 - Set database path to: /opt/st/stm32cubeide_1.13.2/plugins/com.st.stm32cube.common.mx_6.9.2.202309101412//db//mcu/
2023-11-25 13:46:53,074 [INFO] ApiDb:274 - Set plugin database path to: /opt/st/stm32cubeide_1.13.2/plugins/com.st.stm32cube.common.mx_6.9.2.202309101412//db//plugins/boardmanager/
2023-11-25 13:46:53,074 [INFO] ApiDb:261 - Set plugin images path to: /opt/st/stm32cubeide_1.13.2/plugins/com.st.stm32cube.common.mx_6.9.2.202309101412//db//plugins/mcufinder/images/
2023-11-25 13:46:53,078 [WARN] DbFile:41 - Overriding database path with different value: /home/osboxes/.stmcufinder/plugins/mcufinder/ => /home/osboxes/.stmcufinder/plugins/mcufinder
2023-11-25 13:46:53,078 [INFO] ApiDb:250 - Set database path to: /home/osboxes/.stmcufinder/plugins/mcufinder//mcu/
2023-11-25 13:46:53,078 [WARN] DbFile:41 - Overriding database path with different value: /home/osboxes/.stmcufinder/plugins/mcufinder/ => /home/osboxes/.stmcufinder/plugins/mcufinder
2023-11-25 13:46:53,078 [INFO] DbMcusAds:125 - Set database path to: /home/osboxes/.stmcufinder/plugins/mcufinder//mcu/
2023-11-25 13:46:53,079 [WARN] DbFile:41 - Overriding database path with different value: /home/osboxes/.stmcufinder/plugins/mcufinder/ => /home/osboxes/.stmcufinder/plugins/mcufinder
2023-11-25 13:46:53,079 [WARN] DbFile:41 - Overriding database path with different value: /home/osboxes/.stmcufinder/plugins/mcufinder/ => /home/osboxes/.stmcufinder/plugins/mcufinder
2023-11-25 13:46:53,079 [INFO] CrossReferenceDbSqlite:203 - Set database path to: /home/osboxes/.stmcufinder/plugins/mcufinder//mcu/cs/
2023-11-25 13:46:54,867 [INFO] MainPanel:262 - HeapMemory: 268435456
2023-11-25 13:46:56,605 [INFO] DbMcusXml:78 - Set database path to: /opt/st/stm32cubeide_1.13.2/plugins/com.st.stm32cube.common.mx_6.9.2.202309101412//db//mcu/
2023-11-25 13:46:56,605 [INFO] ApiDb:274 - Set plugin database path to: /opt/st/stm32cubeide_1.13.2/plugins/com.st.stm32cube.common.mx_6.9.2.202309101412//db//plugins/boardmanager/
2023-11-25 13:46:56,606 [INFO] ApiDb:261 - Set plugin images path to: /opt/st/stm32cubeide_1.13.2/plugins/com.st.stm32cube.common.mx_6.9.2.202309101412//db//plugins/mcufinder/images/
2023-11-25 13:46:56,616 [WARN] DbFile:41 - Overriding database path with different value: /home/osboxes/.stmcufinder/plugins/mcufinder/ => /home/osboxes/.stmcufinder/plugins/mcufinder
2023-11-25 13:46:56,616 [INFO] ApiDb:250 - Set database path to: /home/osboxes/.stmcufinder/plugins/mcufinder//mcu/
2023-11-25 13:46:56,622 [WARN] DbFile:41 - Overriding database path with different value: /home/osboxes/.stmcufinder/plugins/mcufinder/ => /home/osboxes/.stmcufinder/plugins/mcufinder
2023-11-25 13:46:56,622 [INFO] DbMcusAds:125 - Set database path to: /home/osboxes/.stmcufinder/plugins/mcufinder//mcu/
2023-11-25 13:46:56,623 [WARN] DbFile:41 - Overriding database path with different value: /home/osboxes/.stmcufinder/plugins/mcufinder/ => /home/osboxes/.stmcufinder/plugins/mcufinder
2023-11-25 13:46:56,623 [WARN] DbFile:41 - Overriding database path with different value: /home/osboxes/.stmcufinder/plugins/mcufinder/ => /home/osboxes/.stmcufinder/plugins/mcufinder
2023-11-25 13:46:57,408 [INFO] CrossReferenceDbSqlite:203 - Set database path to: /home/osboxes/.stmcufinder/plugins/mcufinder//mcu/cs/
2023-11-25 13:46:57,621 [INFO] ApplicationProperties:184 - Using Application install path: /opt/st/stm32cubeide_1.13.2/plugins/com.st.stm32cube.common.mx_6.9.2.202309101412
2023-11-25 13:46:57,659 [INFO] PluginManage:196 - Search for loadable plugins [exclusion list=, ]
2023-11-25 13:46:57,686 [INFO] PluginManage:310 - Check plugin analytics
2023-11-25 13:47:00,475 [INFO] AnalyticsPlugin:253 - Accepted Software Licenses: 
2023-11-25 13:47:00,476 [INFO] AnalyticsPlugin:255 - Accepted CMSIS Pack Licenses: STMicroelectronics.X-CUBE-NFC4.3.0.0
2023-11-25 13:47:00,477 [INFO] AnalyticsPlugin:257 - Accepted Firmware Licenses: FW.F4.1.27.0
2023-11-25 13:47:00,554 [INFO] PluginManage:359 - Loaded plugin analytics (category:tool,tabindex:-1)
2023-11-25 13:47:00,555 [INFO] PluginManage:310 - Check plugin cadmodel
2023-11-25 13:47:00,901 [INFO] CADModel:105 - Init CAD model plugin
2023-11-25 13:47:00,914 [INFO] PluginManage:359 - Loaded plugin cadmodel (category:power,tabindex:5)
2023-11-25 13:47:00,915 [INFO] PluginManage:310 - Check plugin clock
2023-11-25 13:47:01,086 [INFO] PluginManage:359 - Loaded plugin clock (category:base,tabindex:2)
2023-11-25 13:47:01,086 [INFO] PluginManage:310 - Check plugin ddr
2023-11-25 13:47:01,122 [INFO] PluginManage:359 - Loaded plugin ddr (category:tool,tabindex:6)
2023-11-25 13:47:01,123 [INFO] PluginManage:310 - Check plugin filemanager
2023-11-25 13:47:02,584 [INFO] PluginManage:359 - Loaded plugin filemanager (category:base,tabindex:10)
2023-11-25 13:47:02,591 [INFO] PluginManage:310 - Check plugin ipmanager
2023-11-25 13:47:02,665 [INFO] PluginManage:359 - Loaded plugin ipmanager (category:base,tabindex:5)
2023-11-25 13:47:02,667 [INFO] PluginManage:310 - Check plugin lpbam
2023-11-25 13:47:02,795 [INFO] PluginManage:359 - Loaded plugin lpbam (category:base,tabindex:0)
2023-11-25 13:47:02,796 [INFO] PluginManage:310 - Check plugin memorymap
2023-11-25 13:47:02,959 [INFO] PluginManage:359 - Loaded plugin memorymap (category:base,tabindex:4)
2023-11-25 13:47:02,970 [INFO] PluginManage:310 - Check plugin pinoutandconfiguration
2023-11-25 13:47:03,068 [INFO] PluginManage:359 - Loaded plugin pinoutandconfiguration (category:base,tabindex:1)
2023-11-25 13:47:03,069 [INFO] PluginManage:310 - Check plugin pinoutconfig
2023-11-25 13:47:04,249 [WARN] SupportedApi:132 - Cannot load RTOS API schema: s4s-elt-must-match.1: The content of 'definitions' must match (annotation?, (simpleType | complexType)?, (unique | key | keyref)*)). A problem was found starting at: attribute.
2023-11-25 13:47:06,052 [INFO] PluginManage:359 - Loaded plugin pinoutconfig (category:base,tabindex:0)
2023-11-25 13:47:06,052 [INFO] PluginManage:310 - Check plugin power
2023-11-25 13:47:06,191 [INFO] PluginManage:359 - Loaded plugin power (category:power,tabindex:4)
2023-11-25 13:47:06,196 [INFO] PluginManage:310 - Check plugin projectmanager
2023-11-25 13:47:06,341 [INFO] PluginManage:359 - Loaded plugin projectmanager (category:projectmanager,tabindex:3)
2023-11-25 13:47:06,356 [INFO] PluginManage:310 - Check plugin thirdparty
2023-11-25 13:47:07,918 [INFO] PluginManage:359 - Loaded plugin thirdparty (category:base,tabindex:-1)
2023-11-25 13:47:07,922 [INFO] PluginManage:310 - Check plugin tools
2023-11-25 13:47:07,920 [WARN] IntegrityCheckThread:84 - waiting for thirdparty lock release [integrity check]
2023-11-25 13:47:07,939 [INFO] IntegrityCheckThread:86 - entering critical section [integrity check]
2023-11-25 13:47:07,953 [INFO] PluginManage:359 - Loaded plugin tools (category:base,tabindex:7)
2023-11-25 13:47:07,953 [INFO] PluginManage:310 - Check plugin tutovideos
2023-11-25 13:47:07,950 [INFO] ThirdPartyUpdaterWithRetryManager:70 - Updater plugin not ready yet. [1/15]
2023-11-25 13:47:10,121 [INFO] PluginManage:359 - Loaded plugin tutovideos (category:base,tabindex:-1)
2023-11-25 13:47:10,122 [INFO] PluginManage:310 - Check plugin updater
2023-11-25 13:47:10,215 [INFO] PluginManage:359 - Loaded plugin updater (category:base,tabindex:12)
2023-11-25 13:47:10,218 [INFO] PluginManage:310 - Check plugin userauth
2023-11-25 13:47:10,279 [INFO] UserAuth:113 - Init User Auth plugin
2023-11-25 13:47:10,280 [INFO] PluginManage:359 - Loaded plugin userauth (category:base,tabindex:14)
2023-11-25 13:47:10,291 [INFO] PluginManage:283 - PluginManage : Loaded plugins [17]
2023-11-25 13:47:10,966 [INFO] ThirdPartyUpdaterWithRetryManager:70 - Updater plugin not ready yet. [2/15]
2023-11-25 13:47:12,504 [INFO] PinOutPanel:1499 - setPackage(No Configuration,No Configuration)
2023-11-25 13:47:13,492 [INFO] CADModel:165 - CPN selected for project level
2023-11-25 13:47:13,493 [INFO] CADModel:114 - Register for checkConnection events
2023-11-25 13:47:13,579 [INFO] IPUIPlugin:80 - create IPUIPlugin
2023-11-25 13:47:13,580 [INFO] PluginManager:220 - loadIPPluginJar : add dma3
2023-11-25 13:47:13,597 [INFO] IPUIPlugin:80 - create IPUIPlugin
2023-11-25 13:47:13,602 [INFO] PluginManager:220 - loadIPPluginJar : add tracer_emb
2023-11-25 13:47:13,653 [INFO] IPUIPlugin:80 - create IPUIPlugin
2023-11-25 13:47:13,653 [INFO] PluginManager:220 - loadIPPluginJar : add gpio
2023-11-25 13:47:13,706 [INFO] IPUIPlugin:80 - create IPUIPlugin
2023-11-25 13:47:13,708 [INFO] PluginManager:220 - loadIPPluginJar : add ipddr
2023-11-25 13:47:13,742 [INFO] IPUIPlugin:80 - create IPUIPlugin
2023-11-25 13:47:13,742 [INFO] PluginManager:220 - loadIPPluginJar : add sai
2023-11-25 13:47:13,762 [INFO] IPUIPlugin:80 - create IPUIPlugin
2023-11-25 13:47:13,762 [INFO] PluginManager:220 - loadIPPluginJar : add i2s
2023-11-25 13:47:13,837 [INFO] IPUIPlugin:80 - create IPUIPlugin
2023-11-25 13:47:13,840 [INFO] PluginManager:220 - loadIPPluginJar : add dma
2023-11-25 13:47:13,898 [INFO] IPUIPlugin:80 - create IPUIPlugin
2023-11-25 13:47:13,899 [INFO] PluginManager:220 - loadIPPluginJar : add fmc
2023-11-25 13:47:13,922 [INFO] IPUIPlugin:80 - create IPUIPlugin
2023-11-25 13:47:13,923 [INFO] PluginManager:220 - loadIPPluginJar : add hash
2023-11-25 13:47:13,942 [INFO] IPUIPlugin:80 - create IPUIPlugin
2023-11-25 13:47:13,942 [INFO] PluginManager:220 - loadIPPluginJar : add spi
2023-11-25 13:47:13,967 [INFO] ThirdPartyUpdaterWithRetryManager:70 - Updater plugin not ready yet. [3/15]
2023-11-25 13:47:13,979 [INFO] IPUIPlugin:80 - create IPUIPlugin
2023-11-25 13:47:13,981 [INFO] PluginManager:220 - loadIPPluginJar : add nvic
2023-11-25 13:47:14,025 [INFO] IPUIPlugin:80 - create IPUIPlugin
2023-11-25 13:47:14,025 [INFO] PluginManager:220 - loadIPPluginJar : add stm32_wpan
2023-11-25 13:47:14,040 [INFO] IPUIPlugin:80 - create IPUIPlugin
2023-11-25 13:47:14,042 [INFO] PluginManager:220 - loadIPPluginJar : add comp
2023-11-25 13:47:14,065 [INFO] IPUIPlugin:80 - create IPUIPlugin
2023-11-25 13:47:14,065 [INFO] PluginManager:220 - loadIPPluginJar : add gfxmmu
2023-11-25 13:47:14,082 [INFO] IPUIPlugin:80 - create IPUIPlugin
2023-11-25 13:47:14,082 [INFO] PluginManager:220 - loadIPPluginJar : add aes
2023-11-25 13:47:14,094 [INFO] IPUIPlugin:80 - create IPUIPlugin
2023-11-25 13:47:14,094 [INFO] PluginManager:220 - loadIPPluginJar : add fatfs
2023-11-25 13:47:14,126 [INFO] IPUIPlugin:80 - create IPUIPlugin
2023-11-25 13:47:14,135 [INFO] PluginManager:220 - loadIPPluginJar : add openamp
2023-11-25 13:47:14,149 [INFO] IPUIPlugin:80 - create IPUIPlugin
2023-11-25 13:47:14,149 [INFO] PluginManager:220 - loadIPPluginJar : add pdm2pcm
2023-11-25 13:47:14,176 [INFO] IPUIPlugin:80 - create IPUIPlugin
2023-11-25 13:47:14,177 [INFO] PluginManager:220 - loadIPPluginJar : add tim
2023-11-25 13:47:14,197 [INFO] IPUIPlugin:80 - create IPUIPlugin
2023-11-25 13:47:14,197 [INFO] PluginManager:220 - loadIPPluginJar : add resmgrutility
2023-11-25 13:47:14,208 [INFO] IPUIPlugin:80 - create IPUIPlugin
2023-11-25 13:47:14,209 [INFO] PluginManager:220 - loadIPPluginJar : add ltdc
2023-11-25 13:47:14,214 [INFO] IPUIPlugin:80 - create IPUIPlugin
2023-11-25 13:47:14,217 [INFO] PluginManager:220 - loadIPPluginJar : add ucpd
2023-11-25 13:47:14,229 [INFO] IPUIPlugin:80 - create IPUIPlugin
2023-11-25 13:47:14,230 [INFO] PluginManager:220 - loadIPPluginJar : add usbx
2023-11-25 13:47:14,251 [INFO] IPUIPlugin:80 - create IPUIPlugin
2023-11-25 13:47:14,258 [INFO] PluginManager:220 - loadIPPluginJar : add cryp
2023-11-25 13:47:14,301 [INFO] IPUIPlugin:80 - create IPUIPlugin
2023-11-25 13:47:14,301 [INFO] PluginManager:220 - loadIPPluginJar : add gic
2023-11-25 13:47:14,339 [INFO] IPUIPlugin:80 - create IPUIPlugin
2023-11-25 13:47:14,343 [INFO] PluginManager:220 - loadIPPluginJar : add adc
2023-11-25 13:47:14,349 [INFO] IPUIPlugin:80 - create IPUIPlugin
2023-11-25 13:47:14,349 [INFO] PluginManager:220 - loadIPPluginJar : add ts
2023-11-25 13:47:14,375 [INFO] IPUIPlugin:80 - create IPUIPlugin
2023-11-25 13:47:14,376 [INFO] PluginManager:220 - loadIPPluginJar : add touchsensing
2023-11-25 13:47:14,394 [INFO] IPUIPlugin:80 - create IPUIPlugin
2023-11-25 13:47:14,394 [INFO] PluginManager:220 - loadIPPluginJar : add dfsdm
2023-11-25 13:47:14,412 [INFO] IPUIPlugin:80 - create IPUIPlugin
2023-11-25 13:47:14,413 [INFO] PluginManager:220 - loadIPPluginJar : add usart
2023-11-25 13:47:14,441 [INFO] IPUIPlugin:80 - create IPUIPlugin
2023-11-25 13:47:14,442 [INFO] PluginManager:220 - loadIPPluginJar : add lorawan
2023-11-25 13:47:14,463 [INFO] IPUIPlugin:80 - create IPUIPlugin
2023-11-25 13:47:14,463 [INFO] PluginManager:220 - loadIPPluginJar : add tsc
2023-11-25 13:47:14,530 [INFO] IPUIPlugin:80 - create IPUIPlugin
2023-11-25 13:47:14,530 [INFO] PluginManager:220 - loadIPPluginJar : add linkedlist
2023-11-25 13:47:14,581 [INFO] IPUIPlugin:80 - create IPUIPlugin
2023-11-25 13:47:14,600 [INFO] PluginManager:220 - loadIPPluginJar : add plateformsettings
2023-11-25 13:47:14,607 [INFO] IPUIPlugin:80 - create IPUIPlugin
2023-11-25 13:47:14,608 [INFO] PluginManager:220 - loadIPPluginJar : add genericplugin
2023-11-25 13:47:14,677 [INFO] IPUIPlugin:80 - create IPUIPlugin
2023-11-25 13:47:14,678 [INFO] PluginManager:220 - loadIPPluginJar : add mdma
2023-11-25 13:47:14,700 [INFO] IPUIPlugin:80 - create IPUIPlugin
2023-11-25 13:47:14,709 [INFO] PluginManager:220 - loadIPPluginJar : add gtzc
2023-11-25 13:47:14,728 [INFO] IPUIPlugin:80 - create IPUIPlugin
2023-11-25 13:47:14,734 [INFO] PluginManager:220 - loadIPPluginJar : add can
2023-11-25 13:47:14,758 [INFO] IPUIPlugin:80 - create IPUIPlugin
2023-11-25 13:47:14,758 [INFO] PluginManager:220 - loadIPPluginJar : add i3c
2023-11-25 13:47:14,822 [INFO] IPUIPlugin:80 - create IPUIPlugin
2023-11-25 13:47:14,823 [INFO] PluginManager:220 - loadIPPluginJar : add freertos
2023-11-25 13:47:14,832 [INFO] IPUIPlugin:80 - create IPUIPlugin
2023-11-25 13:47:14,832 [INFO] PluginManager:220 - loadIPPluginJar : add quadspi
2023-11-25 13:47:14,858 [INFO] IPUIPlugin:80 - create IPUIPlugin
2023-11-25 13:47:14,858 [INFO] PluginManager:220 - loadIPPluginJar : add opamp
2023-11-25 13:47:14,875 [INFO] IPUIPlugin:80 - create IPUIPlugin
2023-11-25 13:47:14,876 [INFO] PluginManager:220 - loadIPPluginJar : add i2c
2023-11-25 13:47:15,248 [INFO] CADModel:165 - CPN selected for project level
2023-11-25 13:47:15,248 [INFO] CADModel:114 - Register for checkConnection events
2023-11-25 13:47:15,249 [FATAL] Updater:308 - Updater called before beeing initialized
2023-11-25 13:47:15,249 [ERROR] CADModel:125 - Updater not yet initialized, retry later 
2023-11-25 13:47:16,579 [INFO] CADModel:165 - CPN selected for project level
2023-11-25 13:47:16,579 [INFO] CADModel:114 - Register for checkConnection events
2023-11-25 13:47:16,580 [FATAL] Updater:308 - Updater called before beeing initialized
2023-11-25 13:47:16,580 [ERROR] CADModel:125 - Updater not yet initialized, retry later 
2023-11-25 13:47:16,601 [FATAL] Updater:308 - Updater called before beeing initialized
2023-11-25 13:47:16,968 [INFO] ThirdPartyUpdaterWithRetryManager:70 - Updater plugin not ready yet. [4/15]
2023-11-25 13:47:17,614 [FATAL] Updater:308 - Updater called before beeing initialized
2023-11-25 13:47:17,706 [INFO] DbMcusAds:53 - JSON generation date=Tue Mar 07 05:50:55 ART 2023 (1678179055114)
2023-11-25 13:47:17,707 [FATAL] Updater:308 - Updater called before beeing initialized
2023-11-25 13:47:18,209 [WARN] DetailPanel:346 - Failed to get advertising image, set to default
2023-11-25 13:47:19,446 [FATAL] Updater:308 - Updater called before beeing initialized
2023-11-25 13:47:19,467 [FATAL] Updater:308 - Updater called before beeing initialized
2023-11-25 13:47:19,467 [FATAL] Updater:308 - Updater called before beeing initialized
2023-11-25 13:47:19,468 [WARN] DetailPanel:346 - Failed to get advertising image, set to default
2023-11-25 13:47:19,483 [FATAL] Updater:308 - Updater called before beeing initialized
2023-11-25 13:47:19,839 [ERROR] Updater:1120 - MainUpdater not yet initialized. External WinMGr cannot be set.
2023-11-25 13:47:19,852 [INFO] Updater:1056 - Updater Version found : 6.9.2
2023-11-25 13:47:19,972 [FATAL] Updater:308 - Updater called before beeing initialized
2023-11-25 13:47:19,973 [ERROR] IntegrityCheckThread:130 - Cannot retrieve database content from updater: error 21
2023-11-25 13:47:19,973 [INFO] ThirdParty:978 - Integrity check success = false
2023-11-25 13:47:19,973 [INFO] IntegrityCheckThread:100 - exiting critical section [integrity check]
2023-11-25 13:47:19,973 [INFO] IntegrityCheckThread:103 - End integrity checks thread
2023-11-25 13:47:20,055 [INFO] ApplicationProperties:184 - Using Application install path: /opt/st/stm32cubeide_1.13.2/plugins/com.st.stm32cube.common.mx_6.9.2.202309101412
2023-11-25 13:47:23,128 [INFO] MainUpdater:2868 - connection check result : 10
2023-11-25 13:47:23,129 [INFO] MainUpdater:3562 - Updater definition file requires update
2023-11-25 13:47:23,139 [INFO] MainUpdater:285 - Updater Check For Update Now.
2023-11-25 13:47:23,140 [INFO] MicroXplorer:498 - Change Database Version : DB.6.0.92
2023-11-25 13:47:23,191 [INFO] McuFinderGlobals:63 - Set McuFinder mode to 2 (CubeIDE integrated)
2023-11-25 13:47:27,609 [INFO] ServerAccessManage:473 - Download File updaters.zip
2023-11-25 13:47:28,185 [INFO] FileExtend:240 - Unzip File : updaters.zip
2023-11-25 13:47:28,185 [INFO] FileExtend:255 - Standard Zip Deflate
2023-11-25 13:47:30,906 [INFO] ServerAccessManage:473 - Download File PacksControlFlags.xml
2023-11-25 13:47:32,570 [INFO] ServerAccessManage:473 - Download File cubemx.pidx
2023-11-25 13:47:41,769 [INFO] ServerAccessManage:473 - Download File STMicroelectronics.X-CUBE-TOF1.pdsc
2023-11-25 13:47:47,619 [ERROR] LogOutputStream:75 - [STDERR_REDIRECT] SLF4J: Failed to load class "org.slf4j.impl.StaticLoggerBinder".
2023-11-25 13:47:47,620 [ERROR] LogOutputStream:75 - [STDERR_REDIRECT] SLF4J: Defaulting to no-operation (NOP) logger implementation
2023-11-25 13:47:47,621 [ERROR] LogOutputStream:75 - [STDERR_REDIRECT] SLF4J: See http://www.slf4j.org/codes.html#StaticLoggerBinder for further details.
2023-11-25 13:47:51,782 [ERROR] ServerAccessManage:1089 - Problem, file not found on Server
2023-11-25 13:47:56,970 [ERROR] ServerAccessManage:1096 - Problem, Http access forbiden
2023-11-25 13:47:56,973 [ERROR] ServerAccessManage:651 - Problem, Http access forbiden : RoweBots.I-CUBE-UNISONRTOS.pdsc.
2023-11-25 13:47:59,349 [WARN] PackLoader:240 - Cannot read IP mode file for STMicroelectronics.X-CUBE-TOF1.3.4.0
2023-11-25 13:47:59,626 [INFO] CheckServerUpdateThread:120 - End of CheckServer Thread
2023-11-25 13:47:59,747 [INFO] PopulateThirdPartyThread:66 - Ending populate Thread
2023-11-25 13:47:59,748 [INFO] ThirdParty:1030 - CMSIS Pack Vendor :STMicroelectronics X-CUBE-TOF1 3.4.0
2023-11-25 13:47:59,749 [INFO] LoadServerUpdatesThread:373 - End of LoadServerUpdate Thread
