2023-11-01 10:04:54,158 [INFO] Activator:176 - 


2023-11-01 10:04:54,198 [INFO] Activator:177 - !SESSION log4j initialized
2023-11-01 10:05:21,018 [INFO] LogOutputStream:77 - [STDOUT_REDIRECT] 
2023-11-01 10:05:29,920 [INFO] ApplicationProperties:184 - Using Application install path: /opt/st/stm32cubeide_1.13.2/plugins/com.st.stm32cube.common.mx_6.9.2.202309101412
2023-11-01 10:05:30,034 [INFO] DbMcusXml:78 - Set database path to: /opt/st/stm32cubeide_1.13.2/plugins/com.st.stm32cube.common.mx_6.9.2.202309101412//db//mcu/
2023-11-01 10:05:30,035 [INFO] ApiDb:274 - Set plugin database path to: /opt/st/stm32cubeide_1.13.2/plugins/com.st.stm32cube.common.mx_6.9.2.202309101412//db//plugins/boardmanager/
2023-11-01 10:05:30,035 [WARN] ApiDb:259 - Overriding images path with different value:  => /opt/st/stm32cubeide_1.13.2/plugins/com.st.stm32cube.common.mx_6.9.2.202309101412//db//plugins/mcufinder/images/
2023-11-01 10:05:30,103 [INFO] ApiDb:250 - Set database path to: /home/osboxes/.stmcufinder/plugins/mcufinder//mcu/
2023-11-01 10:05:30,108 [INFO] DbMcusAds:125 - Set database path to: /home/osboxes/.stmcufinder/plugins/mcufinder//mcu/
2023-11-01 10:05:30,123 [INFO] CrossReferenceDbSqlite:203 - Set database path to: /home/osboxes/.stmcufinder/plugins/mcufinder//mcu/cs/
2023-11-01 10:05:31,034 [INFO] RulesReader:64 - Compatibility file has been processed (293 Rules)
2023-11-01 10:05:32,026 [INFO] DbMcusXml:78 - Set database path to: /opt/st/stm32cubeide_1.13.2/plugins/com.st.stm32cube.common.mx_6.9.2.202309101412//db//mcu/
2023-11-01 10:05:32,026 [INFO] ApiDb:274 - Set plugin database path to: /opt/st/stm32cubeide_1.13.2/plugins/com.st.stm32cube.common.mx_6.9.2.202309101412//db//plugins/boardmanager/
2023-11-01 10:05:32,026 [INFO] ApiDb:261 - Set plugin images path to: /opt/st/stm32cubeide_1.13.2/plugins/com.st.stm32cube.common.mx_6.9.2.202309101412//db//plugins/mcufinder/images/
2023-11-01 10:05:32,026 [WARN] DbFile:41 - Overriding database path with different value: /home/osboxes/.stmcufinder/plugins/mcufinder/ => /home/osboxes/.stmcufinder/plugins/mcufinder
2023-11-01 10:05:32,026 [INFO] ApiDb:250 - Set database path to: /home/osboxes/.stmcufinder/plugins/mcufinder//mcu/
2023-11-01 10:05:32,027 [WARN] DbFile:41 - Overriding database path with different value: /home/osboxes/.stmcufinder/plugins/mcufinder/ => /home/osboxes/.stmcufinder/plugins/mcufinder
2023-11-01 10:05:32,027 [INFO] DbMcusAds:125 - Set database path to: /home/osboxes/.stmcufinder/plugins/mcufinder//mcu/
2023-11-01 10:05:32,027 [WARN] DbFile:41 - Overriding database path with different value: /home/osboxes/.stmcufinder/plugins/mcufinder/ => /home/osboxes/.stmcufinder/plugins/mcufinder
2023-11-01 10:05:32,027 [WARN] DbFile:41 - Overriding database path with different value: /home/osboxes/.stmcufinder/plugins/mcufinder/ => /home/osboxes/.stmcufinder/plugins/mcufinder
2023-11-01 10:05:32,027 [INFO] CrossReferenceDbSqlite:203 - Set database path to: /home/osboxes/.stmcufinder/plugins/mcufinder//mcu/cs/
2023-11-01 10:05:33,074 [INFO] MainPanel:262 - HeapMemory: 568328192
2023-11-01 10:05:34,143 [INFO] DbMcusXml:78 - Set database path to: /opt/st/stm32cubeide_1.13.2/plugins/com.st.stm32cube.common.mx_6.9.2.202309101412//db//mcu/
2023-11-01 10:05:34,143 [INFO] ApiDb:274 - Set plugin database path to: /opt/st/stm32cubeide_1.13.2/plugins/com.st.stm32cube.common.mx_6.9.2.202309101412//db//plugins/boardmanager/
2023-11-01 10:05:34,143 [INFO] ApiDb:261 - Set plugin images path to: /opt/st/stm32cubeide_1.13.2/plugins/com.st.stm32cube.common.mx_6.9.2.202309101412//db//plugins/mcufinder/images/
2023-11-01 10:05:34,145 [WARN] DbFile:41 - Overriding database path with different value: /home/osboxes/.stmcufinder/plugins/mcufinder/ => /home/osboxes/.stmcufinder/plugins/mcufinder
2023-11-01 10:05:34,145 [INFO] ApiDb:250 - Set database path to: /home/osboxes/.stmcufinder/plugins/mcufinder//mcu/
2023-11-01 10:05:34,145 [WARN] DbFile:41 - Overriding database path with different value: /home/osboxes/.stmcufinder/plugins/mcufinder/ => /home/osboxes/.stmcufinder/plugins/mcufinder
2023-11-01 10:05:34,145 [INFO] DbMcusAds:125 - Set database path to: /home/osboxes/.stmcufinder/plugins/mcufinder//mcu/
2023-11-01 10:05:34,145 [WARN] DbFile:41 - Overriding database path with different value: /home/osboxes/.stmcufinder/plugins/mcufinder/ => /home/osboxes/.stmcufinder/plugins/mcufinder
2023-11-01 10:05:34,145 [WARN] DbFile:41 - Overriding database path with different value: /home/osboxes/.stmcufinder/plugins/mcufinder/ => /home/osboxes/.stmcufinder/plugins/mcufinder
2023-11-01 10:05:34,363 [INFO] CrossReferenceDbSqlite:203 - Set database path to: /home/osboxes/.stmcufinder/plugins/mcufinder//mcu/cs/
2023-11-01 10:05:34,458 [INFO] ApplicationProperties:184 - Using Application install path: /opt/st/stm32cubeide_1.13.2/plugins/com.st.stm32cube.common.mx_6.9.2.202309101412
2023-11-01 10:05:34,471 [INFO] PluginManage:196 - Search for loadable plugins [exclusion list=, ]
2023-11-01 10:05:34,486 [INFO] PluginManage:310 - Check plugin analytics
2023-11-01 10:05:36,022 [INFO] AnalyticsPlugin:253 - Accepted Software Licenses: 
2023-11-01 10:05:36,024 [INFO] AnalyticsPlugin:255 - Accepted CMSIS Pack Licenses: STMicroelectronics.X-CUBE-NFC4.3.0.0
2023-11-01 10:05:36,024 [INFO] AnalyticsPlugin:257 - Accepted Firmware Licenses: FW.F4.1.27.0
2023-11-01 10:05:36,060 [INFO] PluginManage:359 - Loaded plugin analytics (category:tool,tabindex:-1)
2023-11-01 10:05:36,061 [INFO] PluginManage:310 - Check plugin cadmodel
2023-11-01 10:05:36,206 [INFO] CADModel:105 - Init CAD model plugin
2023-11-01 10:05:36,206 [INFO] PluginManage:359 - Loaded plugin cadmodel (category:power,tabindex:5)
2023-11-01 10:05:36,207 [INFO] PluginManage:310 - Check plugin clock
2023-11-01 10:05:36,263 [INFO] PluginManage:359 - Loaded plugin clock (category:base,tabindex:2)
2023-11-01 10:05:36,264 [INFO] PluginManage:310 - Check plugin ddr
2023-11-01 10:05:36,275 [INFO] PluginManage:359 - Loaded plugin ddr (category:tool,tabindex:6)
2023-11-01 10:05:36,276 [INFO] PluginManage:310 - Check plugin filemanager
2023-11-01 10:05:37,590 [INFO] PluginManage:359 - Loaded plugin filemanager (category:base,tabindex:10)
2023-11-01 10:05:37,590 [INFO] PluginManage:310 - Check plugin ipmanager
2023-11-01 10:05:37,674 [INFO] PluginManage:359 - Loaded plugin ipmanager (category:base,tabindex:5)
2023-11-01 10:05:37,675 [INFO] PluginManage:310 - Check plugin lpbam
2023-11-01 10:05:37,723 [INFO] PluginManage:359 - Loaded plugin lpbam (category:base,tabindex:0)
2023-11-01 10:05:37,733 [INFO] PluginManage:310 - Check plugin memorymap
2023-11-01 10:05:37,842 [INFO] PluginManage:359 - Loaded plugin memorymap (category:base,tabindex:4)
2023-11-01 10:05:37,843 [INFO] PluginManage:310 - Check plugin pinoutandconfiguration
2023-11-01 10:05:37,892 [INFO] PluginManage:359 - Loaded plugin pinoutandconfiguration (category:base,tabindex:1)
2023-11-01 10:05:37,897 [INFO] PluginManage:310 - Check plugin pinoutconfig
2023-11-01 10:05:39,079 [WARN] SupportedApi:132 - Cannot load RTOS API schema: s4s-elt-must-match.1: The content of 'definitions' must match (annotation?, (simpleType | complexType)?, (unique | key | keyref)*)). A problem was found starting at: attribute.
2023-11-01 10:05:39,857 [INFO] PluginManage:359 - Loaded plugin pinoutconfig (category:base,tabindex:0)
2023-11-01 10:05:39,860 [INFO] PluginManage:310 - Check plugin power
2023-11-01 10:05:39,987 [INFO] PluginManage:359 - Loaded plugin power (category:power,tabindex:4)
2023-11-01 10:05:39,987 [INFO] PluginManage:310 - Check plugin projectmanager
2023-11-01 10:05:40,136 [INFO] PluginManage:359 - Loaded plugin projectmanager (category:projectmanager,tabindex:3)
2023-11-01 10:05:40,136 [INFO] PluginManage:310 - Check plugin thirdparty
2023-11-01 10:05:41,201 [INFO] PluginManage:359 - Loaded plugin thirdparty (category:base,tabindex:-1)
2023-11-01 10:05:41,202 [INFO] PluginManage:310 - Check plugin tools
2023-11-01 10:05:41,202 [WARN] IntegrityCheckThread:84 - waiting for thirdparty lock release [integrity check]
2023-11-01 10:05:41,213 [INFO] IntegrityCheckThread:86 - entering critical section [integrity check]
2023-11-01 10:05:41,214 [INFO] ThirdPartyUpdaterWithRetryManager:70 - Updater plugin not ready yet. [1/15]
2023-11-01 10:05:41,215 [INFO] PluginManage:359 - Loaded plugin tools (category:base,tabindex:7)
2023-11-01 10:05:41,215 [INFO] PluginManage:310 - Check plugin tutovideos
2023-11-01 10:05:42,134 [INFO] PluginManage:359 - Loaded plugin tutovideos (category:base,tabindex:-1)
2023-11-01 10:05:42,137 [INFO] PluginManage:310 - Check plugin updater
2023-11-01 10:05:42,183 [INFO] PluginManage:359 - Loaded plugin updater (category:base,tabindex:12)
2023-11-01 10:05:42,183 [INFO] PluginManage:310 - Check plugin userauth
2023-11-01 10:05:42,208 [INFO] UserAuth:113 - Init User Auth plugin
2023-11-01 10:05:42,208 [INFO] PluginManage:359 - Loaded plugin userauth (category:base,tabindex:14)
2023-11-01 10:05:42,214 [INFO] PluginManage:283 - PluginManage : Loaded plugins [17]
2023-11-01 10:05:44,217 [INFO] ThirdPartyUpdaterWithRetryManager:70 - Updater plugin not ready yet. [2/15]
2023-11-01 10:05:45,359 [INFO] PinOutPanel:1499 - setPackage(No Configuration,No Configuration)
2023-11-01 10:05:45,686 [INFO] CADModel:165 - CPN selected for project level
2023-11-01 10:05:45,686 [INFO] CADModel:114 - Register for checkConnection events
2023-11-01 10:05:45,733 [INFO] IPUIPlugin:80 - create IPUIPlugin
2023-11-01 10:05:45,735 [INFO] PluginManager:220 - loadIPPluginJar : add dma3
2023-11-01 10:05:45,743 [INFO] IPUIPlugin:80 - create IPUIPlugin
2023-11-01 10:05:45,743 [INFO] PluginManager:220 - loadIPPluginJar : add tracer_emb
2023-11-01 10:05:45,759 [INFO] IPUIPlugin:80 - create IPUIPlugin
2023-11-01 10:05:45,760 [INFO] PluginManager:220 - loadIPPluginJar : add gpio
2023-11-01 10:05:45,797 [INFO] IPUIPlugin:80 - create IPUIPlugin
2023-11-01 10:05:45,797 [INFO] PluginManager:220 - loadIPPluginJar : add ipddr
2023-11-01 10:05:45,812 [INFO] IPUIPlugin:80 - create IPUIPlugin
2023-11-01 10:05:45,812 [INFO] PluginManager:220 - loadIPPluginJar : add sai
2023-11-01 10:05:45,815 [INFO] IPUIPlugin:80 - create IPUIPlugin
2023-11-01 10:05:45,815 [INFO] PluginManager:220 - loadIPPluginJar : add i2s
2023-11-01 10:05:45,827 [INFO] IPUIPlugin:80 - create IPUIPlugin
2023-11-01 10:05:45,828 [INFO] PluginManager:220 - loadIPPluginJar : add dma
2023-11-01 10:05:45,840 [INFO] IPUIPlugin:80 - create IPUIPlugin
2023-11-01 10:05:45,841 [INFO] PluginManager:220 - loadIPPluginJar : add fmc
2023-11-01 10:05:45,855 [INFO] IPUIPlugin:80 - create IPUIPlugin
2023-11-01 10:05:45,856 [INFO] PluginManager:220 - loadIPPluginJar : add hash
2023-11-01 10:05:45,864 [INFO] IPUIPlugin:80 - create IPUIPlugin
2023-11-01 10:05:45,864 [INFO] PluginManager:220 - loadIPPluginJar : add spi
2023-11-01 10:05:45,876 [INFO] IPUIPlugin:80 - create IPUIPlugin
2023-11-01 10:05:45,876 [INFO] PluginManager:220 - loadIPPluginJar : add nvic
2023-11-01 10:05:45,888 [INFO] IPUIPlugin:80 - create IPUIPlugin
2023-11-01 10:05:45,888 [INFO] PluginManager:220 - loadIPPluginJar : add stm32_wpan
2023-11-01 10:05:45,891 [INFO] IPUIPlugin:80 - create IPUIPlugin
2023-11-01 10:05:45,891 [INFO] PluginManager:220 - loadIPPluginJar : add comp
2023-11-01 10:05:45,896 [INFO] IPUIPlugin:80 - create IPUIPlugin
2023-11-01 10:05:45,896 [INFO] PluginManager:220 - loadIPPluginJar : add gfxmmu
2023-11-01 10:05:45,900 [INFO] IPUIPlugin:80 - create IPUIPlugin
2023-11-01 10:05:45,900 [INFO] PluginManager:220 - loadIPPluginJar : add aes
2023-11-01 10:05:45,927 [INFO] IPUIPlugin:80 - create IPUIPlugin
2023-11-01 10:05:45,928 [INFO] PluginManager:220 - loadIPPluginJar : add fatfs
2023-11-01 10:05:45,938 [INFO] IPUIPlugin:80 - create IPUIPlugin
2023-11-01 10:05:45,939 [INFO] PluginManager:220 - loadIPPluginJar : add openamp
2023-11-01 10:05:45,962 [INFO] IPUIPlugin:80 - create IPUIPlugin
2023-11-01 10:05:45,963 [INFO] PluginManager:220 - loadIPPluginJar : add pdm2pcm
2023-11-01 10:05:45,978 [INFO] IPUIPlugin:80 - create IPUIPlugin
2023-11-01 10:05:45,978 [INFO] PluginManager:220 - loadIPPluginJar : add tim
2023-11-01 10:05:45,990 [INFO] IPUIPlugin:80 - create IPUIPlugin
2023-11-01 10:05:45,990 [INFO] PluginManager:220 - loadIPPluginJar : add resmgrutility
2023-11-01 10:05:46,005 [INFO] IPUIPlugin:80 - create IPUIPlugin
2023-11-01 10:05:46,005 [INFO] PluginManager:220 - loadIPPluginJar : add ltdc
2023-11-01 10:05:46,010 [INFO] IPUIPlugin:80 - create IPUIPlugin
2023-11-01 10:05:46,017 [INFO] PluginManager:220 - loadIPPluginJar : add ucpd
2023-11-01 10:05:46,037 [INFO] IPUIPlugin:80 - create IPUIPlugin
2023-11-01 10:05:46,038 [INFO] PluginManager:220 - loadIPPluginJar : add usbx
2023-11-01 10:05:46,050 [INFO] IPUIPlugin:80 - create IPUIPlugin
2023-11-01 10:05:46,051 [INFO] PluginManager:220 - loadIPPluginJar : add cryp
2023-11-01 10:05:46,076 [INFO] IPUIPlugin:80 - create IPUIPlugin
2023-11-01 10:05:46,079 [INFO] PluginManager:220 - loadIPPluginJar : add gic
2023-11-01 10:05:46,104 [INFO] IPUIPlugin:80 - create IPUIPlugin
2023-11-01 10:05:46,104 [INFO] PluginManager:220 - loadIPPluginJar : add adc
2023-11-01 10:05:46,116 [INFO] IPUIPlugin:80 - create IPUIPlugin
2023-11-01 10:05:46,117 [INFO] PluginManager:220 - loadIPPluginJar : add ts
2023-11-01 10:05:46,132 [INFO] IPUIPlugin:80 - create IPUIPlugin
2023-11-01 10:05:46,132 [INFO] PluginManager:220 - loadIPPluginJar : add touchsensing
2023-11-01 10:05:46,146 [INFO] IPUIPlugin:80 - create IPUIPlugin
2023-11-01 10:05:46,147 [INFO] PluginManager:220 - loadIPPluginJar : add dfsdm
2023-11-01 10:05:46,158 [INFO] IPUIPlugin:80 - create IPUIPlugin
2023-11-01 10:05:46,159 [INFO] PluginManager:220 - loadIPPluginJar : add usart
2023-11-01 10:05:46,171 [INFO] IPUIPlugin:80 - create IPUIPlugin
2023-11-01 10:05:46,171 [INFO] PluginManager:220 - loadIPPluginJar : add lorawan
2023-11-01 10:05:46,177 [INFO] IPUIPlugin:80 - create IPUIPlugin
2023-11-01 10:05:46,178 [INFO] PluginManager:220 - loadIPPluginJar : add tsc
2023-11-01 10:05:46,206 [INFO] IPUIPlugin:80 - create IPUIPlugin
2023-11-01 10:05:46,206 [INFO] PluginManager:220 - loadIPPluginJar : add linkedlist
2023-11-01 10:05:46,232 [INFO] IPUIPlugin:80 - create IPUIPlugin
2023-11-01 10:05:46,240 [INFO] PluginManager:220 - loadIPPluginJar : add plateformsettings
2023-11-01 10:05:46,247 [INFO] IPUIPlugin:80 - create IPUIPlugin
2023-11-01 10:05:46,247 [INFO] PluginManager:220 - loadIPPluginJar : add genericplugin
2023-11-01 10:05:46,264 [INFO] IPUIPlugin:80 - create IPUIPlugin
2023-11-01 10:05:46,273 [INFO] PluginManager:220 - loadIPPluginJar : add mdma
2023-11-01 10:05:46,287 [INFO] IPUIPlugin:80 - create IPUIPlugin
2023-11-01 10:05:46,287 [INFO] PluginManager:220 - loadIPPluginJar : add gtzc
2023-11-01 10:05:46,292 [INFO] IPUIPlugin:80 - create IPUIPlugin
2023-11-01 10:05:46,292 [INFO] PluginManager:220 - loadIPPluginJar : add can
2023-11-01 10:05:46,303 [INFO] IPUIPlugin:80 - create IPUIPlugin
2023-11-01 10:05:46,303 [INFO] PluginManager:220 - loadIPPluginJar : add i3c
2023-11-01 10:05:46,322 [INFO] IPUIPlugin:80 - create IPUIPlugin
2023-11-01 10:05:46,322 [INFO] PluginManager:220 - loadIPPluginJar : add freertos
2023-11-01 10:05:46,330 [INFO] IPUIPlugin:80 - create IPUIPlugin
2023-11-01 10:05:46,330 [INFO] PluginManager:220 - loadIPPluginJar : add quadspi
2023-11-01 10:05:46,335 [INFO] IPUIPlugin:80 - create IPUIPlugin
2023-11-01 10:05:46,335 [INFO] PluginManager:220 - loadIPPluginJar : add opamp
2023-11-01 10:05:46,343 [INFO] IPUIPlugin:80 - create IPUIPlugin
2023-11-01 10:05:46,344 [INFO] PluginManager:220 - loadIPPluginJar : add i2c
2023-11-01 10:05:46,558 [INFO] CADModel:165 - CPN selected for project level
2023-11-01 10:05:46,559 [INFO] CADModel:114 - Register for checkConnection events
2023-11-01 10:05:46,559 [FATAL] Updater:308 - Updater called before beeing initialized
2023-11-01 10:05:46,561 [ERROR] CADModel:125 - Updater not yet initialized, retry later 
2023-11-01 10:05:47,218 [INFO] ThirdPartyUpdaterWithRetryManager:70 - Updater plugin not ready yet. [3/15]
2023-11-01 10:05:47,579 [INFO] CADModel:165 - CPN selected for project level
2023-11-01 10:05:47,579 [INFO] CADModel:114 - Register for checkConnection events
2023-11-01 10:05:47,579 [FATAL] Updater:308 - Updater called before beeing initialized
2023-11-01 10:05:47,579 [ERROR] CADModel:125 - Updater not yet initialized, retry later 
2023-11-01 10:05:47,592 [FATAL] Updater:308 - Updater called before beeing initialized
2023-11-01 10:05:47,966 [FATAL] Updater:308 - Updater called before beeing initialized
2023-11-01 10:05:47,987 [INFO] DbMcusAds:53 - JSON generation date=Tue Mar 07 05:50:55 ART 2023 (1678179055114)
2023-11-01 10:05:47,987 [FATAL] Updater:308 - Updater called before beeing initialized
2023-11-01 10:05:48,102 [WARN] DetailPanel:346 - Failed to get advertising image, set to default
2023-11-01 10:05:48,346 [FATAL] Updater:308 - Updater called before beeing initialized
2023-11-01 10:05:48,352 [FATAL] Updater:308 - Updater called before beeing initialized
2023-11-01 10:05:48,353 [FATAL] Updater:308 - Updater called before beeing initialized
2023-11-01 10:05:48,357 [WARN] DetailPanel:346 - Failed to get advertising image, set to default
2023-11-01 10:05:48,360 [FATAL] Updater:308 - Updater called before beeing initialized
2023-11-01 10:05:48,489 [ERROR] Updater:1120 - MainUpdater not yet initialized. External WinMGr cannot be set.
2023-11-01 10:05:48,492 [INFO] Updater:1056 - Updater Version found : 6.9.2
2023-11-01 10:05:48,570 [INFO] ApplicationProperties:184 - Using Application install path: /opt/st/stm32cubeide_1.13.2/plugins/com.st.stm32cube.common.mx_6.9.2.202309101412
2023-11-01 10:05:48,939 [INFO] MainUpdater:2868 - connection check result : 10
2023-11-01 10:05:48,943 [INFO] MainUpdater:285 - Updater Check For Update Now.
2023-11-01 10:05:48,943 [INFO] MicroXplorer:498 - Change Database Version : DB.6.0.92
2023-11-01 10:05:48,958 [INFO] McuFinderGlobals:63 - Set McuFinder mode to 2 (CubeIDE integrated)
2023-11-01 10:05:49,383 [INFO] CheckServerUpdateThread:120 - End of CheckServer Thread
2023-11-01 10:05:52,318 [WARN] PackLoader:240 - Cannot read IP mode file for STMicroelectronics.X-CUBE-SMBUS.2.1.0
2023-11-01 10:05:52,792 [WARN] PackLoader:240 - Cannot read IP mode file for STMicroelectronics.X-CUBE-AZRTOS-F7.1.1.0
2023-11-01 10:05:52,912 [WARN] PackLoader:240 - Cannot read IP mode file for STMicroelectronics.FP-SNS-MOTENV1.4.3.2
2023-11-01 10:05:53,040 [WARN] PackLoader:240 - Cannot read IP mode file for STMicroelectronics.FP-SNS-FLIGHT1.5.0.2
2023-11-01 10:05:53,139 [WARN] PackLoader:240 - Cannot read IP mode file for STMicroelectronics.X-CUBE-DISPLAY.3.0.0
2023-11-01 10:05:53,247 [WARN] PackLoader:240 - Cannot read IP mode file for STMicroelectronics.X-CUBE-BLE1.7.0.0
2023-11-01 10:05:53,289 [WARN] PackLoader:240 - Cannot read IP mode file for emotas.I-CUBE-CANOPEN.1.3.0
2023-11-01 10:05:53,314 [WARN] PackLoader:240 - Cannot read IP mode file for STMicroelectronics.X-CUBE-TOUCHGFX.4.22.1
2023-11-01 10:05:53,336 [WARN] PackLoader:240 - Cannot read IP mode file for STMicroelectronics.FP-SNS-SMARTAG2.1.2.0
2023-11-01 10:05:53,411 [INFO] LogOutputStream:77 - [STDOUT_REDIRECT] 1 : Invalid condition id : UX_CORESTACK_Condition cause : null
2023-11-01 10:05:53,419 [INFO] LogOutputStream:77 - [STDOUT_REDIRECT] 1 : Invalid condition id : UX_CORESTACK_Condition cause : null
2023-11-01 10:05:53,422 [INFO] LogOutputStream:77 - [STDOUT_REDIRECT] 1 : Invalid condition id : UX_CORESTACK_Condition cause : null
2023-11-01 10:05:53,428 [INFO] LogOutputStream:77 - [STDOUT_REDIRECT] 1 : Invalid condition id : UX_CORESTACK_Condition cause : null
2023-11-01 10:05:53,437 [INFO] LogOutputStream:77 - [STDOUT_REDIRECT] 1 : Invalid condition id : UX_CORESTACK_Condition cause : null
2023-11-01 10:05:53,453 [WARN] PackLoader:240 - Cannot read IP mode file for STMicroelectronics.X-CUBE-AZRTOS-WL.2.0.0
2023-11-01 10:05:53,502 [WARN] PackLoader:240 - Cannot read IP mode file for WES.I-CUBE-Cesium.1.3.0
2023-11-01 10:05:53,528 [WARN] PackLoader:240 - Cannot read IP mode file for STMicroelectronics.X-CUBE-BLE2.3.3.0
2023-11-01 10:05:53,569 [WARN] PackLoader:240 - Cannot read IP mode file for STMicroelectronics.X-CUBE-ALGOBUILD.1.3.0
2023-11-01 10:05:53,698 [WARN] PackLoader:240 - Cannot read IP mode file for STMicroelectronics.X-CUBE-AZRTOS-G0.1.1.0
2023-11-01 10:05:53,767 [WARN] PackLoader:240 - Cannot read IP mode file for STMicroelectronics.X-CUBE-NFC4.3.0.0
2023-11-01 10:05:54,568 [WARN] PackLoader:240 - Cannot read IP mode file for STMicroelectronics.FP-ATR-SIGFOX1.3.2.0
2023-11-01 10:05:55,019 [WARN] PackLoader:240 - Cannot read IP mode file for SEGGER.I-CUBE-embOS.1.3.1
2023-11-01 10:05:55,615 [WARN] PackLoader:240 - Cannot read IP mode file for STMicroelectronics.X-CUBE-GNSS1.6.0.0
2023-11-01 10:05:55,826 [WARN] PackLoader:240 - Cannot read IP mode file for STMicroelectronics.X-CUBE-AZRTOS-F4.1.1.0
2023-11-01 10:05:55,873 [WARN] PackLoader:240 - Cannot read IP mode file for wolfSSL.I-CUBE-wolfSSL.5.6.3
2023-11-01 10:05:56,113 [WARN] PackLoader:240 - Cannot read IP mode file for STMicroelectronics.X-CUBE-AZRTOS-L5.2.0.0
2023-11-01 10:05:56,667 [WARN] PackLoader:240 - Cannot read IP mode file for STMicroelectronics.X-CUBE-MEMS1.9.6.0
2023-11-01 10:05:58,432 [WARN] PackLoader:240 - Cannot read IP mode file for STMicroelectronics.X-CUBE-EEPRMA1.4.2.0
2023-11-01 10:05:58,464 [WARN] PackLoader:240 - Cannot read IP mode file for ITTIA_DB.I-CUBE-ITTIADB.8.8.0
2023-11-01 10:05:58,498 [WARN] PackLoader:240 - Cannot read IP mode file for STMicroelectronics.X-CUBE-BLEMGR.2.0.0
2023-11-01 10:05:58,608 [WARN] ConditionMgr:438 - getConditionDescription Invalid condition id : UX DEVICE CLASS RTOS Condition cause : null
2023-11-01 10:05:58,622 [WARN] ConditionMgr:438 - getConditionDescription Invalid condition id : UX DEVICE CLASS RTOS Condition cause : null
2023-11-01 10:05:58,633 [WARN] PackLoader:240 - Cannot read IP mode file for STMicroelectronics.X-CUBE-AZRTOS-H7.3.1.0
2023-11-01 10:05:58,642 [WARN] ConditionMgr:1039 - genDependencies : Invalid condition id : UX DEVICE CLASS RTOS Condition cause : null
2023-11-01 10:05:58,643 [WARN] ConditionMgr:1039 - genDependencies : Invalid condition id : UX DEVICE CLASS RTOS Condition cause : null
2023-11-01 10:05:58,644 [WARN] ConditionMgr:1039 - genDependencies : Invalid condition id : UX DEVICE CLASS RTOS Condition cause : null
2023-11-01 10:05:58,645 [WARN] ConditionMgr:1039 - genDependencies : Invalid condition id : UX DEVICE CLASS RTOS Condition cause : null
2023-11-01 10:05:58,645 [WARN] ConditionMgr:1039 - genDependencies : Invalid condition id : UX DEVICE CLASS RTOS Condition cause : null
2023-11-01 10:05:58,682 [WARN] PackLoader:240 - Cannot read IP mode file for STMicroelectronics.X-CUBE-NFC7.1.0.1
2023-11-01 10:05:58,725 [WARN] PackLoader:240 - Cannot read IP mode file for STMicroelectronics.X-CUBE-NFC6.3.0.0
2023-11-01 10:05:58,759 [WARN] PackLoader:240 - Cannot read IP mode file for STMicroelectronics.X-CUBE-EEPRMA1.4.1.0
2023-11-01 10:05:58,796 [WARN] PackLoader:240 - Cannot read IP mode file for STMicroelectronics.X-CUBE-AI.8.1.0
2023-11-01 10:05:58,885 [WARN] ConditionMgr:438 - getConditionDescription Invalid condition id : LAN8742 Phy interface Condition cause : null
2023-11-01 10:05:58,886 [WARN] PackLoader:240 - Cannot read IP mode file for STMicroelectronics.X-CUBE-AZRTOS-L4.2.0.0
2023-11-01 10:05:58,887 [WARN] ConditionMgr:1039 - genDependencies : Invalid condition id : LAN8742 Phy interface Condition cause : null
2023-11-01 10:05:58,888 [WARN] ConditionMgr:1039 - genDependencies : Invalid condition id : LAN8742 Phy interface Condition cause : null
2023-11-01 10:05:58,894 [WARN] ConditionMgr:1039 - genDependencies : Invalid condition id : LAN8742 Phy interface Condition cause : null
2023-11-01 10:05:58,927 [WARN] PackLoader:240 - Cannot read IP mode file for STMicroelectronics.X-CUBE-SFXS2LP1.4.0.0
2023-11-01 10:05:58,952 [WARN] PackLoader:240 - Cannot read IP mode file for STMicroelectronics.X-CUBE-ISPU.1.1.0
2023-11-01 10:05:59,018 [WARN] ConditionMgr:438 - getConditionDescription Invalid condition id : UX DEVICE CLASS RTOS Condition cause : null
2023-11-01 10:05:59,019 [WARN] ConditionMgr:438 - getConditionDescription Invalid condition id : UX DEVICE CLASS RTOS Condition cause : null
2023-11-01 10:05:59,033 [WARN] PackLoader:240 - Cannot read IP mode file for STMicroelectronics.X-CUBE-AZRTOS-WB.2.0.0
2023-11-01 10:05:59,034 [WARN] ConditionMgr:1039 - genDependencies : Invalid condition id : UX DEVICE CLASS RTOS Condition cause : null
2023-11-01 10:05:59,035 [WARN] ConditionMgr:1039 - genDependencies : Invalid condition id : UX DEVICE CLASS RTOS Condition cause : null
2023-11-01 10:05:59,036 [WARN] ConditionMgr:1039 - genDependencies : Invalid condition id : UX DEVICE CLASS RTOS Condition cause : null
2023-11-01 10:05:59,040 [WARN] ConditionMgr:1039 - genDependencies : Invalid condition id : UX DEVICE CLASS RTOS Condition cause : null
2023-11-01 10:05:59,041 [WARN] ConditionMgr:1039 - genDependencies : Invalid condition id : UX DEVICE CLASS RTOS Condition cause : null
2023-11-01 10:05:59,075 [WARN] PackLoader:240 - Cannot read IP mode file for STMicroelectronics.X-CUBE-SUBG2.5.0.0
2023-11-01 10:05:59,147 [WARN] PackLoader:240 - Cannot read IP mode file for STMicroelectronics.X-CUBE-TOF1.3.3.1
2023-11-01 10:05:59,374 [WARN] PackLoader:240 - Cannot read IP mode file for STMicroelectronics.X-CUBE-AZRTOS-G4.2.0.0
2023-11-01 10:05:59,423 [WARN] PackLoader:240 - Cannot read IP mode file for Infineon.AIROC-Wi-Fi-Bluetooth-STM32.1.5.1
2023-11-01 10:05:59,604 [WARN] PackLoader:240 - Cannot read IP mode file for STMicroelectronics.X-CUBE-MEMS1.10.0.0
2023-11-01 10:06:00,227 [WARN] PackLoader:240 - Cannot read IP mode file for STMicroelectronics.X-CUBE-FREERTOS.1.1.0
2023-11-01 10:06:00,235 [WARN] PackLoader:240 - Cannot read IP mode file for portGmbH.I-Cube-SoM-uGOAL.1.1.0
2023-11-01 10:06:00,250 [WARN] PackLoader:240 - Cannot read IP mode file for STMicroelectronics.X-CUBE-ALS.1.0.1
2023-11-01 10:06:00,262 [WARN] PackLoader:240 - Cannot read IP mode file for STMicroelectronics.FP-ATR-ASTRA1.2.0.0
2023-11-01 10:06:00,263 [INFO] ThirdParty:978 - Integrity check success = true
2023-11-01 10:06:00,264 [INFO] IntegrityCheckThread:100 - exiting critical section [integrity check]
2023-11-01 10:06:00,269 [INFO] IntegrityCheckThread:103 - End integrity checks thread
2023-11-01 10:06:12,333 [ERROR] LogOutputStream:75 - [STDERR_REDIRECT] SLF4J: Failed to load class "org.slf4j.impl.StaticLoggerBinder".
2023-11-01 10:06:12,339 [ERROR] LogOutputStream:75 - [STDERR_REDIRECT] SLF4J: Defaulting to no-operation (NOP) logger implementation
2023-11-01 10:06:12,345 [ERROR] LogOutputStream:75 - [STDERR_REDIRECT] SLF4J: See http://www.slf4j.org/codes.html#StaticLoggerBinder for further details.
