2023-11-03 15:01:07,540 [INFO] Activator:176 - 


2023-11-03 15:01:07,548 [INFO] Activator:177 - !SESSION log4j initialized
2023-11-03 15:01:30,315 [INFO] LogOutputStream:77 - [STDOUT_REDIRECT] 
2023-11-03 15:01:40,123 [INFO] ApplicationProperties:184 - Using Application install path: /opt/st/stm32cubeide_1.13.2/plugins/com.st.stm32cube.common.mx_6.9.2.202309101412
2023-11-03 15:01:40,203 [INFO] DbMcusXml:78 - Set database path to: /opt/st/stm32cubeide_1.13.2/plugins/com.st.stm32cube.common.mx_6.9.2.202309101412//db//mcu/
2023-11-03 15:01:40,203 [INFO] ApiDb:274 - Set plugin database path to: /opt/st/stm32cubeide_1.13.2/plugins/com.st.stm32cube.common.mx_6.9.2.202309101412//db//plugins/boardmanager/
2023-11-03 15:01:40,206 [WARN] ApiDb:259 - Overriding images path with different value:  => /opt/st/stm32cubeide_1.13.2/plugins/com.st.stm32cube.common.mx_6.9.2.202309101412//db//plugins/mcufinder/images/
2023-11-03 15:01:40,263 [INFO] ApiDb:250 - Set database path to: /home/osboxes/.stmcufinder/plugins/mcufinder//mcu/
2023-11-03 15:01:40,264 [INFO] DbMcusAds:125 - Set database path to: /home/osboxes/.stmcufinder/plugins/mcufinder//mcu/
2023-11-03 15:01:40,282 [INFO] CrossReferenceDbSqlite:203 - Set database path to: /home/osboxes/.stmcufinder/plugins/mcufinder//mcu/cs/
2023-11-03 15:01:41,338 [INFO] RulesReader:64 - Compatibility file has been processed (293 Rules)
2023-11-03 15:01:42,104 [INFO] DbMcusXml:78 - Set database path to: /opt/st/stm32cubeide_1.13.2/plugins/com.st.stm32cube.common.mx_6.9.2.202309101412//db//mcu/
2023-11-03 15:01:42,104 [INFO] ApiDb:274 - Set plugin database path to: /opt/st/stm32cubeide_1.13.2/plugins/com.st.stm32cube.common.mx_6.9.2.202309101412//db//plugins/boardmanager/
2023-11-03 15:01:42,105 [INFO] ApiDb:261 - Set plugin images path to: /opt/st/stm32cubeide_1.13.2/plugins/com.st.stm32cube.common.mx_6.9.2.202309101412//db//plugins/mcufinder/images/
2023-11-03 15:01:42,113 [WARN] DbFile:41 - Overriding database path with different value: /home/osboxes/.stmcufinder/plugins/mcufinder/ => /home/osboxes/.stmcufinder/plugins/mcufinder
2023-11-03 15:01:42,113 [INFO] ApiDb:250 - Set database path to: /home/osboxes/.stmcufinder/plugins/mcufinder//mcu/
2023-11-03 15:01:42,114 [WARN] DbFile:41 - Overriding database path with different value: /home/osboxes/.stmcufinder/plugins/mcufinder/ => /home/osboxes/.stmcufinder/plugins/mcufinder
2023-11-03 15:01:42,114 [INFO] DbMcusAds:125 - Set database path to: /home/osboxes/.stmcufinder/plugins/mcufinder//mcu/
2023-11-03 15:01:42,114 [WARN] DbFile:41 - Overriding database path with different value: /home/osboxes/.stmcufinder/plugins/mcufinder/ => /home/osboxes/.stmcufinder/plugins/mcufinder
2023-11-03 15:01:42,114 [WARN] DbFile:41 - Overriding database path with different value: /home/osboxes/.stmcufinder/plugins/mcufinder/ => /home/osboxes/.stmcufinder/plugins/mcufinder
2023-11-03 15:01:42,126 [INFO] CrossReferenceDbSqlite:203 - Set database path to: /home/osboxes/.stmcufinder/plugins/mcufinder//mcu/cs/
2023-11-03 15:01:42,772 [INFO] MainPanel:262 - HeapMemory: 268435456
2023-11-03 15:01:43,335 [INFO] DbMcusXml:78 - Set database path to: /opt/st/stm32cubeide_1.13.2/plugins/com.st.stm32cube.common.mx_6.9.2.202309101412//db//mcu/
2023-11-03 15:01:43,336 [INFO] ApiDb:274 - Set plugin database path to: /opt/st/stm32cubeide_1.13.2/plugins/com.st.stm32cube.common.mx_6.9.2.202309101412//db//plugins/boardmanager/
2023-11-03 15:01:43,336 [INFO] ApiDb:261 - Set plugin images path to: /opt/st/stm32cubeide_1.13.2/plugins/com.st.stm32cube.common.mx_6.9.2.202309101412//db//plugins/mcufinder/images/
2023-11-03 15:01:43,338 [WARN] DbFile:41 - Overriding database path with different value: /home/osboxes/.stmcufinder/plugins/mcufinder/ => /home/osboxes/.stmcufinder/plugins/mcufinder
2023-11-03 15:01:43,339 [INFO] ApiDb:250 - Set database path to: /home/osboxes/.stmcufinder/plugins/mcufinder//mcu/
2023-11-03 15:01:43,344 [WARN] DbFile:41 - Overriding database path with different value: /home/osboxes/.stmcufinder/plugins/mcufinder/ => /home/osboxes/.stmcufinder/plugins/mcufinder
2023-11-03 15:01:43,351 [INFO] DbMcusAds:125 - Set database path to: /home/osboxes/.stmcufinder/plugins/mcufinder//mcu/
2023-11-03 15:01:43,352 [WARN] DbFile:41 - Overriding database path with different value: /home/osboxes/.stmcufinder/plugins/mcufinder/ => /home/osboxes/.stmcufinder/plugins/mcufinder
2023-11-03 15:01:43,352 [WARN] DbFile:41 - Overriding database path with different value: /home/osboxes/.stmcufinder/plugins/mcufinder/ => /home/osboxes/.stmcufinder/plugins/mcufinder
2023-11-03 15:01:43,484 [INFO] CrossReferenceDbSqlite:203 - Set database path to: /home/osboxes/.stmcufinder/plugins/mcufinder//mcu/cs/
2023-11-03 15:01:43,578 [INFO] ApplicationProperties:184 - Using Application install path: /opt/st/stm32cubeide_1.13.2/plugins/com.st.stm32cube.common.mx_6.9.2.202309101412
2023-11-03 15:01:43,587 [INFO] PluginManage:196 - Search for loadable plugins [exclusion list=, ]
2023-11-03 15:01:43,596 [INFO] PluginManage:310 - Check plugin analytics
2023-11-03 15:01:44,586 [INFO] AnalyticsPlugin:253 - Accepted Software Licenses: 
2023-11-03 15:01:44,586 [INFO] AnalyticsPlugin:255 - Accepted CMSIS Pack Licenses: STMicroelectronics.X-CUBE-NFC4.3.0.0
2023-11-03 15:01:44,586 [INFO] AnalyticsPlugin:257 - Accepted Firmware Licenses: FW.F4.1.27.0
2023-11-03 15:01:44,609 [INFO] PluginManage:359 - Loaded plugin analytics (category:tool,tabindex:-1)
2023-11-03 15:01:44,611 [INFO] PluginManage:310 - Check plugin cadmodel
2023-11-03 15:01:45,093 [INFO] CADModel:105 - Init CAD model plugin
2023-11-03 15:01:45,094 [INFO] PluginManage:359 - Loaded plugin cadmodel (category:power,tabindex:5)
2023-11-03 15:01:45,094 [INFO] PluginManage:310 - Check plugin clock
2023-11-03 15:01:45,174 [INFO] PluginManage:359 - Loaded plugin clock (category:base,tabindex:2)
2023-11-03 15:01:45,179 [INFO] PluginManage:310 - Check plugin ddr
2023-11-03 15:01:45,203 [INFO] PluginManage:359 - Loaded plugin ddr (category:tool,tabindex:6)
2023-11-03 15:01:45,203 [INFO] PluginManage:310 - Check plugin filemanager
2023-11-03 15:01:46,490 [INFO] PluginManage:359 - Loaded plugin filemanager (category:base,tabindex:10)
2023-11-03 15:01:46,490 [INFO] PluginManage:310 - Check plugin ipmanager
2023-11-03 15:01:46,561 [INFO] PluginManage:359 - Loaded plugin ipmanager (category:base,tabindex:5)
2023-11-03 15:01:46,562 [INFO] PluginManage:310 - Check plugin lpbam
2023-11-03 15:01:46,646 [INFO] PluginManage:359 - Loaded plugin lpbam (category:base,tabindex:0)
2023-11-03 15:01:46,663 [INFO] PluginManage:310 - Check plugin memorymap
2023-11-03 15:01:46,789 [INFO] PluginManage:359 - Loaded plugin memorymap (category:base,tabindex:4)
2023-11-03 15:01:46,790 [INFO] PluginManage:310 - Check plugin pinoutandconfiguration
2023-11-03 15:01:46,867 [INFO] PluginManage:359 - Loaded plugin pinoutandconfiguration (category:base,tabindex:1)
2023-11-03 15:01:46,867 [INFO] PluginManage:310 - Check plugin pinoutconfig
2023-11-03 15:01:47,494 [WARN] SupportedApi:132 - Cannot load RTOS API schema: s4s-elt-must-match.1: The content of 'definitions' must match (annotation?, (simpleType | complexType)?, (unique | key | keyref)*)). A problem was found starting at: attribute.
2023-11-03 15:01:48,908 [INFO] PluginManage:359 - Loaded plugin pinoutconfig (category:base,tabindex:0)
2023-11-03 15:01:48,908 [INFO] PluginManage:310 - Check plugin power
2023-11-03 15:01:48,985 [INFO] PluginManage:359 - Loaded plugin power (category:power,tabindex:4)
2023-11-03 15:01:48,985 [INFO] PluginManage:310 - Check plugin projectmanager
2023-11-03 15:01:49,049 [INFO] PluginManage:359 - Loaded plugin projectmanager (category:projectmanager,tabindex:3)
2023-11-03 15:01:49,049 [INFO] PluginManage:310 - Check plugin thirdparty
2023-11-03 15:01:49,920 [INFO] PluginManage:359 - Loaded plugin thirdparty (category:base,tabindex:-1)
2023-11-03 15:01:49,922 [INFO] PluginManage:310 - Check plugin tools
2023-11-03 15:01:49,921 [WARN] IntegrityCheckThread:84 - waiting for thirdparty lock release [integrity check]
2023-11-03 15:01:49,928 [INFO] IntegrityCheckThread:86 - entering critical section [integrity check]
2023-11-03 15:01:49,932 [INFO] ThirdPartyUpdaterWithRetryManager:70 - Updater plugin not ready yet. [1/15]
2023-11-03 15:01:49,934 [INFO] PluginManage:359 - Loaded plugin tools (category:base,tabindex:7)
2023-11-03 15:01:49,934 [INFO] PluginManage:310 - Check plugin tutovideos
2023-11-03 15:01:51,665 [INFO] PluginManage:359 - Loaded plugin tutovideos (category:base,tabindex:-1)
2023-11-03 15:01:51,666 [INFO] PluginManage:310 - Check plugin updater
2023-11-03 15:01:51,756 [INFO] PluginManage:359 - Loaded plugin updater (category:base,tabindex:12)
2023-11-03 15:01:51,756 [INFO] PluginManage:310 - Check plugin userauth
2023-11-03 15:01:51,782 [INFO] UserAuth:113 - Init User Auth plugin
2023-11-03 15:01:51,782 [INFO] PluginManage:359 - Loaded plugin userauth (category:base,tabindex:14)
2023-11-03 15:01:51,783 [INFO] PluginManage:283 - PluginManage : Loaded plugins [17]
2023-11-03 15:01:52,932 [INFO] ThirdPartyUpdaterWithRetryManager:70 - Updater plugin not ready yet. [2/15]
2023-11-03 15:01:53,359 [INFO] PinOutPanel:1499 - setPackage(No Configuration,No Configuration)
2023-11-03 15:01:54,137 [INFO] CADModel:165 - CPN selected for project level
2023-11-03 15:01:54,139 [INFO] CADModel:114 - Register for checkConnection events
2023-11-03 15:01:54,194 [INFO] IPUIPlugin:80 - create IPUIPlugin
2023-11-03 15:01:54,195 [INFO] PluginManager:220 - loadIPPluginJar : add dma3
2023-11-03 15:01:54,212 [INFO] IPUIPlugin:80 - create IPUIPlugin
2023-11-03 15:01:54,212 [INFO] PluginManager:220 - loadIPPluginJar : add tracer_emb
2023-11-03 15:01:54,232 [INFO] IPUIPlugin:80 - create IPUIPlugin
2023-11-03 15:01:54,233 [INFO] PluginManager:220 - loadIPPluginJar : add gpio
2023-11-03 15:01:54,268 [INFO] IPUIPlugin:80 - create IPUIPlugin
2023-11-03 15:01:54,272 [INFO] PluginManager:220 - loadIPPluginJar : add ipddr
2023-11-03 15:01:54,286 [INFO] IPUIPlugin:80 - create IPUIPlugin
2023-11-03 15:01:54,286 [INFO] PluginManager:220 - loadIPPluginJar : add sai
2023-11-03 15:01:54,302 [INFO] IPUIPlugin:80 - create IPUIPlugin
2023-11-03 15:01:54,302 [INFO] PluginManager:220 - loadIPPluginJar : add i2s
2023-11-03 15:01:54,331 [INFO] IPUIPlugin:80 - create IPUIPlugin
2023-11-03 15:01:54,336 [INFO] PluginManager:220 - loadIPPluginJar : add dma
2023-11-03 15:01:54,363 [INFO] IPUIPlugin:80 - create IPUIPlugin
2023-11-03 15:01:54,364 [INFO] PluginManager:220 - loadIPPluginJar : add fmc
2023-11-03 15:01:54,377 [INFO] IPUIPlugin:80 - create IPUIPlugin
2023-11-03 15:01:54,387 [INFO] PluginManager:220 - loadIPPluginJar : add hash
2023-11-03 15:01:54,391 [INFO] IPUIPlugin:80 - create IPUIPlugin
2023-11-03 15:01:54,394 [INFO] PluginManager:220 - loadIPPluginJar : add spi
2023-11-03 15:01:54,414 [INFO] IPUIPlugin:80 - create IPUIPlugin
2023-11-03 15:01:54,415 [INFO] PluginManager:220 - loadIPPluginJar : add nvic
2023-11-03 15:01:54,435 [INFO] IPUIPlugin:80 - create IPUIPlugin
2023-11-03 15:01:54,436 [INFO] PluginManager:220 - loadIPPluginJar : add stm32_wpan
2023-11-03 15:01:54,445 [INFO] IPUIPlugin:80 - create IPUIPlugin
2023-11-03 15:01:54,445 [INFO] PluginManager:220 - loadIPPluginJar : add comp
2023-11-03 15:01:54,457 [INFO] IPUIPlugin:80 - create IPUIPlugin
2023-11-03 15:01:54,458 [INFO] PluginManager:220 - loadIPPluginJar : add gfxmmu
2023-11-03 15:01:54,469 [INFO] IPUIPlugin:80 - create IPUIPlugin
2023-11-03 15:01:54,469 [INFO] PluginManager:220 - loadIPPluginJar : add aes
2023-11-03 15:01:54,478 [INFO] IPUIPlugin:80 - create IPUIPlugin
2023-11-03 15:01:54,479 [INFO] PluginManager:220 - loadIPPluginJar : add fatfs
2023-11-03 15:01:54,490 [INFO] IPUIPlugin:80 - create IPUIPlugin
2023-11-03 15:01:54,494 [INFO] PluginManager:220 - loadIPPluginJar : add openamp
2023-11-03 15:01:54,507 [INFO] IPUIPlugin:80 - create IPUIPlugin
2023-11-03 15:01:54,508 [INFO] PluginManager:220 - loadIPPluginJar : add pdm2pcm
2023-11-03 15:01:54,520 [INFO] IPUIPlugin:80 - create IPUIPlugin
2023-11-03 15:01:54,520 [INFO] PluginManager:220 - loadIPPluginJar : add tim
2023-11-03 15:01:54,540 [INFO] IPUIPlugin:80 - create IPUIPlugin
2023-11-03 15:01:54,541 [INFO] PluginManager:220 - loadIPPluginJar : add resmgrutility
2023-11-03 15:01:54,547 [INFO] IPUIPlugin:80 - create IPUIPlugin
2023-11-03 15:01:54,550 [INFO] PluginManager:220 - loadIPPluginJar : add ltdc
2023-11-03 15:01:54,559 [INFO] IPUIPlugin:80 - create IPUIPlugin
2023-11-03 15:01:54,560 [INFO] PluginManager:220 - loadIPPluginJar : add ucpd
2023-11-03 15:01:54,584 [INFO] IPUIPlugin:80 - create IPUIPlugin
2023-11-03 15:01:54,585 [INFO] PluginManager:220 - loadIPPluginJar : add usbx
2023-11-03 15:01:54,592 [INFO] IPUIPlugin:80 - create IPUIPlugin
2023-11-03 15:01:54,599 [INFO] PluginManager:220 - loadIPPluginJar : add cryp
2023-11-03 15:01:54,626 [INFO] IPUIPlugin:80 - create IPUIPlugin
2023-11-03 15:01:54,632 [INFO] PluginManager:220 - loadIPPluginJar : add gic
2023-11-03 15:01:54,655 [INFO] IPUIPlugin:80 - create IPUIPlugin
2023-11-03 15:01:54,657 [INFO] PluginManager:220 - loadIPPluginJar : add adc
2023-11-03 15:01:54,669 [INFO] IPUIPlugin:80 - create IPUIPlugin
2023-11-03 15:01:54,669 [INFO] PluginManager:220 - loadIPPluginJar : add ts
2023-11-03 15:01:54,683 [INFO] IPUIPlugin:80 - create IPUIPlugin
2023-11-03 15:01:54,685 [INFO] PluginManager:220 - loadIPPluginJar : add touchsensing
2023-11-03 15:01:54,689 [INFO] IPUIPlugin:80 - create IPUIPlugin
2023-11-03 15:01:54,690 [INFO] PluginManager:220 - loadIPPluginJar : add dfsdm
2023-11-03 15:01:54,708 [INFO] IPUIPlugin:80 - create IPUIPlugin
2023-11-03 15:01:54,709 [INFO] PluginManager:220 - loadIPPluginJar : add usart
2023-11-03 15:01:54,712 [INFO] IPUIPlugin:80 - create IPUIPlugin
2023-11-03 15:01:54,717 [INFO] PluginManager:220 - loadIPPluginJar : add lorawan
2023-11-03 15:01:54,724 [INFO] IPUIPlugin:80 - create IPUIPlugin
2023-11-03 15:01:54,725 [INFO] PluginManager:220 - loadIPPluginJar : add tsc
2023-11-03 15:01:54,750 [INFO] IPUIPlugin:80 - create IPUIPlugin
2023-11-03 15:01:54,751 [INFO] PluginManager:220 - loadIPPluginJar : add linkedlist
2023-11-03 15:01:54,776 [INFO] IPUIPlugin:80 - create IPUIPlugin
2023-11-03 15:01:54,789 [INFO] PluginManager:220 - loadIPPluginJar : add plateformsettings
2023-11-03 15:01:54,798 [INFO] IPUIPlugin:80 - create IPUIPlugin
2023-11-03 15:01:54,801 [INFO] PluginManager:220 - loadIPPluginJar : add genericplugin
2023-11-03 15:01:54,829 [INFO] IPUIPlugin:80 - create IPUIPlugin
2023-11-03 15:01:54,833 [INFO] PluginManager:220 - loadIPPluginJar : add mdma
2023-11-03 15:01:54,845 [INFO] IPUIPlugin:80 - create IPUIPlugin
2023-11-03 15:01:54,845 [INFO] PluginManager:220 - loadIPPluginJar : add gtzc
2023-11-03 15:01:54,861 [INFO] IPUIPlugin:80 - create IPUIPlugin
2023-11-03 15:01:54,866 [INFO] PluginManager:220 - loadIPPluginJar : add can
2023-11-03 15:01:54,884 [INFO] IPUIPlugin:80 - create IPUIPlugin
2023-11-03 15:01:54,884 [INFO] PluginManager:220 - loadIPPluginJar : add i3c
2023-11-03 15:01:54,935 [INFO] IPUIPlugin:80 - create IPUIPlugin
2023-11-03 15:01:54,939 [INFO] PluginManager:220 - loadIPPluginJar : add freertos
2023-11-03 15:01:54,946 [INFO] IPUIPlugin:80 - create IPUIPlugin
2023-11-03 15:01:54,947 [INFO] PluginManager:220 - loadIPPluginJar : add quadspi
2023-11-03 15:01:54,990 [INFO] IPUIPlugin:80 - create IPUIPlugin
2023-11-03 15:01:54,990 [INFO] PluginManager:220 - loadIPPluginJar : add opamp
2023-11-03 15:01:55,030 [INFO] IPUIPlugin:80 - create IPUIPlugin
2023-11-03 15:01:55,031 [INFO] PluginManager:220 - loadIPPluginJar : add i2c
2023-11-03 15:01:55,318 [INFO] CADModel:165 - CPN selected for project level
2023-11-03 15:01:55,322 [INFO] CADModel:114 - Register for checkConnection events
2023-11-03 15:01:55,323 [FATAL] Updater:308 - Updater called before beeing initialized
2023-11-03 15:01:55,323 [ERROR] CADModel:125 - Updater not yet initialized, retry later 
2023-11-03 15:01:55,933 [INFO] ThirdPartyUpdaterWithRetryManager:70 - Updater plugin not ready yet. [3/15]
2023-11-03 15:01:56,629 [INFO] CADModel:165 - CPN selected for project level
2023-11-03 15:01:56,630 [INFO] CADModel:114 - Register for checkConnection events
2023-11-03 15:01:56,630 [FATAL] Updater:308 - Updater called before beeing initialized
2023-11-03 15:01:56,637 [ERROR] CADModel:125 - Updater not yet initialized, retry later 
2023-11-03 15:01:56,671 [FATAL] Updater:308 - Updater called before beeing initialized
2023-11-03 15:01:57,199 [FATAL] Updater:308 - Updater called before beeing initialized
2023-11-03 15:01:57,238 [INFO] DbMcusAds:53 - JSON generation date=Tue Mar 07 05:50:55 ART 2023 (1678179055114)
2023-11-03 15:01:57,238 [FATAL] Updater:308 - Updater called before beeing initialized
2023-11-03 15:01:57,432 [WARN] DetailPanel:346 - Failed to get advertising image, set to default
2023-11-03 15:01:58,083 [FATAL] Updater:308 - Updater called before beeing initialized
2023-11-03 15:01:58,107 [FATAL] Updater:308 - Updater called before beeing initialized
2023-11-03 15:01:58,108 [FATAL] Updater:308 - Updater called before beeing initialized
2023-11-03 15:01:58,108 [WARN] DetailPanel:346 - Failed to get advertising image, set to default
2023-11-03 15:01:58,116 [FATAL] Updater:308 - Updater called before beeing initialized
2023-11-03 15:01:58,438 [ERROR] Updater:1120 - MainUpdater not yet initialized. External WinMGr cannot be set.
2023-11-03 15:01:58,441 [INFO] Updater:1056 - Updater Version found : 6.9.2
2023-11-03 15:01:58,525 [INFO] ApplicationProperties:184 - Using Application install path: /opt/st/stm32cubeide_1.13.2/plugins/com.st.stm32cube.common.mx_6.9.2.202309101412
2023-11-03 15:01:58,935 [FATAL] Updater:308 - Updater called before beeing initialized
2023-11-03 15:01:58,935 [ERROR] IntegrityCheckThread:130 - Cannot retrieve database content from updater: error 21
2023-11-03 15:01:58,936 [INFO] ThirdParty:978 - Integrity check success = false
2023-11-03 15:01:58,936 [INFO] IntegrityCheckThread:100 - exiting critical section [integrity check]
2023-11-03 15:01:58,936 [INFO] IntegrityCheckThread:103 - End integrity checks thread
2023-11-03 15:01:59,342 [INFO] MainUpdater:2868 - connection check result : 10
2023-11-03 15:01:59,355 [INFO] MainUpdater:285 - Updater Check For Update Now.
2023-11-03 15:01:59,355 [INFO] MicroXplorer:498 - Change Database Version : DB.6.0.92
2023-11-03 15:01:59,400 [INFO] McuFinderGlobals:63 - Set McuFinder mode to 2 (CubeIDE integrated)
2023-11-03 15:01:59,954 [INFO] CheckServerUpdateThread:120 - End of CheckServer Thread
2023-11-03 15:02:22,919 [ERROR] LogOutputStream:75 - [STDERR_REDIRECT] SLF4J: Failed to load class "org.slf4j.impl.StaticLoggerBinder".
2023-11-03 15:02:22,926 [ERROR] LogOutputStream:75 - [STDERR_REDIRECT] SLF4J: Defaulting to no-operation (NOP) logger implementation
2023-11-03 15:02:22,928 [ERROR] LogOutputStream:75 - [STDERR_REDIRECT] SLF4J: See http://www.slf4j.org/codes.html#StaticLoggerBinder for further details.
2023-11-03 18:58:03,628 [ERROR] LogOutputStream:75 - [STDERR_REDIRECT] Managed Build system manifest file error: Option com.atollic.truestudio.general.runtimelib.1100170824 uses a null category that is invalid in its context. The option was ignored.
2023-11-03 18:58:03,632 [ERROR] LogOutputStream:75 - [STDERR_REDIRECT] Managed Build system manifest file error: Option com.atollic.truestudio.toolchain_options.mcu.578585706 uses a null category that is invalid in its context. The option was ignored.
2023-11-03 18:58:03,635 [ERROR] LogOutputStream:75 - [STDERR_REDIRECT] Managed Build system manifest file error: Option com.atollic.truestudio.toolchain_options.vendor.267637832 uses a null category that is invalid in its context. The option was ignored.
2023-11-03 18:58:03,891 [ERROR] LogOutputStream:75 - [STDERR_REDIRECT] Managed Build system manifest file error: Option com.atollic.truestudio.general.runtimelib.290090724 uses a null category that is invalid in its context. The option was ignored.
2023-11-03 18:58:03,893 [ERROR] LogOutputStream:75 - [STDERR_REDIRECT] Managed Build system manifest file error: Option com.atollic.truestudio.toolchain_options.mcu.268234528 uses a null category that is invalid in its context. The option was ignored.
2023-11-03 18:58:03,894 [ERROR] LogOutputStream:75 - [STDERR_REDIRECT] Managed Build system manifest file error: Option com.atollic.truestudio.toolchain_options.vendor.2097948243 uses a null category that is invalid in its context. The option was ignored.
2023-11-03 18:58:04,363 [ERROR] LogOutputStream:75 - [STDERR_REDIRECT] Managed Build system manifest file error: Option com.atollic.truestudio.general.runtimelib.1100170824 uses a null category that is invalid in its context. The option was ignored.
2023-11-03 18:58:04,369 [ERROR] LogOutputStream:75 - [STDERR_REDIRECT] Managed Build system manifest file error: Option com.atollic.truestudio.toolchain_options.mcu.578585706 uses a null category that is invalid in its context. The option was ignored.
2023-11-03 18:58:04,375 [ERROR] LogOutputStream:75 - [STDERR_REDIRECT] Managed Build system manifest file error: Option com.atollic.truestudio.toolchain_options.vendor.267637832 uses a null category that is invalid in its context. The option was ignored.
2023-11-03 18:58:04,485 [ERROR] LogOutputStream:75 - [STDERR_REDIRECT] Managed Build system manifest file error: Option com.atollic.truestudio.general.runtimelib.290090724 uses a null category that is invalid in its context. The option was ignored.
2023-11-03 18:58:04,493 [ERROR] LogOutputStream:75 - [STDERR_REDIRECT] Managed Build system manifest file error: Option com.atollic.truestudio.toolchain_options.mcu.268234528 uses a null category that is invalid in its context. The option was ignored.
2023-11-03 18:58:04,503 [ERROR] LogOutputStream:75 - [STDERR_REDIRECT] Managed Build system manifest file error: Option com.atollic.truestudio.toolchain_options.vendor.2097948243 uses a null category that is invalid in its context. The option was ignored.
2023-11-03 19:09:55,318 [INFO] Activator:176 - 


2023-11-03 19:09:55,327 [INFO] Activator:177 - !SESSION log4j initialized
2023-11-03 19:09:57,566 [ERROR] LogOutputStream:75 - [STDERR_REDIRECT] Managed Build system manifest file error: Option com.atollic.truestudio.general.runtimelib.1100170824 uses a null category that is invalid in its context. The option was ignored.
2023-11-03 19:09:57,576 [ERROR] LogOutputStream:75 - [STDERR_REDIRECT] Managed Build system manifest file error: Option com.atollic.truestudio.toolchain_options.mcu.578585706 uses a null category that is invalid in its context. The option was ignored.
2023-11-03 19:09:57,577 [ERROR] LogOutputStream:75 - [STDERR_REDIRECT] Managed Build system manifest file error: Option com.atollic.truestudio.toolchain_options.vendor.267637832 uses a null category that is invalid in its context. The option was ignored.
2023-11-03 19:09:57,943 [ERROR] LogOutputStream:75 - [STDERR_REDIRECT] Managed Build system manifest file error: Option com.atollic.truestudio.general.runtimelib.290090724 uses a null category that is invalid in its context. The option was ignored.
2023-11-03 19:09:57,947 [ERROR] LogOutputStream:75 - [STDERR_REDIRECT] Managed Build system manifest file error: Option com.atollic.truestudio.toolchain_options.mcu.268234528 uses a null category that is invalid in its context. The option was ignored.
2023-11-03 19:09:57,950 [ERROR] LogOutputStream:75 - [STDERR_REDIRECT] Managed Build system manifest file error: Option com.atollic.truestudio.toolchain_options.vendor.2097948243 uses a null category that is invalid in its context. The option was ignored.
2023-11-03 19:10:16,684 [INFO] LogOutputStream:77 - [STDOUT_REDIRECT] 
2023-11-03 19:10:25,500 [INFO] ApplicationProperties:184 - Using Application install path: /opt/st/stm32cubeide_1.13.2/plugins/com.st.stm32cube.common.mx_6.9.2.202309101412
2023-11-03 19:10:25,537 [INFO] DbMcusXml:78 - Set database path to: /opt/st/stm32cubeide_1.13.2/plugins/com.st.stm32cube.common.mx_6.9.2.202309101412//db//mcu/
2023-11-03 19:10:25,543 [INFO] ApiDb:274 - Set plugin database path to: /opt/st/stm32cubeide_1.13.2/plugins/com.st.stm32cube.common.mx_6.9.2.202309101412//db//plugins/boardmanager/
2023-11-03 19:10:25,545 [WARN] ApiDb:259 - Overriding images path with different value:  => /opt/st/stm32cubeide_1.13.2/plugins/com.st.stm32cube.common.mx_6.9.2.202309101412//db//plugins/mcufinder/images/
2023-11-03 19:10:25,616 [INFO] ApiDb:250 - Set database path to: /home/osboxes/.stmcufinder/plugins/mcufinder//mcu/
2023-11-03 19:10:25,631 [INFO] DbMcusAds:125 - Set database path to: /home/osboxes/.stmcufinder/plugins/mcufinder//mcu/
2023-11-03 19:10:25,660 [INFO] CrossReferenceDbSqlite:203 - Set database path to: /home/osboxes/.stmcufinder/plugins/mcufinder//mcu/cs/
2023-11-03 19:10:26,218 [INFO] RulesReader:64 - Compatibility file has been processed (293 Rules)
2023-11-03 19:10:26,537 [INFO] DbMcusXml:78 - Set database path to: /opt/st/stm32cubeide_1.13.2/plugins/com.st.stm32cube.common.mx_6.9.2.202309101412//db//mcu/
2023-11-03 19:10:26,537 [INFO] ApiDb:274 - Set plugin database path to: /opt/st/stm32cubeide_1.13.2/plugins/com.st.stm32cube.common.mx_6.9.2.202309101412//db//plugins/boardmanager/
2023-11-03 19:10:26,538 [INFO] ApiDb:261 - Set plugin images path to: /opt/st/stm32cubeide_1.13.2/plugins/com.st.stm32cube.common.mx_6.9.2.202309101412//db//plugins/mcufinder/images/
2023-11-03 19:10:26,538 [WARN] DbFile:41 - Overriding database path with different value: /home/osboxes/.stmcufinder/plugins/mcufinder/ => /home/osboxes/.stmcufinder/plugins/mcufinder
2023-11-03 19:10:26,538 [INFO] ApiDb:250 - Set database path to: /home/osboxes/.stmcufinder/plugins/mcufinder//mcu/
2023-11-03 19:10:26,540 [WARN] DbFile:41 - Overriding database path with different value: /home/osboxes/.stmcufinder/plugins/mcufinder/ => /home/osboxes/.stmcufinder/plugins/mcufinder
2023-11-03 19:10:26,540 [INFO] DbMcusAds:125 - Set database path to: /home/osboxes/.stmcufinder/plugins/mcufinder//mcu/
2023-11-03 19:10:26,540 [WARN] DbFile:41 - Overriding database path with different value: /home/osboxes/.stmcufinder/plugins/mcufinder/ => /home/osboxes/.stmcufinder/plugins/mcufinder
2023-11-03 19:10:26,541 [WARN] DbFile:41 - Overriding database path with different value: /home/osboxes/.stmcufinder/plugins/mcufinder/ => /home/osboxes/.stmcufinder/plugins/mcufinder
2023-11-03 19:10:26,541 [INFO] CrossReferenceDbSqlite:203 - Set database path to: /home/osboxes/.stmcufinder/plugins/mcufinder//mcu/cs/
2023-11-03 19:10:26,921 [INFO] MainPanel:262 - HeapMemory: 268435456
2023-11-03 19:10:27,521 [INFO] DbMcusXml:78 - Set database path to: /opt/st/stm32cubeide_1.13.2/plugins/com.st.stm32cube.common.mx_6.9.2.202309101412//db//mcu/
2023-11-03 19:10:27,522 [INFO] ApiDb:274 - Set plugin database path to: /opt/st/stm32cubeide_1.13.2/plugins/com.st.stm32cube.common.mx_6.9.2.202309101412//db//plugins/boardmanager/
2023-11-03 19:10:27,522 [INFO] ApiDb:261 - Set plugin images path to: /opt/st/stm32cubeide_1.13.2/plugins/com.st.stm32cube.common.mx_6.9.2.202309101412//db//plugins/mcufinder/images/
2023-11-03 19:10:27,524 [WARN] DbFile:41 - Overriding database path with different value: /home/osboxes/.stmcufinder/plugins/mcufinder/ => /home/osboxes/.stmcufinder/plugins/mcufinder
2023-11-03 19:10:27,524 [INFO] ApiDb:250 - Set database path to: /home/osboxes/.stmcufinder/plugins/mcufinder//mcu/
2023-11-03 19:10:27,525 [WARN] DbFile:41 - Overriding database path with different value: /home/osboxes/.stmcufinder/plugins/mcufinder/ => /home/osboxes/.stmcufinder/plugins/mcufinder
2023-11-03 19:10:27,525 [INFO] DbMcusAds:125 - Set database path to: /home/osboxes/.stmcufinder/plugins/mcufinder//mcu/
2023-11-03 19:10:27,526 [WARN] DbFile:41 - Overriding database path with different value: /home/osboxes/.stmcufinder/plugins/mcufinder/ => /home/osboxes/.stmcufinder/plugins/mcufinder
2023-11-03 19:10:27,526 [WARN] DbFile:41 - Overriding database path with different value: /home/osboxes/.stmcufinder/plugins/mcufinder/ => /home/osboxes/.stmcufinder/plugins/mcufinder
2023-11-03 19:10:27,526 [INFO] CrossReferenceDbSqlite:203 - Set database path to: /home/osboxes/.stmcufinder/plugins/mcufinder//mcu/cs/
2023-11-03 19:10:27,609 [INFO] ApplicationProperties:184 - Using Application install path: /opt/st/stm32cubeide_1.13.2/plugins/com.st.stm32cube.common.mx_6.9.2.202309101412
2023-11-03 19:10:27,618 [INFO] PluginManage:196 - Search for loadable plugins [exclusion list=, ]
2023-11-03 19:10:27,623 [INFO] PluginManage:310 - Check plugin analytics
2023-11-03 19:10:28,649 [INFO] AnalyticsPlugin:253 - Accepted Software Licenses: 
2023-11-03 19:10:28,649 [INFO] AnalyticsPlugin:255 - Accepted CMSIS Pack Licenses: STMicroelectronics.X-CUBE-NFC4.3.0.0
2023-11-03 19:10:28,649 [INFO] AnalyticsPlugin:257 - Accepted Firmware Licenses: FW.F4.1.27.0
2023-11-03 19:10:28,674 [INFO] PluginManage:359 - Loaded plugin analytics (category:tool,tabindex:-1)
2023-11-03 19:10:28,676 [INFO] PluginManage:310 - Check plugin cadmodel
2023-11-03 19:10:28,856 [INFO] CADModel:105 - Init CAD model plugin
2023-11-03 19:10:28,856 [INFO] PluginManage:359 - Loaded plugin cadmodel (category:power,tabindex:5)
2023-11-03 19:10:28,856 [INFO] PluginManage:310 - Check plugin clock
2023-11-03 19:10:28,914 [INFO] PluginManage:359 - Loaded plugin clock (category:base,tabindex:2)
2023-11-03 19:10:28,915 [INFO] PluginManage:310 - Check plugin ddr
2023-11-03 19:10:28,934 [INFO] PluginManage:359 - Loaded plugin ddr (category:tool,tabindex:6)
2023-11-03 19:10:28,935 [INFO] PluginManage:310 - Check plugin filemanager
2023-11-03 19:10:29,562 [INFO] PluginManage:359 - Loaded plugin filemanager (category:base,tabindex:10)
2023-11-03 19:10:29,563 [INFO] PluginManage:310 - Check plugin ipmanager
2023-11-03 19:10:29,592 [INFO] PluginManage:359 - Loaded plugin ipmanager (category:base,tabindex:5)
2023-11-03 19:10:29,593 [INFO] PluginManage:310 - Check plugin lpbam
2023-11-03 19:10:29,643 [INFO] PluginManage:359 - Loaded plugin lpbam (category:base,tabindex:0)
2023-11-03 19:10:29,645 [INFO] PluginManage:310 - Check plugin memorymap
2023-11-03 19:10:29,767 [INFO] PluginManage:359 - Loaded plugin memorymap (category:base,tabindex:4)
2023-11-03 19:10:29,777 [INFO] PluginManage:310 - Check plugin pinoutandconfiguration
2023-11-03 19:10:29,815 [INFO] PluginManage:359 - Loaded plugin pinoutandconfiguration (category:base,tabindex:1)
2023-11-03 19:10:29,816 [INFO] PluginManage:310 - Check plugin pinoutconfig
2023-11-03 19:10:30,228 [WARN] SupportedApi:132 - Cannot load RTOS API schema: s4s-elt-must-match.1: The content of 'definitions' must match (annotation?, (simpleType | complexType)?, (unique | key | keyref)*)). A problem was found starting at: attribute.
2023-11-03 19:10:31,284 [INFO] PluginManage:359 - Loaded plugin pinoutconfig (category:base,tabindex:0)
2023-11-03 19:10:31,284 [INFO] PluginManage:310 - Check plugin power
2023-11-03 19:10:31,364 [INFO] PluginManage:359 - Loaded plugin power (category:power,tabindex:4)
2023-11-03 19:10:31,364 [INFO] PluginManage:310 - Check plugin projectmanager
2023-11-03 19:10:31,489 [INFO] PluginManage:359 - Loaded plugin projectmanager (category:projectmanager,tabindex:3)
2023-11-03 19:10:31,493 [INFO] PluginManage:310 - Check plugin thirdparty
2023-11-03 19:10:32,100 [INFO] PluginManage:359 - Loaded plugin thirdparty (category:base,tabindex:-1)
2023-11-03 19:10:32,100 [INFO] PluginManage:310 - Check plugin tools
2023-11-03 19:10:32,101 [WARN] IntegrityCheckThread:84 - waiting for thirdparty lock release [integrity check]
2023-11-03 19:10:32,114 [INFO] IntegrityCheckThread:86 - entering critical section [integrity check]
2023-11-03 19:10:32,115 [INFO] ThirdPartyUpdaterWithRetryManager:70 - Updater plugin not ready yet. [1/15]
2023-11-03 19:10:32,105 [INFO] PluginManage:359 - Loaded plugin tools (category:base,tabindex:7)
2023-11-03 19:10:32,115 [INFO] PluginManage:310 - Check plugin tutovideos
2023-11-03 19:10:33,008 [INFO] PluginManage:359 - Loaded plugin tutovideos (category:base,tabindex:-1)
2023-11-03 19:10:33,008 [INFO] PluginManage:310 - Check plugin updater
2023-11-03 19:10:33,129 [INFO] PluginManage:359 - Loaded plugin updater (category:base,tabindex:12)
2023-11-03 19:10:33,129 [INFO] PluginManage:310 - Check plugin userauth
2023-11-03 19:10:33,160 [INFO] UserAuth:113 - Init User Auth plugin
2023-11-03 19:10:33,161 [INFO] PluginManage:359 - Loaded plugin userauth (category:base,tabindex:14)
2023-11-03 19:10:33,171 [INFO] PluginManage:283 - PluginManage : Loaded plugins [17]
2023-11-03 19:10:34,322 [INFO] PinOutPanel:1499 - setPackage(No Configuration,No Configuration)
2023-11-03 19:10:34,714 [INFO] CADModel:165 - CPN selected for project level
2023-11-03 19:10:34,719 [INFO] CADModel:114 - Register for checkConnection events
2023-11-03 19:10:34,767 [INFO] IPUIPlugin:80 - create IPUIPlugin
2023-11-03 19:10:34,768 [INFO] PluginManager:220 - loadIPPluginJar : add dma3
2023-11-03 19:10:34,774 [INFO] IPUIPlugin:80 - create IPUIPlugin
2023-11-03 19:10:34,776 [INFO] PluginManager:220 - loadIPPluginJar : add tracer_emb
2023-11-03 19:10:34,787 [INFO] IPUIPlugin:80 - create IPUIPlugin
2023-11-03 19:10:34,787 [INFO] PluginManager:220 - loadIPPluginJar : add gpio
2023-11-03 19:10:34,815 [INFO] IPUIPlugin:80 - create IPUIPlugin
2023-11-03 19:10:34,820 [INFO] PluginManager:220 - loadIPPluginJar : add ipddr
2023-11-03 19:10:34,836 [INFO] IPUIPlugin:80 - create IPUIPlugin
2023-11-03 19:10:34,839 [INFO] PluginManager:220 - loadIPPluginJar : add sai
2023-11-03 19:10:34,856 [INFO] IPUIPlugin:80 - create IPUIPlugin
2023-11-03 19:10:34,856 [INFO] PluginManager:220 - loadIPPluginJar : add i2s
2023-11-03 19:10:34,881 [INFO] IPUIPlugin:80 - create IPUIPlugin
2023-11-03 19:10:34,885 [INFO] PluginManager:220 - loadIPPluginJar : add dma
2023-11-03 19:10:34,903 [INFO] IPUIPlugin:80 - create IPUIPlugin
2023-11-03 19:10:34,903 [INFO] PluginManager:220 - loadIPPluginJar : add fmc
2023-11-03 19:10:34,916 [INFO] IPUIPlugin:80 - create IPUIPlugin
2023-11-03 19:10:34,916 [INFO] PluginManager:220 - loadIPPluginJar : add hash
2023-11-03 19:10:34,919 [INFO] IPUIPlugin:80 - create IPUIPlugin
2023-11-03 19:10:34,926 [INFO] PluginManager:220 - loadIPPluginJar : add spi
2023-11-03 19:10:34,934 [INFO] IPUIPlugin:80 - create IPUIPlugin
2023-11-03 19:10:34,934 [INFO] PluginManager:220 - loadIPPluginJar : add nvic
2023-11-03 19:10:34,967 [INFO] IPUIPlugin:80 - create IPUIPlugin
2023-11-03 19:10:34,967 [INFO] PluginManager:220 - loadIPPluginJar : add stm32_wpan
2023-11-03 19:10:34,972 [INFO] IPUIPlugin:80 - create IPUIPlugin
2023-11-03 19:10:34,972 [INFO] PluginManager:220 - loadIPPluginJar : add comp
2023-11-03 19:10:34,986 [INFO] IPUIPlugin:80 - create IPUIPlugin
2023-11-03 19:10:34,986 [INFO] PluginManager:220 - loadIPPluginJar : add gfxmmu
2023-11-03 19:10:34,996 [INFO] IPUIPlugin:80 - create IPUIPlugin
2023-11-03 19:10:34,996 [INFO] PluginManager:220 - loadIPPluginJar : add aes
2023-11-03 19:10:35,000 [INFO] IPUIPlugin:80 - create IPUIPlugin
2023-11-03 19:10:35,000 [INFO] PluginManager:220 - loadIPPluginJar : add fatfs
2023-11-03 19:10:35,021 [INFO] IPUIPlugin:80 - create IPUIPlugin
2023-11-03 19:10:35,022 [INFO] PluginManager:220 - loadIPPluginJar : add openamp
2023-11-03 19:10:35,034 [INFO] IPUIPlugin:80 - create IPUIPlugin
2023-11-03 19:10:35,038 [INFO] PluginManager:220 - loadIPPluginJar : add pdm2pcm
2023-11-03 19:10:35,047 [INFO] IPUIPlugin:80 - create IPUIPlugin
2023-11-03 19:10:35,047 [INFO] PluginManager:220 - loadIPPluginJar : add tim
2023-11-03 19:10:35,055 [INFO] IPUIPlugin:80 - create IPUIPlugin
2023-11-03 19:10:35,058 [INFO] PluginManager:220 - loadIPPluginJar : add resmgrutility
2023-11-03 19:10:35,064 [INFO] IPUIPlugin:80 - create IPUIPlugin
2023-11-03 19:10:35,064 [INFO] PluginManager:220 - loadIPPluginJar : add ltdc
2023-11-03 19:10:35,069 [INFO] IPUIPlugin:80 - create IPUIPlugin
2023-11-03 19:10:35,070 [INFO] PluginManager:220 - loadIPPluginJar : add ucpd
2023-11-03 19:10:35,083 [INFO] IPUIPlugin:80 - create IPUIPlugin
2023-11-03 19:10:35,083 [INFO] PluginManager:220 - loadIPPluginJar : add usbx
2023-11-03 19:10:35,103 [INFO] IPUIPlugin:80 - create IPUIPlugin
2023-11-03 19:10:35,103 [INFO] PluginManager:220 - loadIPPluginJar : add cryp
2023-11-03 19:10:35,116 [INFO] ThirdPartyUpdaterWithRetryManager:70 - Updater plugin not ready yet. [2/15]
2023-11-03 19:10:35,144 [INFO] IPUIPlugin:80 - create IPUIPlugin
2023-11-03 19:10:35,146 [INFO] PluginManager:220 - loadIPPluginJar : add gic
2023-11-03 19:10:35,168 [INFO] IPUIPlugin:80 - create IPUIPlugin
2023-11-03 19:10:35,168 [INFO] PluginManager:220 - loadIPPluginJar : add adc
2023-11-03 19:10:35,178 [INFO] IPUIPlugin:80 - create IPUIPlugin
2023-11-03 19:10:35,178 [INFO] PluginManager:220 - loadIPPluginJar : add ts
2023-11-03 19:10:35,194 [INFO] IPUIPlugin:80 - create IPUIPlugin
2023-11-03 19:10:35,194 [INFO] PluginManager:220 - loadIPPluginJar : add touchsensing
2023-11-03 19:10:35,216 [INFO] IPUIPlugin:80 - create IPUIPlugin
2023-11-03 19:10:35,216 [INFO] PluginManager:220 - loadIPPluginJar : add dfsdm
2023-11-03 19:10:35,329 [INFO] IPUIPlugin:80 - create IPUIPlugin
2023-11-03 19:10:35,330 [INFO] PluginManager:220 - loadIPPluginJar : add usart
2023-11-03 19:10:35,345 [INFO] IPUIPlugin:80 - create IPUIPlugin
2023-11-03 19:10:35,359 [INFO] PluginManager:220 - loadIPPluginJar : add lorawan
2023-11-03 19:10:35,368 [INFO] IPUIPlugin:80 - create IPUIPlugin
2023-11-03 19:10:35,368 [INFO] PluginManager:220 - loadIPPluginJar : add tsc
2023-11-03 19:10:35,427 [INFO] IPUIPlugin:80 - create IPUIPlugin
2023-11-03 19:10:35,427 [INFO] PluginManager:220 - loadIPPluginJar : add linkedlist
2023-11-03 19:10:35,471 [INFO] IPUIPlugin:80 - create IPUIPlugin
2023-11-03 19:10:35,475 [INFO] PluginManager:220 - loadIPPluginJar : add plateformsettings
2023-11-03 19:10:35,477 [INFO] IPUIPlugin:80 - create IPUIPlugin
2023-11-03 19:10:35,478 [INFO] PluginManager:220 - loadIPPluginJar : add genericplugin
2023-11-03 19:10:35,509 [INFO] IPUIPlugin:80 - create IPUIPlugin
2023-11-03 19:10:35,512 [INFO] PluginManager:220 - loadIPPluginJar : add mdma
2023-11-03 19:10:35,553 [INFO] IPUIPlugin:80 - create IPUIPlugin
2023-11-03 19:10:35,553 [INFO] PluginManager:220 - loadIPPluginJar : add gtzc
2023-11-03 19:10:35,574 [INFO] IPUIPlugin:80 - create IPUIPlugin
2023-11-03 19:10:35,584 [INFO] PluginManager:220 - loadIPPluginJar : add can
2023-11-03 19:10:35,624 [INFO] IPUIPlugin:80 - create IPUIPlugin
2023-11-03 19:10:35,624 [INFO] PluginManager:220 - loadIPPluginJar : add i3c
2023-11-03 19:10:35,656 [INFO] IPUIPlugin:80 - create IPUIPlugin
2023-11-03 19:10:35,657 [INFO] PluginManager:220 - loadIPPluginJar : add freertos
2023-11-03 19:10:35,666 [INFO] IPUIPlugin:80 - create IPUIPlugin
2023-11-03 19:10:35,667 [INFO] PluginManager:220 - loadIPPluginJar : add quadspi
2023-11-03 19:10:35,679 [INFO] IPUIPlugin:80 - create IPUIPlugin
2023-11-03 19:10:35,682 [INFO] PluginManager:220 - loadIPPluginJar : add opamp
2023-11-03 19:10:35,699 [INFO] IPUIPlugin:80 - create IPUIPlugin
2023-11-03 19:10:35,700 [INFO] PluginManager:220 - loadIPPluginJar : add i2c
2023-11-03 19:10:35,978 [INFO] CADModel:165 - CPN selected for project level
2023-11-03 19:10:35,980 [INFO] CADModel:114 - Register for checkConnection events
2023-11-03 19:10:35,981 [FATAL] Updater:308 - Updater called before beeing initialized
2023-11-03 19:10:35,983 [ERROR] CADModel:125 - Updater not yet initialized, retry later 
2023-11-03 19:10:36,672 [INFO] CADModel:165 - CPN selected for project level
2023-11-03 19:10:36,673 [INFO] CADModel:114 - Register for checkConnection events
2023-11-03 19:10:36,673 [FATAL] Updater:308 - Updater called before beeing initialized
2023-11-03 19:10:36,673 [ERROR] CADModel:125 - Updater not yet initialized, retry later 
2023-11-03 19:10:36,706 [FATAL] Updater:308 - Updater called before beeing initialized
2023-11-03 19:10:37,263 [FATAL] Updater:308 - Updater called before beeing initialized
2023-11-03 19:10:37,292 [INFO] DbMcusAds:53 - JSON generation date=Tue Mar 07 05:50:55 ART 2023 (1678179055114)
2023-11-03 19:10:37,292 [FATAL] Updater:308 - Updater called before beeing initialized
2023-11-03 19:10:37,442 [WARN] DetailPanel:346 - Failed to get advertising image, set to default
2023-11-03 19:10:37,632 [FATAL] Updater:308 - Updater called before beeing initialized
2023-11-03 19:10:37,641 [FATAL] Updater:308 - Updater called before beeing initialized
2023-11-03 19:10:37,641 [FATAL] Updater:308 - Updater called before beeing initialized
2023-11-03 19:10:37,641 [WARN] DetailPanel:346 - Failed to get advertising image, set to default
2023-11-03 19:10:37,649 [FATAL] Updater:308 - Updater called before beeing initialized
2023-11-03 19:10:37,809 [ERROR] Updater:1120 - MainUpdater not yet initialized. External WinMGr cannot be set.
2023-11-03 19:10:37,813 [INFO] Updater:1056 - Updater Version found : 6.9.2
2023-11-03 19:10:37,933 [INFO] ApplicationProperties:184 - Using Application install path: /opt/st/stm32cubeide_1.13.2/plugins/com.st.stm32cube.common.mx_6.9.2.202309101412
2023-11-03 19:10:38,117 [INFO] ThirdPartyUpdaterWithRetryManager:70 - Updater plugin not ready yet. [3/15]
2023-11-03 19:10:39,217 [INFO] MainUpdater:2868 - connection check result : 10
2023-11-03 19:10:39,230 [INFO] MainUpdater:285 - Updater Check For Update Now.
2023-11-03 19:10:39,231 [INFO] MicroXplorer:498 - Change Database Version : DB.6.0.92
2023-11-03 19:10:39,252 [INFO] McuFinderGlobals:63 - Set McuFinder mode to 2 (CubeIDE integrated)
2023-11-03 19:10:39,700 [INFO] CheckServerUpdateThread:120 - End of CheckServer Thread
2023-11-03 19:10:41,819 [WARN] PackLoader:240 - Cannot read IP mode file for STMicroelectronics.X-CUBE-SMBUS.2.1.0
2023-11-03 19:10:42,127 [WARN] PackLoader:240 - Cannot read IP mode file for STMicroelectronics.X-CUBE-AZRTOS-F7.1.1.0
2023-11-03 19:10:42,206 [WARN] PackLoader:240 - Cannot read IP mode file for STMicroelectronics.FP-SNS-MOTENV1.4.3.2
2023-11-03 19:10:42,264 [WARN] PackLoader:240 - Cannot read IP mode file for STMicroelectronics.FP-SNS-FLIGHT1.5.0.2
2023-11-03 19:10:42,331 [WARN] PackLoader:240 - Cannot read IP mode file for STMicroelectronics.X-CUBE-DISPLAY.3.0.0
2023-11-03 19:10:42,412 [WARN] PackLoader:240 - Cannot read IP mode file for STMicroelectronics.X-CUBE-BLE1.7.0.0
2023-11-03 19:10:42,444 [WARN] PackLoader:240 - Cannot read IP mode file for emotas.I-CUBE-CANOPEN.1.3.0
2023-11-03 19:10:42,477 [WARN] PackLoader:240 - Cannot read IP mode file for STMicroelectronics.X-CUBE-TOUCHGFX.4.22.1
2023-11-03 19:10:42,499 [WARN] PackLoader:240 - Cannot read IP mode file for STMicroelectronics.FP-SNS-SMARTAG2.1.2.0
2023-11-03 19:10:42,570 [INFO] LogOutputStream:77 - [STDOUT_REDIRECT] 1 : Invalid condition id : UX_CORESTACK_Condition cause : null
2023-11-03 19:10:42,578 [INFO] LogOutputStream:77 - [STDOUT_REDIRECT] 1 : Invalid condition id : UX_CORESTACK_Condition cause : null
2023-11-03 19:10:42,578 [INFO] LogOutputStream:77 - [STDOUT_REDIRECT] 1 : Invalid condition id : UX_CORESTACK_Condition cause : null
2023-11-03 19:10:42,578 [INFO] LogOutputStream:77 - [STDOUT_REDIRECT] 1 : Invalid condition id : UX_CORESTACK_Condition cause : null
2023-11-03 19:10:42,579 [INFO] LogOutputStream:77 - [STDOUT_REDIRECT] 1 : Invalid condition id : UX_CORESTACK_Condition cause : null
2023-11-03 19:10:42,597 [WARN] PackLoader:240 - Cannot read IP mode file for STMicroelectronics.X-CUBE-AZRTOS-WL.2.0.0
2023-11-03 19:10:42,650 [WARN] PackLoader:240 - Cannot read IP mode file for WES.I-CUBE-Cesium.1.3.0
2023-11-03 19:10:42,680 [WARN] PackLoader:240 - Cannot read IP mode file for STMicroelectronics.X-CUBE-BLE2.3.3.0
2023-11-03 19:10:42,713 [WARN] PackLoader:240 - Cannot read IP mode file for STMicroelectronics.X-CUBE-ALGOBUILD.1.3.0
2023-11-03 19:10:42,845 [WARN] PackLoader:240 - Cannot read IP mode file for STMicroelectronics.X-CUBE-AZRTOS-G0.1.1.0
2023-11-03 19:10:42,969 [WARN] PackLoader:240 - Cannot read IP mode file for STMicroelectronics.X-CUBE-NFC4.3.0.0
2023-11-03 19:10:43,524 [WARN] PackLoader:240 - Cannot read IP mode file for STMicroelectronics.FP-ATR-SIGFOX1.3.2.0
2023-11-03 19:10:43,682 [WARN] PackLoader:240 - Cannot read IP mode file for SEGGER.I-CUBE-embOS.1.3.1
2023-11-03 19:10:43,865 [WARN] PackLoader:240 - Cannot read IP mode file for STMicroelectronics.X-CUBE-GNSS1.6.0.0
2023-11-03 19:10:44,013 [WARN] PackLoader:240 - Cannot read IP mode file for STMicroelectronics.X-CUBE-AZRTOS-F4.1.1.0
2023-11-03 19:10:44,048 [WARN] PackLoader:240 - Cannot read IP mode file for wolfSSL.I-CUBE-wolfSSL.5.6.3
2023-11-03 19:10:44,234 [WARN] PackLoader:240 - Cannot read IP mode file for STMicroelectronics.X-CUBE-AZRTOS-L5.2.0.0
2023-11-03 19:10:44,478 [WARN] PackLoader:240 - Cannot read IP mode file for STMicroelectronics.X-CUBE-MEMS1.9.6.0
2023-11-03 19:10:46,153 [WARN] PackLoader:240 - Cannot read IP mode file for STMicroelectronics.X-CUBE-EEPRMA1.4.2.0
2023-11-03 19:10:46,201 [WARN] PackLoader:240 - Cannot read IP mode file for ITTIA_DB.I-CUBE-ITTIADB.8.8.0
2023-11-03 19:10:46,260 [WARN] PackLoader:240 - Cannot read IP mode file for STMicroelectronics.X-CUBE-BLEMGR.2.0.0
2023-11-03 19:10:46,373 [WARN] ConditionMgr:438 - getConditionDescription Invalid condition id : UX DEVICE CLASS RTOS Condition cause : null
2023-11-03 19:10:46,374 [WARN] ConditionMgr:438 - getConditionDescription Invalid condition id : UX DEVICE CLASS RTOS Condition cause : null
2023-11-03 19:10:46,388 [WARN] PackLoader:240 - Cannot read IP mode file for STMicroelectronics.X-CUBE-AZRTOS-H7.3.1.0
2023-11-03 19:10:46,398 [WARN] ConditionMgr:1039 - genDependencies : Invalid condition id : UX DEVICE CLASS RTOS Condition cause : null
2023-11-03 19:10:46,398 [WARN] ConditionMgr:1039 - genDependencies : Invalid condition id : UX DEVICE CLASS RTOS Condition cause : null
2023-11-03 19:10:46,404 [WARN] ConditionMgr:1039 - genDependencies : Invalid condition id : UX DEVICE CLASS RTOS Condition cause : null
2023-11-03 19:10:46,405 [WARN] ConditionMgr:1039 - genDependencies : Invalid condition id : UX DEVICE CLASS RTOS Condition cause : null
2023-11-03 19:10:46,405 [WARN] ConditionMgr:1039 - genDependencies : Invalid condition id : UX DEVICE CLASS RTOS Condition cause : null
2023-11-03 19:10:46,434 [WARN] PackLoader:240 - Cannot read IP mode file for STMicroelectronics.X-CUBE-NFC7.1.0.1
2023-11-03 19:10:46,456 [WARN] PackLoader:240 - Cannot read IP mode file for STMicroelectronics.X-CUBE-NFC6.3.0.0
2023-11-03 19:10:46,484 [WARN] PackLoader:240 - Cannot read IP mode file for STMicroelectronics.X-CUBE-EEPRMA1.4.1.0
2023-11-03 19:10:46,552 [WARN] PackLoader:240 - Cannot read IP mode file for STMicroelectronics.X-CUBE-AI.8.1.0
2023-11-03 19:10:46,622 [WARN] ConditionMgr:438 - getConditionDescription Invalid condition id : LAN8742 Phy interface Condition cause : null
2023-11-03 19:10:46,626 [WARN] PackLoader:240 - Cannot read IP mode file for STMicroelectronics.X-CUBE-AZRTOS-L4.2.0.0
2023-11-03 19:10:46,638 [WARN] ConditionMgr:1039 - genDependencies : Invalid condition id : LAN8742 Phy interface Condition cause : null
2023-11-03 19:10:46,644 [WARN] ConditionMgr:1039 - genDependencies : Invalid condition id : LAN8742 Phy interface Condition cause : null
2023-11-03 19:10:46,683 [WARN] ConditionMgr:1039 - genDependencies : Invalid condition id : LAN8742 Phy interface Condition cause : null
2023-11-03 19:10:46,734 [WARN] PackLoader:240 - Cannot read IP mode file for STMicroelectronics.X-CUBE-SFXS2LP1.4.0.0
2023-11-03 19:10:46,756 [WARN] PackLoader:240 - Cannot read IP mode file for STMicroelectronics.X-CUBE-ISPU.1.1.0
2023-11-03 19:10:46,797 [WARN] ConditionMgr:438 - getConditionDescription Invalid condition id : UX DEVICE CLASS RTOS Condition cause : null
2023-11-03 19:10:46,797 [WARN] ConditionMgr:438 - getConditionDescription Invalid condition id : UX DEVICE CLASS RTOS Condition cause : null
2023-11-03 19:10:46,808 [WARN] PackLoader:240 - Cannot read IP mode file for STMicroelectronics.X-CUBE-AZRTOS-WB.2.0.0
2023-11-03 19:10:46,809 [WARN] ConditionMgr:1039 - genDependencies : Invalid condition id : UX DEVICE CLASS RTOS Condition cause : null
2023-11-03 19:10:46,809 [WARN] ConditionMgr:1039 - genDependencies : Invalid condition id : UX DEVICE CLASS RTOS Condition cause : null
2023-11-03 19:10:46,809 [WARN] ConditionMgr:1039 - genDependencies : Invalid condition id : UX DEVICE CLASS RTOS Condition cause : null
2023-11-03 19:10:46,810 [WARN] ConditionMgr:1039 - genDependencies : Invalid condition id : UX DEVICE CLASS RTOS Condition cause : null
2023-11-03 19:10:46,810 [WARN] ConditionMgr:1039 - genDependencies : Invalid condition id : UX DEVICE CLASS RTOS Condition cause : null
2023-11-03 19:10:46,848 [WARN] PackLoader:240 - Cannot read IP mode file for STMicroelectronics.X-CUBE-SUBG2.5.0.0
2023-11-03 19:10:46,924 [WARN] PackLoader:240 - Cannot read IP mode file for STMicroelectronics.X-CUBE-TOF1.3.3.1
2023-11-03 19:10:47,019 [WARN] PackLoader:240 - Cannot read IP mode file for STMicroelectronics.X-CUBE-AZRTOS-G4.2.0.0
2023-11-03 19:10:47,075 [WARN] PackLoader:240 - Cannot read IP mode file for Infineon.AIROC-Wi-Fi-Bluetooth-STM32.1.5.1
2023-11-03 19:10:47,293 [WARN] PackLoader:240 - Cannot read IP mode file for STMicroelectronics.X-CUBE-MEMS1.10.0.0
2023-11-03 19:10:48,113 [WARN] PackLoader:240 - Cannot read IP mode file for STMicroelectronics.X-CUBE-FREERTOS.1.1.0
2023-11-03 19:10:48,146 [WARN] PackLoader:240 - Cannot read IP mode file for portGmbH.I-Cube-SoM-uGOAL.1.1.0
2023-11-03 19:10:48,187 [WARN] PackLoader:240 - Cannot read IP mode file for STMicroelectronics.X-CUBE-ALS.1.0.1
2023-11-03 19:10:48,227 [WARN] PackLoader:240 - Cannot read IP mode file for STMicroelectronics.FP-ATR-ASTRA1.2.0.0
2023-11-03 19:10:48,228 [INFO] ThirdParty:978 - Integrity check success = true
2023-11-03 19:10:48,229 [INFO] IntegrityCheckThread:100 - exiting critical section [integrity check]
2023-11-03 19:10:48,238 [INFO] IntegrityCheckThread:103 - End integrity checks thread
2023-11-03 19:11:02,611 [ERROR] LogOutputStream:75 - [STDERR_REDIRECT] SLF4J: Failed to load class "org.slf4j.impl.StaticLoggerBinder".
2023-11-03 19:11:02,616 [ERROR] LogOutputStream:75 - [STDERR_REDIRECT] SLF4J: Defaulting to no-operation (NOP) logger implementation
2023-11-03 19:11:02,616 [ERROR] LogOutputStream:75 - [STDERR_REDIRECT] SLF4J: See http://www.slf4j.org/codes.html#StaticLoggerBinder for further details.
2023-11-03 19:21:47,449 [INFO] Activator:176 - 


2023-11-03 19:21:47,463 [INFO] Activator:177 - !SESSION log4j initialized
2023-11-03 19:21:54,593 [ERROR] LogOutputStream:75 - [STDERR_REDIRECT] Managed Build system manifest file error: Option com.atollic.truestudio.general.runtimelib.1100170824 uses a null category that is invalid in its context. The option was ignored.
2023-11-03 19:21:54,602 [ERROR] LogOutputStream:75 - [STDERR_REDIRECT] Managed Build system manifest file error: Option com.atollic.truestudio.toolchain_options.mcu.578585706 uses a null category that is invalid in its context. The option was ignored.
2023-11-03 19:21:54,604 [ERROR] LogOutputStream:75 - [STDERR_REDIRECT] Managed Build system manifest file error: Option com.atollic.truestudio.toolchain_options.vendor.267637832 uses a null category that is invalid in its context. The option was ignored.
2023-11-03 19:21:54,842 [ERROR] LogOutputStream:75 - [STDERR_REDIRECT] Managed Build system manifest file error: Option com.atollic.truestudio.general.runtimelib.290090724 uses a null category that is invalid in its context. The option was ignored.
2023-11-03 19:21:54,844 [ERROR] LogOutputStream:75 - [STDERR_REDIRECT] Managed Build system manifest file error: Option com.atollic.truestudio.toolchain_options.mcu.268234528 uses a null category that is invalid in its context. The option was ignored.
2023-11-03 19:21:54,848 [ERROR] LogOutputStream:75 - [STDERR_REDIRECT] Managed Build system manifest file error: Option com.atollic.truestudio.toolchain_options.vendor.2097948243 uses a null category that is invalid in its context. The option was ignored.
2023-11-03 19:22:02,786 [INFO] LogOutputStream:77 - [STDOUT_REDIRECT] 
2023-11-03 19:22:11,144 [INFO] ApplicationProperties:184 - Using Application install path: /opt/st/stm32cubeide_1.13.2/plugins/com.st.stm32cube.common.mx_6.9.2.202309101412
2023-11-03 19:22:11,194 [INFO] DbMcusXml:78 - Set database path to: /opt/st/stm32cubeide_1.13.2/plugins/com.st.stm32cube.common.mx_6.9.2.202309101412//db//mcu/
2023-11-03 19:22:11,195 [INFO] ApiDb:274 - Set plugin database path to: /opt/st/stm32cubeide_1.13.2/plugins/com.st.stm32cube.common.mx_6.9.2.202309101412//db//plugins/boardmanager/
2023-11-03 19:22:11,198 [WARN] ApiDb:259 - Overriding images path with different value:  => /opt/st/stm32cubeide_1.13.2/plugins/com.st.stm32cube.common.mx_6.9.2.202309101412//db//plugins/mcufinder/images/
2023-11-03 19:22:11,232 [INFO] ApiDb:250 - Set database path to: /home/osboxes/.stmcufinder/plugins/mcufinder//mcu/
2023-11-03 19:22:11,234 [INFO] DbMcusAds:125 - Set database path to: /home/osboxes/.stmcufinder/plugins/mcufinder//mcu/
2023-11-03 19:22:11,243 [INFO] CrossReferenceDbSqlite:203 - Set database path to: /home/osboxes/.stmcufinder/plugins/mcufinder//mcu/cs/
2023-11-03 19:22:11,869 [INFO] RulesReader:64 - Compatibility file has been processed (293 Rules)
2023-11-03 19:22:12,271 [INFO] DbMcusXml:78 - Set database path to: /opt/st/stm32cubeide_1.13.2/plugins/com.st.stm32cube.common.mx_6.9.2.202309101412//db//mcu/
2023-11-03 19:22:12,271 [INFO] ApiDb:274 - Set plugin database path to: /opt/st/stm32cubeide_1.13.2/plugins/com.st.stm32cube.common.mx_6.9.2.202309101412//db//plugins/boardmanager/
2023-11-03 19:22:12,273 [INFO] ApiDb:261 - Set plugin images path to: /opt/st/stm32cubeide_1.13.2/plugins/com.st.stm32cube.common.mx_6.9.2.202309101412//db//plugins/mcufinder/images/
2023-11-03 19:22:12,274 [WARN] DbFile:41 - Overriding database path with different value: /home/osboxes/.stmcufinder/plugins/mcufinder/ => /home/osboxes/.stmcufinder/plugins/mcufinder
2023-11-03 19:22:12,274 [INFO] ApiDb:250 - Set database path to: /home/osboxes/.stmcufinder/plugins/mcufinder//mcu/
2023-11-03 19:22:12,274 [WARN] DbFile:41 - Overriding database path with different value: /home/osboxes/.stmcufinder/plugins/mcufinder/ => /home/osboxes/.stmcufinder/plugins/mcufinder
2023-11-03 19:22:12,274 [INFO] DbMcusAds:125 - Set database path to: /home/osboxes/.stmcufinder/plugins/mcufinder//mcu/
2023-11-03 19:22:12,274 [WARN] DbFile:41 - Overriding database path with different value: /home/osboxes/.stmcufinder/plugins/mcufinder/ => /home/osboxes/.stmcufinder/plugins/mcufinder
2023-11-03 19:22:12,274 [WARN] DbFile:41 - Overriding database path with different value: /home/osboxes/.stmcufinder/plugins/mcufinder/ => /home/osboxes/.stmcufinder/plugins/mcufinder
2023-11-03 19:22:12,275 [INFO] CrossReferenceDbSqlite:203 - Set database path to: /home/osboxes/.stmcufinder/plugins/mcufinder//mcu/cs/
2023-11-03 19:22:12,537 [INFO] MainPanel:262 - HeapMemory: 268435456
2023-11-03 19:22:12,853 [INFO] DbMcusXml:78 - Set database path to: /opt/st/stm32cubeide_1.13.2/plugins/com.st.stm32cube.common.mx_6.9.2.202309101412//db//mcu/
2023-11-03 19:22:12,853 [INFO] ApiDb:274 - Set plugin database path to: /opt/st/stm32cubeide_1.13.2/plugins/com.st.stm32cube.common.mx_6.9.2.202309101412//db//plugins/boardmanager/
2023-11-03 19:22:12,853 [INFO] ApiDb:261 - Set plugin images path to: /opt/st/stm32cubeide_1.13.2/plugins/com.st.stm32cube.common.mx_6.9.2.202309101412//db//plugins/mcufinder/images/
2023-11-03 19:22:12,855 [WARN] DbFile:41 - Overriding database path with different value: /home/osboxes/.stmcufinder/plugins/mcufinder/ => /home/osboxes/.stmcufinder/plugins/mcufinder
2023-11-03 19:22:12,855 [INFO] ApiDb:250 - Set database path to: /home/osboxes/.stmcufinder/plugins/mcufinder//mcu/
2023-11-03 19:22:12,855 [WARN] DbFile:41 - Overriding database path with different value: /home/osboxes/.stmcufinder/plugins/mcufinder/ => /home/osboxes/.stmcufinder/plugins/mcufinder
2023-11-03 19:22:12,855 [INFO] DbMcusAds:125 - Set database path to: /home/osboxes/.stmcufinder/plugins/mcufinder//mcu/
2023-11-03 19:22:12,856 [WARN] DbFile:41 - Overriding database path with different value: /home/osboxes/.stmcufinder/plugins/mcufinder/ => /home/osboxes/.stmcufinder/plugins/mcufinder
2023-11-03 19:22:12,856 [WARN] DbFile:41 - Overriding database path with different value: /home/osboxes/.stmcufinder/plugins/mcufinder/ => /home/osboxes/.stmcufinder/plugins/mcufinder
2023-11-03 19:22:12,856 [INFO] CrossReferenceDbSqlite:203 - Set database path to: /home/osboxes/.stmcufinder/plugins/mcufinder//mcu/cs/
2023-11-03 19:22:12,911 [INFO] ApplicationProperties:184 - Using Application install path: /opt/st/stm32cubeide_1.13.2/plugins/com.st.stm32cube.common.mx_6.9.2.202309101412
2023-11-03 19:22:12,927 [INFO] PluginManage:196 - Search for loadable plugins [exclusion list=, ]
2023-11-03 19:22:12,936 [INFO] PluginManage:310 - Check plugin analytics
2023-11-03 19:22:13,515 [INFO] AnalyticsPlugin:253 - Accepted Software Licenses: 
2023-11-03 19:22:13,515 [INFO] AnalyticsPlugin:255 - Accepted CMSIS Pack Licenses: STMicroelectronics.X-CUBE-NFC4.3.0.0
2023-11-03 19:22:13,515 [INFO] AnalyticsPlugin:257 - Accepted Firmware Licenses: FW.F4.1.27.0
2023-11-03 19:22:13,518 [INFO] PluginManage:359 - Loaded plugin analytics (category:tool,tabindex:-1)
2023-11-03 19:22:13,536 [INFO] PluginManage:310 - Check plugin cadmodel
2023-11-03 19:22:13,791 [INFO] CADModel:105 - Init CAD model plugin
2023-11-03 19:22:13,791 [INFO] PluginManage:359 - Loaded plugin cadmodel (category:power,tabindex:5)
2023-11-03 19:22:13,792 [INFO] PluginManage:310 - Check plugin clock
2023-11-03 19:22:13,866 [INFO] PluginManage:359 - Loaded plugin clock (category:base,tabindex:2)
2023-11-03 19:22:13,866 [INFO] PluginManage:310 - Check plugin ddr
2023-11-03 19:22:13,879 [INFO] PluginManage:359 - Loaded plugin ddr (category:tool,tabindex:6)
2023-11-03 19:22:13,879 [INFO] PluginManage:310 - Check plugin filemanager
2023-11-03 19:22:14,376 [INFO] PluginManage:359 - Loaded plugin filemanager (category:base,tabindex:10)
2023-11-03 19:22:14,377 [INFO] PluginManage:310 - Check plugin ipmanager
2023-11-03 19:22:14,399 [INFO] PluginManage:359 - Loaded plugin ipmanager (category:base,tabindex:5)
2023-11-03 19:22:14,400 [INFO] PluginManage:310 - Check plugin lpbam
2023-11-03 19:22:14,430 [INFO] PluginManage:359 - Loaded plugin lpbam (category:base,tabindex:0)
2023-11-03 19:22:14,430 [INFO] PluginManage:310 - Check plugin memorymap
2023-11-03 19:22:14,466 [INFO] PluginManage:359 - Loaded plugin memorymap (category:base,tabindex:4)
2023-11-03 19:22:14,469 [INFO] PluginManage:310 - Check plugin pinoutandconfiguration
2023-11-03 19:22:14,496 [INFO] PluginManage:359 - Loaded plugin pinoutandconfiguration (category:base,tabindex:1)
2023-11-03 19:22:14,496 [INFO] PluginManage:310 - Check plugin pinoutconfig
2023-11-03 19:22:14,801 [WARN] SupportedApi:132 - Cannot load RTOS API schema: s4s-elt-must-match.1: The content of 'definitions' must match (annotation?, (simpleType | complexType)?, (unique | key | keyref)*)). A problem was found starting at: attribute.
2023-11-03 19:22:15,665 [INFO] PluginManage:359 - Loaded plugin pinoutconfig (category:base,tabindex:0)
2023-11-03 19:22:15,666 [INFO] PluginManage:310 - Check plugin power
2023-11-03 19:22:15,737 [INFO] PluginManage:359 - Loaded plugin power (category:power,tabindex:4)
2023-11-03 19:22:15,737 [INFO] PluginManage:310 - Check plugin projectmanager
2023-11-03 19:22:15,792 [INFO] PluginManage:359 - Loaded plugin projectmanager (category:projectmanager,tabindex:3)
2023-11-03 19:22:15,793 [INFO] PluginManage:310 - Check plugin thirdparty
2023-11-03 19:22:16,547 [INFO] PluginManage:359 - Loaded plugin thirdparty (category:base,tabindex:-1)
2023-11-03 19:22:16,548 [INFO] PluginManage:310 - Check plugin tools
2023-11-03 19:22:16,549 [WARN] IntegrityCheckThread:84 - waiting for thirdparty lock release [integrity check]
2023-11-03 19:22:16,557 [INFO] IntegrityCheckThread:86 - entering critical section [integrity check]
2023-11-03 19:22:16,559 [INFO] ThirdPartyUpdaterWithRetryManager:70 - Updater plugin not ready yet. [1/15]
2023-11-03 19:22:16,557 [INFO] PluginManage:359 - Loaded plugin tools (category:base,tabindex:7)
2023-11-03 19:22:16,559 [INFO] PluginManage:310 - Check plugin tutovideos
2023-11-03 19:22:17,254 [INFO] PluginManage:359 - Loaded plugin tutovideos (category:base,tabindex:-1)
2023-11-03 19:22:17,258 [INFO] PluginManage:310 - Check plugin updater
2023-11-03 19:22:17,287 [INFO] PluginManage:359 - Loaded plugin updater (category:base,tabindex:12)
2023-11-03 19:22:17,287 [INFO] PluginManage:310 - Check plugin userauth
2023-11-03 19:22:17,310 [INFO] UserAuth:113 - Init User Auth plugin
2023-11-03 19:22:17,311 [INFO] PluginManage:359 - Loaded plugin userauth (category:base,tabindex:14)
2023-11-03 19:22:17,312 [INFO] PluginManage:283 - PluginManage : Loaded plugins [17]
2023-11-03 19:22:18,030 [INFO] PinOutPanel:1499 - setPackage(No Configuration,No Configuration)
2023-11-03 19:22:18,376 [INFO] CADModel:165 - CPN selected for project level
2023-11-03 19:22:18,377 [INFO] CADModel:114 - Register for checkConnection events
2023-11-03 19:22:18,417 [INFO] IPUIPlugin:80 - create IPUIPlugin
2023-11-03 19:22:18,428 [INFO] PluginManager:220 - loadIPPluginJar : add dma3
2023-11-03 19:22:18,446 [INFO] IPUIPlugin:80 - create IPUIPlugin
2023-11-03 19:22:18,446 [INFO] PluginManager:220 - loadIPPluginJar : add tracer_emb
2023-11-03 19:22:18,480 [INFO] IPUIPlugin:80 - create IPUIPlugin
2023-11-03 19:22:18,481 [INFO] PluginManager:220 - loadIPPluginJar : add gpio
2023-11-03 19:22:18,500 [INFO] IPUIPlugin:80 - create IPUIPlugin
2023-11-03 19:22:18,502 [INFO] PluginManager:220 - loadIPPluginJar : add ipddr
2023-11-03 19:22:18,514 [INFO] IPUIPlugin:80 - create IPUIPlugin
2023-11-03 19:22:18,520 [INFO] PluginManager:220 - loadIPPluginJar : add sai
2023-11-03 19:22:18,549 [INFO] IPUIPlugin:80 - create IPUIPlugin
2023-11-03 19:22:18,550 [INFO] PluginManager:220 - loadIPPluginJar : add i2s
2023-11-03 19:22:18,578 [INFO] IPUIPlugin:80 - create IPUIPlugin
2023-11-03 19:22:18,580 [INFO] PluginManager:220 - loadIPPluginJar : add dma
2023-11-03 19:22:18,593 [INFO] IPUIPlugin:80 - create IPUIPlugin
2023-11-03 19:22:18,593 [INFO] PluginManager:220 - loadIPPluginJar : add fmc
2023-11-03 19:22:18,615 [INFO] IPUIPlugin:80 - create IPUIPlugin
2023-11-03 19:22:18,616 [INFO] PluginManager:220 - loadIPPluginJar : add hash
2023-11-03 19:22:18,621 [INFO] IPUIPlugin:80 - create IPUIPlugin
2023-11-03 19:22:18,622 [INFO] PluginManager:220 - loadIPPluginJar : add spi
2023-11-03 19:22:18,625 [INFO] IPUIPlugin:80 - create IPUIPlugin
2023-11-03 19:22:18,625 [INFO] PluginManager:220 - loadIPPluginJar : add nvic
2023-11-03 19:22:18,678 [INFO] IPUIPlugin:80 - create IPUIPlugin
2023-11-03 19:22:18,679 [INFO] PluginManager:220 - loadIPPluginJar : add stm32_wpan
2023-11-03 19:22:18,700 [INFO] IPUIPlugin:80 - create IPUIPlugin
2023-11-03 19:22:18,700 [INFO] PluginManager:220 - loadIPPluginJar : add comp
2023-11-03 19:22:18,714 [INFO] IPUIPlugin:80 - create IPUIPlugin
2023-11-03 19:22:18,714 [INFO] PluginManager:220 - loadIPPluginJar : add gfxmmu
2023-11-03 19:22:18,732 [INFO] IPUIPlugin:80 - create IPUIPlugin
2023-11-03 19:22:18,735 [INFO] PluginManager:220 - loadIPPluginJar : add aes
2023-11-03 19:22:18,742 [INFO] IPUIPlugin:80 - create IPUIPlugin
2023-11-03 19:22:18,756 [INFO] PluginManager:220 - loadIPPluginJar : add fatfs
2023-11-03 19:22:18,776 [INFO] IPUIPlugin:80 - create IPUIPlugin
2023-11-03 19:22:18,777 [INFO] PluginManager:220 - loadIPPluginJar : add openamp
2023-11-03 19:22:18,790 [INFO] IPUIPlugin:80 - create IPUIPlugin
2023-11-03 19:22:18,790 [INFO] PluginManager:220 - loadIPPluginJar : add pdm2pcm
2023-11-03 19:22:18,808 [INFO] IPUIPlugin:80 - create IPUIPlugin
2023-11-03 19:22:18,813 [INFO] PluginManager:220 - loadIPPluginJar : add tim
2023-11-03 19:22:18,845 [INFO] IPUIPlugin:80 - create IPUIPlugin
2023-11-03 19:22:18,850 [INFO] PluginManager:220 - loadIPPluginJar : add resmgrutility
2023-11-03 19:22:18,861 [INFO] IPUIPlugin:80 - create IPUIPlugin
2023-11-03 19:22:18,862 [INFO] PluginManager:220 - loadIPPluginJar : add ltdc
2023-11-03 19:22:18,876 [INFO] IPUIPlugin:80 - create IPUIPlugin
2023-11-03 19:22:18,876 [INFO] PluginManager:220 - loadIPPluginJar : add ucpd
2023-11-03 19:22:18,892 [INFO] IPUIPlugin:80 - create IPUIPlugin
2023-11-03 19:22:18,892 [INFO] PluginManager:220 - loadIPPluginJar : add usbx
2023-11-03 19:22:18,898 [INFO] IPUIPlugin:80 - create IPUIPlugin
2023-11-03 19:22:18,899 [INFO] PluginManager:220 - loadIPPluginJar : add cryp
2023-11-03 19:22:18,920 [INFO] IPUIPlugin:80 - create IPUIPlugin
2023-11-03 19:22:18,921 [INFO] PluginManager:220 - loadIPPluginJar : add gic
2023-11-03 19:22:18,937 [INFO] IPUIPlugin:80 - create IPUIPlugin
2023-11-03 19:22:18,937 [INFO] PluginManager:220 - loadIPPluginJar : add adc
2023-11-03 19:22:18,941 [INFO] IPUIPlugin:80 - create IPUIPlugin
2023-11-03 19:22:18,941 [INFO] PluginManager:220 - loadIPPluginJar : add ts
2023-11-03 19:22:18,954 [INFO] IPUIPlugin:80 - create IPUIPlugin
2023-11-03 19:22:18,954 [INFO] PluginManager:220 - loadIPPluginJar : add touchsensing
2023-11-03 19:22:18,960 [INFO] IPUIPlugin:80 - create IPUIPlugin
2023-11-03 19:22:18,961 [INFO] PluginManager:220 - loadIPPluginJar : add dfsdm
2023-11-03 19:22:18,968 [INFO] IPUIPlugin:80 - create IPUIPlugin
2023-11-03 19:22:18,969 [INFO] PluginManager:220 - loadIPPluginJar : add usart
2023-11-03 19:22:18,977 [INFO] IPUIPlugin:80 - create IPUIPlugin
2023-11-03 19:22:18,977 [INFO] PluginManager:220 - loadIPPluginJar : add lorawan
2023-11-03 19:22:18,984 [INFO] IPUIPlugin:80 - create IPUIPlugin
2023-11-03 19:22:18,984 [INFO] PluginManager:220 - loadIPPluginJar : add tsc
2023-11-03 19:22:19,007 [INFO] IPUIPlugin:80 - create IPUIPlugin
2023-11-03 19:22:19,007 [INFO] PluginManager:220 - loadIPPluginJar : add linkedlist
2023-11-03 19:22:19,032 [INFO] IPUIPlugin:80 - create IPUIPlugin
2023-11-03 19:22:19,043 [INFO] PluginManager:220 - loadIPPluginJar : add plateformsettings
2023-11-03 19:22:19,047 [INFO] IPUIPlugin:80 - create IPUIPlugin
2023-11-03 19:22:19,048 [INFO] PluginManager:220 - loadIPPluginJar : add genericplugin
2023-11-03 19:22:19,068 [INFO] IPUIPlugin:80 - create IPUIPlugin
2023-11-03 19:22:19,068 [INFO] PluginManager:220 - loadIPPluginJar : add mdma
2023-11-03 19:22:19,073 [INFO] IPUIPlugin:80 - create IPUIPlugin
2023-11-03 19:22:19,073 [INFO] PluginManager:220 - loadIPPluginJar : add gtzc
2023-11-03 19:22:19,079 [INFO] IPUIPlugin:80 - create IPUIPlugin
2023-11-03 19:22:19,079 [INFO] PluginManager:220 - loadIPPluginJar : add can
2023-11-03 19:22:19,093 [INFO] IPUIPlugin:80 - create IPUIPlugin
2023-11-03 19:22:19,094 [INFO] PluginManager:220 - loadIPPluginJar : add i3c
2023-11-03 19:22:19,107 [INFO] IPUIPlugin:80 - create IPUIPlugin
2023-11-03 19:22:19,108 [INFO] PluginManager:220 - loadIPPluginJar : add freertos
2023-11-03 19:22:19,117 [INFO] IPUIPlugin:80 - create IPUIPlugin
2023-11-03 19:22:19,117 [INFO] PluginManager:220 - loadIPPluginJar : add quadspi
2023-11-03 19:22:19,120 [INFO] IPUIPlugin:80 - create IPUIPlugin
2023-11-03 19:22:19,120 [INFO] PluginManager:220 - loadIPPluginJar : add opamp
2023-11-03 19:22:19,124 [INFO] IPUIPlugin:80 - create IPUIPlugin
2023-11-03 19:22:19,124 [INFO] PluginManager:220 - loadIPPluginJar : add i2c
2023-11-03 19:22:19,313 [INFO] CADModel:165 - CPN selected for project level
2023-11-03 19:22:19,313 [INFO] CADModel:114 - Register for checkConnection events
2023-11-03 19:22:19,314 [FATAL] Updater:308 - Updater called before beeing initialized
2023-11-03 19:22:19,314 [ERROR] CADModel:125 - Updater not yet initialized, retry later 
2023-11-03 19:22:19,560 [INFO] ThirdPartyUpdaterWithRetryManager:70 - Updater plugin not ready yet. [2/15]
2023-11-03 19:22:19,679 [INFO] CADModel:165 - CPN selected for project level
2023-11-03 19:22:19,680 [INFO] CADModel:114 - Register for checkConnection events
2023-11-03 19:22:19,680 [FATAL] Updater:308 - Updater called before beeing initialized
2023-11-03 19:22:19,680 [ERROR] CADModel:125 - Updater not yet initialized, retry later 
2023-11-03 19:22:19,691 [FATAL] Updater:308 - Updater called before beeing initialized
2023-11-03 19:22:19,991 [FATAL] Updater:308 - Updater called before beeing initialized
2023-11-03 19:22:20,006 [INFO] DbMcusAds:53 - JSON generation date=Tue Mar 07 05:50:55 ART 2023 (1678179055114)
2023-11-03 19:22:20,006 [FATAL] Updater:308 - Updater called before beeing initialized
2023-11-03 19:22:20,131 [WARN] DetailPanel:346 - Failed to get advertising image, set to default
2023-11-03 19:22:20,361 [FATAL] Updater:308 - Updater called before beeing initialized
2023-11-03 19:22:20,368 [FATAL] Updater:308 - Updater called before beeing initialized
2023-11-03 19:22:20,368 [FATAL] Updater:308 - Updater called before beeing initialized
2023-11-03 19:22:20,368 [WARN] DetailPanel:346 - Failed to get advertising image, set to default
2023-11-03 19:22:20,371 [FATAL] Updater:308 - Updater called before beeing initialized
2023-11-03 19:22:20,476 [ERROR] Updater:1120 - MainUpdater not yet initialized. External WinMGr cannot be set.
2023-11-03 19:22:20,478 [INFO] Updater:1056 - Updater Version found : 6.9.2
2023-11-03 19:22:20,542 [INFO] ApplicationProperties:184 - Using Application install path: /opt/st/stm32cubeide_1.13.2/plugins/com.st.stm32cube.common.mx_6.9.2.202309101412
2023-11-03 19:22:20,977 [INFO] MainUpdater:2868 - connection check result : 10
2023-11-03 19:22:20,980 [INFO] MainUpdater:285 - Updater Check For Update Now.
2023-11-03 19:22:20,981 [INFO] MicroXplorer:498 - Change Database Version : DB.6.0.92
2023-11-03 19:22:21,007 [INFO] McuFinderGlobals:63 - Set McuFinder mode to 2 (CubeIDE integrated)
2023-11-03 19:22:21,865 [INFO] CheckServerUpdateThread:120 - End of CheckServer Thread
2023-11-03 19:22:23,078 [WARN] PackLoader:240 - Cannot read IP mode file for STMicroelectronics.X-CUBE-SMBUS.2.1.0
2023-11-03 19:22:23,225 [WARN] PackLoader:240 - Cannot read IP mode file for STMicroelectronics.X-CUBE-AZRTOS-F7.1.1.0
2023-11-03 19:22:23,271 [WARN] PackLoader:240 - Cannot read IP mode file for STMicroelectronics.FP-SNS-MOTENV1.4.3.2
2023-11-03 19:22:23,305 [WARN] PackLoader:240 - Cannot read IP mode file for STMicroelectronics.FP-SNS-FLIGHT1.5.0.2
2023-11-03 19:22:23,335 [WARN] PackLoader:240 - Cannot read IP mode file for STMicroelectronics.X-CUBE-DISPLAY.3.0.0
2023-11-03 19:22:23,386 [WARN] PackLoader:240 - Cannot read IP mode file for STMicroelectronics.X-CUBE-BLE1.7.0.0
2023-11-03 19:22:23,400 [WARN] PackLoader:240 - Cannot read IP mode file for emotas.I-CUBE-CANOPEN.1.3.0
2023-11-03 19:22:23,412 [WARN] PackLoader:240 - Cannot read IP mode file for STMicroelectronics.X-CUBE-TOUCHGFX.4.22.1
2023-11-03 19:22:23,422 [WARN] PackLoader:240 - Cannot read IP mode file for STMicroelectronics.FP-SNS-SMARTAG2.1.2.0
2023-11-03 19:22:23,461 [INFO] LogOutputStream:77 - [STDOUT_REDIRECT] 1 : Invalid condition id : UX_CORESTACK_Condition cause : null
2023-11-03 19:22:23,463 [INFO] LogOutputStream:77 - [STDOUT_REDIRECT] 1 : Invalid condition id : UX_CORESTACK_Condition cause : null
2023-11-03 19:22:23,466 [INFO] LogOutputStream:77 - [STDOUT_REDIRECT] 1 : Invalid condition id : UX_CORESTACK_Condition cause : null
2023-11-03 19:22:23,467 [INFO] LogOutputStream:77 - [STDOUT_REDIRECT] 1 : Invalid condition id : UX_CORESTACK_Condition cause : null
2023-11-03 19:22:23,467 [INFO] LogOutputStream:77 - [STDOUT_REDIRECT] 1 : Invalid condition id : UX_CORESTACK_Condition cause : null
2023-11-03 19:22:23,474 [WARN] PackLoader:240 - Cannot read IP mode file for STMicroelectronics.X-CUBE-AZRTOS-WL.2.0.0
2023-11-03 19:22:23,512 [WARN] PackLoader:240 - Cannot read IP mode file for WES.I-CUBE-Cesium.1.3.0
2023-11-03 19:22:23,526 [WARN] PackLoader:240 - Cannot read IP mode file for STMicroelectronics.X-CUBE-BLE2.3.3.0
2023-11-03 19:22:23,560 [WARN] PackLoader:240 - Cannot read IP mode file for STMicroelectronics.X-CUBE-ALGOBUILD.1.3.0
2023-11-03 19:22:23,669 [WARN] PackLoader:240 - Cannot read IP mode file for STMicroelectronics.X-CUBE-AZRTOS-G0.1.1.0
2023-11-03 19:22:23,715 [WARN] PackLoader:240 - Cannot read IP mode file for STMicroelectronics.X-CUBE-NFC4.3.0.0
2023-11-03 19:22:24,106 [WARN] PackLoader:240 - Cannot read IP mode file for STMicroelectronics.FP-ATR-SIGFOX1.3.2.0
2023-11-03 19:22:24,382 [WARN] PackLoader:240 - Cannot read IP mode file for SEGGER.I-CUBE-embOS.1.3.1
2023-11-03 19:22:24,749 [WARN] PackLoader:240 - Cannot read IP mode file for STMicroelectronics.X-CUBE-GNSS1.6.0.0
2023-11-03 19:22:24,919 [WARN] PackLoader:240 - Cannot read IP mode file for STMicroelectronics.X-CUBE-AZRTOS-F4.1.1.0
2023-11-03 19:22:24,958 [WARN] PackLoader:240 - Cannot read IP mode file for wolfSSL.I-CUBE-wolfSSL.5.6.3
2023-11-03 19:22:25,129 [WARN] PackLoader:240 - Cannot read IP mode file for STMicroelectronics.X-CUBE-AZRTOS-L5.2.0.0
2023-11-03 19:22:25,454 [WARN] PackLoader:240 - Cannot read IP mode file for STMicroelectronics.X-CUBE-MEMS1.9.6.0
2023-11-03 19:22:26,482 [WARN] PackLoader:240 - Cannot read IP mode file for STMicroelectronics.X-CUBE-EEPRMA1.4.2.0
2023-11-03 19:22:26,505 [WARN] PackLoader:240 - Cannot read IP mode file for ITTIA_DB.I-CUBE-ITTIADB.8.8.0
2023-11-03 19:22:26,536 [WARN] PackLoader:240 - Cannot read IP mode file for STMicroelectronics.X-CUBE-BLEMGR.2.0.0
2023-11-03 19:22:26,648 [WARN] ConditionMgr:438 - getConditionDescription Invalid condition id : UX DEVICE CLASS RTOS Condition cause : null
2023-11-03 19:22:26,648 [WARN] ConditionMgr:438 - getConditionDescription Invalid condition id : UX DEVICE CLASS RTOS Condition cause : null
2023-11-03 19:22:26,657 [WARN] PackLoader:240 - Cannot read IP mode file for STMicroelectronics.X-CUBE-AZRTOS-H7.3.1.0
2023-11-03 19:22:26,679 [WARN] ConditionMgr:1039 - genDependencies : Invalid condition id : UX DEVICE CLASS RTOS Condition cause : null
2023-11-03 19:22:26,679 [WARN] ConditionMgr:1039 - genDependencies : Invalid condition id : UX DEVICE CLASS RTOS Condition cause : null
2023-11-03 19:22:26,680 [WARN] ConditionMgr:1039 - genDependencies : Invalid condition id : UX DEVICE CLASS RTOS Condition cause : null
2023-11-03 19:22:26,681 [WARN] ConditionMgr:1039 - genDependencies : Invalid condition id : UX DEVICE CLASS RTOS Condition cause : null
2023-11-03 19:22:26,681 [WARN] ConditionMgr:1039 - genDependencies : Invalid condition id : UX DEVICE CLASS RTOS Condition cause : null
2023-11-03 19:22:26,721 [WARN] PackLoader:240 - Cannot read IP mode file for STMicroelectronics.X-CUBE-NFC7.1.0.1
2023-11-03 19:22:26,764 [WARN] PackLoader:240 - Cannot read IP mode file for STMicroelectronics.X-CUBE-NFC6.3.0.0
2023-11-03 19:22:26,842 [WARN] PackLoader:240 - Cannot read IP mode file for STMicroelectronics.X-CUBE-EEPRMA1.4.1.0
2023-11-03 19:22:26,875 [WARN] PackLoader:240 - Cannot read IP mode file for STMicroelectronics.X-CUBE-AI.8.1.0
2023-11-03 19:22:26,964 [WARN] ConditionMgr:438 - getConditionDescription Invalid condition id : LAN8742 Phy interface Condition cause : null
2023-11-03 19:22:26,965 [WARN] PackLoader:240 - Cannot read IP mode file for STMicroelectronics.X-CUBE-AZRTOS-L4.2.0.0
2023-11-03 19:22:26,977 [WARN] ConditionMgr:1039 - genDependencies : Invalid condition id : LAN8742 Phy interface Condition cause : null
2023-11-03 19:22:26,978 [WARN] ConditionMgr:1039 - genDependencies : Invalid condition id : LAN8742 Phy interface Condition cause : null
2023-11-03 19:22:26,987 [WARN] ConditionMgr:1039 - genDependencies : Invalid condition id : LAN8742 Phy interface Condition cause : null
2023-11-03 19:22:27,025 [WARN] PackLoader:240 - Cannot read IP mode file for STMicroelectronics.X-CUBE-SFXS2LP1.4.0.0
2023-11-03 19:22:27,064 [WARN] PackLoader:240 - Cannot read IP mode file for STMicroelectronics.X-CUBE-ISPU.1.1.0
2023-11-03 19:22:27,133 [WARN] ConditionMgr:438 - getConditionDescription Invalid condition id : UX DEVICE CLASS RTOS Condition cause : null
2023-11-03 19:22:27,133 [WARN] ConditionMgr:438 - getConditionDescription Invalid condition id : UX DEVICE CLASS RTOS Condition cause : null
2023-11-03 19:22:27,144 [WARN] PackLoader:240 - Cannot read IP mode file for STMicroelectronics.X-CUBE-AZRTOS-WB.2.0.0
2023-11-03 19:22:27,153 [WARN] ConditionMgr:1039 - genDependencies : Invalid condition id : UX DEVICE CLASS RTOS Condition cause : null
2023-11-03 19:22:27,155 [WARN] ConditionMgr:1039 - genDependencies : Invalid condition id : UX DEVICE CLASS RTOS Condition cause : null
2023-11-03 19:22:27,156 [WARN] ConditionMgr:1039 - genDependencies : Invalid condition id : UX DEVICE CLASS RTOS Condition cause : null
2023-11-03 19:22:27,156 [WARN] ConditionMgr:1039 - genDependencies : Invalid condition id : UX DEVICE CLASS RTOS Condition cause : null
2023-11-03 19:22:27,156 [WARN] ConditionMgr:1039 - genDependencies : Invalid condition id : UX DEVICE CLASS RTOS Condition cause : null
2023-11-03 19:22:27,188 [WARN] PackLoader:240 - Cannot read IP mode file for STMicroelectronics.X-CUBE-SUBG2.5.0.0
2023-11-03 19:22:27,228 [WARN] PackLoader:240 - Cannot read IP mode file for STMicroelectronics.X-CUBE-TOF1.3.3.1
2023-11-03 19:22:27,293 [WARN] PackLoader:240 - Cannot read IP mode file for STMicroelectronics.X-CUBE-AZRTOS-G4.2.0.0
2023-11-03 19:22:27,324 [WARN] PackLoader:240 - Cannot read IP mode file for Infineon.AIROC-Wi-Fi-Bluetooth-STM32.1.5.1
2023-11-03 19:22:27,421 [WARN] PackLoader:240 - Cannot read IP mode file for STMicroelectronics.X-CUBE-MEMS1.10.0.0
2023-11-03 19:22:27,936 [WARN] PackLoader:240 - Cannot read IP mode file for STMicroelectronics.X-CUBE-FREERTOS.1.1.0
2023-11-03 19:22:27,949 [WARN] PackLoader:240 - Cannot read IP mode file for portGmbH.I-Cube-SoM-uGOAL.1.1.0
2023-11-03 19:22:27,959 [WARN] PackLoader:240 - Cannot read IP mode file for STMicroelectronics.X-CUBE-ALS.1.0.1
2023-11-03 19:22:27,968 [WARN] PackLoader:240 - Cannot read IP mode file for STMicroelectronics.FP-ATR-ASTRA1.2.0.0
2023-11-03 19:22:27,969 [INFO] ThirdParty:978 - Integrity check success = true
2023-11-03 19:22:27,969 [INFO] IntegrityCheckThread:100 - exiting critical section [integrity check]
2023-11-03 19:22:27,969 [INFO] IntegrityCheckThread:103 - End integrity checks thread
2023-11-03 19:22:44,035 [ERROR] LogOutputStream:75 - [STDERR_REDIRECT] SLF4J: Failed to load class "org.slf4j.impl.StaticLoggerBinder".
2023-11-03 19:22:44,037 [ERROR] LogOutputStream:75 - [STDERR_REDIRECT] SLF4J: Defaulting to no-operation (NOP) logger implementation
2023-11-03 19:22:44,038 [ERROR] LogOutputStream:75 - [STDERR_REDIRECT] SLF4J: See http://www.slf4j.org/codes.html#StaticLoggerBinder for further details.
2023-11-03 19:31:50,317 [ERROR] LogOutputStream:75 - [STDERR_REDIRECT] Managed Build system manifest file error: Option com.atollic.truestudio.general.runtimelib.1100170824 uses a null category that is invalid in its context. The option was ignored.
2023-11-03 19:31:50,351 [ERROR] LogOutputStream:75 - [STDERR_REDIRECT] Managed Build system manifest file error: Option com.atollic.truestudio.toolchain_options.mcu.578585706 uses a null category that is invalid in its context. The option was ignored.
2023-11-03 19:31:50,352 [ERROR] LogOutputStream:75 - [STDERR_REDIRECT] Managed Build system manifest file error: Option com.atollic.truestudio.toolchain_options.vendor.267637832 uses a null category that is invalid in its context. The option was ignored.
2023-11-03 19:31:50,525 [ERROR] LogOutputStream:75 - [STDERR_REDIRECT] Managed Build system manifest file error: Option com.atollic.truestudio.general.runtimelib.290090724 uses a null category that is invalid in its context. The option was ignored.
2023-11-03 19:31:50,527 [ERROR] LogOutputStream:75 - [STDERR_REDIRECT] Managed Build system manifest file error: Option com.atollic.truestudio.toolchain_options.mcu.268234528 uses a null category that is invalid in its context. The option was ignored.
2023-11-03 19:31:50,528 [ERROR] LogOutputStream:75 - [STDERR_REDIRECT] Managed Build system manifest file error: Option com.atollic.truestudio.toolchain_options.vendor.2097948243 uses a null category that is invalid in its context. The option was ignored.
2023-11-03 19:39:38,386 [INFO] Activator:176 - 


2023-11-03 19:39:38,394 [INFO] Activator:177 - !SESSION log4j initialized
2023-11-03 19:40:00,504 [INFO] LogOutputStream:77 - [STDOUT_REDIRECT] 
2023-11-03 19:40:11,259 [INFO] ApplicationProperties:184 - Using Application install path: /opt/st/stm32cubeide_1.13.2/plugins/com.st.stm32cube.common.mx_6.9.2.202309101412
2023-11-03 19:40:11,407 [INFO] DbMcusXml:78 - Set database path to: /opt/st/stm32cubeide_1.13.2/plugins/com.st.stm32cube.common.mx_6.9.2.202309101412//db//mcu/
2023-11-03 19:40:11,407 [INFO] ApiDb:274 - Set plugin database path to: /opt/st/stm32cubeide_1.13.2/plugins/com.st.stm32cube.common.mx_6.9.2.202309101412//db//plugins/boardmanager/
2023-11-03 19:40:11,408 [WARN] ApiDb:259 - Overriding images path with different value:  => /opt/st/stm32cubeide_1.13.2/plugins/com.st.stm32cube.common.mx_6.9.2.202309101412//db//plugins/mcufinder/images/
2023-11-03 19:40:11,496 [INFO] ApiDb:250 - Set database path to: /home/osboxes/.stmcufinder/plugins/mcufinder//mcu/
2023-11-03 19:40:11,507 [INFO] DbMcusAds:125 - Set database path to: /home/osboxes/.stmcufinder/plugins/mcufinder//mcu/
2023-11-03 19:40:11,527 [INFO] CrossReferenceDbSqlite:203 - Set database path to: /home/osboxes/.stmcufinder/plugins/mcufinder//mcu/cs/
2023-11-03 19:40:12,400 [INFO] RulesReader:64 - Compatibility file has been processed (293 Rules)
2023-11-03 19:40:12,664 [INFO] DbMcusXml:78 - Set database path to: /opt/st/stm32cubeide_1.13.2/plugins/com.st.stm32cube.common.mx_6.9.2.202309101412//db//mcu/
2023-11-03 19:40:12,664 [INFO] ApiDb:274 - Set plugin database path to: /opt/st/stm32cubeide_1.13.2/plugins/com.st.stm32cube.common.mx_6.9.2.202309101412//db//plugins/boardmanager/
2023-11-03 19:40:12,664 [INFO] ApiDb:261 - Set plugin images path to: /opt/st/stm32cubeide_1.13.2/plugins/com.st.stm32cube.common.mx_6.9.2.202309101412//db//plugins/mcufinder/images/
2023-11-03 19:40:12,666 [WARN] DbFile:41 - Overriding database path with different value: /home/osboxes/.stmcufinder/plugins/mcufinder/ => /home/osboxes/.stmcufinder/plugins/mcufinder
2023-11-03 19:40:12,667 [INFO] ApiDb:250 - Set database path to: /home/osboxes/.stmcufinder/plugins/mcufinder//mcu/
2023-11-03 19:40:12,667 [WARN] DbFile:41 - Overriding database path with different value: /home/osboxes/.stmcufinder/plugins/mcufinder/ => /home/osboxes/.stmcufinder/plugins/mcufinder
2023-11-03 19:40:12,667 [INFO] DbMcusAds:125 - Set database path to: /home/osboxes/.stmcufinder/plugins/mcufinder//mcu/
2023-11-03 19:40:12,667 [WARN] DbFile:41 - Overriding database path with different value: /home/osboxes/.stmcufinder/plugins/mcufinder/ => /home/osboxes/.stmcufinder/plugins/mcufinder
2023-11-03 19:40:12,670 [WARN] DbFile:41 - Overriding database path with different value: /home/osboxes/.stmcufinder/plugins/mcufinder/ => /home/osboxes/.stmcufinder/plugins/mcufinder
2023-11-03 19:40:12,670 [INFO] CrossReferenceDbSqlite:203 - Set database path to: /home/osboxes/.stmcufinder/plugins/mcufinder//mcu/cs/
2023-11-03 19:40:12,904 [INFO] MainPanel:262 - HeapMemory: 268435456
2023-11-03 19:40:13,244 [INFO] DbMcusXml:78 - Set database path to: /opt/st/stm32cubeide_1.13.2/plugins/com.st.stm32cube.common.mx_6.9.2.202309101412//db//mcu/
2023-11-03 19:40:13,244 [INFO] ApiDb:274 - Set plugin database path to: /opt/st/stm32cubeide_1.13.2/plugins/com.st.stm32cube.common.mx_6.9.2.202309101412//db//plugins/boardmanager/
2023-11-03 19:40:13,244 [INFO] ApiDb:261 - Set plugin images path to: /opt/st/stm32cubeide_1.13.2/plugins/com.st.stm32cube.common.mx_6.9.2.202309101412//db//plugins/mcufinder/images/
2023-11-03 19:40:13,245 [WARN] DbFile:41 - Overriding database path with different value: /home/osboxes/.stmcufinder/plugins/mcufinder/ => /home/osboxes/.stmcufinder/plugins/mcufinder
2023-11-03 19:40:13,246 [INFO] ApiDb:250 - Set database path to: /home/osboxes/.stmcufinder/plugins/mcufinder//mcu/
2023-11-03 19:40:13,246 [WARN] DbFile:41 - Overriding database path with different value: /home/osboxes/.stmcufinder/plugins/mcufinder/ => /home/osboxes/.stmcufinder/plugins/mcufinder
2023-11-03 19:40:13,246 [INFO] DbMcusAds:125 - Set database path to: /home/osboxes/.stmcufinder/plugins/mcufinder//mcu/
2023-11-03 19:40:13,246 [WARN] DbFile:41 - Overriding database path with different value: /home/osboxes/.stmcufinder/plugins/mcufinder/ => /home/osboxes/.stmcufinder/plugins/mcufinder
2023-11-03 19:40:13,246 [WARN] DbFile:41 - Overriding database path with different value: /home/osboxes/.stmcufinder/plugins/mcufinder/ => /home/osboxes/.stmcufinder/plugins/mcufinder
2023-11-03 19:40:13,246 [INFO] CrossReferenceDbSqlite:203 - Set database path to: /home/osboxes/.stmcufinder/plugins/mcufinder//mcu/cs/
2023-11-03 19:40:13,297 [INFO] ApplicationProperties:184 - Using Application install path: /opt/st/stm32cubeide_1.13.2/plugins/com.st.stm32cube.common.mx_6.9.2.202309101412
2023-11-03 19:40:13,300 [INFO] PluginManage:196 - Search for loadable plugins [exclusion list=, ]
2023-11-03 19:40:13,303 [INFO] PluginManage:310 - Check plugin analytics
2023-11-03 19:40:13,984 [INFO] AnalyticsPlugin:253 - Accepted Software Licenses: 
2023-11-03 19:40:13,985 [INFO] AnalyticsPlugin:255 - Accepted CMSIS Pack Licenses: STMicroelectronics.X-CUBE-NFC4.3.0.0
2023-11-03 19:40:13,985 [INFO] AnalyticsPlugin:257 - Accepted Firmware Licenses: FW.F4.1.27.0
2023-11-03 19:40:13,992 [INFO] PluginManage:359 - Loaded plugin analytics (category:tool,tabindex:-1)
2023-11-03 19:40:13,992 [INFO] PluginManage:310 - Check plugin cadmodel
2023-11-03 19:40:14,334 [INFO] CADModel:105 - Init CAD model plugin
2023-11-03 19:40:14,335 [INFO] PluginManage:359 - Loaded plugin cadmodel (category:power,tabindex:5)
2023-11-03 19:40:14,335 [INFO] PluginManage:310 - Check plugin clock
2023-11-03 19:40:14,421 [INFO] PluginManage:359 - Loaded plugin clock (category:base,tabindex:2)
2023-11-03 19:40:14,421 [INFO] PluginManage:310 - Check plugin ddr
2023-11-03 19:40:14,430 [INFO] PluginManage:359 - Loaded plugin ddr (category:tool,tabindex:6)
2023-11-03 19:40:14,430 [INFO] PluginManage:310 - Check plugin filemanager
2023-11-03 19:40:15,275 [INFO] PluginManage:359 - Loaded plugin filemanager (category:base,tabindex:10)
2023-11-03 19:40:15,276 [INFO] PluginManage:310 - Check plugin ipmanager
2023-11-03 19:40:15,303 [INFO] PluginManage:359 - Loaded plugin ipmanager (category:base,tabindex:5)
2023-11-03 19:40:15,304 [INFO] PluginManage:310 - Check plugin lpbam
2023-11-03 19:40:15,337 [INFO] PluginManage:359 - Loaded plugin lpbam (category:base,tabindex:0)
2023-11-03 19:40:15,338 [INFO] PluginManage:310 - Check plugin memorymap
2023-11-03 19:40:15,381 [INFO] PluginManage:359 - Loaded plugin memorymap (category:base,tabindex:4)
2023-11-03 19:40:15,381 [INFO] PluginManage:310 - Check plugin pinoutandconfiguration
2023-11-03 19:40:15,402 [INFO] PluginManage:359 - Loaded plugin pinoutandconfiguration (category:base,tabindex:1)
2023-11-03 19:40:15,403 [INFO] PluginManage:310 - Check plugin pinoutconfig
2023-11-03 19:40:15,929 [WARN] SupportedApi:132 - Cannot load RTOS API schema: s4s-elt-must-match.1: The content of 'definitions' must match (annotation?, (simpleType | complexType)?, (unique | key | keyref)*)). A problem was found starting at: attribute.
2023-11-03 19:40:17,245 [INFO] PluginManage:359 - Loaded plugin pinoutconfig (category:base,tabindex:0)
2023-11-03 19:40:17,245 [INFO] PluginManage:310 - Check plugin power
2023-11-03 19:40:17,327 [INFO] PluginManage:359 - Loaded plugin power (category:power,tabindex:4)
2023-11-03 19:40:17,328 [INFO] PluginManage:310 - Check plugin projectmanager
2023-11-03 19:40:17,399 [INFO] PluginManage:359 - Loaded plugin projectmanager (category:projectmanager,tabindex:3)
2023-11-03 19:40:17,399 [INFO] PluginManage:310 - Check plugin thirdparty
2023-11-03 19:40:18,358 [INFO] PluginManage:359 - Loaded plugin thirdparty (category:base,tabindex:-1)
2023-11-03 19:40:18,358 [INFO] PluginManage:310 - Check plugin tools
2023-11-03 19:40:18,360 [WARN] IntegrityCheckThread:84 - waiting for thirdparty lock release [integrity check]
2023-11-03 19:40:18,362 [INFO] IntegrityCheckThread:86 - entering critical section [integrity check]
2023-11-03 19:40:18,362 [INFO] ThirdPartyUpdaterWithRetryManager:70 - Updater plugin not ready yet. [1/15]
2023-11-03 19:40:18,375 [INFO] PluginManage:359 - Loaded plugin tools (category:base,tabindex:7)
2023-11-03 19:40:18,375 [INFO] PluginManage:310 - Check plugin tutovideos
2023-11-03 19:40:19,174 [INFO] PluginManage:359 - Loaded plugin tutovideos (category:base,tabindex:-1)
2023-11-03 19:40:19,176 [INFO] PluginManage:310 - Check plugin updater
2023-11-03 19:40:19,226 [INFO] PluginManage:359 - Loaded plugin updater (category:base,tabindex:12)
2023-11-03 19:40:19,227 [INFO] PluginManage:310 - Check plugin userauth
2023-11-03 19:40:19,276 [INFO] UserAuth:113 - Init User Auth plugin
2023-11-03 19:40:19,276 [INFO] PluginManage:359 - Loaded plugin userauth (category:base,tabindex:14)
2023-11-03 19:40:19,282 [INFO] PluginManage:283 - PluginManage : Loaded plugins [17]
2023-11-03 19:40:20,146 [INFO] PinOutPanel:1499 - setPackage(No Configuration,No Configuration)
2023-11-03 19:40:20,529 [INFO] CADModel:165 - CPN selected for project level
2023-11-03 19:40:20,532 [INFO] CADModel:114 - Register for checkConnection events
2023-11-03 19:40:20,587 [INFO] IPUIPlugin:80 - create IPUIPlugin
2023-11-03 19:40:20,590 [INFO] PluginManager:220 - loadIPPluginJar : add dma3
2023-11-03 19:40:20,600 [INFO] IPUIPlugin:80 - create IPUIPlugin
2023-11-03 19:40:20,605 [INFO] PluginManager:220 - loadIPPluginJar : add tracer_emb
2023-11-03 19:40:20,619 [INFO] IPUIPlugin:80 - create IPUIPlugin
2023-11-03 19:40:20,620 [INFO] PluginManager:220 - loadIPPluginJar : add gpio
2023-11-03 19:40:20,638 [INFO] IPUIPlugin:80 - create IPUIPlugin
2023-11-03 19:40:20,641 [INFO] PluginManager:220 - loadIPPluginJar : add ipddr
2023-11-03 19:40:20,650 [INFO] IPUIPlugin:80 - create IPUIPlugin
2023-11-03 19:40:20,650 [INFO] PluginManager:220 - loadIPPluginJar : add sai
2023-11-03 19:40:20,658 [INFO] IPUIPlugin:80 - create IPUIPlugin
2023-11-03 19:40:20,658 [INFO] PluginManager:220 - loadIPPluginJar : add i2s
2023-11-03 19:40:20,677 [INFO] IPUIPlugin:80 - create IPUIPlugin
2023-11-03 19:40:20,689 [INFO] PluginManager:220 - loadIPPluginJar : add dma
2023-11-03 19:40:20,717 [INFO] IPUIPlugin:80 - create IPUIPlugin
2023-11-03 19:40:20,718 [INFO] PluginManager:220 - loadIPPluginJar : add fmc
2023-11-03 19:40:20,735 [INFO] IPUIPlugin:80 - create IPUIPlugin
2023-11-03 19:40:20,735 [INFO] PluginManager:220 - loadIPPluginJar : add hash
2023-11-03 19:40:20,740 [INFO] IPUIPlugin:80 - create IPUIPlugin
2023-11-03 19:40:20,741 [INFO] PluginManager:220 - loadIPPluginJar : add spi
2023-11-03 19:40:20,754 [INFO] IPUIPlugin:80 - create IPUIPlugin
2023-11-03 19:40:20,754 [INFO] PluginManager:220 - loadIPPluginJar : add nvic
2023-11-03 19:40:20,770 [INFO] IPUIPlugin:80 - create IPUIPlugin
2023-11-03 19:40:20,771 [INFO] PluginManager:220 - loadIPPluginJar : add stm32_wpan
2023-11-03 19:40:20,775 [INFO] IPUIPlugin:80 - create IPUIPlugin
2023-11-03 19:40:20,775 [INFO] PluginManager:220 - loadIPPluginJar : add comp
2023-11-03 19:40:20,785 [INFO] IPUIPlugin:80 - create IPUIPlugin
2023-11-03 19:40:20,787 [INFO] PluginManager:220 - loadIPPluginJar : add gfxmmu
2023-11-03 19:40:20,797 [INFO] IPUIPlugin:80 - create IPUIPlugin
2023-11-03 19:40:20,797 [INFO] PluginManager:220 - loadIPPluginJar : add aes
2023-11-03 19:40:20,801 [INFO] IPUIPlugin:80 - create IPUIPlugin
2023-11-03 19:40:20,801 [INFO] PluginManager:220 - loadIPPluginJar : add fatfs
2023-11-03 19:40:20,812 [INFO] IPUIPlugin:80 - create IPUIPlugin
2023-11-03 19:40:20,812 [INFO] PluginManager:220 - loadIPPluginJar : add openamp
2023-11-03 19:40:20,825 [INFO] IPUIPlugin:80 - create IPUIPlugin
2023-11-03 19:40:20,825 [INFO] PluginManager:220 - loadIPPluginJar : add pdm2pcm
2023-11-03 19:40:20,828 [INFO] IPUIPlugin:80 - create IPUIPlugin
2023-11-03 19:40:20,828 [INFO] PluginManager:220 - loadIPPluginJar : add tim
2023-11-03 19:40:20,839 [INFO] IPUIPlugin:80 - create IPUIPlugin
2023-11-03 19:40:20,839 [INFO] PluginManager:220 - loadIPPluginJar : add resmgrutility
2023-11-03 19:40:20,844 [INFO] IPUIPlugin:80 - create IPUIPlugin
2023-11-03 19:40:20,844 [INFO] PluginManager:220 - loadIPPluginJar : add ltdc
2023-11-03 19:40:20,853 [INFO] IPUIPlugin:80 - create IPUIPlugin
2023-11-03 19:40:20,854 [INFO] PluginManager:220 - loadIPPluginJar : add ucpd
2023-11-03 19:40:20,863 [INFO] IPUIPlugin:80 - create IPUIPlugin
2023-11-03 19:40:20,868 [INFO] PluginManager:220 - loadIPPluginJar : add usbx
2023-11-03 19:40:20,872 [INFO] IPUIPlugin:80 - create IPUIPlugin
2023-11-03 19:40:20,876 [INFO] PluginManager:220 - loadIPPluginJar : add cryp
2023-11-03 19:40:20,896 [INFO] IPUIPlugin:80 - create IPUIPlugin
2023-11-03 19:40:20,899 [INFO] PluginManager:220 - loadIPPluginJar : add gic
2023-11-03 19:40:20,936 [INFO] IPUIPlugin:80 - create IPUIPlugin
2023-11-03 19:40:20,937 [INFO] PluginManager:220 - loadIPPluginJar : add adc
2023-11-03 19:40:20,953 [INFO] IPUIPlugin:80 - create IPUIPlugin
2023-11-03 19:40:20,953 [INFO] PluginManager:220 - loadIPPluginJar : add ts
2023-11-03 19:40:20,961 [INFO] IPUIPlugin:80 - create IPUIPlugin
2023-11-03 19:40:20,965 [INFO] PluginManager:220 - loadIPPluginJar : add touchsensing
2023-11-03 19:40:20,972 [INFO] IPUIPlugin:80 - create IPUIPlugin
2023-11-03 19:40:20,972 [INFO] PluginManager:220 - loadIPPluginJar : add dfsdm
2023-11-03 19:40:20,980 [INFO] IPUIPlugin:80 - create IPUIPlugin
2023-11-03 19:40:20,980 [INFO] PluginManager:220 - loadIPPluginJar : add usart
2023-11-03 19:40:20,988 [INFO] IPUIPlugin:80 - create IPUIPlugin
2023-11-03 19:40:20,988 [INFO] PluginManager:220 - loadIPPluginJar : add lorawan
2023-11-03 19:40:20,994 [INFO] IPUIPlugin:80 - create IPUIPlugin
2023-11-03 19:40:20,994 [INFO] PluginManager:220 - loadIPPluginJar : add tsc
2023-11-03 19:40:21,018 [INFO] IPUIPlugin:80 - create IPUIPlugin
2023-11-03 19:40:21,018 [INFO] PluginManager:220 - loadIPPluginJar : add linkedlist
2023-11-03 19:40:21,037 [INFO] IPUIPlugin:80 - create IPUIPlugin
2023-11-03 19:40:21,046 [INFO] PluginManager:220 - loadIPPluginJar : add plateformsettings
2023-11-03 19:40:21,048 [INFO] IPUIPlugin:80 - create IPUIPlugin
2023-11-03 19:40:21,048 [INFO] PluginManager:220 - loadIPPluginJar : add genericplugin
2023-11-03 19:40:21,056 [INFO] IPUIPlugin:80 - create IPUIPlugin
2023-11-03 19:40:21,061 [INFO] PluginManager:220 - loadIPPluginJar : add mdma
2023-11-03 19:40:21,067 [INFO] IPUIPlugin:80 - create IPUIPlugin
2023-11-03 19:40:21,067 [INFO] PluginManager:220 - loadIPPluginJar : add gtzc
2023-11-03 19:40:21,076 [INFO] IPUIPlugin:80 - create IPUIPlugin
2023-11-03 19:40:21,076 [INFO] PluginManager:220 - loadIPPluginJar : add can
2023-11-03 19:40:21,084 [INFO] IPUIPlugin:80 - create IPUIPlugin
2023-11-03 19:40:21,097 [INFO] PluginManager:220 - loadIPPluginJar : add i3c
2023-11-03 19:40:21,151 [INFO] IPUIPlugin:80 - create IPUIPlugin
2023-11-03 19:40:21,152 [INFO] PluginManager:220 - loadIPPluginJar : add freertos
2023-11-03 19:40:21,167 [INFO] IPUIPlugin:80 - create IPUIPlugin
2023-11-03 19:40:21,168 [INFO] PluginManager:220 - loadIPPluginJar : add quadspi
2023-11-03 19:40:21,221 [INFO] IPUIPlugin:80 - create IPUIPlugin
2023-11-03 19:40:21,221 [INFO] PluginManager:220 - loadIPPluginJar : add opamp
2023-11-03 19:40:21,236 [INFO] IPUIPlugin:80 - create IPUIPlugin
2023-11-03 19:40:21,236 [INFO] PluginManager:220 - loadIPPluginJar : add i2c
2023-11-03 19:40:21,363 [INFO] ThirdPartyUpdaterWithRetryManager:70 - Updater plugin not ready yet. [2/15]
2023-11-03 19:40:21,478 [INFO] CADModel:165 - CPN selected for project level
2023-11-03 19:40:21,478 [INFO] CADModel:114 - Register for checkConnection events
2023-11-03 19:40:21,478 [FATAL] Updater:308 - Updater called before beeing initialized
2023-11-03 19:40:21,479 [ERROR] CADModel:125 - Updater not yet initialized, retry later 
2023-11-03 19:40:22,643 [INFO] CADModel:165 - CPN selected for project level
2023-11-03 19:40:22,648 [INFO] CADModel:114 - Register for checkConnection events
2023-11-03 19:40:22,648 [FATAL] Updater:308 - Updater called before beeing initialized
2023-11-03 19:40:22,648 [ERROR] CADModel:125 - Updater not yet initialized, retry later 
2023-11-03 19:40:22,681 [FATAL] Updater:308 - Updater called before beeing initialized
2023-11-03 19:40:23,773 [FATAL] Updater:308 - Updater called before beeing initialized
2023-11-03 19:40:23,799 [INFO] DbMcusAds:53 - JSON generation date=Tue Mar 07 05:50:55 ART 2023 (1678179055114)
2023-11-03 19:40:23,799 [FATAL] Updater:308 - Updater called before beeing initialized
2023-11-03 19:40:24,066 [WARN] DetailPanel:346 - Failed to get advertising image, set to default
2023-11-03 19:40:24,365 [FATAL] Updater:308 - Updater called before beeing initialized
2023-11-03 19:40:24,366 [ERROR] IntegrityCheckThread:130 - Cannot retrieve database content from updater: error 21
2023-11-03 19:40:24,366 [INFO] ThirdParty:978 - Integrity check success = false
2023-11-03 19:40:24,366 [INFO] IntegrityCheckThread:100 - exiting critical section [integrity check]
2023-11-03 19:40:24,366 [INFO] IntegrityCheckThread:103 - End integrity checks thread
2023-11-03 19:40:24,528 [FATAL] Updater:308 - Updater called before beeing initialized
2023-11-03 19:40:24,548 [FATAL] Updater:308 - Updater called before beeing initialized
2023-11-03 19:40:24,558 [FATAL] Updater:308 - Updater called before beeing initialized
2023-11-03 19:40:24,559 [WARN] DetailPanel:346 - Failed to get advertising image, set to default
2023-11-03 19:40:24,578 [FATAL] Updater:308 - Updater called before beeing initialized
2023-11-03 19:40:24,909 [ERROR] Updater:1120 - MainUpdater not yet initialized. External WinMGr cannot be set.
2023-11-03 19:40:24,914 [INFO] Updater:1056 - Updater Version found : 6.9.2
2023-11-03 19:40:24,971 [INFO] ApplicationProperties:184 - Using Application install path: /opt/st/stm32cubeide_1.13.2/plugins/com.st.stm32cube.common.mx_6.9.2.202309101412
2023-11-03 19:40:25,492 [INFO] MainUpdater:2868 - connection check result : 10
2023-11-03 19:40:25,509 [INFO] MainUpdater:285 - Updater Check For Update Now.
2023-11-03 19:40:25,510 [INFO] MicroXplorer:498 - Change Database Version : DB.6.0.92
2023-11-03 19:40:25,569 [INFO] McuFinderGlobals:63 - Set McuFinder mode to 2 (CubeIDE integrated)
2023-11-03 19:40:26,005 [INFO] CheckServerUpdateThread:120 - End of CheckServer Thread
2023-11-03 19:40:49,383 [ERROR] LogOutputStream:75 - [STDERR_REDIRECT] SLF4J: Failed to load class "org.slf4j.impl.StaticLoggerBinder".
2023-11-03 19:40:49,384 [ERROR] LogOutputStream:75 - [STDERR_REDIRECT] SLF4J: Defaulting to no-operation (NOP) logger implementation
2023-11-03 19:40:49,386 [ERROR] LogOutputStream:75 - [STDERR_REDIRECT] SLF4J: See http://www.slf4j.org/codes.html#StaticLoggerBinder for further details.
