2023-12-09 08:19:10,309 [INFO] Activator:176 - 


2023-12-09 08:19:10,334 [INFO] Activator:177 - !SESSION log4j initialized
2023-12-09 08:19:24,560 [ERROR] LogOutputStream:75 - [STDERR_REDIRECT] Managed Build system manifest file error: Option com.atollic.truestudio.general.runtimelib.515011658 uses a null category that is invalid in its context. The option was ignored.
2023-12-09 08:19:24,567 [ERROR] LogOutputStream:75 - [STDERR_REDIRECT] Managed Build system manifest file error: Option com.atollic.truestudio.toolchain_options.mcu.1215812750 uses a null category that is invalid in its context. The option was ignored.
2023-12-09 08:19:24,568 [ERROR] LogOutputStream:75 - [STDERR_REDIRECT] Managed Build system manifest file error: Option com.atollic.truestudio.toolchain_options.vendor.1616666001 uses a null category that is invalid in its context. The option was ignored.
2023-12-09 08:19:24,742 [ERROR] LogOutputStream:75 - [STDERR_REDIRECT] Managed Build system manifest file error: Option com.atollic.truestudio.general.runtimelib.1515049018 uses a null category that is invalid in its context. The option was ignored.
2023-12-09 08:19:24,746 [ERROR] LogOutputStream:75 - [STDERR_REDIRECT] Managed Build system manifest file error: Option com.atollic.truestudio.toolchain_options.mcu.1352430483 uses a null category that is invalid in its context. The option was ignored.
2023-12-09 08:19:24,750 [ERROR] LogOutputStream:75 - [STDERR_REDIRECT] Managed Build system manifest file error: Option com.atollic.truestudio.toolchain_options.vendor.1233035770 uses a null category that is invalid in its context. The option was ignored.
2023-12-09 08:19:33,838 [INFO] LogOutputStream:77 - [STDOUT_REDIRECT] 
2023-12-09 08:19:41,841 [INFO] ApplicationProperties:184 - Using Application install path: /opt/st/stm32cubeide_1.13.2/plugins/com.st.stm32cube.common.mx_6.9.2.202309101412
2023-12-09 08:19:42,050 [INFO] DbMcusXml:78 - Set database path to: /opt/st/stm32cubeide_1.13.2/plugins/com.st.stm32cube.common.mx_6.9.2.202309101412//db//mcu/
2023-12-09 08:19:42,050 [INFO] ApiDb:274 - Set plugin database path to: /opt/st/stm32cubeide_1.13.2/plugins/com.st.stm32cube.common.mx_6.9.2.202309101412//db//plugins/boardmanager/
2023-12-09 08:19:42,051 [WARN] ApiDb:259 - Overriding images path with different value:  => /opt/st/stm32cubeide_1.13.2/plugins/com.st.stm32cube.common.mx_6.9.2.202309101412//db//plugins/mcufinder/images/
2023-12-09 08:19:42,107 [INFO] ApiDb:250 - Set database path to: /home/osboxes/.stmcufinder/plugins/mcufinder//mcu/
2023-12-09 08:19:42,116 [INFO] DbMcusAds:125 - Set database path to: /home/osboxes/.stmcufinder/plugins/mcufinder//mcu/
2023-12-09 08:19:42,129 [INFO] CrossReferenceDbSqlite:203 - Set database path to: /home/osboxes/.stmcufinder/plugins/mcufinder//mcu/cs/
2023-12-09 08:19:43,013 [INFO] RulesReader:64 - Compatibility file has been processed (293 Rules)
2023-12-09 08:19:43,489 [INFO] DbMcusXml:78 - Set database path to: /opt/st/stm32cubeide_1.13.2/plugins/com.st.stm32cube.common.mx_6.9.2.202309101412//db//mcu/
2023-12-09 08:19:43,489 [INFO] ApiDb:274 - Set plugin database path to: /opt/st/stm32cubeide_1.13.2/plugins/com.st.stm32cube.common.mx_6.9.2.202309101412//db//plugins/boardmanager/
2023-12-09 08:19:43,490 [INFO] ApiDb:261 - Set plugin images path to: /opt/st/stm32cubeide_1.13.2/plugins/com.st.stm32cube.common.mx_6.9.2.202309101412//db//plugins/mcufinder/images/
2023-12-09 08:19:43,490 [WARN] DbFile:41 - Overriding database path with different value: /home/osboxes/.stmcufinder/plugins/mcufinder/ => /home/osboxes/.stmcufinder/plugins/mcufinder
2023-12-09 08:19:43,490 [INFO] ApiDb:250 - Set database path to: /home/osboxes/.stmcufinder/plugins/mcufinder//mcu/
2023-12-09 08:19:43,491 [WARN] DbFile:41 - Overriding database path with different value: /home/osboxes/.stmcufinder/plugins/mcufinder/ => /home/osboxes/.stmcufinder/plugins/mcufinder
2023-12-09 08:19:43,491 [INFO] DbMcusAds:125 - Set database path to: /home/osboxes/.stmcufinder/plugins/mcufinder//mcu/
2023-12-09 08:19:43,501 [WARN] DbFile:41 - Overriding database path with different value: /home/osboxes/.stmcufinder/plugins/mcufinder/ => /home/osboxes/.stmcufinder/plugins/mcufinder
2023-12-09 08:19:43,501 [WARN] DbFile:41 - Overriding database path with different value: /home/osboxes/.stmcufinder/plugins/mcufinder/ => /home/osboxes/.stmcufinder/plugins/mcufinder
2023-12-09 08:19:43,501 [INFO] CrossReferenceDbSqlite:203 - Set database path to: /home/osboxes/.stmcufinder/plugins/mcufinder//mcu/cs/
2023-12-09 08:19:44,065 [INFO] MainPanel:262 - HeapMemory: 268435456
2023-12-09 08:19:45,027 [INFO] DbMcusXml:78 - Set database path to: /opt/st/stm32cubeide_1.13.2/plugins/com.st.stm32cube.common.mx_6.9.2.202309101412//db//mcu/
2023-12-09 08:19:45,028 [INFO] ApiDb:274 - Set plugin database path to: /opt/st/stm32cubeide_1.13.2/plugins/com.st.stm32cube.common.mx_6.9.2.202309101412//db//plugins/boardmanager/
2023-12-09 08:19:45,028 [INFO] ApiDb:261 - Set plugin images path to: /opt/st/stm32cubeide_1.13.2/plugins/com.st.stm32cube.common.mx_6.9.2.202309101412//db//plugins/mcufinder/images/
2023-12-09 08:19:45,033 [WARN] DbFile:41 - Overriding database path with different value: /home/osboxes/.stmcufinder/plugins/mcufinder/ => /home/osboxes/.stmcufinder/plugins/mcufinder
2023-12-09 08:19:45,033 [INFO] ApiDb:250 - Set database path to: /home/osboxes/.stmcufinder/plugins/mcufinder//mcu/
2023-12-09 08:19:45,033 [WARN] DbFile:41 - Overriding database path with different value: /home/osboxes/.stmcufinder/plugins/mcufinder/ => /home/osboxes/.stmcufinder/plugins/mcufinder
2023-12-09 08:19:45,033 [INFO] DbMcusAds:125 - Set database path to: /home/osboxes/.stmcufinder/plugins/mcufinder//mcu/
2023-12-09 08:19:45,033 [WARN] DbFile:41 - Overriding database path with different value: /home/osboxes/.stmcufinder/plugins/mcufinder/ => /home/osboxes/.stmcufinder/plugins/mcufinder
2023-12-09 08:19:45,034 [WARN] DbFile:41 - Overriding database path with different value: /home/osboxes/.stmcufinder/plugins/mcufinder/ => /home/osboxes/.stmcufinder/plugins/mcufinder
2023-12-09 08:19:45,034 [INFO] CrossReferenceDbSqlite:203 - Set database path to: /home/osboxes/.stmcufinder/plugins/mcufinder//mcu/cs/
2023-12-09 08:19:45,210 [INFO] ApplicationProperties:184 - Using Application install path: /opt/st/stm32cubeide_1.13.2/plugins/com.st.stm32cube.common.mx_6.9.2.202309101412
2023-12-09 08:19:45,231 [INFO] PluginManage:196 - Search for loadable plugins [exclusion list=, ]
2023-12-09 08:19:45,257 [INFO] PluginManage:310 - Check plugin analytics
2023-12-09 08:19:47,390 [INFO] AnalyticsPlugin:253 - Accepted Software Licenses: 
2023-12-09 08:19:47,394 [INFO] AnalyticsPlugin:255 - Accepted CMSIS Pack Licenses: STMicroelectronics.X-CUBE-NFC4.3.0.0
2023-12-09 08:19:47,400 [INFO] AnalyticsPlugin:257 - Accepted Firmware Licenses: FW.F4.1.27.0
2023-12-09 08:19:47,434 [INFO] PluginManage:359 - Loaded plugin analytics (category:tool,tabindex:-1)
2023-12-09 08:19:47,435 [INFO] PluginManage:310 - Check plugin cadmodel
2023-12-09 08:19:47,811 [INFO] CADModel:105 - Init CAD model plugin
2023-12-09 08:19:47,812 [INFO] PluginManage:359 - Loaded plugin cadmodel (category:power,tabindex:5)
2023-12-09 08:19:47,812 [INFO] PluginManage:310 - Check plugin clock
2023-12-09 08:19:47,916 [INFO] PluginManage:359 - Loaded plugin clock (category:base,tabindex:2)
2023-12-09 08:19:47,916 [INFO] PluginManage:310 - Check plugin ddr
2023-12-09 08:19:47,930 [INFO] PluginManage:359 - Loaded plugin ddr (category:tool,tabindex:6)
2023-12-09 08:19:47,930 [INFO] PluginManage:310 - Check plugin filemanager
2023-12-09 08:19:49,294 [INFO] PluginManage:359 - Loaded plugin filemanager (category:base,tabindex:10)
2023-12-09 08:19:49,306 [INFO] PluginManage:310 - Check plugin ipmanager
2023-12-09 08:19:49,408 [INFO] PluginManage:359 - Loaded plugin ipmanager (category:base,tabindex:5)
2023-12-09 08:19:49,409 [INFO] PluginManage:310 - Check plugin lpbam
2023-12-09 08:19:49,520 [INFO] PluginManage:359 - Loaded plugin lpbam (category:base,tabindex:0)
2023-12-09 08:19:49,528 [INFO] PluginManage:310 - Check plugin memorymap
2023-12-09 08:19:49,693 [INFO] PluginManage:359 - Loaded plugin memorymap (category:base,tabindex:4)
2023-12-09 08:19:49,694 [INFO] PluginManage:310 - Check plugin pinoutandconfiguration
2023-12-09 08:19:49,775 [INFO] PluginManage:359 - Loaded plugin pinoutandconfiguration (category:base,tabindex:1)
2023-12-09 08:19:49,775 [INFO] PluginManage:310 - Check plugin pinoutconfig
2023-12-09 08:19:50,116 [WARN] SupportedApi:132 - Cannot load RTOS API schema: s4s-elt-must-match.1: The content of 'definitions' must match (annotation?, (simpleType | complexType)?, (unique | key | keyref)*)). A problem was found starting at: attribute.
2023-12-09 08:19:50,774 [INFO] PluginManage:359 - Loaded plugin pinoutconfig (category:base,tabindex:0)
2023-12-09 08:19:50,777 [INFO] PluginManage:310 - Check plugin power
2023-12-09 08:19:50,851 [INFO] PluginManage:359 - Loaded plugin power (category:power,tabindex:4)
2023-12-09 08:19:50,851 [INFO] PluginManage:310 - Check plugin projectmanager
2023-12-09 08:19:50,916 [INFO] PluginManage:359 - Loaded plugin projectmanager (category:projectmanager,tabindex:3)
2023-12-09 08:19:50,916 [INFO] PluginManage:310 - Check plugin thirdparty
2023-12-09 08:19:51,587 [WARN] IntegrityCheckThread:84 - waiting for thirdparty lock release [integrity check]
2023-12-09 08:19:51,593 [INFO] IntegrityCheckThread:86 - entering critical section [integrity check]
2023-12-09 08:19:51,599 [INFO] ThirdPartyUpdaterWithRetryManager:70 - Updater plugin not ready yet. [1/15]
2023-12-09 08:19:51,594 [INFO] PluginManage:359 - Loaded plugin thirdparty (category:base,tabindex:-1)
2023-12-09 08:19:51,602 [INFO] PluginManage:310 - Check plugin tools
2023-12-09 08:19:51,640 [INFO] PluginManage:359 - Loaded plugin tools (category:base,tabindex:7)
2023-12-09 08:19:51,642 [INFO] PluginManage:310 - Check plugin tutovideos
2023-12-09 08:19:52,833 [INFO] PluginManage:359 - Loaded plugin tutovideos (category:base,tabindex:-1)
2023-12-09 08:19:52,835 [INFO] PluginManage:310 - Check plugin updater
2023-12-09 08:19:52,865 [INFO] PluginManage:359 - Loaded plugin updater (category:base,tabindex:12)
2023-12-09 08:19:52,865 [INFO] PluginManage:310 - Check plugin userauth
2023-12-09 08:19:52,886 [INFO] UserAuth:113 - Init User Auth plugin
2023-12-09 08:19:52,886 [INFO] PluginManage:359 - Loaded plugin userauth (category:base,tabindex:14)
2023-12-09 08:19:52,891 [INFO] PluginManage:283 - PluginManage : Loaded plugins [17]
2023-12-09 08:19:53,933 [INFO] PinOutPanel:1499 - setPackage(No Configuration,No Configuration)
2023-12-09 08:19:54,293 [INFO] CADModel:165 - CPN selected for project level
2023-12-09 08:19:54,294 [INFO] CADModel:114 - Register for checkConnection events
2023-12-09 08:19:54,328 [INFO] IPUIPlugin:80 - create IPUIPlugin
2023-12-09 08:19:54,329 [INFO] PluginManager:220 - loadIPPluginJar : add dma3
2023-12-09 08:19:54,335 [INFO] IPUIPlugin:80 - create IPUIPlugin
2023-12-09 08:19:54,336 [INFO] PluginManager:220 - loadIPPluginJar : add tracer_emb
2023-12-09 08:19:54,349 [INFO] IPUIPlugin:80 - create IPUIPlugin
2023-12-09 08:19:54,349 [INFO] PluginManager:220 - loadIPPluginJar : add gpio
2023-12-09 08:19:54,371 [INFO] IPUIPlugin:80 - create IPUIPlugin
2023-12-09 08:19:54,372 [INFO] PluginManager:220 - loadIPPluginJar : add ipddr
2023-12-09 08:19:54,385 [INFO] IPUIPlugin:80 - create IPUIPlugin
2023-12-09 08:19:54,389 [INFO] PluginManager:220 - loadIPPluginJar : add sai
2023-12-09 08:19:54,397 [INFO] IPUIPlugin:80 - create IPUIPlugin
2023-12-09 08:19:54,397 [INFO] PluginManager:220 - loadIPPluginJar : add i2s
2023-12-09 08:19:54,411 [INFO] IPUIPlugin:80 - create IPUIPlugin
2023-12-09 08:19:54,411 [INFO] PluginManager:220 - loadIPPluginJar : add dma
2023-12-09 08:19:54,430 [INFO] IPUIPlugin:80 - create IPUIPlugin
2023-12-09 08:19:54,430 [INFO] PluginManager:220 - loadIPPluginJar : add fmc
2023-12-09 08:19:54,438 [INFO] IPUIPlugin:80 - create IPUIPlugin
2023-12-09 08:19:54,438 [INFO] PluginManager:220 - loadIPPluginJar : add hash
2023-12-09 08:19:54,445 [INFO] IPUIPlugin:80 - create IPUIPlugin
2023-12-09 08:19:54,445 [INFO] PluginManager:220 - loadIPPluginJar : add spi
2023-12-09 08:19:54,453 [INFO] IPUIPlugin:80 - create IPUIPlugin
2023-12-09 08:19:54,454 [INFO] PluginManager:220 - loadIPPluginJar : add nvic
2023-12-09 08:19:54,469 [INFO] IPUIPlugin:80 - create IPUIPlugin
2023-12-09 08:19:54,470 [INFO] PluginManager:220 - loadIPPluginJar : add stm32_wpan
2023-12-09 08:19:54,479 [INFO] IPUIPlugin:80 - create IPUIPlugin
2023-12-09 08:19:54,480 [INFO] PluginManager:220 - loadIPPluginJar : add comp
2023-12-09 08:19:54,487 [INFO] IPUIPlugin:80 - create IPUIPlugin
2023-12-09 08:19:54,488 [INFO] PluginManager:220 - loadIPPluginJar : add gfxmmu
2023-12-09 08:19:54,495 [INFO] IPUIPlugin:80 - create IPUIPlugin
2023-12-09 08:19:54,495 [INFO] PluginManager:220 - loadIPPluginJar : add aes
2023-12-09 08:19:54,497 [INFO] IPUIPlugin:80 - create IPUIPlugin
2023-12-09 08:19:54,497 [INFO] PluginManager:220 - loadIPPluginJar : add fatfs
2023-12-09 08:19:54,500 [INFO] IPUIPlugin:80 - create IPUIPlugin
2023-12-09 08:19:54,504 [INFO] PluginManager:220 - loadIPPluginJar : add openamp
2023-12-09 08:19:54,514 [INFO] IPUIPlugin:80 - create IPUIPlugin
2023-12-09 08:19:54,514 [INFO] PluginManager:220 - loadIPPluginJar : add pdm2pcm
2023-12-09 08:19:54,516 [INFO] IPUIPlugin:80 - create IPUIPlugin
2023-12-09 08:19:54,517 [INFO] PluginManager:220 - loadIPPluginJar : add tim
2023-12-09 08:19:54,523 [INFO] IPUIPlugin:80 - create IPUIPlugin
2023-12-09 08:19:54,529 [INFO] PluginManager:220 - loadIPPluginJar : add resmgrutility
2023-12-09 08:19:54,532 [INFO] IPUIPlugin:80 - create IPUIPlugin
2023-12-09 08:19:54,533 [INFO] PluginManager:220 - loadIPPluginJar : add ltdc
2023-12-09 08:19:54,536 [INFO] IPUIPlugin:80 - create IPUIPlugin
2023-12-09 08:19:54,538 [INFO] PluginManager:220 - loadIPPluginJar : add ucpd
2023-12-09 08:19:54,546 [INFO] IPUIPlugin:80 - create IPUIPlugin
2023-12-09 08:19:54,546 [INFO] PluginManager:220 - loadIPPluginJar : add usbx
2023-12-09 08:19:54,565 [INFO] IPUIPlugin:80 - create IPUIPlugin
2023-12-09 08:19:54,566 [INFO] PluginManager:220 - loadIPPluginJar : add cryp
2023-12-09 08:19:54,597 [INFO] IPUIPlugin:80 - create IPUIPlugin
2023-12-09 08:19:54,603 [INFO] ThirdPartyUpdaterWithRetryManager:70 - Updater plugin not ready yet. [2/15]
2023-12-09 08:19:54,600 [INFO] PluginManager:220 - loadIPPluginJar : add gic
2023-12-09 08:19:54,622 [INFO] IPUIPlugin:80 - create IPUIPlugin
2023-12-09 08:19:54,622 [INFO] PluginManager:220 - loadIPPluginJar : add adc
2023-12-09 08:19:54,640 [INFO] IPUIPlugin:80 - create IPUIPlugin
2023-12-09 08:19:54,640 [INFO] PluginManager:220 - loadIPPluginJar : add ts
2023-12-09 08:19:54,663 [INFO] IPUIPlugin:80 - create IPUIPlugin
2023-12-09 08:19:54,663 [INFO] PluginManager:220 - loadIPPluginJar : add touchsensing
2023-12-09 08:19:54,682 [INFO] IPUIPlugin:80 - create IPUIPlugin
2023-12-09 08:19:54,682 [INFO] PluginManager:220 - loadIPPluginJar : add dfsdm
2023-12-09 08:19:54,688 [INFO] IPUIPlugin:80 - create IPUIPlugin
2023-12-09 08:19:54,688 [INFO] PluginManager:220 - loadIPPluginJar : add usart
2023-12-09 08:19:54,699 [INFO] IPUIPlugin:80 - create IPUIPlugin
2023-12-09 08:19:54,699 [INFO] PluginManager:220 - loadIPPluginJar : add lorawan
2023-12-09 08:19:54,709 [INFO] IPUIPlugin:80 - create IPUIPlugin
2023-12-09 08:19:54,710 [INFO] PluginManager:220 - loadIPPluginJar : add tsc
2023-12-09 08:19:54,837 [INFO] IPUIPlugin:80 - create IPUIPlugin
2023-12-09 08:19:54,837 [INFO] PluginManager:220 - loadIPPluginJar : add linkedlist
2023-12-09 08:19:54,894 [INFO] IPUIPlugin:80 - create IPUIPlugin
2023-12-09 08:19:54,903 [INFO] PluginManager:220 - loadIPPluginJar : add plateformsettings
2023-12-09 08:19:54,913 [INFO] IPUIPlugin:80 - create IPUIPlugin
2023-12-09 08:19:54,914 [INFO] PluginManager:220 - loadIPPluginJar : add genericplugin
2023-12-09 08:19:54,946 [INFO] IPUIPlugin:80 - create IPUIPlugin
2023-12-09 08:19:54,946 [INFO] PluginManager:220 - loadIPPluginJar : add mdma
2023-12-09 08:19:54,956 [INFO] IPUIPlugin:80 - create IPUIPlugin
2023-12-09 08:19:54,956 [INFO] PluginManager:220 - loadIPPluginJar : add gtzc
2023-12-09 08:19:54,969 [INFO] IPUIPlugin:80 - create IPUIPlugin
2023-12-09 08:19:54,969 [INFO] PluginManager:220 - loadIPPluginJar : add can
2023-12-09 08:19:54,975 [INFO] IPUIPlugin:80 - create IPUIPlugin
2023-12-09 08:19:54,975 [INFO] PluginManager:220 - loadIPPluginJar : add i3c
2023-12-09 08:19:55,008 [INFO] IPUIPlugin:80 - create IPUIPlugin
2023-12-09 08:19:55,008 [INFO] PluginManager:220 - loadIPPluginJar : add freertos
2023-12-09 08:19:55,018 [INFO] IPUIPlugin:80 - create IPUIPlugin
2023-12-09 08:19:55,018 [INFO] PluginManager:220 - loadIPPluginJar : add quadspi
2023-12-09 08:19:55,034 [INFO] IPUIPlugin:80 - create IPUIPlugin
2023-12-09 08:19:55,034 [INFO] PluginManager:220 - loadIPPluginJar : add opamp
2023-12-09 08:19:55,039 [INFO] IPUIPlugin:80 - create IPUIPlugin
2023-12-09 08:19:55,045 [INFO] PluginManager:220 - loadIPPluginJar : add i2c
2023-12-09 08:19:55,268 [INFO] CADModel:165 - CPN selected for project level
2023-12-09 08:19:55,269 [INFO] CADModel:114 - Register for checkConnection events
2023-12-09 08:19:55,269 [FATAL] Updater:308 - Updater called before beeing initialized
2023-12-09 08:19:55,269 [ERROR] CADModel:125 - Updater not yet initialized, retry later 
2023-12-09 08:19:56,596 [INFO] CADModel:165 - CPN selected for project level
2023-12-09 08:19:56,603 [INFO] CADModel:114 - Register for checkConnection events
2023-12-09 08:19:56,603 [FATAL] Updater:308 - Updater called before beeing initialized
2023-12-09 08:19:56,605 [ERROR] CADModel:125 - Updater not yet initialized, retry later 
2023-12-09 08:19:56,651 [FATAL] Updater:308 - Updater called before beeing initialized
2023-12-09 08:19:57,317 [FATAL] Updater:308 - Updater called before beeing initialized
2023-12-09 08:19:57,343 [INFO] DbMcusAds:53 - JSON generation date=Tue Mar 07 05:50:55 ART 2023 (1678179055114)
2023-12-09 08:19:57,343 [FATAL] Updater:308 - Updater called before beeing initialized
2023-12-09 08:19:57,578 [WARN] DetailPanel:346 - Failed to get advertising image, set to default
2023-12-09 08:19:57,604 [INFO] ThirdPartyUpdaterWithRetryManager:70 - Updater plugin not ready yet. [3/15]
2023-12-09 08:19:57,878 [FATAL] Updater:308 - Updater called before beeing initialized
2023-12-09 08:19:57,887 [FATAL] Updater:308 - Updater called before beeing initialized
2023-12-09 08:19:57,887 [FATAL] Updater:308 - Updater called before beeing initialized
2023-12-09 08:19:57,888 [WARN] DetailPanel:346 - Failed to get advertising image, set to default
2023-12-09 08:19:57,893 [FATAL] Updater:308 - Updater called before beeing initialized
2023-12-09 08:19:58,313 [ERROR] Updater:1120 - MainUpdater not yet initialized. External WinMGr cannot be set.
2023-12-09 08:19:58,332 [INFO] Updater:1056 - Updater Version found : 6.9.2
2023-12-09 08:19:58,540 [INFO] ApplicationProperties:184 - Using Application install path: /opt/st/stm32cubeide_1.13.2/plugins/com.st.stm32cube.common.mx_6.9.2.202309101412
2023-12-09 08:19:59,527 [INFO] MainUpdater:2868 - connection check result : 10
2023-12-09 08:19:59,541 [INFO] MainUpdater:285 - Updater Check For Update Now.
2023-12-09 08:19:59,541 [INFO] MicroXplorer:498 - Change Database Version : DB.6.0.92
2023-12-09 08:19:59,617 [INFO] McuFinderGlobals:63 - Set McuFinder mode to 2 (CubeIDE integrated)
2023-12-09 08:20:00,459 [INFO] CheckServerUpdateThread:120 - End of CheckServer Thread
2023-12-09 08:20:02,272 [WARN] PackLoader:240 - Cannot read IP mode file for STMicroelectronics.X-CUBE-SMBUS.2.1.0
2023-12-09 08:20:03,187 [WARN] PackLoader:240 - Cannot read IP mode file for STMicroelectronics.X-CUBE-AZRTOS-F7.1.1.0
2023-12-09 08:20:03,619 [WARN] PackLoader:240 - Cannot read IP mode file for STMicroelectronics.FP-SNS-MOTENV1.4.3.2
2023-12-09 08:20:03,695 [WARN] PackLoader:240 - Cannot read IP mode file for STMicroelectronics.FP-SNS-FLIGHT1.5.0.2
2023-12-09 08:20:03,787 [WARN] PackLoader:240 - Cannot read IP mode file for STMicroelectronics.X-CUBE-DISPLAY.3.0.0
2023-12-09 08:20:03,961 [WARN] PackLoader:240 - Cannot read IP mode file for STMicroelectronics.X-CUBE-BLE1.7.0.0
2023-12-09 08:20:04,053 [WARN] PackLoader:240 - Cannot read IP mode file for emotas.I-CUBE-CANOPEN.1.3.0
2023-12-09 08:20:04,102 [WARN] PackLoader:240 - Cannot read IP mode file for STMicroelectronics.X-CUBE-TOUCHGFX.4.22.1
2023-12-09 08:20:04,179 [WARN] PackLoader:240 - Cannot read IP mode file for STMicroelectronics.FP-SNS-SMARTAG2.1.2.0
2023-12-09 08:20:04,452 [INFO] LogOutputStream:77 - [STDOUT_REDIRECT] 1 : Invalid condition id : UX_CORESTACK_Condition cause : null
2023-12-09 08:20:04,460 [INFO] LogOutputStream:77 - [STDOUT_REDIRECT] 1 : Invalid condition id : UX_CORESTACK_Condition cause : null
2023-12-09 08:20:04,465 [INFO] LogOutputStream:77 - [STDOUT_REDIRECT] 1 : Invalid condition id : UX_CORESTACK_Condition cause : null
2023-12-09 08:20:04,474 [INFO] LogOutputStream:77 - [STDOUT_REDIRECT] 1 : Invalid condition id : UX_CORESTACK_Condition cause : null
2023-12-09 08:20:04,479 [INFO] LogOutputStream:77 - [STDOUT_REDIRECT] 1 : Invalid condition id : UX_CORESTACK_Condition cause : null
2023-12-09 08:20:04,577 [WARN] PackLoader:240 - Cannot read IP mode file for STMicroelectronics.X-CUBE-AZRTOS-WL.2.0.0
2023-12-09 08:20:04,743 [WARN] PackLoader:240 - Cannot read IP mode file for WES.I-CUBE-Cesium.1.3.0
2023-12-09 08:20:04,827 [WARN] PackLoader:240 - Cannot read IP mode file for STMicroelectronics.X-CUBE-BLE2.3.3.0
2023-12-09 08:20:04,948 [WARN] PackLoader:240 - Cannot read IP mode file for STMicroelectronics.X-CUBE-ALGOBUILD.1.3.0
2023-12-09 08:20:05,424 [WARN] PackLoader:240 - Cannot read IP mode file for STMicroelectronics.X-CUBE-AZRTOS-G0.1.1.0
2023-12-09 08:20:05,617 [WARN] PackLoader:240 - Cannot read IP mode file for STMicroelectronics.X-CUBE-NFC4.3.0.0
2023-12-09 08:20:06,601 [WARN] PackLoader:240 - Cannot read IP mode file for STMicroelectronics.X-CUBE-BLEMGR.3.0.0
2023-12-09 08:20:06,663 [WARN] PackLoader:240 - Cannot read IP mode file for STMicroelectronics.FP-ATR-SIGFOX1.3.2.0
2023-12-09 08:20:07,114 [WARN] PackLoader:240 - Cannot read IP mode file for SEGGER.I-CUBE-embOS.1.3.1
2023-12-09 08:20:08,122 [WARN] PackLoader:240 - Cannot read IP mode file for STMicroelectronics.X-CUBE-GNSS1.6.0.0
2023-12-09 08:20:08,514 [WARN] PackLoader:240 - Cannot read IP mode file for STMicroelectronics.X-CUBE-AZRTOS-F4.1.1.0
2023-12-09 08:20:08,658 [WARN] PackLoader:240 - Cannot read IP mode file for wolfSSL.I-CUBE-wolfSSL.5.6.3
2023-12-09 08:20:08,979 [WARN] PackLoader:240 - Cannot read IP mode file for STMicroelectronics.X-CUBE-AZRTOS-L5.2.0.0
2023-12-09 08:20:10,400 [WARN] PackLoader:240 - Cannot read IP mode file for STMicroelectronics.X-CUBE-MEMS1.9.6.0
2023-12-09 08:20:13,885 [WARN] PackLoader:240 - Cannot read IP mode file for STMicroelectronics.X-CUBE-EEPRMA1.4.2.0
2023-12-09 08:20:13,927 [WARN] PackLoader:240 - Cannot read IP mode file for ITTIA_DB.I-CUBE-ITTIADB.8.8.0
2023-12-09 08:20:13,972 [WARN] PackLoader:240 - Cannot read IP mode file for STMicroelectronics.X-CUBE-BLEMGR.2.0.0
2023-12-09 08:20:14,049 [WARN] ConditionMgr:438 - getConditionDescription Invalid condition id : UX DEVICE CLASS RTOS Condition cause : null
2023-12-09 08:20:14,050 [WARN] ConditionMgr:438 - getConditionDescription Invalid condition id : UX DEVICE CLASS RTOS Condition cause : null
2023-12-09 08:20:14,059 [WARN] PackLoader:240 - Cannot read IP mode file for STMicroelectronics.X-CUBE-AZRTOS-H7.3.1.0
2023-12-09 08:20:14,060 [WARN] ConditionMgr:1039 - genDependencies : Invalid condition id : UX DEVICE CLASS RTOS Condition cause : null
2023-12-09 08:20:14,060 [WARN] ConditionMgr:1039 - genDependencies : Invalid condition id : UX DEVICE CLASS RTOS Condition cause : null
2023-12-09 08:20:14,061 [WARN] ConditionMgr:1039 - genDependencies : Invalid condition id : UX DEVICE CLASS RTOS Condition cause : null
2023-12-09 08:20:14,062 [WARN] ConditionMgr:1039 - genDependencies : Invalid condition id : UX DEVICE CLASS RTOS Condition cause : null
2023-12-09 08:20:14,062 [WARN] ConditionMgr:1039 - genDependencies : Invalid condition id : UX DEVICE CLASS RTOS Condition cause : null
2023-12-09 08:20:14,090 [WARN] PackLoader:240 - Cannot read IP mode file for STMicroelectronics.X-CUBE-NFC7.1.0.1
2023-12-09 08:20:14,125 [WARN] PackLoader:240 - Cannot read IP mode file for STMicroelectronics.X-CUBE-NFC6.3.0.0
2023-12-09 08:20:14,147 [WARN] PackLoader:240 - Cannot read IP mode file for STMicroelectronics.X-CUBE-EEPRMA1.4.1.0
2023-12-09 08:20:14,174 [WARN] PackLoader:240 - Cannot read IP mode file for STMicroelectronics.X-CUBE-AI.8.1.0
2023-12-09 08:20:14,325 [WARN] ConditionMgr:438 - getConditionDescription Invalid condition id : LAN8742 Phy interface Condition cause : null
2023-12-09 08:20:14,326 [WARN] PackLoader:240 - Cannot read IP mode file for STMicroelectronics.X-CUBE-AZRTOS-L4.2.0.0
2023-12-09 08:20:14,328 [WARN] ConditionMgr:1039 - genDependencies : Invalid condition id : LAN8742 Phy interface Condition cause : null
2023-12-09 08:20:14,345 [WARN] ConditionMgr:1039 - genDependencies : Invalid condition id : LAN8742 Phy interface Condition cause : null
2023-12-09 08:20:14,346 [WARN] ConditionMgr:1039 - genDependencies : Invalid condition id : LAN8742 Phy interface Condition cause : null
2023-12-09 08:20:14,397 [WARN] PackLoader:240 - Cannot read IP mode file for STMicroelectronics.X-CUBE-SFXS2LP1.4.0.0
2023-12-09 08:20:14,426 [WARN] PackLoader:240 - Cannot read IP mode file for STMicroelectronics.X-CUBE-ISPU.1.1.0
2023-12-09 08:20:14,493 [WARN] ConditionMgr:438 - getConditionDescription Invalid condition id : UX DEVICE CLASS RTOS Condition cause : null
2023-12-09 08:20:14,495 [WARN] ConditionMgr:438 - getConditionDescription Invalid condition id : UX DEVICE CLASS RTOS Condition cause : null
2023-12-09 08:20:14,507 [WARN] PackLoader:240 - Cannot read IP mode file for STMicroelectronics.X-CUBE-AZRTOS-WB.2.0.0
2023-12-09 08:20:14,508 [WARN] ConditionMgr:1039 - genDependencies : Invalid condition id : UX DEVICE CLASS RTOS Condition cause : null
2023-12-09 08:20:14,514 [WARN] ConditionMgr:1039 - genDependencies : Invalid condition id : UX DEVICE CLASS RTOS Condition cause : null
2023-12-09 08:20:14,515 [WARN] ConditionMgr:1039 - genDependencies : Invalid condition id : UX DEVICE CLASS RTOS Condition cause : null
2023-12-09 08:20:14,516 [WARN] ConditionMgr:1039 - genDependencies : Invalid condition id : UX DEVICE CLASS RTOS Condition cause : null
2023-12-09 08:20:14,516 [WARN] ConditionMgr:1039 - genDependencies : Invalid condition id : UX DEVICE CLASS RTOS Condition cause : null
2023-12-09 08:20:14,567 [WARN] PackLoader:240 - Cannot read IP mode file for STMicroelectronics.X-CUBE-SUBG2.5.0.0
2023-12-09 08:20:14,696 [WARN] PackLoader:240 - Cannot read IP mode file for STMicroelectronics.X-CUBE-TOF1.3.3.1
2023-12-09 08:20:14,961 [WARN] PackLoader:240 - Cannot read IP mode file for STMicroelectronics.X-CUBE-AZRTOS-G4.2.0.0
2023-12-09 08:20:15,080 [WARN] PackLoader:240 - Cannot read IP mode file for Infineon.AIROC-Wi-Fi-Bluetooth-STM32.1.5.1
2023-12-09 08:20:15,189 [WARN] PackLoader:240 - Cannot read IP mode file for STMicroelectronics.FP-SNS-MOTENVWB1.1.3.0
2023-12-09 08:20:15,230 [WARN] PackLoader:240 - Cannot read IP mode file for STMicroelectronics.FP-SNS-MOTENVWB1.1.3.1
2023-12-09 08:20:15,283 [WARN] PackLoader:240 - Cannot read IP mode file for STMicroelectronics.X-CUBE-ISPU.2.0.0
2023-12-09 08:20:15,910 [WARN] PackLoader:240 - Cannot read IP mode file for STMicroelectronics.X-CUBE-MEMS1.10.0.0
2023-12-09 08:20:16,862 [WARN] PackLoader:240 - Cannot read IP mode file for STMicroelectronics.X-CUBE-FREERTOS.1.1.0
2023-12-09 08:20:16,885 [WARN] PackLoader:240 - Cannot read IP mode file for portGmbH.I-Cube-SoM-uGOAL.1.1.0
2023-12-09 08:20:16,904 [WARN] PackLoader:240 - Cannot read IP mode file for STMicroelectronics.X-CUBE-ALS.1.0.1
2023-12-09 08:20:16,916 [WARN] PackLoader:240 - Cannot read IP mode file for STMicroelectronics.FP-ATR-ASTRA1.2.0.0
2023-12-09 08:20:16,961 [WARN] PackLoader:240 - Cannot read IP mode file for STMicroelectronics.X-CUBE-TOF1.3.4.0
2023-12-09 08:20:17,122 [WARN] PackLoader:240 - Cannot read IP mode file for STMicroelectronics.X-CUBE-AZRTOS-H7.3.2.0
2023-12-09 08:20:17,150 [INFO] ThirdParty:978 - Integrity check success = true
2023-12-09 08:20:17,150 [INFO] IntegrityCheckThread:100 - exiting critical section [integrity check]
2023-12-09 08:20:17,151 [INFO] IntegrityCheckThread:103 - End integrity checks thread
2023-12-09 08:20:23,052 [ERROR] LogOutputStream:75 - [STDERR_REDIRECT] SLF4J: Failed to load class "org.slf4j.impl.StaticLoggerBinder".
2023-12-09 08:20:23,059 [ERROR] LogOutputStream:75 - [STDERR_REDIRECT] SLF4J: Defaulting to no-operation (NOP) logger implementation
2023-12-09 08:20:23,061 [ERROR] LogOutputStream:75 - [STDERR_REDIRECT] SLF4J: See http://www.slf4j.org/codes.html#StaticLoggerBinder for further details.
