2023-11-08 21:13:26,016 [INFO] Activator:176 - 


2023-11-08 21:13:26,034 [INFO] Activator:177 - !SESSION log4j initialized
2023-11-08 21:13:51,572 [INFO] LogOutputStream:77 - [STDOUT_REDIRECT] 
2023-11-08 21:14:07,859 [INFO] ApplicationProperties:184 - Using Application install path: /opt/st/stm32cubeide_1.13.2/plugins/com.st.stm32cube.common.mx_6.9.2.202309101412
2023-11-08 21:14:08,069 [INFO] DbMcusXml:78 - Set database path to: /opt/st/stm32cubeide_1.13.2/plugins/com.st.stm32cube.common.mx_6.9.2.202309101412//db//mcu/
2023-11-08 21:14:08,077 [INFO] ApiDb:274 - Set plugin database path to: /opt/st/stm32cubeide_1.13.2/plugins/com.st.stm32cube.common.mx_6.9.2.202309101412//db//plugins/boardmanager/
2023-11-08 21:14:08,085 [WARN] ApiDb:259 - Overriding images path with different value:  => /opt/st/stm32cubeide_1.13.2/plugins/com.st.stm32cube.common.mx_6.9.2.202309101412//db//plugins/mcufinder/images/
2023-11-08 21:14:08,199 [INFO] ApiDb:250 - Set database path to: /home/osboxes/.stmcufinder/plugins/mcufinder//mcu/
2023-11-08 21:14:08,201 [INFO] DbMcusAds:125 - Set database path to: /home/osboxes/.stmcufinder/plugins/mcufinder//mcu/
2023-11-08 21:14:08,675 [INFO] CrossReferenceDbSqlite:203 - Set database path to: /home/osboxes/.stmcufinder/plugins/mcufinder//mcu/cs/
2023-11-08 21:14:10,075 [INFO] RulesReader:64 - Compatibility file has been processed (293 Rules)
2023-11-08 21:14:10,809 [INFO] DbMcusXml:78 - Set database path to: /opt/st/stm32cubeide_1.13.2/plugins/com.st.stm32cube.common.mx_6.9.2.202309101412//db//mcu/
2023-11-08 21:14:10,809 [INFO] ApiDb:274 - Set plugin database path to: /opt/st/stm32cubeide_1.13.2/plugins/com.st.stm32cube.common.mx_6.9.2.202309101412//db//plugins/boardmanager/
2023-11-08 21:14:10,810 [INFO] ApiDb:261 - Set plugin images path to: /opt/st/stm32cubeide_1.13.2/plugins/com.st.stm32cube.common.mx_6.9.2.202309101412//db//plugins/mcufinder/images/
2023-11-08 21:14:10,823 [WARN] DbFile:41 - Overriding database path with different value: /home/osboxes/.stmcufinder/plugins/mcufinder/ => /home/osboxes/.stmcufinder/plugins/mcufinder
2023-11-08 21:14:10,823 [INFO] ApiDb:250 - Set database path to: /home/osboxes/.stmcufinder/plugins/mcufinder//mcu/
2023-11-08 21:14:10,824 [WARN] DbFile:41 - Overriding database path with different value: /home/osboxes/.stmcufinder/plugins/mcufinder/ => /home/osboxes/.stmcufinder/plugins/mcufinder
2023-11-08 21:14:10,824 [INFO] DbMcusAds:125 - Set database path to: /home/osboxes/.stmcufinder/plugins/mcufinder//mcu/
2023-11-08 21:14:10,824 [WARN] DbFile:41 - Overriding database path with different value: /home/osboxes/.stmcufinder/plugins/mcufinder/ => /home/osboxes/.stmcufinder/plugins/mcufinder
2023-11-08 21:14:10,826 [WARN] DbFile:41 - Overriding database path with different value: /home/osboxes/.stmcufinder/plugins/mcufinder/ => /home/osboxes/.stmcufinder/plugins/mcufinder
2023-11-08 21:14:10,827 [INFO] CrossReferenceDbSqlite:203 - Set database path to: /home/osboxes/.stmcufinder/plugins/mcufinder//mcu/cs/
2023-11-08 21:14:11,325 [INFO] MainPanel:262 - HeapMemory: 268435456
2023-11-08 21:14:11,935 [INFO] DbMcusXml:78 - Set database path to: /opt/st/stm32cubeide_1.13.2/plugins/com.st.stm32cube.common.mx_6.9.2.202309101412//db//mcu/
2023-11-08 21:14:11,935 [INFO] ApiDb:274 - Set plugin database path to: /opt/st/stm32cubeide_1.13.2/plugins/com.st.stm32cube.common.mx_6.9.2.202309101412//db//plugins/boardmanager/
2023-11-08 21:14:11,935 [INFO] ApiDb:261 - Set plugin images path to: /opt/st/stm32cubeide_1.13.2/plugins/com.st.stm32cube.common.mx_6.9.2.202309101412//db//plugins/mcufinder/images/
2023-11-08 21:14:11,936 [WARN] DbFile:41 - Overriding database path with different value: /home/osboxes/.stmcufinder/plugins/mcufinder/ => /home/osboxes/.stmcufinder/plugins/mcufinder
2023-11-08 21:14:11,936 [INFO] ApiDb:250 - Set database path to: /home/osboxes/.stmcufinder/plugins/mcufinder//mcu/
2023-11-08 21:14:11,936 [WARN] DbFile:41 - Overriding database path with different value: /home/osboxes/.stmcufinder/plugins/mcufinder/ => /home/osboxes/.stmcufinder/plugins/mcufinder
2023-11-08 21:14:11,936 [INFO] DbMcusAds:125 - Set database path to: /home/osboxes/.stmcufinder/plugins/mcufinder//mcu/
2023-11-08 21:14:11,936 [WARN] DbFile:41 - Overriding database path with different value: /home/osboxes/.stmcufinder/plugins/mcufinder/ => /home/osboxes/.stmcufinder/plugins/mcufinder
2023-11-08 21:14:11,936 [WARN] DbFile:41 - Overriding database path with different value: /home/osboxes/.stmcufinder/plugins/mcufinder/ => /home/osboxes/.stmcufinder/plugins/mcufinder
2023-11-08 21:14:11,937 [INFO] CrossReferenceDbSqlite:203 - Set database path to: /home/osboxes/.stmcufinder/plugins/mcufinder//mcu/cs/
2023-11-08 21:14:12,049 [INFO] ApplicationProperties:184 - Using Application install path: /opt/st/stm32cubeide_1.13.2/plugins/com.st.stm32cube.common.mx_6.9.2.202309101412
2023-11-08 21:14:12,060 [INFO] PluginManage:196 - Search for loadable plugins [exclusion list=, ]
2023-11-08 21:14:12,074 [INFO] PluginManage:310 - Check plugin analytics
2023-11-08 21:14:13,295 [INFO] AnalyticsPlugin:253 - Accepted Software Licenses: 
2023-11-08 21:14:13,295 [INFO] AnalyticsPlugin:255 - Accepted CMSIS Pack Licenses: STMicroelectronics.X-CUBE-NFC4.3.0.0
2023-11-08 21:14:13,295 [INFO] AnalyticsPlugin:257 - Accepted Firmware Licenses: FW.F4.1.27.0
2023-11-08 21:14:13,317 [INFO] PluginManage:359 - Loaded plugin analytics (category:tool,tabindex:-1)
2023-11-08 21:14:13,323 [INFO] PluginManage:310 - Check plugin cadmodel
2023-11-08 21:14:13,904 [INFO] CADModel:105 - Init CAD model plugin
2023-11-08 21:14:13,904 [INFO] PluginManage:359 - Loaded plugin cadmodel (category:power,tabindex:5)
2023-11-08 21:14:13,913 [INFO] PluginManage:310 - Check plugin clock
2023-11-08 21:14:14,039 [INFO] PluginManage:359 - Loaded plugin clock (category:base,tabindex:2)
2023-11-08 21:14:14,039 [INFO] PluginManage:310 - Check plugin ddr
2023-11-08 21:14:14,054 [INFO] PluginManage:359 - Loaded plugin ddr (category:tool,tabindex:6)
2023-11-08 21:14:14,059 [INFO] PluginManage:310 - Check plugin filemanager
2023-11-08 21:14:15,052 [INFO] PluginManage:359 - Loaded plugin filemanager (category:base,tabindex:10)
2023-11-08 21:14:15,054 [INFO] PluginManage:310 - Check plugin ipmanager
2023-11-08 21:14:15,097 [INFO] PluginManage:359 - Loaded plugin ipmanager (category:base,tabindex:5)
2023-11-08 21:14:15,097 [INFO] PluginManage:310 - Check plugin lpbam
2023-11-08 21:14:15,148 [INFO] PluginManage:359 - Loaded plugin lpbam (category:base,tabindex:0)
2023-11-08 21:14:15,148 [INFO] PluginManage:310 - Check plugin memorymap
2023-11-08 21:14:15,202 [INFO] PluginManage:359 - Loaded plugin memorymap (category:base,tabindex:4)
2023-11-08 21:14:15,211 [INFO] PluginManage:310 - Check plugin pinoutandconfiguration
2023-11-08 21:14:15,251 [INFO] PluginManage:359 - Loaded plugin pinoutandconfiguration (category:base,tabindex:1)
2023-11-08 21:14:15,251 [INFO] PluginManage:310 - Check plugin pinoutconfig
2023-11-08 21:14:15,871 [WARN] SupportedApi:132 - Cannot load RTOS API schema: s4s-elt-must-match.1: The content of 'definitions' must match (annotation?, (simpleType | complexType)?, (unique | key | keyref)*)). A problem was found starting at: attribute.
2023-11-08 21:14:17,103 [INFO] PluginManage:359 - Loaded plugin pinoutconfig (category:base,tabindex:0)
2023-11-08 21:14:17,103 [INFO] PluginManage:310 - Check plugin power
2023-11-08 21:14:17,157 [INFO] PluginManage:359 - Loaded plugin power (category:power,tabindex:4)
2023-11-08 21:14:17,157 [INFO] PluginManage:310 - Check plugin projectmanager
2023-11-08 21:14:17,225 [INFO] PluginManage:359 - Loaded plugin projectmanager (category:projectmanager,tabindex:3)
2023-11-08 21:14:17,225 [INFO] PluginManage:310 - Check plugin thirdparty
2023-11-08 21:14:18,527 [INFO] PluginManage:359 - Loaded plugin thirdparty (category:base,tabindex:-1)
2023-11-08 21:14:18,527 [INFO] PluginManage:310 - Check plugin tools
2023-11-08 21:14:18,529 [WARN] IntegrityCheckThread:84 - waiting for thirdparty lock release [integrity check]
2023-11-08 21:14:18,529 [INFO] IntegrityCheckThread:86 - entering critical section [integrity check]
2023-11-08 21:14:18,530 [INFO] ThirdPartyUpdaterWithRetryManager:70 - Updater plugin not ready yet. [1/15]
2023-11-08 21:14:18,537 [INFO] PluginManage:359 - Loaded plugin tools (category:base,tabindex:7)
2023-11-08 21:14:18,537 [INFO] PluginManage:310 - Check plugin tutovideos
2023-11-08 21:14:21,544 [INFO] ThirdPartyUpdaterWithRetryManager:70 - Updater plugin not ready yet. [2/15]
2023-11-08 21:14:21,776 [INFO] PluginManage:359 - Loaded plugin tutovideos (category:base,tabindex:-1)
2023-11-08 21:14:21,777 [INFO] PluginManage:310 - Check plugin updater
2023-11-08 21:14:22,063 [INFO] PluginManage:359 - Loaded plugin updater (category:base,tabindex:12)
2023-11-08 21:14:22,063 [INFO] PluginManage:310 - Check plugin userauth
2023-11-08 21:14:22,179 [INFO] UserAuth:113 - Init User Auth plugin
2023-11-08 21:14:22,180 [INFO] PluginManage:359 - Loaded plugin userauth (category:base,tabindex:14)
2023-11-08 21:14:22,214 [INFO] PluginManage:283 - PluginManage : Loaded plugins [17]
2023-11-08 21:14:24,239 [INFO] PinOutPanel:1499 - setPackage(No Configuration,No Configuration)
2023-11-08 21:14:24,546 [INFO] ThirdPartyUpdaterWithRetryManager:70 - Updater plugin not ready yet. [3/15]
2023-11-08 21:14:25,315 [INFO] CADModel:165 - CPN selected for project level
2023-11-08 21:14:25,316 [INFO] CADModel:114 - Register for checkConnection events
2023-11-08 21:14:25,373 [INFO] IPUIPlugin:80 - create IPUIPlugin
2023-11-08 21:14:25,374 [INFO] PluginManager:220 - loadIPPluginJar : add dma3
2023-11-08 21:14:25,384 [INFO] IPUIPlugin:80 - create IPUIPlugin
2023-11-08 21:14:25,388 [INFO] PluginManager:220 - loadIPPluginJar : add tracer_emb
2023-11-08 21:14:25,398 [INFO] IPUIPlugin:80 - create IPUIPlugin
2023-11-08 21:14:25,408 [INFO] PluginManager:220 - loadIPPluginJar : add gpio
2023-11-08 21:14:25,427 [INFO] IPUIPlugin:80 - create IPUIPlugin
2023-11-08 21:14:25,428 [INFO] PluginManager:220 - loadIPPluginJar : add ipddr
2023-11-08 21:14:25,436 [INFO] IPUIPlugin:80 - create IPUIPlugin
2023-11-08 21:14:25,436 [INFO] PluginManager:220 - loadIPPluginJar : add sai
2023-11-08 21:14:25,451 [INFO] IPUIPlugin:80 - create IPUIPlugin
2023-11-08 21:14:25,452 [INFO] PluginManager:220 - loadIPPluginJar : add i2s
2023-11-08 21:14:25,470 [INFO] IPUIPlugin:80 - create IPUIPlugin
2023-11-08 21:14:25,470 [INFO] PluginManager:220 - loadIPPluginJar : add dma
2023-11-08 21:14:25,490 [INFO] IPUIPlugin:80 - create IPUIPlugin
2023-11-08 21:14:25,490 [INFO] PluginManager:220 - loadIPPluginJar : add fmc
2023-11-08 21:14:25,503 [INFO] IPUIPlugin:80 - create IPUIPlugin
2023-11-08 21:14:25,503 [INFO] PluginManager:220 - loadIPPluginJar : add hash
2023-11-08 21:14:25,517 [INFO] IPUIPlugin:80 - create IPUIPlugin
2023-11-08 21:14:25,527 [INFO] PluginManager:220 - loadIPPluginJar : add spi
2023-11-08 21:14:25,539 [INFO] IPUIPlugin:80 - create IPUIPlugin
2023-11-08 21:14:25,539 [INFO] PluginManager:220 - loadIPPluginJar : add nvic
2023-11-08 21:14:25,563 [INFO] IPUIPlugin:80 - create IPUIPlugin
2023-11-08 21:14:25,564 [INFO] PluginManager:220 - loadIPPluginJar : add stm32_wpan
2023-11-08 21:14:25,570 [INFO] IPUIPlugin:80 - create IPUIPlugin
2023-11-08 21:14:25,576 [INFO] PluginManager:220 - loadIPPluginJar : add comp
2023-11-08 21:14:25,585 [INFO] IPUIPlugin:80 - create IPUIPlugin
2023-11-08 21:14:25,585 [INFO] PluginManager:220 - loadIPPluginJar : add gfxmmu
2023-11-08 21:14:25,595 [INFO] IPUIPlugin:80 - create IPUIPlugin
2023-11-08 21:14:25,595 [INFO] PluginManager:220 - loadIPPluginJar : add aes
2023-11-08 21:14:25,604 [INFO] IPUIPlugin:80 - create IPUIPlugin
2023-11-08 21:14:25,604 [INFO] PluginManager:220 - loadIPPluginJar : add fatfs
2023-11-08 21:14:25,613 [INFO] IPUIPlugin:80 - create IPUIPlugin
2023-11-08 21:14:25,613 [INFO] PluginManager:220 - loadIPPluginJar : add openamp
2023-11-08 21:14:25,632 [INFO] IPUIPlugin:80 - create IPUIPlugin
2023-11-08 21:14:25,632 [INFO] PluginManager:220 - loadIPPluginJar : add pdm2pcm
2023-11-08 21:14:25,636 [INFO] IPUIPlugin:80 - create IPUIPlugin
2023-11-08 21:14:25,636 [INFO] PluginManager:220 - loadIPPluginJar : add tim
2023-11-08 21:14:25,645 [INFO] IPUIPlugin:80 - create IPUIPlugin
2023-11-08 21:14:25,654 [INFO] PluginManager:220 - loadIPPluginJar : add resmgrutility
2023-11-08 21:14:25,659 [INFO] IPUIPlugin:80 - create IPUIPlugin
2023-11-08 21:14:25,660 [INFO] PluginManager:220 - loadIPPluginJar : add ltdc
2023-11-08 21:14:25,663 [INFO] IPUIPlugin:80 - create IPUIPlugin
2023-11-08 21:14:25,675 [INFO] PluginManager:220 - loadIPPluginJar : add ucpd
2023-11-08 21:14:25,681 [INFO] IPUIPlugin:80 - create IPUIPlugin
2023-11-08 21:14:25,682 [INFO] PluginManager:220 - loadIPPluginJar : add usbx
2023-11-08 21:14:25,685 [INFO] IPUIPlugin:80 - create IPUIPlugin
2023-11-08 21:14:25,691 [INFO] PluginManager:220 - loadIPPluginJar : add cryp
2023-11-08 21:14:25,715 [INFO] IPUIPlugin:80 - create IPUIPlugin
2023-11-08 21:14:25,716 [INFO] PluginManager:220 - loadIPPluginJar : add gic
2023-11-08 21:14:25,739 [INFO] IPUIPlugin:80 - create IPUIPlugin
2023-11-08 21:14:25,740 [INFO] PluginManager:220 - loadIPPluginJar : add adc
2023-11-08 21:14:25,757 [INFO] IPUIPlugin:80 - create IPUIPlugin
2023-11-08 21:14:25,758 [INFO] PluginManager:220 - loadIPPluginJar : add ts
2023-11-08 21:14:25,774 [INFO] IPUIPlugin:80 - create IPUIPlugin
2023-11-08 21:14:25,774 [INFO] PluginManager:220 - loadIPPluginJar : add touchsensing
2023-11-08 21:14:25,780 [INFO] IPUIPlugin:80 - create IPUIPlugin
2023-11-08 21:14:25,780 [INFO] PluginManager:220 - loadIPPluginJar : add dfsdm
2023-11-08 21:14:25,788 [INFO] IPUIPlugin:80 - create IPUIPlugin
2023-11-08 21:14:25,789 [INFO] PluginManager:220 - loadIPPluginJar : add usart
2023-11-08 21:14:25,809 [INFO] IPUIPlugin:80 - create IPUIPlugin
2023-11-08 21:14:25,809 [INFO] PluginManager:220 - loadIPPluginJar : add lorawan
2023-11-08 21:14:25,825 [INFO] IPUIPlugin:80 - create IPUIPlugin
2023-11-08 21:14:25,833 [INFO] PluginManager:220 - loadIPPluginJar : add tsc
2023-11-08 21:14:25,856 [INFO] IPUIPlugin:80 - create IPUIPlugin
2023-11-08 21:14:25,856 [INFO] PluginManager:220 - loadIPPluginJar : add linkedlist
2023-11-08 21:14:25,888 [INFO] IPUIPlugin:80 - create IPUIPlugin
2023-11-08 21:14:25,904 [INFO] PluginManager:220 - loadIPPluginJar : add plateformsettings
2023-11-08 21:14:25,915 [INFO] IPUIPlugin:80 - create IPUIPlugin
2023-11-08 21:14:25,915 [INFO] PluginManager:220 - loadIPPluginJar : add genericplugin
2023-11-08 21:14:25,934 [INFO] IPUIPlugin:80 - create IPUIPlugin
2023-11-08 21:14:25,934 [INFO] PluginManager:220 - loadIPPluginJar : add mdma
2023-11-08 21:14:25,967 [INFO] IPUIPlugin:80 - create IPUIPlugin
2023-11-08 21:14:25,967 [INFO] PluginManager:220 - loadIPPluginJar : add gtzc
2023-11-08 21:14:25,986 [INFO] IPUIPlugin:80 - create IPUIPlugin
2023-11-08 21:14:25,986 [INFO] PluginManager:220 - loadIPPluginJar : add can
2023-11-08 21:14:25,998 [INFO] IPUIPlugin:80 - create IPUIPlugin
2023-11-08 21:14:25,998 [INFO] PluginManager:220 - loadIPPluginJar : add i3c
2023-11-08 21:14:26,031 [INFO] IPUIPlugin:80 - create IPUIPlugin
2023-11-08 21:14:26,031 [INFO] PluginManager:220 - loadIPPluginJar : add freertos
2023-11-08 21:14:26,036 [INFO] IPUIPlugin:80 - create IPUIPlugin
2023-11-08 21:14:26,036 [INFO] PluginManager:220 - loadIPPluginJar : add quadspi
2023-11-08 21:14:26,047 [INFO] IPUIPlugin:80 - create IPUIPlugin
2023-11-08 21:14:26,047 [INFO] PluginManager:220 - loadIPPluginJar : add opamp
2023-11-08 21:14:26,065 [INFO] IPUIPlugin:80 - create IPUIPlugin
2023-11-08 21:14:26,065 [INFO] PluginManager:220 - loadIPPluginJar : add i2c
2023-11-08 21:14:26,442 [INFO] CADModel:165 - CPN selected for project level
2023-11-08 21:14:26,443 [INFO] CADModel:114 - Register for checkConnection events
2023-11-08 21:14:26,448 [FATAL] Updater:308 - Updater called before beeing initialized
2023-11-08 21:14:26,462 [ERROR] CADModel:125 - Updater not yet initialized, retry later 
2023-11-08 21:14:27,026 [INFO] CADModel:165 - CPN selected for project level
2023-11-08 21:14:27,027 [INFO] CADModel:114 - Register for checkConnection events
2023-11-08 21:14:27,027 [FATAL] Updater:308 - Updater called before beeing initialized
2023-11-08 21:14:27,027 [ERROR] CADModel:125 - Updater not yet initialized, retry later 
2023-11-08 21:14:27,039 [FATAL] Updater:308 - Updater called before beeing initialized
2023-11-08 21:14:27,421 [FATAL] Updater:308 - Updater called before beeing initialized
2023-11-08 21:14:27,431 [INFO] DbMcusAds:53 - JSON generation date=Tue Mar 07 05:50:55 ART 2023 (1678179055114)
2023-11-08 21:14:27,435 [FATAL] Updater:308 - Updater called before beeing initialized
2023-11-08 21:14:27,547 [INFO] ThirdPartyUpdaterWithRetryManager:70 - Updater plugin not ready yet. [4/15]
2023-11-08 21:14:27,555 [WARN] DetailPanel:346 - Failed to get advertising image, set to default
2023-11-08 21:14:28,111 [FATAL] Updater:308 - Updater called before beeing initialized
2023-11-08 21:14:28,116 [FATAL] Updater:308 - Updater called before beeing initialized
2023-11-08 21:14:28,116 [FATAL] Updater:308 - Updater called before beeing initialized
2023-11-08 21:14:28,116 [WARN] DetailPanel:346 - Failed to get advertising image, set to default
2023-11-08 21:14:28,120 [FATAL] Updater:308 - Updater called before beeing initialized
2023-11-08 21:14:28,230 [ERROR] Updater:1120 - MainUpdater not yet initialized. External WinMGr cannot be set.
2023-11-08 21:14:28,236 [INFO] Updater:1056 - Updater Version found : 6.9.2
2023-11-08 21:14:28,283 [INFO] ApplicationProperties:184 - Using Application install path: /opt/st/stm32cubeide_1.13.2/plugins/com.st.stm32cube.common.mx_6.9.2.202309101412
2023-11-08 21:14:29,156 [INFO] MainUpdater:2868 - connection check result : 10
2023-11-08 21:14:29,164 [INFO] MainUpdater:285 - Updater Check For Update Now.
2023-11-08 21:14:29,164 [INFO] MicroXplorer:498 - Change Database Version : DB.6.0.92
2023-11-08 21:14:29,184 [INFO] McuFinderGlobals:63 - Set McuFinder mode to 2 (CubeIDE integrated)
2023-11-08 21:14:29,611 [INFO] CheckServerUpdateThread:120 - End of CheckServer Thread
2023-11-08 21:14:31,069 [WARN] PackLoader:240 - Cannot read IP mode file for STMicroelectronics.X-CUBE-SMBUS.2.1.0
2023-11-08 21:14:31,188 [WARN] PackLoader:240 - Cannot read IP mode file for STMicroelectronics.X-CUBE-AZRTOS-F7.1.1.0
2023-11-08 21:14:31,254 [WARN] PackLoader:240 - Cannot read IP mode file for STMicroelectronics.FP-SNS-MOTENV1.4.3.2
2023-11-08 21:14:31,295 [WARN] PackLoader:240 - Cannot read IP mode file for STMicroelectronics.FP-SNS-FLIGHT1.5.0.2
2023-11-08 21:14:31,339 [WARN] PackLoader:240 - Cannot read IP mode file for STMicroelectronics.X-CUBE-DISPLAY.3.0.0
2023-11-08 21:14:31,388 [WARN] PackLoader:240 - Cannot read IP mode file for STMicroelectronics.X-CUBE-BLE1.7.0.0
2023-11-08 21:14:31,413 [WARN] PackLoader:240 - Cannot read IP mode file for emotas.I-CUBE-CANOPEN.1.3.0
2023-11-08 21:14:31,434 [WARN] PackLoader:240 - Cannot read IP mode file for STMicroelectronics.X-CUBE-TOUCHGFX.4.22.1
2023-11-08 21:14:31,449 [WARN] PackLoader:240 - Cannot read IP mode file for STMicroelectronics.FP-SNS-SMARTAG2.1.2.0
2023-11-08 21:14:31,507 [INFO] LogOutputStream:77 - [STDOUT_REDIRECT] 1 : Invalid condition id : UX_CORESTACK_Condition cause : null
2023-11-08 21:14:31,508 [INFO] LogOutputStream:77 - [STDOUT_REDIRECT] 1 : Invalid condition id : UX_CORESTACK_Condition cause : null
2023-11-08 21:14:31,509 [INFO] LogOutputStream:77 - [STDOUT_REDIRECT] 1 : Invalid condition id : UX_CORESTACK_Condition cause : null
2023-11-08 21:14:31,513 [INFO] LogOutputStream:77 - [STDOUT_REDIRECT] 1 : Invalid condition id : UX_CORESTACK_Condition cause : null
2023-11-08 21:14:31,516 [INFO] LogOutputStream:77 - [STDOUT_REDIRECT] 1 : Invalid condition id : UX_CORESTACK_Condition cause : null
2023-11-08 21:14:31,543 [WARN] PackLoader:240 - Cannot read IP mode file for STMicroelectronics.X-CUBE-AZRTOS-WL.2.0.0
2023-11-08 21:14:31,580 [WARN] PackLoader:240 - Cannot read IP mode file for WES.I-CUBE-Cesium.1.3.0
2023-11-08 21:14:31,605 [WARN] PackLoader:240 - Cannot read IP mode file for STMicroelectronics.X-CUBE-BLE2.3.3.0
2023-11-08 21:14:31,629 [WARN] PackLoader:240 - Cannot read IP mode file for STMicroelectronics.X-CUBE-ALGOBUILD.1.3.0
2023-11-08 21:14:31,704 [WARN] PackLoader:240 - Cannot read IP mode file for STMicroelectronics.X-CUBE-AZRTOS-G0.1.1.0
2023-11-08 21:14:31,726 [WARN] PackLoader:240 - Cannot read IP mode file for STMicroelectronics.X-CUBE-NFC4.3.0.0
2023-11-08 21:14:32,016 [WARN] PackLoader:240 - Cannot read IP mode file for STMicroelectronics.X-CUBE-BLEMGR.3.0.0
2023-11-08 21:14:32,051 [WARN] PackLoader:240 - Cannot read IP mode file for STMicroelectronics.FP-ATR-SIGFOX1.3.2.0
2023-11-08 21:14:32,374 [WARN] PackLoader:240 - Cannot read IP mode file for SEGGER.I-CUBE-embOS.1.3.1
2023-11-08 21:14:32,674 [WARN] PackLoader:240 - Cannot read IP mode file for STMicroelectronics.X-CUBE-GNSS1.6.0.0
2023-11-08 21:14:32,763 [WARN] PackLoader:240 - Cannot read IP mode file for STMicroelectronics.X-CUBE-AZRTOS-F4.1.1.0
2023-11-08 21:14:32,781 [WARN] PackLoader:240 - Cannot read IP mode file for wolfSSL.I-CUBE-wolfSSL.5.6.3
2023-11-08 21:14:32,844 [WARN] PackLoader:240 - Cannot read IP mode file for STMicroelectronics.X-CUBE-AZRTOS-L5.2.0.0
2023-11-08 21:14:33,015 [WARN] PackLoader:240 - Cannot read IP mode file for STMicroelectronics.X-CUBE-MEMS1.9.6.0
2023-11-08 21:14:34,282 [WARN] PackLoader:240 - Cannot read IP mode file for STMicroelectronics.X-CUBE-EEPRMA1.4.2.0
2023-11-08 21:14:34,301 [WARN] PackLoader:240 - Cannot read IP mode file for ITTIA_DB.I-CUBE-ITTIADB.8.8.0
2023-11-08 21:14:34,340 [WARN] PackLoader:240 - Cannot read IP mode file for STMicroelectronics.X-CUBE-BLEMGR.2.0.0
2023-11-08 21:14:34,437 [WARN] ConditionMgr:438 - getConditionDescription Invalid condition id : UX DEVICE CLASS RTOS Condition cause : null
2023-11-08 21:14:34,450 [WARN] ConditionMgr:438 - getConditionDescription Invalid condition id : UX DEVICE CLASS RTOS Condition cause : null
2023-11-08 21:14:34,461 [WARN] PackLoader:240 - Cannot read IP mode file for STMicroelectronics.X-CUBE-AZRTOS-H7.3.1.0
2023-11-08 21:14:34,475 [WARN] ConditionMgr:1039 - genDependencies : Invalid condition id : UX DEVICE CLASS RTOS Condition cause : null
2023-11-08 21:14:34,475 [WARN] ConditionMgr:1039 - genDependencies : Invalid condition id : UX DEVICE CLASS RTOS Condition cause : null
2023-11-08 21:14:34,476 [WARN] ConditionMgr:1039 - genDependencies : Invalid condition id : UX DEVICE CLASS RTOS Condition cause : null
2023-11-08 21:14:34,476 [WARN] ConditionMgr:1039 - genDependencies : Invalid condition id : UX DEVICE CLASS RTOS Condition cause : null
2023-11-08 21:14:34,477 [WARN] ConditionMgr:1039 - genDependencies : Invalid condition id : UX DEVICE CLASS RTOS Condition cause : null
2023-11-08 21:14:34,502 [WARN] PackLoader:240 - Cannot read IP mode file for STMicroelectronics.X-CUBE-NFC7.1.0.1
2023-11-08 21:14:34,544 [WARN] PackLoader:240 - Cannot read IP mode file for STMicroelectronics.X-CUBE-NFC6.3.0.0
2023-11-08 21:14:34,575 [WARN] PackLoader:240 - Cannot read IP mode file for STMicroelectronics.X-CUBE-EEPRMA1.4.1.0
2023-11-08 21:14:34,681 [WARN] PackLoader:240 - Cannot read IP mode file for STMicroelectronics.X-CUBE-AI.8.1.0
2023-11-08 21:14:34,826 [WARN] ConditionMgr:438 - getConditionDescription Invalid condition id : LAN8742 Phy interface Condition cause : null
2023-11-08 21:14:34,827 [WARN] PackLoader:240 - Cannot read IP mode file for STMicroelectronics.X-CUBE-AZRTOS-L4.2.0.0
2023-11-08 21:14:34,839 [WARN] ConditionMgr:1039 - genDependencies : Invalid condition id : LAN8742 Phy interface Condition cause : null
2023-11-08 21:14:34,839 [WARN] ConditionMgr:1039 - genDependencies : Invalid condition id : LAN8742 Phy interface Condition cause : null
2023-11-08 21:14:34,840 [WARN] ConditionMgr:1039 - genDependencies : Invalid condition id : LAN8742 Phy interface Condition cause : null
2023-11-08 21:14:34,884 [WARN] PackLoader:240 - Cannot read IP mode file for STMicroelectronics.X-CUBE-SFXS2LP1.4.0.0
2023-11-08 21:14:34,897 [WARN] PackLoader:240 - Cannot read IP mode file for STMicroelectronics.X-CUBE-ISPU.1.1.0
2023-11-08 21:14:34,943 [WARN] ConditionMgr:438 - getConditionDescription Invalid condition id : UX DEVICE CLASS RTOS Condition cause : null
2023-11-08 21:14:34,943 [WARN] ConditionMgr:438 - getConditionDescription Invalid condition id : UX DEVICE CLASS RTOS Condition cause : null
2023-11-08 21:14:34,951 [WARN] PackLoader:240 - Cannot read IP mode file for STMicroelectronics.X-CUBE-AZRTOS-WB.2.0.0
2023-11-08 21:14:34,951 [WARN] ConditionMgr:1039 - genDependencies : Invalid condition id : UX DEVICE CLASS RTOS Condition cause : null
2023-11-08 21:14:34,952 [WARN] ConditionMgr:1039 - genDependencies : Invalid condition id : UX DEVICE CLASS RTOS Condition cause : null
2023-11-08 21:14:34,952 [WARN] ConditionMgr:1039 - genDependencies : Invalid condition id : UX DEVICE CLASS RTOS Condition cause : null
2023-11-08 21:14:34,952 [WARN] ConditionMgr:1039 - genDependencies : Invalid condition id : UX DEVICE CLASS RTOS Condition cause : null
2023-11-08 21:14:34,952 [WARN] ConditionMgr:1039 - genDependencies : Invalid condition id : UX DEVICE CLASS RTOS Condition cause : null
2023-11-08 21:14:34,985 [WARN] PackLoader:240 - Cannot read IP mode file for STMicroelectronics.X-CUBE-SUBG2.5.0.0
2023-11-08 21:14:35,026 [WARN] PackLoader:240 - Cannot read IP mode file for STMicroelectronics.X-CUBE-TOF1.3.3.1
2023-11-08 21:14:35,096 [WARN] PackLoader:240 - Cannot read IP mode file for STMicroelectronics.X-CUBE-AZRTOS-G4.2.0.0
2023-11-08 21:14:35,132 [WARN] PackLoader:240 - Cannot read IP mode file for Infineon.AIROC-Wi-Fi-Bluetooth-STM32.1.5.1
2023-11-08 21:14:35,312 [WARN] PackLoader:240 - Cannot read IP mode file for STMicroelectronics.X-CUBE-MEMS1.10.0.0
2023-11-08 21:14:36,042 [WARN] PackLoader:240 - Cannot read IP mode file for STMicroelectronics.X-CUBE-FREERTOS.1.1.0
2023-11-08 21:14:36,065 [WARN] PackLoader:240 - Cannot read IP mode file for portGmbH.I-Cube-SoM-uGOAL.1.1.0
2023-11-08 21:14:36,080 [WARN] PackLoader:240 - Cannot read IP mode file for STMicroelectronics.X-CUBE-ALS.1.0.1
2023-11-08 21:14:36,093 [WARN] PackLoader:240 - Cannot read IP mode file for STMicroelectronics.FP-ATR-ASTRA1.2.0.0
2023-11-08 21:14:36,100 [INFO] ThirdParty:978 - Integrity check success = true
2023-11-08 21:14:36,100 [INFO] IntegrityCheckThread:100 - exiting critical section [integrity check]
2023-11-08 21:14:36,100 [INFO] IntegrityCheckThread:103 - End integrity checks thread
2023-11-08 21:14:52,942 [ERROR] LogOutputStream:75 - [STDERR_REDIRECT] SLF4J: Failed to load class "org.slf4j.impl.StaticLoggerBinder".
2023-11-08 21:14:52,946 [ERROR] LogOutputStream:75 - [STDERR_REDIRECT] SLF4J: Defaulting to no-operation (NOP) logger implementation
2023-11-08 21:14:52,950 [ERROR] LogOutputStream:75 - [STDERR_REDIRECT] SLF4J: See http://www.slf4j.org/codes.html#StaticLoggerBinder for further details.
