2023-12-07 10:30:49,303 [INFO] Activator:176 - 


2023-12-07 10:30:49,324 [INFO] Activator:177 - !SESSION log4j initialized
2023-12-07 10:31:04,124 [ERROR] LogOutputStream:75 - [STDERR_REDIRECT] Managed Build system manifest file error: Option com.atollic.truestudio.general.runtimelib.515011658 uses a null category that is invalid in its context. The option was ignored.
2023-12-07 10:31:04,128 [ERROR] LogOutputStream:75 - [STDERR_REDIRECT] Managed Build system manifest file error: Option com.atollic.truestudio.toolchain_options.mcu.1215812750 uses a null category that is invalid in its context. The option was ignored.
2023-12-07 10:31:04,133 [ERROR] LogOutputStream:75 - [STDERR_REDIRECT] Managed Build system manifest file error: Option com.atollic.truestudio.toolchain_options.vendor.1616666001 uses a null category that is invalid in its context. The option was ignored.
2023-12-07 10:31:04,289 [ERROR] LogOutputStream:75 - [STDERR_REDIRECT] Managed Build system manifest file error: Option com.atollic.truestudio.general.runtimelib.1515049018 uses a null category that is invalid in its context. The option was ignored.
2023-12-07 10:31:04,291 [ERROR] LogOutputStream:75 - [STDERR_REDIRECT] Managed Build system manifest file error: Option com.atollic.truestudio.toolchain_options.mcu.1352430483 uses a null category that is invalid in its context. The option was ignored.
2023-12-07 10:31:04,292 [ERROR] LogOutputStream:75 - [STDERR_REDIRECT] Managed Build system manifest file error: Option com.atollic.truestudio.toolchain_options.vendor.1233035770 uses a null category that is invalid in its context. The option was ignored.
2023-12-07 10:31:17,787 [INFO] LogOutputStream:77 - [STDOUT_REDIRECT] 
2023-12-07 10:31:37,847 [INFO] ApplicationProperties:184 - Using Application install path: /opt/st/stm32cubeide_1.13.2/plugins/com.st.stm32cube.common.mx_6.9.2.202309101412
2023-12-07 10:31:38,124 [INFO] DbMcusXml:78 - Set database path to: /opt/st/stm32cubeide_1.13.2/plugins/com.st.stm32cube.common.mx_6.9.2.202309101412//db//mcu/
2023-12-07 10:31:38,126 [INFO] ApiDb:274 - Set plugin database path to: /opt/st/stm32cubeide_1.13.2/plugins/com.st.stm32cube.common.mx_6.9.2.202309101412//db//plugins/boardmanager/
2023-12-07 10:31:38,136 [WARN] ApiDb:259 - Overriding images path with different value:  => /opt/st/stm32cubeide_1.13.2/plugins/com.st.stm32cube.common.mx_6.9.2.202309101412//db//plugins/mcufinder/images/
2023-12-07 10:31:38,338 [INFO] ApiDb:250 - Set database path to: /home/osboxes/.stmcufinder/plugins/mcufinder//mcu/
2023-12-07 10:31:38,355 [INFO] DbMcusAds:125 - Set database path to: /home/osboxes/.stmcufinder/plugins/mcufinder//mcu/
2023-12-07 10:31:38,690 [INFO] CrossReferenceDbSqlite:203 - Set database path to: /home/osboxes/.stmcufinder/plugins/mcufinder//mcu/cs/
2023-12-07 10:31:40,253 [INFO] RulesReader:64 - Compatibility file has been processed (293 Rules)
2023-12-07 10:31:41,370 [INFO] DbMcusXml:78 - Set database path to: /opt/st/stm32cubeide_1.13.2/plugins/com.st.stm32cube.common.mx_6.9.2.202309101412//db//mcu/
2023-12-07 10:31:41,374 [INFO] ApiDb:274 - Set plugin database path to: /opt/st/stm32cubeide_1.13.2/plugins/com.st.stm32cube.common.mx_6.9.2.202309101412//db//plugins/boardmanager/
2023-12-07 10:31:41,378 [INFO] ApiDb:261 - Set plugin images path to: /opt/st/stm32cubeide_1.13.2/plugins/com.st.stm32cube.common.mx_6.9.2.202309101412//db//plugins/mcufinder/images/
2023-12-07 10:31:41,400 [WARN] DbFile:41 - Overriding database path with different value: /home/osboxes/.stmcufinder/plugins/mcufinder/ => /home/osboxes/.stmcufinder/plugins/mcufinder
2023-12-07 10:31:41,400 [INFO] ApiDb:250 - Set database path to: /home/osboxes/.stmcufinder/plugins/mcufinder//mcu/
2023-12-07 10:31:41,401 [WARN] DbFile:41 - Overriding database path with different value: /home/osboxes/.stmcufinder/plugins/mcufinder/ => /home/osboxes/.stmcufinder/plugins/mcufinder
2023-12-07 10:31:41,401 [INFO] DbMcusAds:125 - Set database path to: /home/osboxes/.stmcufinder/plugins/mcufinder//mcu/
2023-12-07 10:31:41,401 [WARN] DbFile:41 - Overriding database path with different value: /home/osboxes/.stmcufinder/plugins/mcufinder/ => /home/osboxes/.stmcufinder/plugins/mcufinder
2023-12-07 10:31:41,402 [WARN] DbFile:41 - Overriding database path with different value: /home/osboxes/.stmcufinder/plugins/mcufinder/ => /home/osboxes/.stmcufinder/plugins/mcufinder
2023-12-07 10:31:41,402 [INFO] CrossReferenceDbSqlite:203 - Set database path to: /home/osboxes/.stmcufinder/plugins/mcufinder//mcu/cs/
2023-12-07 10:31:42,541 [INFO] MainPanel:262 - HeapMemory: 461373440
2023-12-07 10:31:43,972 [INFO] DbMcusXml:78 - Set database path to: /opt/st/stm32cubeide_1.13.2/plugins/com.st.stm32cube.common.mx_6.9.2.202309101412//db//mcu/
2023-12-07 10:31:43,972 [INFO] ApiDb:274 - Set plugin database path to: /opt/st/stm32cubeide_1.13.2/plugins/com.st.stm32cube.common.mx_6.9.2.202309101412//db//plugins/boardmanager/
2023-12-07 10:31:43,972 [INFO] ApiDb:261 - Set plugin images path to: /opt/st/stm32cubeide_1.13.2/plugins/com.st.stm32cube.common.mx_6.9.2.202309101412//db//plugins/mcufinder/images/
2023-12-07 10:31:43,979 [WARN] DbFile:41 - Overriding database path with different value: /home/osboxes/.stmcufinder/plugins/mcufinder/ => /home/osboxes/.stmcufinder/plugins/mcufinder
2023-12-07 10:31:43,982 [INFO] ApiDb:250 - Set database path to: /home/osboxes/.stmcufinder/plugins/mcufinder//mcu/
2023-12-07 10:31:43,983 [WARN] DbFile:41 - Overriding database path with different value: /home/osboxes/.stmcufinder/plugins/mcufinder/ => /home/osboxes/.stmcufinder/plugins/mcufinder
2023-12-07 10:31:43,983 [INFO] DbMcusAds:125 - Set database path to: /home/osboxes/.stmcufinder/plugins/mcufinder//mcu/
2023-12-07 10:31:43,983 [WARN] DbFile:41 - Overriding database path with different value: /home/osboxes/.stmcufinder/plugins/mcufinder/ => /home/osboxes/.stmcufinder/plugins/mcufinder
2023-12-07 10:31:43,983 [WARN] DbFile:41 - Overriding database path with different value: /home/osboxes/.stmcufinder/plugins/mcufinder/ => /home/osboxes/.stmcufinder/plugins/mcufinder
2023-12-07 10:31:43,983 [INFO] CrossReferenceDbSqlite:203 - Set database path to: /home/osboxes/.stmcufinder/plugins/mcufinder//mcu/cs/
2023-12-07 10:31:44,167 [INFO] ApplicationProperties:184 - Using Application install path: /opt/st/stm32cubeide_1.13.2/plugins/com.st.stm32cube.common.mx_6.9.2.202309101412
2023-12-07 10:31:44,187 [INFO] PluginManage:196 - Search for loadable plugins [exclusion list=, ]
2023-12-07 10:31:44,205 [INFO] PluginManage:310 - Check plugin analytics
2023-12-07 10:31:47,028 [INFO] AnalyticsPlugin:253 - Accepted Software Licenses: 
2023-12-07 10:31:47,029 [INFO] AnalyticsPlugin:255 - Accepted CMSIS Pack Licenses: STMicroelectronics.X-CUBE-NFC4.3.0.0
2023-12-07 10:31:47,029 [INFO] AnalyticsPlugin:257 - Accepted Firmware Licenses: FW.F4.1.27.0
2023-12-07 10:31:47,067 [INFO] PluginManage:359 - Loaded plugin analytics (category:tool,tabindex:-1)
2023-12-07 10:31:47,078 [INFO] PluginManage:310 - Check plugin cadmodel
2023-12-07 10:31:47,661 [INFO] CADModel:105 - Init CAD model plugin
2023-12-07 10:31:47,662 [INFO] PluginManage:359 - Loaded plugin cadmodel (category:power,tabindex:5)
2023-12-07 10:31:47,662 [INFO] PluginManage:310 - Check plugin clock
2023-12-07 10:31:47,849 [INFO] PluginManage:359 - Loaded plugin clock (category:base,tabindex:2)
2023-12-07 10:31:47,849 [INFO] PluginManage:310 - Check plugin ddr
2023-12-07 10:31:47,885 [INFO] PluginManage:359 - Loaded plugin ddr (category:tool,tabindex:6)
2023-12-07 10:31:47,886 [INFO] PluginManage:310 - Check plugin filemanager
2023-12-07 10:31:49,881 [INFO] PluginManage:359 - Loaded plugin filemanager (category:base,tabindex:10)
2023-12-07 10:31:49,885 [INFO] PluginManage:310 - Check plugin ipmanager
2023-12-07 10:31:49,985 [INFO] PluginManage:359 - Loaded plugin ipmanager (category:base,tabindex:5)
2023-12-07 10:31:49,986 [INFO] PluginManage:310 - Check plugin lpbam
2023-12-07 10:31:50,147 [INFO] PluginManage:359 - Loaded plugin lpbam (category:base,tabindex:0)
2023-12-07 10:31:50,147 [INFO] PluginManage:310 - Check plugin memorymap
2023-12-07 10:31:50,330 [INFO] PluginManage:359 - Loaded plugin memorymap (category:base,tabindex:4)
2023-12-07 10:31:50,342 [INFO] PluginManage:310 - Check plugin pinoutandconfiguration
2023-12-07 10:31:50,871 [INFO] PluginManage:359 - Loaded plugin pinoutandconfiguration (category:base,tabindex:1)
2023-12-07 10:31:50,876 [INFO] PluginManage:310 - Check plugin pinoutconfig
2023-12-07 10:31:52,272 [WARN] SupportedApi:132 - Cannot load RTOS API schema: s4s-elt-must-match.1: The content of 'definitions' must match (annotation?, (simpleType | complexType)?, (unique | key | keyref)*)). A problem was found starting at: attribute.
2023-12-07 10:31:54,499 [INFO] PluginManage:359 - Loaded plugin pinoutconfig (category:base,tabindex:0)
2023-12-07 10:31:54,513 [INFO] PluginManage:310 - Check plugin power
2023-12-07 10:31:54,719 [INFO] PluginManage:359 - Loaded plugin power (category:power,tabindex:4)
2023-12-07 10:31:54,724 [INFO] PluginManage:310 - Check plugin projectmanager
2023-12-07 10:31:55,004 [INFO] PluginManage:359 - Loaded plugin projectmanager (category:projectmanager,tabindex:3)
2023-12-07 10:31:55,004 [INFO] PluginManage:310 - Check plugin thirdparty
2023-12-07 10:31:57,088 [INFO] PluginManage:359 - Loaded plugin thirdparty (category:base,tabindex:-1)
2023-12-07 10:31:57,089 [INFO] PluginManage:310 - Check plugin tools
2023-12-07 10:31:57,085 [WARN] IntegrityCheckThread:84 - waiting for thirdparty lock release [integrity check]
2023-12-07 10:31:57,097 [INFO] IntegrityCheckThread:86 - entering critical section [integrity check]
2023-12-07 10:31:57,098 [INFO] ThirdPartyUpdaterWithRetryManager:70 - Updater plugin not ready yet. [1/15]
2023-12-07 10:31:57,107 [INFO] PluginManage:359 - Loaded plugin tools (category:base,tabindex:7)
2023-12-07 10:31:57,112 [INFO] PluginManage:310 - Check plugin tutovideos
2023-12-07 10:32:00,099 [INFO] ThirdPartyUpdaterWithRetryManager:70 - Updater plugin not ready yet. [2/15]
2023-12-07 10:32:00,491 [INFO] PluginManage:359 - Loaded plugin tutovideos (category:base,tabindex:-1)
2023-12-07 10:32:00,491 [INFO] PluginManage:310 - Check plugin updater
2023-12-07 10:32:00,629 [INFO] PluginManage:359 - Loaded plugin updater (category:base,tabindex:12)
2023-12-07 10:32:00,629 [INFO] PluginManage:310 - Check plugin userauth
2023-12-07 10:32:00,707 [INFO] UserAuth:113 - Init User Auth plugin
2023-12-07 10:32:00,708 [INFO] PluginManage:359 - Loaded plugin userauth (category:base,tabindex:14)
2023-12-07 10:32:00,709 [INFO] PluginManage:283 - PluginManage : Loaded plugins [17]
2023-12-07 10:32:03,100 [INFO] ThirdPartyUpdaterWithRetryManager:70 - Updater plugin not ready yet. [3/15]
2023-12-07 10:32:03,683 [INFO] PinOutPanel:1499 - setPackage(No Configuration,No Configuration)
2023-12-07 10:32:05,033 [INFO] CADModel:165 - CPN selected for project level
2023-12-07 10:32:05,040 [INFO] CADModel:114 - Register for checkConnection events
2023-12-07 10:32:05,186 [INFO] IPUIPlugin:80 - create IPUIPlugin
2023-12-07 10:32:05,190 [INFO] PluginManager:220 - loadIPPluginJar : add dma3
2023-12-07 10:32:05,203 [INFO] IPUIPlugin:80 - create IPUIPlugin
2023-12-07 10:32:05,212 [INFO] PluginManager:220 - loadIPPluginJar : add tracer_emb
2023-12-07 10:32:05,247 [INFO] IPUIPlugin:80 - create IPUIPlugin
2023-12-07 10:32:05,254 [INFO] PluginManager:220 - loadIPPluginJar : add gpio
2023-12-07 10:32:05,328 [INFO] IPUIPlugin:80 - create IPUIPlugin
2023-12-07 10:32:05,329 [INFO] PluginManager:220 - loadIPPluginJar : add ipddr
2023-12-07 10:32:05,380 [INFO] IPUIPlugin:80 - create IPUIPlugin
2023-12-07 10:32:05,381 [INFO] PluginManager:220 - loadIPPluginJar : add sai
2023-12-07 10:32:05,415 [INFO] IPUIPlugin:80 - create IPUIPlugin
2023-12-07 10:32:05,422 [INFO] PluginManager:220 - loadIPPluginJar : add i2s
2023-12-07 10:32:05,524 [INFO] IPUIPlugin:80 - create IPUIPlugin
2023-12-07 10:32:05,529 [INFO] PluginManager:220 - loadIPPluginJar : add dma
2023-12-07 10:32:05,590 [INFO] IPUIPlugin:80 - create IPUIPlugin
2023-12-07 10:32:05,591 [INFO] PluginManager:220 - loadIPPluginJar : add fmc
2023-12-07 10:32:05,611 [INFO] IPUIPlugin:80 - create IPUIPlugin
2023-12-07 10:32:05,611 [INFO] PluginManager:220 - loadIPPluginJar : add hash
2023-12-07 10:32:05,633 [INFO] IPUIPlugin:80 - create IPUIPlugin
2023-12-07 10:32:05,633 [INFO] PluginManager:220 - loadIPPluginJar : add spi
2023-12-07 10:32:05,663 [INFO] IPUIPlugin:80 - create IPUIPlugin
2023-12-07 10:32:05,664 [INFO] PluginManager:220 - loadIPPluginJar : add nvic
2023-12-07 10:32:05,714 [INFO] IPUIPlugin:80 - create IPUIPlugin
2023-12-07 10:32:05,714 [INFO] PluginManager:220 - loadIPPluginJar : add stm32_wpan
2023-12-07 10:32:05,730 [INFO] IPUIPlugin:80 - create IPUIPlugin
2023-12-07 10:32:05,731 [INFO] PluginManager:220 - loadIPPluginJar : add comp
2023-12-07 10:32:05,750 [INFO] IPUIPlugin:80 - create IPUIPlugin
2023-12-07 10:32:05,751 [INFO] PluginManager:220 - loadIPPluginJar : add gfxmmu
2023-12-07 10:32:05,793 [INFO] IPUIPlugin:80 - create IPUIPlugin
2023-12-07 10:32:05,803 [INFO] PluginManager:220 - loadIPPluginJar : add aes
2023-12-07 10:32:05,810 [INFO] IPUIPlugin:80 - create IPUIPlugin
2023-12-07 10:32:05,811 [INFO] PluginManager:220 - loadIPPluginJar : add fatfs
2023-12-07 10:32:05,861 [INFO] IPUIPlugin:80 - create IPUIPlugin
2023-12-07 10:32:05,872 [INFO] PluginManager:220 - loadIPPluginJar : add openamp
2023-12-07 10:32:05,898 [INFO] IPUIPlugin:80 - create IPUIPlugin
2023-12-07 10:32:05,911 [INFO] PluginManager:220 - loadIPPluginJar : add pdm2pcm
2023-12-07 10:32:05,939 [INFO] IPUIPlugin:80 - create IPUIPlugin
2023-12-07 10:32:05,945 [INFO] PluginManager:220 - loadIPPluginJar : add tim
2023-12-07 10:32:05,975 [INFO] IPUIPlugin:80 - create IPUIPlugin
2023-12-07 10:32:05,987 [INFO] PluginManager:220 - loadIPPluginJar : add resmgrutility
2023-12-07 10:32:05,993 [INFO] IPUIPlugin:80 - create IPUIPlugin
2023-12-07 10:32:05,997 [INFO] PluginManager:220 - loadIPPluginJar : add ltdc
2023-12-07 10:32:06,011 [INFO] IPUIPlugin:80 - create IPUIPlugin
2023-12-07 10:32:06,026 [INFO] PluginManager:220 - loadIPPluginJar : add ucpd
2023-12-07 10:32:06,046 [INFO] IPUIPlugin:80 - create IPUIPlugin
2023-12-07 10:32:06,054 [INFO] PluginManager:220 - loadIPPluginJar : add usbx
2023-12-07 10:32:06,077 [INFO] IPUIPlugin:80 - create IPUIPlugin
2023-12-07 10:32:06,086 [INFO] PluginManager:220 - loadIPPluginJar : add cryp
2023-12-07 10:32:06,102 [INFO] ThirdPartyUpdaterWithRetryManager:70 - Updater plugin not ready yet. [4/15]
2023-12-07 10:32:06,160 [INFO] IPUIPlugin:80 - create IPUIPlugin
2023-12-07 10:32:06,161 [INFO] PluginManager:220 - loadIPPluginJar : add gic
2023-12-07 10:32:06,271 [INFO] IPUIPlugin:80 - create IPUIPlugin
2023-12-07 10:32:06,271 [INFO] PluginManager:220 - loadIPPluginJar : add adc
2023-12-07 10:32:06,294 [INFO] IPUIPlugin:80 - create IPUIPlugin
2023-12-07 10:32:06,295 [INFO] PluginManager:220 - loadIPPluginJar : add ts
2023-12-07 10:32:06,358 [INFO] IPUIPlugin:80 - create IPUIPlugin
2023-12-07 10:32:06,359 [INFO] PluginManager:220 - loadIPPluginJar : add touchsensing
2023-12-07 10:32:06,389 [INFO] IPUIPlugin:80 - create IPUIPlugin
2023-12-07 10:32:06,390 [INFO] PluginManager:220 - loadIPPluginJar : add dfsdm
2023-12-07 10:32:06,444 [INFO] IPUIPlugin:80 - create IPUIPlugin
2023-12-07 10:32:06,444 [INFO] PluginManager:220 - loadIPPluginJar : add usart
2023-12-07 10:32:06,500 [INFO] IPUIPlugin:80 - create IPUIPlugin
2023-12-07 10:32:06,504 [INFO] PluginManager:220 - loadIPPluginJar : add lorawan
2023-12-07 10:32:06,526 [INFO] IPUIPlugin:80 - create IPUIPlugin
2023-12-07 10:32:06,530 [INFO] PluginManager:220 - loadIPPluginJar : add tsc
2023-12-07 10:32:06,654 [INFO] IPUIPlugin:80 - create IPUIPlugin
2023-12-07 10:32:06,654 [INFO] PluginManager:220 - loadIPPluginJar : add linkedlist
2023-12-07 10:32:06,727 [INFO] IPUIPlugin:80 - create IPUIPlugin
2023-12-07 10:32:06,773 [INFO] PluginManager:220 - loadIPPluginJar : add plateformsettings
2023-12-07 10:32:06,786 [INFO] IPUIPlugin:80 - create IPUIPlugin
2023-12-07 10:32:06,786 [INFO] PluginManager:220 - loadIPPluginJar : add genericplugin
2023-12-07 10:32:06,877 [INFO] IPUIPlugin:80 - create IPUIPlugin
2023-12-07 10:32:06,879 [INFO] PluginManager:220 - loadIPPluginJar : add mdma
2023-12-07 10:32:06,917 [INFO] IPUIPlugin:80 - create IPUIPlugin
2023-12-07 10:32:06,918 [INFO] PluginManager:220 - loadIPPluginJar : add gtzc
2023-12-07 10:32:06,951 [INFO] IPUIPlugin:80 - create IPUIPlugin
2023-12-07 10:32:06,956 [INFO] PluginManager:220 - loadIPPluginJar : add can
2023-12-07 10:32:06,987 [INFO] IPUIPlugin:80 - create IPUIPlugin
2023-12-07 10:32:06,997 [INFO] PluginManager:220 - loadIPPluginJar : add i3c
2023-12-07 10:32:07,100 [INFO] IPUIPlugin:80 - create IPUIPlugin
2023-12-07 10:32:07,101 [INFO] PluginManager:220 - loadIPPluginJar : add freertos
2023-12-07 10:32:07,125 [INFO] IPUIPlugin:80 - create IPUIPlugin
2023-12-07 10:32:07,125 [INFO] PluginManager:220 - loadIPPluginJar : add quadspi
2023-12-07 10:32:07,171 [INFO] IPUIPlugin:80 - create IPUIPlugin
2023-12-07 10:32:07,172 [INFO] PluginManager:220 - loadIPPluginJar : add opamp
2023-12-07 10:32:07,278 [INFO] IPUIPlugin:80 - create IPUIPlugin
2023-12-07 10:32:07,278 [INFO] PluginManager:220 - loadIPPluginJar : add i2c
2023-12-07 10:32:08,122 [INFO] CADModel:165 - CPN selected for project level
2023-12-07 10:32:08,122 [INFO] CADModel:114 - Register for checkConnection events
2023-12-07 10:32:08,123 [FATAL] Updater:308 - Updater called before beeing initialized
2023-12-07 10:32:08,128 [ERROR] CADModel:125 - Updater not yet initialized, retry later 
2023-12-07 10:32:09,103 [INFO] ThirdPartyUpdaterWithRetryManager:70 - Updater plugin not ready yet. [5/15]
2023-12-07 10:32:10,048 [INFO] CADModel:165 - CPN selected for project level
2023-12-07 10:32:10,049 [INFO] CADModel:114 - Register for checkConnection events
2023-12-07 10:32:10,051 [FATAL] Updater:308 - Updater called before beeing initialized
2023-12-07 10:32:10,051 [ERROR] CADModel:125 - Updater not yet initialized, retry later 
2023-12-07 10:32:10,096 [FATAL] Updater:308 - Updater called before beeing initialized
2023-12-07 10:32:11,128 [FATAL] Updater:308 - Updater called before beeing initialized
2023-12-07 10:32:11,179 [INFO] DbMcusAds:53 - JSON generation date=Tue Mar 07 05:50:55 ART 2023 (1678179055114)
2023-12-07 10:32:11,188 [FATAL] Updater:308 - Updater called before beeing initialized
2023-12-07 10:32:11,709 [WARN] DetailPanel:346 - Failed to get advertising image, set to default
2023-12-07 10:32:12,105 [FATAL] Updater:308 - Updater called before beeing initialized
2023-12-07 10:32:12,106 [ERROR] IntegrityCheckThread:130 - Cannot retrieve database content from updater: error 21
2023-12-07 10:32:12,107 [INFO] ThirdParty:978 - Integrity check success = false
2023-12-07 10:32:12,111 [INFO] IntegrityCheckThread:100 - exiting critical section [integrity check]
2023-12-07 10:32:12,112 [INFO] IntegrityCheckThread:103 - End integrity checks thread
2023-12-07 10:32:13,005 [FATAL] Updater:308 - Updater called before beeing initialized
2023-12-07 10:32:13,018 [FATAL] Updater:308 - Updater called before beeing initialized
2023-12-07 10:32:13,018 [FATAL] Updater:308 - Updater called before beeing initialized
2023-12-07 10:32:13,026 [WARN] DetailPanel:346 - Failed to get advertising image, set to default
2023-12-07 10:32:13,038 [FATAL] Updater:308 - Updater called before beeing initialized
2023-12-07 10:32:13,478 [ERROR] Updater:1120 - MainUpdater not yet initialized. External WinMGr cannot be set.
2023-12-07 10:32:13,493 [INFO] Updater:1056 - Updater Version found : 6.9.2
2023-12-07 10:32:13,724 [INFO] ApplicationProperties:184 - Using Application install path: /opt/st/stm32cubeide_1.13.2/plugins/com.st.stm32cube.common.mx_6.9.2.202309101412
2023-12-07 10:32:15,337 [INFO] MainUpdater:2868 - connection check result : 10
2023-12-07 10:32:15,353 [INFO] MainUpdater:285 - Updater Check For Update Now.
2023-12-07 10:32:15,354 [INFO] MicroXplorer:498 - Change Database Version : DB.6.0.92
2023-12-07 10:32:15,433 [INFO] McuFinderGlobals:63 - Set McuFinder mode to 2 (CubeIDE integrated)
2023-12-07 10:32:16,608 [INFO] CheckServerUpdateThread:120 - End of CheckServer Thread
2023-12-07 10:32:41,005 [ERROR] LogOutputStream:75 - [STDERR_REDIRECT] SLF4J: Failed to load class "org.slf4j.impl.StaticLoggerBinder".
2023-12-07 10:32:41,010 [ERROR] LogOutputStream:75 - [STDERR_REDIRECT] SLF4J: Defaulting to no-operation (NOP) logger implementation
2023-12-07 10:32:41,021 [ERROR] LogOutputStream:75 - [STDERR_REDIRECT] SLF4J: See http://www.slf4j.org/codes.html#StaticLoggerBinder for further details.
