2023-11-28 17:01:13,742 [INFO] Activator:176 - 


2023-11-28 17:01:13,763 [INFO] Activator:177 - !SESSION log4j initialized
2023-11-28 17:01:28,372 [ERROR] LogOutputStream:75 - [STDERR_REDIRECT] Managed Build system manifest file error: Option com.atollic.truestudio.general.runtimelib.515011658 uses a null category that is invalid in its context. The option was ignored.
2023-11-28 17:01:28,377 [ERROR] LogOutputStream:75 - [STDERR_REDIRECT] Managed Build system manifest file error: Option com.atollic.truestudio.toolchain_options.mcu.1215812750 uses a null category that is invalid in its context. The option was ignored.
2023-11-28 17:01:28,379 [ERROR] LogOutputStream:75 - [STDERR_REDIRECT] Managed Build system manifest file error: Option com.atollic.truestudio.toolchain_options.vendor.1616666001 uses a null category that is invalid in its context. The option was ignored.
2023-11-28 17:01:28,560 [ERROR] LogOutputStream:75 - [STDERR_REDIRECT] Managed Build system manifest file error: Option com.atollic.truestudio.general.runtimelib.1515049018 uses a null category that is invalid in its context. The option was ignored.
2023-11-28 17:01:28,561 [ERROR] LogOutputStream:75 - [STDERR_REDIRECT] Managed Build system manifest file error: Option com.atollic.truestudio.toolchain_options.mcu.1352430483 uses a null category that is invalid in its context. The option was ignored.
2023-11-28 17:01:28,567 [ERROR] LogOutputStream:75 - [STDERR_REDIRECT] Managed Build system manifest file error: Option com.atollic.truestudio.toolchain_options.vendor.1233035770 uses a null category that is invalid in its context. The option was ignored.
2023-11-28 17:01:45,665 [INFO] LogOutputStream:77 - [STDOUT_REDIRECT] 
2023-11-28 17:02:01,993 [INFO] ApplicationProperties:184 - Using Application install path: /opt/st/stm32cubeide_1.13.2/plugins/com.st.stm32cube.common.mx_6.9.2.202309101412
2023-11-28 17:02:02,271 [INFO] DbMcusXml:78 - Set database path to: /opt/st/stm32cubeide_1.13.2/plugins/com.st.stm32cube.common.mx_6.9.2.202309101412//db//mcu/
2023-11-28 17:02:02,272 [INFO] ApiDb:274 - Set plugin database path to: /opt/st/stm32cubeide_1.13.2/plugins/com.st.stm32cube.common.mx_6.9.2.202309101412//db//plugins/boardmanager/
2023-11-28 17:02:02,286 [WARN] ApiDb:259 - Overriding images path with different value:  => /opt/st/stm32cubeide_1.13.2/plugins/com.st.stm32cube.common.mx_6.9.2.202309101412//db//plugins/mcufinder/images/
2023-11-28 17:02:02,412 [INFO] ApiDb:250 - Set database path to: /home/osboxes/.stmcufinder/plugins/mcufinder//mcu/
2023-11-28 17:02:02,439 [INFO] DbMcusAds:125 - Set database path to: /home/osboxes/.stmcufinder/plugins/mcufinder//mcu/
2023-11-28 17:02:03,014 [INFO] CrossReferenceDbSqlite:203 - Set database path to: /home/osboxes/.stmcufinder/plugins/mcufinder//mcu/cs/
2023-11-28 17:02:04,439 [INFO] RulesReader:64 - Compatibility file has been processed (293 Rules)
2023-11-28 17:02:05,408 [INFO] DbMcusXml:78 - Set database path to: /opt/st/stm32cubeide_1.13.2/plugins/com.st.stm32cube.common.mx_6.9.2.202309101412//db//mcu/
2023-11-28 17:02:05,408 [INFO] ApiDb:274 - Set plugin database path to: /opt/st/stm32cubeide_1.13.2/plugins/com.st.stm32cube.common.mx_6.9.2.202309101412//db//plugins/boardmanager/
2023-11-28 17:02:05,409 [INFO] ApiDb:261 - Set plugin images path to: /opt/st/stm32cubeide_1.13.2/plugins/com.st.stm32cube.common.mx_6.9.2.202309101412//db//plugins/mcufinder/images/
2023-11-28 17:02:05,419 [WARN] DbFile:41 - Overriding database path with different value: /home/osboxes/.stmcufinder/plugins/mcufinder/ => /home/osboxes/.stmcufinder/plugins/mcufinder
2023-11-28 17:02:05,420 [INFO] ApiDb:250 - Set database path to: /home/osboxes/.stmcufinder/plugins/mcufinder//mcu/
2023-11-28 17:02:05,420 [WARN] DbFile:41 - Overriding database path with different value: /home/osboxes/.stmcufinder/plugins/mcufinder/ => /home/osboxes/.stmcufinder/plugins/mcufinder
2023-11-28 17:02:05,421 [INFO] DbMcusAds:125 - Set database path to: /home/osboxes/.stmcufinder/plugins/mcufinder//mcu/
2023-11-28 17:02:05,421 [WARN] DbFile:41 - Overriding database path with different value: /home/osboxes/.stmcufinder/plugins/mcufinder/ => /home/osboxes/.stmcufinder/plugins/mcufinder
2023-11-28 17:02:05,421 [WARN] DbFile:41 - Overriding database path with different value: /home/osboxes/.stmcufinder/plugins/mcufinder/ => /home/osboxes/.stmcufinder/plugins/mcufinder
2023-11-28 17:02:05,421 [INFO] CrossReferenceDbSqlite:203 - Set database path to: /home/osboxes/.stmcufinder/plugins/mcufinder//mcu/cs/
2023-11-28 17:02:06,234 [INFO] MainPanel:262 - HeapMemory: 680525824
2023-11-28 17:02:07,210 [INFO] DbMcusXml:78 - Set database path to: /opt/st/stm32cubeide_1.13.2/plugins/com.st.stm32cube.common.mx_6.9.2.202309101412//db//mcu/
2023-11-28 17:02:07,211 [INFO] ApiDb:274 - Set plugin database path to: /opt/st/stm32cubeide_1.13.2/plugins/com.st.stm32cube.common.mx_6.9.2.202309101412//db//plugins/boardmanager/
2023-11-28 17:02:07,212 [INFO] ApiDb:261 - Set plugin images path to: /opt/st/stm32cubeide_1.13.2/plugins/com.st.stm32cube.common.mx_6.9.2.202309101412//db//plugins/mcufinder/images/
2023-11-28 17:02:07,223 [WARN] DbFile:41 - Overriding database path with different value: /home/osboxes/.stmcufinder/plugins/mcufinder/ => /home/osboxes/.stmcufinder/plugins/mcufinder
2023-11-28 17:02:07,223 [INFO] ApiDb:250 - Set database path to: /home/osboxes/.stmcufinder/plugins/mcufinder//mcu/
2023-11-28 17:02:07,224 [WARN] DbFile:41 - Overriding database path with different value: /home/osboxes/.stmcufinder/plugins/mcufinder/ => /home/osboxes/.stmcufinder/plugins/mcufinder
2023-11-28 17:02:07,225 [INFO] DbMcusAds:125 - Set database path to: /home/osboxes/.stmcufinder/plugins/mcufinder//mcu/
2023-11-28 17:02:07,225 [WARN] DbFile:41 - Overriding database path with different value: /home/osboxes/.stmcufinder/plugins/mcufinder/ => /home/osboxes/.stmcufinder/plugins/mcufinder
2023-11-28 17:02:07,225 [WARN] DbFile:41 - Overriding database path with different value: /home/osboxes/.stmcufinder/plugins/mcufinder/ => /home/osboxes/.stmcufinder/plugins/mcufinder
2023-11-28 17:02:07,236 [INFO] CrossReferenceDbSqlite:203 - Set database path to: /home/osboxes/.stmcufinder/plugins/mcufinder//mcu/cs/
2023-11-28 17:02:07,453 [INFO] ApplicationProperties:184 - Using Application install path: /opt/st/stm32cubeide_1.13.2/plugins/com.st.stm32cube.common.mx_6.9.2.202309101412
2023-11-28 17:02:07,467 [INFO] PluginManage:196 - Search for loadable plugins [exclusion list=, ]
2023-11-28 17:02:07,472 [INFO] PluginManage:310 - Check plugin analytics
2023-11-28 17:02:09,797 [INFO] AnalyticsPlugin:253 - Accepted Software Licenses: 
2023-11-28 17:02:09,806 [INFO] AnalyticsPlugin:255 - Accepted CMSIS Pack Licenses: STMicroelectronics.X-CUBE-NFC4.3.0.0
2023-11-28 17:02:09,807 [INFO] AnalyticsPlugin:257 - Accepted Firmware Licenses: FW.F4.1.27.0
2023-11-28 17:02:09,860 [INFO] PluginManage:359 - Loaded plugin analytics (category:tool,tabindex:-1)
2023-11-28 17:02:09,868 [INFO] PluginManage:310 - Check plugin cadmodel
2023-11-28 17:02:10,379 [INFO] CADModel:105 - Init CAD model plugin
2023-11-28 17:02:10,380 [INFO] PluginManage:359 - Loaded plugin cadmodel (category:power,tabindex:5)
2023-11-28 17:02:10,381 [INFO] PluginManage:310 - Check plugin clock
2023-11-28 17:02:10,544 [INFO] PluginManage:359 - Loaded plugin clock (category:base,tabindex:2)
2023-11-28 17:02:10,544 [INFO] PluginManage:310 - Check plugin ddr
2023-11-28 17:02:10,584 [INFO] PluginManage:359 - Loaded plugin ddr (category:tool,tabindex:6)
2023-11-28 17:02:10,585 [INFO] PluginManage:310 - Check plugin filemanager
2023-11-28 17:02:12,359 [INFO] PluginManage:359 - Loaded plugin filemanager (category:base,tabindex:10)
2023-11-28 17:02:12,368 [INFO] PluginManage:310 - Check plugin ipmanager
2023-11-28 17:02:12,456 [INFO] PluginManage:359 - Loaded plugin ipmanager (category:base,tabindex:5)
2023-11-28 17:02:12,456 [INFO] PluginManage:310 - Check plugin lpbam
2023-11-28 17:02:12,555 [INFO] PluginManage:359 - Loaded plugin lpbam (category:base,tabindex:0)
2023-11-28 17:02:12,556 [INFO] PluginManage:310 - Check plugin memorymap
2023-11-28 17:02:12,688 [INFO] PluginManage:359 - Loaded plugin memorymap (category:base,tabindex:4)
2023-11-28 17:02:12,692 [INFO] PluginManage:310 - Check plugin pinoutandconfiguration
2023-11-28 17:02:12,767 [INFO] PluginManage:359 - Loaded plugin pinoutandconfiguration (category:base,tabindex:1)
2023-11-28 17:02:12,767 [INFO] PluginManage:310 - Check plugin pinoutconfig
2023-11-28 17:02:13,717 [WARN] SupportedApi:132 - Cannot load RTOS API schema: s4s-elt-must-match.1: The content of 'definitions' must match (annotation?, (simpleType | complexType)?, (unique | key | keyref)*)). A problem was found starting at: attribute.
2023-11-28 17:02:15,178 [INFO] PluginManage:359 - Loaded plugin pinoutconfig (category:base,tabindex:0)
2023-11-28 17:02:15,190 [INFO] PluginManage:310 - Check plugin power
2023-11-28 17:02:15,311 [INFO] PluginManage:359 - Loaded plugin power (category:power,tabindex:4)
2023-11-28 17:02:15,314 [INFO] PluginManage:310 - Check plugin projectmanager
2023-11-28 17:02:15,448 [INFO] PluginManage:359 - Loaded plugin projectmanager (category:projectmanager,tabindex:3)
2023-11-28 17:02:15,449 [INFO] PluginManage:310 - Check plugin thirdparty
2023-11-28 17:02:17,219 [INFO] PluginManage:359 - Loaded plugin thirdparty (category:base,tabindex:-1)
2023-11-28 17:02:17,219 [INFO] PluginManage:310 - Check plugin tools
2023-11-28 17:02:17,220 [WARN] IntegrityCheckThread:84 - waiting for thirdparty lock release [integrity check]
2023-11-28 17:02:17,228 [INFO] IntegrityCheckThread:86 - entering critical section [integrity check]
2023-11-28 17:02:17,229 [INFO] ThirdPartyUpdaterWithRetryManager:70 - Updater plugin not ready yet. [1/15]
2023-11-28 17:02:17,241 [INFO] PluginManage:359 - Loaded plugin tools (category:base,tabindex:7)
2023-11-28 17:02:17,254 [INFO] PluginManage:310 - Check plugin tutovideos
2023-11-28 17:02:20,031 [INFO] PluginManage:359 - Loaded plugin tutovideos (category:base,tabindex:-1)
2023-11-28 17:02:20,032 [INFO] PluginManage:310 - Check plugin updater
2023-11-28 17:02:20,134 [INFO] PluginManage:359 - Loaded plugin updater (category:base,tabindex:12)
2023-11-28 17:02:20,143 [INFO] PluginManage:310 - Check plugin userauth
2023-11-28 17:02:20,185 [INFO] UserAuth:113 - Init User Auth plugin
2023-11-28 17:02:20,195 [INFO] PluginManage:359 - Loaded plugin userauth (category:base,tabindex:14)
2023-11-28 17:02:20,200 [INFO] PluginManage:283 - PluginManage : Loaded plugins [17]
2023-11-28 17:02:20,247 [INFO] ThirdPartyUpdaterWithRetryManager:70 - Updater plugin not ready yet. [2/15]
2023-11-28 17:02:23,248 [INFO] ThirdPartyUpdaterWithRetryManager:70 - Updater plugin not ready yet. [3/15]
2023-11-28 17:02:23,448 [INFO] PinOutPanel:1499 - setPackage(No Configuration,No Configuration)
2023-11-28 17:02:24,677 [INFO] CADModel:165 - CPN selected for project level
2023-11-28 17:02:24,683 [INFO] CADModel:114 - Register for checkConnection events
2023-11-28 17:02:24,793 [INFO] IPUIPlugin:80 - create IPUIPlugin
2023-11-28 17:02:24,800 [INFO] PluginManager:220 - loadIPPluginJar : add dma3
2023-11-28 17:02:24,808 [INFO] IPUIPlugin:80 - create IPUIPlugin
2023-11-28 17:02:24,810 [INFO] PluginManager:220 - loadIPPluginJar : add tracer_emb
2023-11-28 17:02:24,841 [INFO] IPUIPlugin:80 - create IPUIPlugin
2023-11-28 17:02:24,848 [INFO] PluginManager:220 - loadIPPluginJar : add gpio
2023-11-28 17:02:24,880 [INFO] IPUIPlugin:80 - create IPUIPlugin
2023-11-28 17:02:24,887 [INFO] PluginManager:220 - loadIPPluginJar : add ipddr
2023-11-28 17:02:24,902 [INFO] IPUIPlugin:80 - create IPUIPlugin
2023-11-28 17:02:24,905 [INFO] PluginManager:220 - loadIPPluginJar : add sai
2023-11-28 17:02:24,930 [INFO] IPUIPlugin:80 - create IPUIPlugin
2023-11-28 17:02:24,938 [INFO] PluginManager:220 - loadIPPluginJar : add i2s
2023-11-28 17:02:25,019 [INFO] IPUIPlugin:80 - create IPUIPlugin
2023-11-28 17:02:25,024 [INFO] PluginManager:220 - loadIPPluginJar : add dma
2023-11-28 17:02:25,095 [INFO] IPUIPlugin:80 - create IPUIPlugin
2023-11-28 17:02:25,095 [INFO] PluginManager:220 - loadIPPluginJar : add fmc
2023-11-28 17:02:25,112 [INFO] IPUIPlugin:80 - create IPUIPlugin
2023-11-28 17:02:25,113 [INFO] PluginManager:220 - loadIPPluginJar : add hash
2023-11-28 17:02:25,133 [INFO] IPUIPlugin:80 - create IPUIPlugin
2023-11-28 17:02:25,134 [INFO] PluginManager:220 - loadIPPluginJar : add spi
2023-11-28 17:02:25,189 [INFO] IPUIPlugin:80 - create IPUIPlugin
2023-11-28 17:02:25,192 [INFO] PluginManager:220 - loadIPPluginJar : add nvic
2023-11-28 17:02:25,246 [INFO] IPUIPlugin:80 - create IPUIPlugin
2023-11-28 17:02:25,246 [INFO] PluginManager:220 - loadIPPluginJar : add stm32_wpan
2023-11-28 17:02:25,256 [INFO] IPUIPlugin:80 - create IPUIPlugin
2023-11-28 17:02:25,257 [INFO] PluginManager:220 - loadIPPluginJar : add comp
2023-11-28 17:02:25,279 [INFO] IPUIPlugin:80 - create IPUIPlugin
2023-11-28 17:02:25,279 [INFO] PluginManager:220 - loadIPPluginJar : add gfxmmu
2023-11-28 17:02:25,306 [INFO] IPUIPlugin:80 - create IPUIPlugin
2023-11-28 17:02:25,312 [INFO] PluginManager:220 - loadIPPluginJar : add aes
2023-11-28 17:02:25,331 [INFO] IPUIPlugin:80 - create IPUIPlugin
2023-11-28 17:02:25,332 [INFO] PluginManager:220 - loadIPPluginJar : add fatfs
2023-11-28 17:02:25,355 [INFO] IPUIPlugin:80 - create IPUIPlugin
2023-11-28 17:02:25,356 [INFO] PluginManager:220 - loadIPPluginJar : add openamp
2023-11-28 17:02:25,384 [INFO] IPUIPlugin:80 - create IPUIPlugin
2023-11-28 17:02:25,393 [INFO] PluginManager:220 - loadIPPluginJar : add pdm2pcm
2023-11-28 17:02:25,407 [INFO] IPUIPlugin:80 - create IPUIPlugin
2023-11-28 17:02:25,408 [INFO] PluginManager:220 - loadIPPluginJar : add tim
2023-11-28 17:02:25,438 [INFO] IPUIPlugin:80 - create IPUIPlugin
2023-11-28 17:02:25,444 [INFO] PluginManager:220 - loadIPPluginJar : add resmgrutility
2023-11-28 17:02:25,452 [INFO] IPUIPlugin:80 - create IPUIPlugin
2023-11-28 17:02:25,462 [INFO] PluginManager:220 - loadIPPluginJar : add ltdc
2023-11-28 17:02:25,477 [INFO] IPUIPlugin:80 - create IPUIPlugin
2023-11-28 17:02:25,477 [INFO] PluginManager:220 - loadIPPluginJar : add ucpd
2023-11-28 17:02:25,509 [INFO] IPUIPlugin:80 - create IPUIPlugin
2023-11-28 17:02:25,513 [INFO] PluginManager:220 - loadIPPluginJar : add usbx
2023-11-28 17:02:25,530 [INFO] IPUIPlugin:80 - create IPUIPlugin
2023-11-28 17:02:25,541 [INFO] PluginManager:220 - loadIPPluginJar : add cryp
2023-11-28 17:02:25,606 [INFO] IPUIPlugin:80 - create IPUIPlugin
2023-11-28 17:02:25,607 [INFO] PluginManager:220 - loadIPPluginJar : add gic
2023-11-28 17:02:25,664 [INFO] IPUIPlugin:80 - create IPUIPlugin
2023-11-28 17:02:25,664 [INFO] PluginManager:220 - loadIPPluginJar : add adc
2023-11-28 17:02:25,700 [INFO] IPUIPlugin:80 - create IPUIPlugin
2023-11-28 17:02:25,700 [INFO] PluginManager:220 - loadIPPluginJar : add ts
2023-11-28 17:02:25,739 [INFO] IPUIPlugin:80 - create IPUIPlugin
2023-11-28 17:02:25,750 [INFO] PluginManager:220 - loadIPPluginJar : add touchsensing
2023-11-28 17:02:25,765 [INFO] IPUIPlugin:80 - create IPUIPlugin
2023-11-28 17:02:25,765 [INFO] PluginManager:220 - loadIPPluginJar : add dfsdm
2023-11-28 17:02:25,788 [INFO] IPUIPlugin:80 - create IPUIPlugin
2023-11-28 17:02:25,788 [INFO] PluginManager:220 - loadIPPluginJar : add usart
2023-11-28 17:02:25,806 [INFO] IPUIPlugin:80 - create IPUIPlugin
2023-11-28 17:02:25,811 [INFO] PluginManager:220 - loadIPPluginJar : add lorawan
2023-11-28 17:02:25,827 [INFO] IPUIPlugin:80 - create IPUIPlugin
2023-11-28 17:02:25,828 [INFO] PluginManager:220 - loadIPPluginJar : add tsc
2023-11-28 17:02:25,906 [INFO] IPUIPlugin:80 - create IPUIPlugin
2023-11-28 17:02:25,907 [INFO] PluginManager:220 - loadIPPluginJar : add linkedlist
2023-11-28 17:02:25,991 [INFO] IPUIPlugin:80 - create IPUIPlugin
2023-11-28 17:02:26,039 [INFO] PluginManager:220 - loadIPPluginJar : add plateformsettings
2023-11-28 17:02:26,061 [INFO] IPUIPlugin:80 - create IPUIPlugin
2023-11-28 17:02:26,070 [INFO] PluginManager:220 - loadIPPluginJar : add genericplugin
2023-11-28 17:02:26,203 [INFO] IPUIPlugin:80 - create IPUIPlugin
2023-11-28 17:02:26,206 [INFO] PluginManager:220 - loadIPPluginJar : add mdma
2023-11-28 17:02:26,245 [INFO] IPUIPlugin:80 - create IPUIPlugin
2023-11-28 17:02:26,249 [INFO] ThirdPartyUpdaterWithRetryManager:70 - Updater plugin not ready yet. [4/15]
2023-11-28 17:02:26,246 [INFO] PluginManager:220 - loadIPPluginJar : add gtzc
2023-11-28 17:02:26,296 [INFO] IPUIPlugin:80 - create IPUIPlugin
2023-11-28 17:02:26,300 [INFO] PluginManager:220 - loadIPPluginJar : add can
2023-11-28 17:02:26,349 [INFO] IPUIPlugin:80 - create IPUIPlugin
2023-11-28 17:02:26,350 [INFO] PluginManager:220 - loadIPPluginJar : add i3c
2023-11-28 17:02:26,424 [INFO] IPUIPlugin:80 - create IPUIPlugin
2023-11-28 17:02:26,425 [INFO] PluginManager:220 - loadIPPluginJar : add freertos
2023-11-28 17:02:26,453 [INFO] IPUIPlugin:80 - create IPUIPlugin
2023-11-28 17:02:26,453 [INFO] PluginManager:220 - loadIPPluginJar : add quadspi
2023-11-28 17:02:26,538 [INFO] IPUIPlugin:80 - create IPUIPlugin
2023-11-28 17:02:26,539 [INFO] PluginManager:220 - loadIPPluginJar : add opamp
2023-11-28 17:02:26,565 [INFO] IPUIPlugin:80 - create IPUIPlugin
2023-11-28 17:02:26,566 [INFO] PluginManager:220 - loadIPPluginJar : add i2c
2023-11-28 17:02:27,123 [INFO] CADModel:165 - CPN selected for project level
2023-11-28 17:02:27,123 [INFO] CADModel:114 - Register for checkConnection events
2023-11-28 17:02:27,126 [FATAL] Updater:308 - Updater called before beeing initialized
2023-11-28 17:02:27,127 [ERROR] CADModel:125 - Updater not yet initialized, retry later 
2023-11-28 17:02:27,972 [INFO] CADModel:165 - CPN selected for project level
2023-11-28 17:02:27,972 [INFO] CADModel:114 - Register for checkConnection events
2023-11-28 17:02:27,972 [FATAL] Updater:308 - Updater called before beeing initialized
2023-11-28 17:02:27,972 [ERROR] CADModel:125 - Updater not yet initialized, retry later 
2023-11-28 17:02:27,983 [FATAL] Updater:308 - Updater called before beeing initialized
2023-11-28 17:02:28,457 [FATAL] Updater:308 - Updater called before beeing initialized
2023-11-28 17:02:28,477 [INFO] DbMcusAds:53 - JSON generation date=Tue Mar 07 05:50:55 ART 2023 (1678179055114)
2023-11-28 17:02:28,478 [FATAL] Updater:308 - Updater called before beeing initialized
2023-11-28 17:02:28,685 [WARN] DetailPanel:346 - Failed to get advertising image, set to default
2023-11-28 17:02:29,250 [INFO] ThirdPartyUpdaterWithRetryManager:70 - Updater plugin not ready yet. [5/15]
2023-11-28 17:02:29,462 [FATAL] Updater:308 - Updater called before beeing initialized
2023-11-28 17:02:29,473 [FATAL] Updater:308 - Updater called before beeing initialized
2023-11-28 17:02:29,473 [FATAL] Updater:308 - Updater called before beeing initialized
2023-11-28 17:02:29,473 [WARN] DetailPanel:346 - Failed to get advertising image, set to default
2023-11-28 17:02:29,487 [FATAL] Updater:308 - Updater called before beeing initialized
2023-11-28 17:02:29,690 [ERROR] Updater:1120 - MainUpdater not yet initialized. External WinMGr cannot be set.
2023-11-28 17:02:29,697 [INFO] Updater:1056 - Updater Version found : 6.9.2
2023-11-28 17:02:29,814 [INFO] ApplicationProperties:184 - Using Application install path: /opt/st/stm32cubeide_1.13.2/plugins/com.st.stm32cube.common.mx_6.9.2.202309101412
2023-11-28 17:02:30,834 [INFO] MainUpdater:2868 - connection check result : 10
2023-11-28 17:02:30,867 [INFO] MainUpdater:285 - Updater Check For Update Now.
2023-11-28 17:02:30,867 [INFO] MicroXplorer:498 - Change Database Version : DB.6.0.92
2023-11-28 17:02:30,917 [INFO] McuFinderGlobals:63 - Set McuFinder mode to 2 (CubeIDE integrated)
2023-11-28 17:02:31,744 [INFO] CheckServerUpdateThread:120 - End of CheckServer Thread
2023-11-28 17:02:33,610 [WARN] PackLoader:240 - Cannot read IP mode file for STMicroelectronics.X-CUBE-SMBUS.2.1.0
2023-11-28 17:02:33,907 [WARN] PackLoader:240 - Cannot read IP mode file for STMicroelectronics.X-CUBE-AZRTOS-F7.1.1.0
2023-11-28 17:02:34,017 [WARN] PackLoader:240 - Cannot read IP mode file for STMicroelectronics.FP-SNS-MOTENV1.4.3.2
2023-11-28 17:02:34,065 [WARN] PackLoader:240 - Cannot read IP mode file for STMicroelectronics.FP-SNS-FLIGHT1.5.0.2
2023-11-28 17:02:34,138 [WARN] PackLoader:240 - Cannot read IP mode file for STMicroelectronics.X-CUBE-DISPLAY.3.0.0
2023-11-28 17:02:34,243 [WARN] PackLoader:240 - Cannot read IP mode file for STMicroelectronics.X-CUBE-BLE1.7.0.0
2023-11-28 17:02:34,265 [WARN] PackLoader:240 - Cannot read IP mode file for emotas.I-CUBE-CANOPEN.1.3.0
2023-11-28 17:02:34,281 [WARN] PackLoader:240 - Cannot read IP mode file for STMicroelectronics.X-CUBE-TOUCHGFX.4.22.1
2023-11-28 17:02:34,293 [WARN] PackLoader:240 - Cannot read IP mode file for STMicroelectronics.FP-SNS-SMARTAG2.1.2.0
2023-11-28 17:02:34,350 [INFO] LogOutputStream:77 - [STDOUT_REDIRECT] 1 : Invalid condition id : UX_CORESTACK_Condition cause : null
2023-11-28 17:02:34,350 [INFO] LogOutputStream:77 - [STDOUT_REDIRECT] 1 : Invalid condition id : UX_CORESTACK_Condition cause : null
2023-11-28 17:02:34,351 [INFO] LogOutputStream:77 - [STDOUT_REDIRECT] 1 : Invalid condition id : UX_CORESTACK_Condition cause : null
2023-11-28 17:02:34,351 [INFO] LogOutputStream:77 - [STDOUT_REDIRECT] 1 : Invalid condition id : UX_CORESTACK_Condition cause : null
2023-11-28 17:02:34,351 [INFO] LogOutputStream:77 - [STDOUT_REDIRECT] 1 : Invalid condition id : UX_CORESTACK_Condition cause : null
2023-11-28 17:02:34,372 [WARN] PackLoader:240 - Cannot read IP mode file for STMicroelectronics.X-CUBE-AZRTOS-WL.2.0.0
2023-11-28 17:02:34,425 [WARN] PackLoader:240 - Cannot read IP mode file for WES.I-CUBE-Cesium.1.3.0
2023-11-28 17:02:34,452 [WARN] PackLoader:240 - Cannot read IP mode file for STMicroelectronics.X-CUBE-BLE2.3.3.0
2023-11-28 17:02:34,493 [WARN] PackLoader:240 - Cannot read IP mode file for STMicroelectronics.X-CUBE-ALGOBUILD.1.3.0
2023-11-28 17:02:34,698 [WARN] PackLoader:240 - Cannot read IP mode file for STMicroelectronics.X-CUBE-AZRTOS-G0.1.1.0
2023-11-28 17:02:34,833 [WARN] PackLoader:240 - Cannot read IP mode file for STMicroelectronics.X-CUBE-NFC4.3.0.0
2023-11-28 17:02:35,699 [WARN] PackLoader:240 - Cannot read IP mode file for STMicroelectronics.X-CUBE-BLEMGR.3.0.0
2023-11-28 17:02:35,736 [WARN] PackLoader:240 - Cannot read IP mode file for STMicroelectronics.FP-ATR-SIGFOX1.3.2.0
2023-11-28 17:02:36,092 [WARN] PackLoader:240 - Cannot read IP mode file for SEGGER.I-CUBE-embOS.1.3.1
2023-11-28 17:02:36,461 [WARN] PackLoader:240 - Cannot read IP mode file for STMicroelectronics.X-CUBE-GNSS1.6.0.0
2023-11-28 17:02:36,619 [WARN] PackLoader:240 - Cannot read IP mode file for STMicroelectronics.X-CUBE-AZRTOS-F4.1.1.0
2023-11-28 17:02:36,645 [WARN] PackLoader:240 - Cannot read IP mode file for wolfSSL.I-CUBE-wolfSSL.5.6.3
2023-11-28 17:02:36,760 [WARN] PackLoader:240 - Cannot read IP mode file for STMicroelectronics.X-CUBE-AZRTOS-L5.2.0.0
2023-11-28 17:02:37,145 [WARN] PackLoader:240 - Cannot read IP mode file for STMicroelectronics.X-CUBE-MEMS1.9.6.0
2023-11-28 17:02:39,604 [WARN] PackLoader:240 - Cannot read IP mode file for STMicroelectronics.X-CUBE-EEPRMA1.4.2.0
2023-11-28 17:02:39,629 [WARN] PackLoader:240 - Cannot read IP mode file for ITTIA_DB.I-CUBE-ITTIADB.8.8.0
2023-11-28 17:02:39,689 [WARN] PackLoader:240 - Cannot read IP mode file for STMicroelectronics.X-CUBE-BLEMGR.2.0.0
2023-11-28 17:02:39,909 [WARN] ConditionMgr:438 - getConditionDescription Invalid condition id : UX DEVICE CLASS RTOS Condition cause : null
2023-11-28 17:02:39,909 [WARN] ConditionMgr:438 - getConditionDescription Invalid condition id : UX DEVICE CLASS RTOS Condition cause : null
2023-11-28 17:02:39,938 [WARN] PackLoader:240 - Cannot read IP mode file for STMicroelectronics.X-CUBE-AZRTOS-H7.3.1.0
2023-11-28 17:02:39,943 [WARN] ConditionMgr:1039 - genDependencies : Invalid condition id : UX DEVICE CLASS RTOS Condition cause : null
2023-11-28 17:02:39,944 [WARN] ConditionMgr:1039 - genDependencies : Invalid condition id : UX DEVICE CLASS RTOS Condition cause : null
2023-11-28 17:02:39,945 [WARN] ConditionMgr:1039 - genDependencies : Invalid condition id : UX DEVICE CLASS RTOS Condition cause : null
2023-11-28 17:02:39,946 [WARN] ConditionMgr:1039 - genDependencies : Invalid condition id : UX DEVICE CLASS RTOS Condition cause : null
2023-11-28 17:02:39,946 [WARN] ConditionMgr:1039 - genDependencies : Invalid condition id : UX DEVICE CLASS RTOS Condition cause : null
2023-11-28 17:02:39,982 [WARN] PackLoader:240 - Cannot read IP mode file for STMicroelectronics.X-CUBE-NFC7.1.0.1
2023-11-28 17:02:40,025 [WARN] PackLoader:240 - Cannot read IP mode file for STMicroelectronics.X-CUBE-NFC6.3.0.0
2023-11-28 17:02:40,073 [WARN] PackLoader:240 - Cannot read IP mode file for STMicroelectronics.X-CUBE-EEPRMA1.4.1.0
2023-11-28 17:02:40,117 [WARN] PackLoader:240 - Cannot read IP mode file for STMicroelectronics.X-CUBE-AI.8.1.0
2023-11-28 17:02:40,215 [WARN] ConditionMgr:438 - getConditionDescription Invalid condition id : LAN8742 Phy interface Condition cause : null
2023-11-28 17:02:40,216 [WARN] PackLoader:240 - Cannot read IP mode file for STMicroelectronics.X-CUBE-AZRTOS-L4.2.0.0
2023-11-28 17:02:40,222 [WARN] ConditionMgr:1039 - genDependencies : Invalid condition id : LAN8742 Phy interface Condition cause : null
2023-11-28 17:02:40,230 [WARN] ConditionMgr:1039 - genDependencies : Invalid condition id : LAN8742 Phy interface Condition cause : null
2023-11-28 17:02:40,231 [WARN] ConditionMgr:1039 - genDependencies : Invalid condition id : LAN8742 Phy interface Condition cause : null
2023-11-28 17:02:40,276 [WARN] PackLoader:240 - Cannot read IP mode file for STMicroelectronics.X-CUBE-SFXS2LP1.4.0.0
2023-11-28 17:02:40,303 [WARN] PackLoader:240 - Cannot read IP mode file for STMicroelectronics.X-CUBE-ISPU.1.1.0
2023-11-28 17:02:40,418 [WARN] ConditionMgr:438 - getConditionDescription Invalid condition id : UX DEVICE CLASS RTOS Condition cause : null
2023-11-28 17:02:40,427 [WARN] ConditionMgr:438 - getConditionDescription Invalid condition id : UX DEVICE CLASS RTOS Condition cause : null
2023-11-28 17:02:40,456 [WARN] PackLoader:240 - Cannot read IP mode file for STMicroelectronics.X-CUBE-AZRTOS-WB.2.0.0
2023-11-28 17:02:40,464 [WARN] ConditionMgr:1039 - genDependencies : Invalid condition id : UX DEVICE CLASS RTOS Condition cause : null
2023-11-28 17:02:40,469 [WARN] ConditionMgr:1039 - genDependencies : Invalid condition id : UX DEVICE CLASS RTOS Condition cause : null
2023-11-28 17:02:40,479 [WARN] ConditionMgr:1039 - genDependencies : Invalid condition id : UX DEVICE CLASS RTOS Condition cause : null
2023-11-28 17:02:40,479 [WARN] ConditionMgr:1039 - genDependencies : Invalid condition id : UX DEVICE CLASS RTOS Condition cause : null
2023-11-28 17:02:40,480 [WARN] ConditionMgr:1039 - genDependencies : Invalid condition id : UX DEVICE CLASS RTOS Condition cause : null
2023-11-28 17:02:40,570 [WARN] PackLoader:240 - Cannot read IP mode file for STMicroelectronics.X-CUBE-SUBG2.5.0.0
2023-11-28 17:02:40,745 [WARN] PackLoader:240 - Cannot read IP mode file for STMicroelectronics.X-CUBE-TOF1.3.3.1
2023-11-28 17:02:41,125 [WARN] PackLoader:240 - Cannot read IP mode file for STMicroelectronics.X-CUBE-AZRTOS-G4.2.0.0
2023-11-28 17:02:41,342 [WARN] PackLoader:240 - Cannot read IP mode file for Infineon.AIROC-Wi-Fi-Bluetooth-STM32.1.5.1
2023-11-28 17:02:41,470 [WARN] PackLoader:240 - Cannot read IP mode file for STMicroelectronics.FP-SNS-MOTENVWB1.1.3.0
2023-11-28 17:02:42,136 [WARN] PackLoader:240 - Cannot read IP mode file for STMicroelectronics.X-CUBE-MEMS1.10.0.0
2023-11-28 17:02:43,080 [WARN] PackLoader:240 - Cannot read IP mode file for STMicroelectronics.X-CUBE-FREERTOS.1.1.0
2023-11-28 17:02:43,095 [WARN] PackLoader:240 - Cannot read IP mode file for portGmbH.I-Cube-SoM-uGOAL.1.1.0
2023-11-28 17:02:43,112 [WARN] PackLoader:240 - Cannot read IP mode file for STMicroelectronics.X-CUBE-ALS.1.0.1
2023-11-28 17:02:43,136 [WARN] PackLoader:240 - Cannot read IP mode file for STMicroelectronics.FP-ATR-ASTRA1.2.0.0
2023-11-28 17:02:43,178 [WARN] PackLoader:240 - Cannot read IP mode file for STMicroelectronics.X-CUBE-TOF1.3.4.0
2023-11-28 17:02:43,281 [INFO] ThirdParty:978 - Integrity check success = true
2023-11-28 17:02:43,282 [INFO] IntegrityCheckThread:100 - exiting critical section [integrity check]
2023-11-28 17:02:43,282 [INFO] IntegrityCheckThread:103 - End integrity checks thread
2023-11-28 17:02:54,674 [ERROR] LogOutputStream:75 - [STDERR_REDIRECT] SLF4J: Failed to load class "org.slf4j.impl.StaticLoggerBinder".
2023-11-28 17:02:54,684 [ERROR] LogOutputStream:75 - [STDERR_REDIRECT] SLF4J: Defaulting to no-operation (NOP) logger implementation
2023-11-28 17:02:54,684 [ERROR] LogOutputStream:75 - [STDERR_REDIRECT] SLF4J: See http://www.slf4j.org/codes.html#StaticLoggerBinder for further details.
2023-11-28 18:17:41,750 [INFO] Activator:176 - 


2023-11-28 18:17:41,753 [INFO] Activator:177 - !SESSION log4j initialized
2023-11-28 18:17:54,274 [ERROR] LogOutputStream:75 - [STDERR_REDIRECT] Managed Build system manifest file error: Option com.atollic.truestudio.general.runtimelib.515011658 uses a null category that is invalid in its context. The option was ignored.
2023-11-28 18:17:54,284 [ERROR] LogOutputStream:75 - [STDERR_REDIRECT] Managed Build system manifest file error: Option com.atollic.truestudio.toolchain_options.mcu.1215812750 uses a null category that is invalid in its context. The option was ignored.
2023-11-28 18:17:54,290 [ERROR] LogOutputStream:75 - [STDERR_REDIRECT] Managed Build system manifest file error: Option com.atollic.truestudio.toolchain_options.vendor.1616666001 uses a null category that is invalid in its context. The option was ignored.
2023-11-28 18:17:54,438 [ERROR] LogOutputStream:75 - [STDERR_REDIRECT] Managed Build system manifest file error: Option com.atollic.truestudio.general.runtimelib.1515049018 uses a null category that is invalid in its context. The option was ignored.
2023-11-28 18:17:54,443 [ERROR] LogOutputStream:75 - [STDERR_REDIRECT] Managed Build system manifest file error: Option com.atollic.truestudio.toolchain_options.mcu.1352430483 uses a null category that is invalid in its context. The option was ignored.
2023-11-28 18:17:54,444 [ERROR] LogOutputStream:75 - [STDERR_REDIRECT] Managed Build system manifest file error: Option com.atollic.truestudio.toolchain_options.vendor.1233035770 uses a null category that is invalid in its context. The option was ignored.
2023-11-28 18:18:05,787 [INFO] LogOutputStream:77 - [STDOUT_REDIRECT] 
2023-11-28 18:18:16,393 [INFO] ApplicationProperties:184 - Using Application install path: /opt/st/stm32cubeide_1.13.2/plugins/com.st.stm32cube.common.mx_6.9.2.202309101412
2023-11-28 18:18:16,555 [INFO] DbMcusXml:78 - Set database path to: /opt/st/stm32cubeide_1.13.2/plugins/com.st.stm32cube.common.mx_6.9.2.202309101412//db//mcu/
2023-11-28 18:18:16,558 [INFO] ApiDb:274 - Set plugin database path to: /opt/st/stm32cubeide_1.13.2/plugins/com.st.stm32cube.common.mx_6.9.2.202309101412//db//plugins/boardmanager/
2023-11-28 18:18:16,571 [WARN] ApiDb:259 - Overriding images path with different value:  => /opt/st/stm32cubeide_1.13.2/plugins/com.st.stm32cube.common.mx_6.9.2.202309101412//db//plugins/mcufinder/images/
2023-11-28 18:18:16,666 [INFO] ApiDb:250 - Set database path to: /home/osboxes/.stmcufinder/plugins/mcufinder//mcu/
2023-11-28 18:18:16,684 [INFO] DbMcusAds:125 - Set database path to: /home/osboxes/.stmcufinder/plugins/mcufinder//mcu/
2023-11-28 18:18:16,711 [INFO] CrossReferenceDbSqlite:203 - Set database path to: /home/osboxes/.stmcufinder/plugins/mcufinder//mcu/cs/
2023-11-28 18:18:17,935 [INFO] RulesReader:64 - Compatibility file has been processed (293 Rules)
2023-11-28 18:18:18,612 [INFO] DbMcusXml:78 - Set database path to: /opt/st/stm32cubeide_1.13.2/plugins/com.st.stm32cube.common.mx_6.9.2.202309101412//db//mcu/
2023-11-28 18:18:18,613 [INFO] ApiDb:274 - Set plugin database path to: /opt/st/stm32cubeide_1.13.2/plugins/com.st.stm32cube.common.mx_6.9.2.202309101412//db//plugins/boardmanager/
2023-11-28 18:18:18,613 [INFO] ApiDb:261 - Set plugin images path to: /opt/st/stm32cubeide_1.13.2/plugins/com.st.stm32cube.common.mx_6.9.2.202309101412//db//plugins/mcufinder/images/
2023-11-28 18:18:18,614 [WARN] DbFile:41 - Overriding database path with different value: /home/osboxes/.stmcufinder/plugins/mcufinder/ => /home/osboxes/.stmcufinder/plugins/mcufinder
2023-11-28 18:18:18,614 [INFO] ApiDb:250 - Set database path to: /home/osboxes/.stmcufinder/plugins/mcufinder//mcu/
2023-11-28 18:18:18,614 [WARN] DbFile:41 - Overriding database path with different value: /home/osboxes/.stmcufinder/plugins/mcufinder/ => /home/osboxes/.stmcufinder/plugins/mcufinder
2023-11-28 18:18:18,614 [INFO] DbMcusAds:125 - Set database path to: /home/osboxes/.stmcufinder/plugins/mcufinder//mcu/
2023-11-28 18:18:18,624 [WARN] DbFile:41 - Overriding database path with different value: /home/osboxes/.stmcufinder/plugins/mcufinder/ => /home/osboxes/.stmcufinder/plugins/mcufinder
2023-11-28 18:18:18,632 [WARN] DbFile:41 - Overriding database path with different value: /home/osboxes/.stmcufinder/plugins/mcufinder/ => /home/osboxes/.stmcufinder/plugins/mcufinder
2023-11-28 18:18:18,926 [INFO] CrossReferenceDbSqlite:203 - Set database path to: /home/osboxes/.stmcufinder/plugins/mcufinder//mcu/cs/
2023-11-28 18:18:19,615 [INFO] MainPanel:262 - HeapMemory: 268435456
2023-11-28 18:18:20,597 [INFO] DbMcusXml:78 - Set database path to: /opt/st/stm32cubeide_1.13.2/plugins/com.st.stm32cube.common.mx_6.9.2.202309101412//db//mcu/
2023-11-28 18:18:20,598 [INFO] ApiDb:274 - Set plugin database path to: /opt/st/stm32cubeide_1.13.2/plugins/com.st.stm32cube.common.mx_6.9.2.202309101412//db//plugins/boardmanager/
2023-11-28 18:18:20,598 [INFO] ApiDb:261 - Set plugin images path to: /opt/st/stm32cubeide_1.13.2/plugins/com.st.stm32cube.common.mx_6.9.2.202309101412//db//plugins/mcufinder/images/
2023-11-28 18:18:20,599 [WARN] DbFile:41 - Overriding database path with different value: /home/osboxes/.stmcufinder/plugins/mcufinder/ => /home/osboxes/.stmcufinder/plugins/mcufinder
2023-11-28 18:18:20,599 [INFO] ApiDb:250 - Set database path to: /home/osboxes/.stmcufinder/plugins/mcufinder//mcu/
2023-11-28 18:18:20,599 [WARN] DbFile:41 - Overriding database path with different value: /home/osboxes/.stmcufinder/plugins/mcufinder/ => /home/osboxes/.stmcufinder/plugins/mcufinder
2023-11-28 18:18:20,599 [INFO] DbMcusAds:125 - Set database path to: /home/osboxes/.stmcufinder/plugins/mcufinder//mcu/
2023-11-28 18:18:20,599 [WARN] DbFile:41 - Overriding database path with different value: /home/osboxes/.stmcufinder/plugins/mcufinder/ => /home/osboxes/.stmcufinder/plugins/mcufinder
2023-11-28 18:18:20,600 [WARN] DbFile:41 - Overriding database path with different value: /home/osboxes/.stmcufinder/plugins/mcufinder/ => /home/osboxes/.stmcufinder/plugins/mcufinder
2023-11-28 18:18:20,600 [INFO] CrossReferenceDbSqlite:203 - Set database path to: /home/osboxes/.stmcufinder/plugins/mcufinder//mcu/cs/
2023-11-28 18:18:20,754 [INFO] ApplicationProperties:184 - Using Application install path: /opt/st/stm32cubeide_1.13.2/plugins/com.st.stm32cube.common.mx_6.9.2.202309101412
2023-11-28 18:18:20,774 [INFO] PluginManage:196 - Search for loadable plugins [exclusion list=, ]
2023-11-28 18:18:20,780 [INFO] PluginManage:310 - Check plugin analytics
2023-11-28 18:18:22,403 [INFO] AnalyticsPlugin:253 - Accepted Software Licenses: 
2023-11-28 18:18:22,404 [INFO] AnalyticsPlugin:255 - Accepted CMSIS Pack Licenses: STMicroelectronics.X-CUBE-NFC4.3.0.0
2023-11-28 18:18:22,404 [INFO] AnalyticsPlugin:257 - Accepted Firmware Licenses: FW.F4.1.27.0
2023-11-28 18:18:22,443 [INFO] PluginManage:359 - Loaded plugin analytics (category:tool,tabindex:-1)
2023-11-28 18:18:22,450 [INFO] PluginManage:310 - Check plugin cadmodel
2023-11-28 18:18:22,752 [INFO] CADModel:105 - Init CAD model plugin
2023-11-28 18:18:22,752 [INFO] PluginManage:359 - Loaded plugin cadmodel (category:power,tabindex:5)
2023-11-28 18:18:22,753 [INFO] PluginManage:310 - Check plugin clock
2023-11-28 18:18:22,843 [INFO] PluginManage:359 - Loaded plugin clock (category:base,tabindex:2)
2023-11-28 18:18:22,843 [INFO] PluginManage:310 - Check plugin ddr
2023-11-28 18:18:22,862 [INFO] PluginManage:359 - Loaded plugin ddr (category:tool,tabindex:6)
2023-11-28 18:18:22,863 [INFO] PluginManage:310 - Check plugin filemanager
2023-11-28 18:18:24,091 [INFO] PluginManage:359 - Loaded plugin filemanager (category:base,tabindex:10)
2023-11-28 18:18:24,091 [INFO] PluginManage:310 - Check plugin ipmanager
2023-11-28 18:18:24,146 [INFO] PluginManage:359 - Loaded plugin ipmanager (category:base,tabindex:5)
2023-11-28 18:18:24,147 [INFO] PluginManage:310 - Check plugin lpbam
2023-11-28 18:18:24,209 [INFO] PluginManage:359 - Loaded plugin lpbam (category:base,tabindex:0)
2023-11-28 18:18:24,218 [INFO] PluginManage:310 - Check plugin memorymap
2023-11-28 18:18:24,330 [INFO] PluginManage:359 - Loaded plugin memorymap (category:base,tabindex:4)
2023-11-28 18:18:24,335 [INFO] PluginManage:310 - Check plugin pinoutandconfiguration
2023-11-28 18:18:24,390 [INFO] PluginManage:359 - Loaded plugin pinoutandconfiguration (category:base,tabindex:1)
2023-11-28 18:18:24,391 [INFO] PluginManage:310 - Check plugin pinoutconfig
2023-11-28 18:18:25,341 [WARN] SupportedApi:132 - Cannot load RTOS API schema: s4s-elt-must-match.1: The content of 'definitions' must match (annotation?, (simpleType | complexType)?, (unique | key | keyref)*)). A problem was found starting at: attribute.
2023-11-28 18:18:26,663 [INFO] PluginManage:359 - Loaded plugin pinoutconfig (category:base,tabindex:0)
2023-11-28 18:18:26,664 [INFO] PluginManage:310 - Check plugin power
2023-11-28 18:18:26,756 [INFO] PluginManage:359 - Loaded plugin power (category:power,tabindex:4)
2023-11-28 18:18:26,756 [INFO] PluginManage:310 - Check plugin projectmanager
2023-11-28 18:18:26,920 [INFO] PluginManage:359 - Loaded plugin projectmanager (category:projectmanager,tabindex:3)
2023-11-28 18:18:26,921 [INFO] PluginManage:310 - Check plugin thirdparty
2023-11-28 18:18:28,532 [INFO] PluginManage:359 - Loaded plugin thirdparty (category:base,tabindex:-1)
2023-11-28 18:18:28,532 [INFO] PluginManage:310 - Check plugin tools
2023-11-28 18:18:28,535 [WARN] IntegrityCheckThread:84 - waiting for thirdparty lock release [integrity check]
2023-11-28 18:18:28,536 [INFO] IntegrityCheckThread:86 - entering critical section [integrity check]
2023-11-28 18:18:28,536 [INFO] ThirdPartyUpdaterWithRetryManager:70 - Updater plugin not ready yet. [1/15]
2023-11-28 18:18:28,548 [INFO] PluginManage:359 - Loaded plugin tools (category:base,tabindex:7)
2023-11-28 18:18:28,549 [INFO] PluginManage:310 - Check plugin tutovideos
2023-11-28 18:18:30,022 [INFO] PluginManage:359 - Loaded plugin tutovideos (category:base,tabindex:-1)
2023-11-28 18:18:30,022 [INFO] PluginManage:310 - Check plugin updater
2023-11-28 18:18:30,076 [INFO] PluginManage:359 - Loaded plugin updater (category:base,tabindex:12)
2023-11-28 18:18:30,076 [INFO] PluginManage:310 - Check plugin userauth
2023-11-28 18:18:30,109 [INFO] UserAuth:113 - Init User Auth plugin
2023-11-28 18:18:30,109 [INFO] PluginManage:359 - Loaded plugin userauth (category:base,tabindex:14)
2023-11-28 18:18:30,119 [INFO] PluginManage:283 - PluginManage : Loaded plugins [17]
2023-11-28 18:18:31,373 [INFO] PinOutPanel:1499 - setPackage(No Configuration,No Configuration)
2023-11-28 18:18:31,538 [INFO] ThirdPartyUpdaterWithRetryManager:70 - Updater plugin not ready yet. [2/15]
2023-11-28 18:18:31,974 [INFO] CADModel:165 - CPN selected for project level
2023-11-28 18:18:31,975 [INFO] CADModel:114 - Register for checkConnection events
2023-11-28 18:18:32,034 [INFO] IPUIPlugin:80 - create IPUIPlugin
2023-11-28 18:18:32,043 [INFO] PluginManager:220 - loadIPPluginJar : add dma3
2023-11-28 18:18:32,056 [INFO] IPUIPlugin:80 - create IPUIPlugin
2023-11-28 18:18:32,057 [INFO] PluginManager:220 - loadIPPluginJar : add tracer_emb
2023-11-28 18:18:32,079 [INFO] IPUIPlugin:80 - create IPUIPlugin
2023-11-28 18:18:32,079 [INFO] PluginManager:220 - loadIPPluginJar : add gpio
2023-11-28 18:18:32,133 [INFO] IPUIPlugin:80 - create IPUIPlugin
2023-11-28 18:18:32,136 [INFO] PluginManager:220 - loadIPPluginJar : add ipddr
2023-11-28 18:18:32,161 [INFO] IPUIPlugin:80 - create IPUIPlugin
2023-11-28 18:18:32,163 [INFO] PluginManager:220 - loadIPPluginJar : add sai
2023-11-28 18:18:32,182 [INFO] IPUIPlugin:80 - create IPUIPlugin
2023-11-28 18:18:32,182 [INFO] PluginManager:220 - loadIPPluginJar : add i2s
2023-11-28 18:18:32,222 [INFO] IPUIPlugin:80 - create IPUIPlugin
2023-11-28 18:18:32,226 [INFO] PluginManager:220 - loadIPPluginJar : add dma
2023-11-28 18:18:32,250 [INFO] IPUIPlugin:80 - create IPUIPlugin
2023-11-28 18:18:32,251 [INFO] PluginManager:220 - loadIPPluginJar : add fmc
2023-11-28 18:18:32,253 [INFO] IPUIPlugin:80 - create IPUIPlugin
2023-11-28 18:18:32,253 [INFO] PluginManager:220 - loadIPPluginJar : add hash
2023-11-28 18:18:32,283 [INFO] IPUIPlugin:80 - create IPUIPlugin
2023-11-28 18:18:32,284 [INFO] PluginManager:220 - loadIPPluginJar : add spi
2023-11-28 18:18:32,311 [INFO] IPUIPlugin:80 - create IPUIPlugin
2023-11-28 18:18:32,315 [INFO] PluginManager:220 - loadIPPluginJar : add nvic
2023-11-28 18:18:32,341 [INFO] IPUIPlugin:80 - create IPUIPlugin
2023-11-28 18:18:32,346 [INFO] PluginManager:220 - loadIPPluginJar : add stm32_wpan
2023-11-28 18:18:32,350 [INFO] IPUIPlugin:80 - create IPUIPlugin
2023-11-28 18:18:32,359 [INFO] PluginManager:220 - loadIPPluginJar : add comp
2023-11-28 18:18:32,370 [INFO] IPUIPlugin:80 - create IPUIPlugin
2023-11-28 18:18:32,370 [INFO] PluginManager:220 - loadIPPluginJar : add gfxmmu
2023-11-28 18:18:32,384 [INFO] IPUIPlugin:80 - create IPUIPlugin
2023-11-28 18:18:32,384 [INFO] PluginManager:220 - loadIPPluginJar : add aes
2023-11-28 18:18:32,397 [INFO] IPUIPlugin:80 - create IPUIPlugin
2023-11-28 18:18:32,397 [INFO] PluginManager:220 - loadIPPluginJar : add fatfs
2023-11-28 18:18:32,405 [INFO] IPUIPlugin:80 - create IPUIPlugin
2023-11-28 18:18:32,405 [INFO] PluginManager:220 - loadIPPluginJar : add openamp
2023-11-28 18:18:32,417 [INFO] IPUIPlugin:80 - create IPUIPlugin
2023-11-28 18:18:32,417 [INFO] PluginManager:220 - loadIPPluginJar : add pdm2pcm
2023-11-28 18:18:32,431 [INFO] IPUIPlugin:80 - create IPUIPlugin
2023-11-28 18:18:32,431 [INFO] PluginManager:220 - loadIPPluginJar : add tim
2023-11-28 18:18:32,448 [INFO] IPUIPlugin:80 - create IPUIPlugin
2023-11-28 18:18:32,448 [INFO] PluginManager:220 - loadIPPluginJar : add resmgrutility
2023-11-28 18:18:32,455 [INFO] IPUIPlugin:80 - create IPUIPlugin
2023-11-28 18:18:32,455 [INFO] PluginManager:220 - loadIPPluginJar : add ltdc
2023-11-28 18:18:32,471 [INFO] IPUIPlugin:80 - create IPUIPlugin
2023-11-28 18:18:32,471 [INFO] PluginManager:220 - loadIPPluginJar : add ucpd
2023-11-28 18:18:32,485 [INFO] IPUIPlugin:80 - create IPUIPlugin
2023-11-28 18:18:32,502 [INFO] PluginManager:220 - loadIPPluginJar : add usbx
2023-11-28 18:18:32,515 [INFO] IPUIPlugin:80 - create IPUIPlugin
2023-11-28 18:18:32,516 [INFO] PluginManager:220 - loadIPPluginJar : add cryp
2023-11-28 18:18:32,568 [INFO] IPUIPlugin:80 - create IPUIPlugin
2023-11-28 18:18:32,575 [INFO] PluginManager:220 - loadIPPluginJar : add gic
2023-11-28 18:18:32,625 [INFO] IPUIPlugin:80 - create IPUIPlugin
2023-11-28 18:18:32,625 [INFO] PluginManager:220 - loadIPPluginJar : add adc
2023-11-28 18:18:32,645 [INFO] IPUIPlugin:80 - create IPUIPlugin
2023-11-28 18:18:32,645 [INFO] PluginManager:220 - loadIPPluginJar : add ts
2023-11-28 18:18:32,688 [INFO] IPUIPlugin:80 - create IPUIPlugin
2023-11-28 18:18:32,688 [INFO] PluginManager:220 - loadIPPluginJar : add touchsensing
2023-11-28 18:18:32,714 [INFO] IPUIPlugin:80 - create IPUIPlugin
2023-11-28 18:18:32,718 [INFO] PluginManager:220 - loadIPPluginJar : add dfsdm
2023-11-28 18:18:32,728 [INFO] IPUIPlugin:80 - create IPUIPlugin
2023-11-28 18:18:32,729 [INFO] PluginManager:220 - loadIPPluginJar : add usart
2023-11-28 18:18:32,752 [INFO] IPUIPlugin:80 - create IPUIPlugin
2023-11-28 18:18:32,753 [INFO] PluginManager:220 - loadIPPluginJar : add lorawan
2023-11-28 18:18:32,757 [INFO] IPUIPlugin:80 - create IPUIPlugin
2023-11-28 18:18:32,757 [INFO] PluginManager:220 - loadIPPluginJar : add tsc
2023-11-28 18:18:32,835 [INFO] IPUIPlugin:80 - create IPUIPlugin
2023-11-28 18:18:32,839 [INFO] PluginManager:220 - loadIPPluginJar : add linkedlist
2023-11-28 18:18:32,892 [INFO] IPUIPlugin:80 - create IPUIPlugin
2023-11-28 18:18:32,920 [INFO] PluginManager:220 - loadIPPluginJar : add plateformsettings
2023-11-28 18:18:32,954 [INFO] IPUIPlugin:80 - create IPUIPlugin
2023-11-28 18:18:32,954 [INFO] PluginManager:220 - loadIPPluginJar : add genericplugin
2023-11-28 18:18:33,018 [INFO] IPUIPlugin:80 - create IPUIPlugin
2023-11-28 18:18:33,033 [INFO] PluginManager:220 - loadIPPluginJar : add mdma
2023-11-28 18:18:33,064 [INFO] IPUIPlugin:80 - create IPUIPlugin
2023-11-28 18:18:33,064 [INFO] PluginManager:220 - loadIPPluginJar : add gtzc
2023-11-28 18:18:33,085 [INFO] IPUIPlugin:80 - create IPUIPlugin
2023-11-28 18:18:33,085 [INFO] PluginManager:220 - loadIPPluginJar : add can
2023-11-28 18:18:33,117 [INFO] IPUIPlugin:80 - create IPUIPlugin
2023-11-28 18:18:33,117 [INFO] PluginManager:220 - loadIPPluginJar : add i3c
2023-11-28 18:18:33,211 [INFO] IPUIPlugin:80 - create IPUIPlugin
2023-11-28 18:18:33,211 [INFO] PluginManager:220 - loadIPPluginJar : add freertos
2023-11-28 18:18:33,246 [INFO] IPUIPlugin:80 - create IPUIPlugin
2023-11-28 18:18:33,249 [INFO] PluginManager:220 - loadIPPluginJar : add quadspi
2023-11-28 18:18:33,285 [INFO] IPUIPlugin:80 - create IPUIPlugin
2023-11-28 18:18:33,285 [INFO] PluginManager:220 - loadIPPluginJar : add opamp
2023-11-28 18:18:33,317 [INFO] IPUIPlugin:80 - create IPUIPlugin
2023-11-28 18:18:33,317 [INFO] PluginManager:220 - loadIPPluginJar : add i2c
2023-11-28 18:18:33,856 [INFO] CADModel:165 - CPN selected for project level
2023-11-28 18:18:33,856 [INFO] CADModel:114 - Register for checkConnection events
2023-11-28 18:18:33,856 [FATAL] Updater:308 - Updater called before beeing initialized
2023-11-28 18:18:33,857 [ERROR] CADModel:125 - Updater not yet initialized, retry later 
2023-11-28 18:18:34,539 [INFO] ThirdPartyUpdaterWithRetryManager:70 - Updater plugin not ready yet. [3/15]
2023-11-28 18:18:35,969 [INFO] CADModel:165 - CPN selected for project level
2023-11-28 18:18:35,980 [INFO] CADModel:114 - Register for checkConnection events
2023-11-28 18:18:35,980 [FATAL] Updater:308 - Updater called before beeing initialized
2023-11-28 18:18:35,980 [ERROR] CADModel:125 - Updater not yet initialized, retry later 
2023-11-28 18:18:36,044 [FATAL] Updater:308 - Updater called before beeing initialized
2023-11-28 18:18:37,129 [FATAL] Updater:308 - Updater called before beeing initialized
2023-11-28 18:18:37,190 [INFO] DbMcusAds:53 - JSON generation date=Tue Mar 07 05:50:55 ART 2023 (1678179055114)
2023-11-28 18:18:37,191 [FATAL] Updater:308 - Updater called before beeing initialized
2023-11-28 18:18:37,540 [FATAL] Updater:308 - Updater called before beeing initialized
2023-11-28 18:18:37,541 [ERROR] IntegrityCheckThread:130 - Cannot retrieve database content from updater: error 21
2023-11-28 18:18:37,542 [INFO] ThirdParty:978 - Integrity check success = false
2023-11-28 18:18:37,542 [INFO] IntegrityCheckThread:100 - exiting critical section [integrity check]
2023-11-28 18:18:37,543 [INFO] IntegrityCheckThread:103 - End integrity checks thread
2023-11-28 18:18:37,634 [WARN] DetailPanel:346 - Failed to get advertising image, set to default
2023-11-28 18:18:39,970 [FATAL] Updater:308 - Updater called before beeing initialized
2023-11-28 18:18:39,987 [FATAL] Updater:308 - Updater called before beeing initialized
2023-11-28 18:18:39,987 [FATAL] Updater:308 - Updater called before beeing initialized
2023-11-28 18:18:39,987 [WARN] DetailPanel:346 - Failed to get advertising image, set to default
2023-11-28 18:18:40,004 [FATAL] Updater:308 - Updater called before beeing initialized
2023-11-28 18:18:40,303 [ERROR] Updater:1120 - MainUpdater not yet initialized. External WinMGr cannot be set.
2023-11-28 18:18:40,313 [INFO] Updater:1056 - Updater Version found : 6.9.2
2023-11-28 18:18:40,524 [INFO] ApplicationProperties:184 - Using Application install path: /opt/st/stm32cubeide_1.13.2/plugins/com.st.stm32cube.common.mx_6.9.2.202309101412
2023-11-28 18:18:41,766 [INFO] MainUpdater:2868 - connection check result : 10
2023-11-28 18:18:41,782 [INFO] MainUpdater:285 - Updater Check For Update Now.
2023-11-28 18:18:41,782 [INFO] MicroXplorer:498 - Change Database Version : DB.6.0.92
2023-11-28 18:18:41,836 [INFO] McuFinderGlobals:63 - Set McuFinder mode to 2 (CubeIDE integrated)
2023-11-28 18:18:42,850 [INFO] CheckServerUpdateThread:120 - End of CheckServer Thread
2023-11-28 18:19:06,959 [ERROR] LogOutputStream:75 - [STDERR_REDIRECT] SLF4J: Failed to load class "org.slf4j.impl.StaticLoggerBinder".
2023-11-28 18:19:06,966 [ERROR] LogOutputStream:75 - [STDERR_REDIRECT] SLF4J: Defaulting to no-operation (NOP) logger implementation
2023-11-28 18:19:06,973 [ERROR] LogOutputStream:75 - [STDERR_REDIRECT] SLF4J: See http://www.slf4j.org/codes.html#StaticLoggerBinder for further details.
2023-11-28 19:25:31,856 [INFO] Activator:176 - 


2023-11-28 19:25:31,867 [INFO] Activator:177 - !SESSION log4j initialized
2023-11-28 19:25:43,321 [ERROR] LogOutputStream:75 - [STDERR_REDIRECT] Managed Build system manifest file error: Option com.atollic.truestudio.general.runtimelib.515011658 uses a null category that is invalid in its context. The option was ignored.
2023-11-28 19:25:43,326 [ERROR] LogOutputStream:75 - [STDERR_REDIRECT] Managed Build system manifest file error: Option com.atollic.truestudio.toolchain_options.mcu.1215812750 uses a null category that is invalid in its context. The option was ignored.
2023-11-28 19:25:43,331 [ERROR] LogOutputStream:75 - [STDERR_REDIRECT] Managed Build system manifest file error: Option com.atollic.truestudio.toolchain_options.vendor.1616666001 uses a null category that is invalid in its context. The option was ignored.
2023-11-28 19:25:43,500 [ERROR] LogOutputStream:75 - [STDERR_REDIRECT] Managed Build system manifest file error: Option com.atollic.truestudio.general.runtimelib.1515049018 uses a null category that is invalid in its context. The option was ignored.
2023-11-28 19:25:43,503 [ERROR] LogOutputStream:75 - [STDERR_REDIRECT] Managed Build system manifest file error: Option com.atollic.truestudio.toolchain_options.mcu.1352430483 uses a null category that is invalid in its context. The option was ignored.
2023-11-28 19:25:43,507 [ERROR] LogOutputStream:75 - [STDERR_REDIRECT] Managed Build system manifest file error: Option com.atollic.truestudio.toolchain_options.vendor.1233035770 uses a null category that is invalid in its context. The option was ignored.
2023-11-28 19:25:52,804 [INFO] LogOutputStream:77 - [STDOUT_REDIRECT] 
2023-11-28 19:26:01,371 [INFO] ApplicationProperties:184 - Using Application install path: /opt/st/stm32cubeide_1.13.2/plugins/com.st.stm32cube.common.mx_6.9.2.202309101412
2023-11-28 19:26:01,551 [INFO] DbMcusXml:78 - Set database path to: /opt/st/stm32cubeide_1.13.2/plugins/com.st.stm32cube.common.mx_6.9.2.202309101412//db//mcu/
2023-11-28 19:26:01,558 [INFO] ApiDb:274 - Set plugin database path to: /opt/st/stm32cubeide_1.13.2/plugins/com.st.stm32cube.common.mx_6.9.2.202309101412//db//plugins/boardmanager/
2023-11-28 19:26:01,562 [WARN] ApiDb:259 - Overriding images path with different value:  => /opt/st/stm32cubeide_1.13.2/plugins/com.st.stm32cube.common.mx_6.9.2.202309101412//db//plugins/mcufinder/images/
2023-11-28 19:26:01,644 [INFO] ApiDb:250 - Set database path to: /home/osboxes/.stmcufinder/plugins/mcufinder//mcu/
2023-11-28 19:26:01,656 [INFO] DbMcusAds:125 - Set database path to: /home/osboxes/.stmcufinder/plugins/mcufinder//mcu/
2023-11-28 19:26:01,665 [INFO] CrossReferenceDbSqlite:203 - Set database path to: /home/osboxes/.stmcufinder/plugins/mcufinder//mcu/cs/
2023-11-28 19:26:02,326 [INFO] RulesReader:64 - Compatibility file has been processed (293 Rules)
2023-11-28 19:26:02,599 [INFO] DbMcusXml:78 - Set database path to: /opt/st/stm32cubeide_1.13.2/plugins/com.st.stm32cube.common.mx_6.9.2.202309101412//db//mcu/
2023-11-28 19:26:02,599 [INFO] ApiDb:274 - Set plugin database path to: /opt/st/stm32cubeide_1.13.2/plugins/com.st.stm32cube.common.mx_6.9.2.202309101412//db//plugins/boardmanager/
2023-11-28 19:26:02,599 [INFO] ApiDb:261 - Set plugin images path to: /opt/st/stm32cubeide_1.13.2/plugins/com.st.stm32cube.common.mx_6.9.2.202309101412//db//plugins/mcufinder/images/
2023-11-28 19:26:02,600 [WARN] DbFile:41 - Overriding database path with different value: /home/osboxes/.stmcufinder/plugins/mcufinder/ => /home/osboxes/.stmcufinder/plugins/mcufinder
2023-11-28 19:26:02,600 [INFO] ApiDb:250 - Set database path to: /home/osboxes/.stmcufinder/plugins/mcufinder//mcu/
2023-11-28 19:26:02,600 [WARN] DbFile:41 - Overriding database path with different value: /home/osboxes/.stmcufinder/plugins/mcufinder/ => /home/osboxes/.stmcufinder/plugins/mcufinder
2023-11-28 19:26:02,600 [INFO] DbMcusAds:125 - Set database path to: /home/osboxes/.stmcufinder/plugins/mcufinder//mcu/
2023-11-28 19:26:02,601 [WARN] DbFile:41 - Overriding database path with different value: /home/osboxes/.stmcufinder/plugins/mcufinder/ => /home/osboxes/.stmcufinder/plugins/mcufinder
2023-11-28 19:26:02,601 [WARN] DbFile:41 - Overriding database path with different value: /home/osboxes/.stmcufinder/plugins/mcufinder/ => /home/osboxes/.stmcufinder/plugins/mcufinder
2023-11-28 19:26:02,601 [INFO] CrossReferenceDbSqlite:203 - Set database path to: /home/osboxes/.stmcufinder/plugins/mcufinder//mcu/cs/
2023-11-28 19:26:02,859 [INFO] MainPanel:262 - HeapMemory: 391118848
2023-11-28 19:26:03,188 [INFO] DbMcusXml:78 - Set database path to: /opt/st/stm32cubeide_1.13.2/plugins/com.st.stm32cube.common.mx_6.9.2.202309101412//db//mcu/
2023-11-28 19:26:03,188 [INFO] ApiDb:274 - Set plugin database path to: /opt/st/stm32cubeide_1.13.2/plugins/com.st.stm32cube.common.mx_6.9.2.202309101412//db//plugins/boardmanager/
2023-11-28 19:26:03,188 [INFO] ApiDb:261 - Set plugin images path to: /opt/st/stm32cubeide_1.13.2/plugins/com.st.stm32cube.common.mx_6.9.2.202309101412//db//plugins/mcufinder/images/
2023-11-28 19:26:03,189 [WARN] DbFile:41 - Overriding database path with different value: /home/osboxes/.stmcufinder/plugins/mcufinder/ => /home/osboxes/.stmcufinder/plugins/mcufinder
2023-11-28 19:26:03,189 [INFO] ApiDb:250 - Set database path to: /home/osboxes/.stmcufinder/plugins/mcufinder//mcu/
2023-11-28 19:26:03,189 [WARN] DbFile:41 - Overriding database path with different value: /home/osboxes/.stmcufinder/plugins/mcufinder/ => /home/osboxes/.stmcufinder/plugins/mcufinder
2023-11-28 19:26:03,189 [INFO] DbMcusAds:125 - Set database path to: /home/osboxes/.stmcufinder/plugins/mcufinder//mcu/
2023-11-28 19:26:03,189 [WARN] DbFile:41 - Overriding database path with different value: /home/osboxes/.stmcufinder/plugins/mcufinder/ => /home/osboxes/.stmcufinder/plugins/mcufinder
2023-11-28 19:26:03,189 [WARN] DbFile:41 - Overriding database path with different value: /home/osboxes/.stmcufinder/plugins/mcufinder/ => /home/osboxes/.stmcufinder/plugins/mcufinder
2023-11-28 19:26:03,190 [INFO] CrossReferenceDbSqlite:203 - Set database path to: /home/osboxes/.stmcufinder/plugins/mcufinder//mcu/cs/
2023-11-28 19:26:03,252 [INFO] ApplicationProperties:184 - Using Application install path: /opt/st/stm32cubeide_1.13.2/plugins/com.st.stm32cube.common.mx_6.9.2.202309101412
2023-11-28 19:26:03,255 [INFO] PluginManage:196 - Search for loadable plugins [exclusion list=, ]
2023-11-28 19:26:03,256 [INFO] PluginManage:310 - Check plugin analytics
2023-11-28 19:26:04,131 [INFO] AnalyticsPlugin:253 - Accepted Software Licenses: 
2023-11-28 19:26:04,131 [INFO] AnalyticsPlugin:255 - Accepted CMSIS Pack Licenses: STMicroelectronics.X-CUBE-NFC4.3.0.0
2023-11-28 19:26:04,131 [INFO] AnalyticsPlugin:257 - Accepted Firmware Licenses: FW.F4.1.27.0
2023-11-28 19:26:04,142 [INFO] PluginManage:359 - Loaded plugin analytics (category:tool,tabindex:-1)
2023-11-28 19:26:04,142 [INFO] PluginManage:310 - Check plugin cadmodel
2023-11-28 19:26:04,243 [INFO] CADModel:105 - Init CAD model plugin
2023-11-28 19:26:04,243 [INFO] PluginManage:359 - Loaded plugin cadmodel (category:power,tabindex:5)
2023-11-28 19:26:04,244 [INFO] PluginManage:310 - Check plugin clock
2023-11-28 19:26:04,271 [INFO] PluginManage:359 - Loaded plugin clock (category:base,tabindex:2)
2023-11-28 19:26:04,271 [INFO] PluginManage:310 - Check plugin ddr
2023-11-28 19:26:04,281 [INFO] PluginManage:359 - Loaded plugin ddr (category:tool,tabindex:6)
2023-11-28 19:26:04,281 [INFO] PluginManage:310 - Check plugin filemanager
2023-11-28 19:26:04,724 [INFO] PluginManage:359 - Loaded plugin filemanager (category:base,tabindex:10)
2023-11-28 19:26:04,725 [INFO] PluginManage:310 - Check plugin ipmanager
2023-11-28 19:26:04,742 [INFO] PluginManage:359 - Loaded plugin ipmanager (category:base,tabindex:5)
2023-11-28 19:26:04,743 [INFO] PluginManage:310 - Check plugin lpbam
2023-11-28 19:26:04,768 [INFO] PluginManage:359 - Loaded plugin lpbam (category:base,tabindex:0)
2023-11-28 19:26:04,769 [INFO] PluginManage:310 - Check plugin memorymap
2023-11-28 19:26:04,806 [INFO] PluginManage:359 - Loaded plugin memorymap (category:base,tabindex:4)
2023-11-28 19:26:04,811 [INFO] PluginManage:310 - Check plugin pinoutandconfiguration
2023-11-28 19:26:04,826 [INFO] PluginManage:359 - Loaded plugin pinoutandconfiguration (category:base,tabindex:1)
2023-11-28 19:26:04,826 [INFO] PluginManage:310 - Check plugin pinoutconfig
2023-11-28 19:26:05,376 [WARN] SupportedApi:132 - Cannot load RTOS API schema: s4s-elt-must-match.1: The content of 'definitions' must match (annotation?, (simpleType | complexType)?, (unique | key | keyref)*)). A problem was found starting at: attribute.
2023-11-28 19:26:06,487 [INFO] PluginManage:359 - Loaded plugin pinoutconfig (category:base,tabindex:0)
2023-11-28 19:26:06,487 [INFO] PluginManage:310 - Check plugin power
2023-11-28 19:26:06,530 [INFO] PluginManage:359 - Loaded plugin power (category:power,tabindex:4)
2023-11-28 19:26:06,531 [INFO] PluginManage:310 - Check plugin projectmanager
2023-11-28 19:26:06,611 [INFO] PluginManage:359 - Loaded plugin projectmanager (category:projectmanager,tabindex:3)
2023-11-28 19:26:06,611 [INFO] PluginManage:310 - Check plugin thirdparty
2023-11-28 19:26:07,347 [INFO] PluginManage:359 - Loaded plugin thirdparty (category:base,tabindex:-1)
2023-11-28 19:26:07,347 [INFO] PluginManage:310 - Check plugin tools
2023-11-28 19:26:07,351 [WARN] IntegrityCheckThread:84 - waiting for thirdparty lock release [integrity check]
2023-11-28 19:26:07,354 [INFO] IntegrityCheckThread:86 - entering critical section [integrity check]
2023-11-28 19:26:07,358 [INFO] ThirdPartyUpdaterWithRetryManager:70 - Updater plugin not ready yet. [1/15]
2023-11-28 19:26:07,364 [INFO] PluginManage:359 - Loaded plugin tools (category:base,tabindex:7)
2023-11-28 19:26:07,365 [INFO] PluginManage:310 - Check plugin tutovideos
2023-11-28 19:26:08,888 [INFO] PluginManage:359 - Loaded plugin tutovideos (category:base,tabindex:-1)
2023-11-28 19:26:08,889 [INFO] PluginManage:310 - Check plugin updater
2023-11-28 19:26:08,918 [INFO] PluginManage:359 - Loaded plugin updater (category:base,tabindex:12)
2023-11-28 19:26:08,918 [INFO] PluginManage:310 - Check plugin userauth
2023-11-28 19:26:08,941 [INFO] UserAuth:113 - Init User Auth plugin
2023-11-28 19:26:08,941 [INFO] PluginManage:359 - Loaded plugin userauth (category:base,tabindex:14)
2023-11-28 19:26:08,943 [INFO] PluginManage:283 - PluginManage : Loaded plugins [17]
2023-11-28 19:26:10,210 [INFO] PinOutPanel:1499 - setPackage(No Configuration,No Configuration)
2023-11-28 19:26:10,364 [INFO] ThirdPartyUpdaterWithRetryManager:70 - Updater plugin not ready yet. [2/15]
2023-11-28 19:26:11,248 [INFO] CADModel:165 - CPN selected for project level
2023-11-28 19:26:11,248 [INFO] CADModel:114 - Register for checkConnection events
2023-11-28 19:26:11,318 [INFO] IPUIPlugin:80 - create IPUIPlugin
2023-11-28 19:26:11,319 [INFO] PluginManager:220 - loadIPPluginJar : add dma3
2023-11-28 19:26:11,332 [INFO] IPUIPlugin:80 - create IPUIPlugin
2023-11-28 19:26:11,332 [INFO] PluginManager:220 - loadIPPluginJar : add tracer_emb
2023-11-28 19:26:11,361 [INFO] IPUIPlugin:80 - create IPUIPlugin
2023-11-28 19:26:11,362 [INFO] PluginManager:220 - loadIPPluginJar : add gpio
2023-11-28 19:26:11,393 [INFO] IPUIPlugin:80 - create IPUIPlugin
2023-11-28 19:26:11,394 [INFO] PluginManager:220 - loadIPPluginJar : add ipddr
2023-11-28 19:26:11,405 [INFO] IPUIPlugin:80 - create IPUIPlugin
2023-11-28 19:26:11,406 [INFO] PluginManager:220 - loadIPPluginJar : add sai
2023-11-28 19:26:11,423 [INFO] IPUIPlugin:80 - create IPUIPlugin
2023-11-28 19:26:11,424 [INFO] PluginManager:220 - loadIPPluginJar : add i2s
2023-11-28 19:26:11,446 [INFO] IPUIPlugin:80 - create IPUIPlugin
2023-11-28 19:26:11,447 [INFO] PluginManager:220 - loadIPPluginJar : add dma
2023-11-28 19:26:11,472 [INFO] IPUIPlugin:80 - create IPUIPlugin
2023-11-28 19:26:11,472 [INFO] PluginManager:220 - loadIPPluginJar : add fmc
2023-11-28 19:26:11,489 [INFO] IPUIPlugin:80 - create IPUIPlugin
2023-11-28 19:26:11,489 [INFO] PluginManager:220 - loadIPPluginJar : add hash
2023-11-28 19:26:11,493 [INFO] IPUIPlugin:80 - create IPUIPlugin
2023-11-28 19:26:11,493 [INFO] PluginManager:220 - loadIPPluginJar : add spi
2023-11-28 19:26:11,512 [INFO] IPUIPlugin:80 - create IPUIPlugin
2023-11-28 19:26:11,521 [INFO] PluginManager:220 - loadIPPluginJar : add nvic
2023-11-28 19:26:11,543 [INFO] IPUIPlugin:80 - create IPUIPlugin
2023-11-28 19:26:11,543 [INFO] PluginManager:220 - loadIPPluginJar : add stm32_wpan
2023-11-28 19:26:11,549 [INFO] IPUIPlugin:80 - create IPUIPlugin
2023-11-28 19:26:11,549 [INFO] PluginManager:220 - loadIPPluginJar : add comp
2023-11-28 19:26:11,557 [INFO] IPUIPlugin:80 - create IPUIPlugin
2023-11-28 19:26:11,563 [INFO] PluginManager:220 - loadIPPluginJar : add gfxmmu
2023-11-28 19:26:11,571 [INFO] IPUIPlugin:80 - create IPUIPlugin
2023-11-28 19:26:11,571 [INFO] PluginManager:220 - loadIPPluginJar : add aes
2023-11-28 19:26:11,573 [INFO] IPUIPlugin:80 - create IPUIPlugin
2023-11-28 19:26:11,573 [INFO] PluginManager:220 - loadIPPluginJar : add fatfs
2023-11-28 19:26:11,587 [INFO] IPUIPlugin:80 - create IPUIPlugin
2023-11-28 19:26:11,587 [INFO] PluginManager:220 - loadIPPluginJar : add openamp
2023-11-28 19:26:11,597 [INFO] IPUIPlugin:80 - create IPUIPlugin
2023-11-28 19:26:11,602 [INFO] PluginManager:220 - loadIPPluginJar : add pdm2pcm
2023-11-28 19:26:11,611 [INFO] IPUIPlugin:80 - create IPUIPlugin
2023-11-28 19:26:11,611 [INFO] PluginManager:220 - loadIPPluginJar : add tim
2023-11-28 19:26:11,633 [INFO] IPUIPlugin:80 - create IPUIPlugin
2023-11-28 19:26:11,633 [INFO] PluginManager:220 - loadIPPluginJar : add resmgrutility
2023-11-28 19:26:11,655 [INFO] IPUIPlugin:80 - create IPUIPlugin
2023-11-28 19:26:11,655 [INFO] PluginManager:220 - loadIPPluginJar : add ltdc
2023-11-28 19:26:11,659 [INFO] IPUIPlugin:80 - create IPUIPlugin
2023-11-28 19:26:11,660 [INFO] PluginManager:220 - loadIPPluginJar : add ucpd
2023-11-28 19:26:11,677 [INFO] IPUIPlugin:80 - create IPUIPlugin
2023-11-28 19:26:11,683 [INFO] PluginManager:220 - loadIPPluginJar : add usbx
2023-11-28 19:26:11,694 [INFO] IPUIPlugin:80 - create IPUIPlugin
2023-11-28 19:26:11,695 [INFO] PluginManager:220 - loadIPPluginJar : add cryp
2023-11-28 19:26:11,725 [INFO] IPUIPlugin:80 - create IPUIPlugin
2023-11-28 19:26:11,727 [INFO] PluginManager:220 - loadIPPluginJar : add gic
2023-11-28 19:26:11,742 [INFO] IPUIPlugin:80 - create IPUIPlugin
2023-11-28 19:26:11,742 [INFO] PluginManager:220 - loadIPPluginJar : add adc
2023-11-28 19:26:11,755 [INFO] IPUIPlugin:80 - create IPUIPlugin
2023-11-28 19:26:11,755 [INFO] PluginManager:220 - loadIPPluginJar : add ts
2023-11-28 19:26:11,761 [INFO] IPUIPlugin:80 - create IPUIPlugin
2023-11-28 19:26:11,761 [INFO] PluginManager:220 - loadIPPluginJar : add touchsensing
2023-11-28 19:26:11,778 [INFO] IPUIPlugin:80 - create IPUIPlugin
2023-11-28 19:26:11,780 [INFO] PluginManager:220 - loadIPPluginJar : add dfsdm
2023-11-28 19:26:11,791 [INFO] IPUIPlugin:80 - create IPUIPlugin
2023-11-28 19:26:11,792 [INFO] PluginManager:220 - loadIPPluginJar : add usart
2023-11-28 19:26:11,805 [INFO] IPUIPlugin:80 - create IPUIPlugin
2023-11-28 19:26:11,805 [INFO] PluginManager:220 - loadIPPluginJar : add lorawan
2023-11-28 19:26:11,816 [INFO] IPUIPlugin:80 - create IPUIPlugin
2023-11-28 19:26:11,817 [INFO] PluginManager:220 - loadIPPluginJar : add tsc
2023-11-28 19:26:11,836 [INFO] IPUIPlugin:80 - create IPUIPlugin
2023-11-28 19:26:11,836 [INFO] PluginManager:220 - loadIPPluginJar : add linkedlist
2023-11-28 19:26:11,913 [INFO] IPUIPlugin:80 - create IPUIPlugin
2023-11-28 19:26:11,943 [INFO] PluginManager:220 - loadIPPluginJar : add plateformsettings
2023-11-28 19:26:11,967 [INFO] IPUIPlugin:80 - create IPUIPlugin
2023-11-28 19:26:11,968 [INFO] PluginManager:220 - loadIPPluginJar : add genericplugin
2023-11-28 19:26:12,048 [INFO] IPUIPlugin:80 - create IPUIPlugin
2023-11-28 19:26:12,049 [INFO] PluginManager:220 - loadIPPluginJar : add mdma
2023-11-28 19:26:12,081 [INFO] IPUIPlugin:80 - create IPUIPlugin
2023-11-28 19:26:12,095 [INFO] PluginManager:220 - loadIPPluginJar : add gtzc
2023-11-28 19:26:12,125 [INFO] IPUIPlugin:80 - create IPUIPlugin
2023-11-28 19:26:12,125 [INFO] PluginManager:220 - loadIPPluginJar : add can
2023-11-28 19:26:12,138 [INFO] IPUIPlugin:80 - create IPUIPlugin
2023-11-28 19:26:12,138 [INFO] PluginManager:220 - loadIPPluginJar : add i3c
2023-11-28 19:26:12,218 [INFO] IPUIPlugin:80 - create IPUIPlugin
2023-11-28 19:26:12,237 [INFO] PluginManager:220 - loadIPPluginJar : add freertos
2023-11-28 19:26:12,264 [INFO] IPUIPlugin:80 - create IPUIPlugin
2023-11-28 19:26:12,264 [INFO] PluginManager:220 - loadIPPluginJar : add quadspi
2023-11-28 19:26:12,292 [INFO] IPUIPlugin:80 - create IPUIPlugin
2023-11-28 19:26:12,297 [INFO] PluginManager:220 - loadIPPluginJar : add opamp
2023-11-28 19:26:12,338 [INFO] IPUIPlugin:80 - create IPUIPlugin
2023-11-28 19:26:12,338 [INFO] PluginManager:220 - loadIPPluginJar : add i2c
2023-11-28 19:26:12,927 [INFO] CADModel:165 - CPN selected for project level
2023-11-28 19:26:12,931 [INFO] CADModel:114 - Register for checkConnection events
2023-11-28 19:26:12,935 [FATAL] Updater:308 - Updater called before beeing initialized
2023-11-28 19:26:12,935 [ERROR] CADModel:125 - Updater not yet initialized, retry later 
2023-11-28 19:26:13,385 [INFO] ThirdPartyUpdaterWithRetryManager:70 - Updater plugin not ready yet. [3/15]
2023-11-28 19:26:14,587 [INFO] CADModel:165 - CPN selected for project level
2023-11-28 19:26:14,587 [INFO] CADModel:114 - Register for checkConnection events
2023-11-28 19:26:14,588 [FATAL] Updater:308 - Updater called before beeing initialized
2023-11-28 19:26:14,588 [ERROR] CADModel:125 - Updater not yet initialized, retry later 
2023-11-28 19:26:14,602 [FATAL] Updater:308 - Updater called before beeing initialized
2023-11-28 19:26:15,007 [FATAL] Updater:308 - Updater called before beeing initialized
2023-11-28 19:26:15,032 [INFO] DbMcusAds:53 - JSON generation date=Tue Mar 07 05:50:55 ART 2023 (1678179055114)
2023-11-28 19:26:15,035 [FATAL] Updater:308 - Updater called before beeing initialized
2023-11-28 19:26:15,178 [WARN] DetailPanel:346 - Failed to get advertising image, set to default
2023-11-28 19:26:15,497 [FATAL] Updater:308 - Updater called before beeing initialized
2023-11-28 19:26:15,501 [FATAL] Updater:308 - Updater called before beeing initialized
2023-11-28 19:26:15,501 [FATAL] Updater:308 - Updater called before beeing initialized
2023-11-28 19:26:15,501 [WARN] DetailPanel:346 - Failed to get advertising image, set to default
2023-11-28 19:26:15,513 [FATAL] Updater:308 - Updater called before beeing initialized
2023-11-28 19:26:15,671 [ERROR] Updater:1120 - MainUpdater not yet initialized. External WinMGr cannot be set.
2023-11-28 19:26:15,678 [INFO] Updater:1056 - Updater Version found : 6.9.2
2023-11-28 19:26:15,779 [INFO] ApplicationProperties:184 - Using Application install path: /opt/st/stm32cubeide_1.13.2/plugins/com.st.stm32cube.common.mx_6.9.2.202309101412
2023-11-28 19:26:16,342 [INFO] MainUpdater:2868 - connection check result : 10
2023-11-28 19:26:16,347 [INFO] MainUpdater:285 - Updater Check For Update Now.
2023-11-28 19:26:16,347 [INFO] MicroXplorer:498 - Change Database Version : DB.6.0.92
2023-11-28 19:26:16,380 [INFO] McuFinderGlobals:63 - Set McuFinder mode to 2 (CubeIDE integrated)
2023-11-28 19:26:16,386 [WARN] MainUpdater:1189 - Updater busy. Cannot search thirdparties
2023-11-28 19:26:16,387 [INFO] ThirdPartyUpdaterWithRetryManager:96 - Updater plugin is busy. [1/15]
2023-11-28 19:26:16,819 [INFO] CheckServerUpdateThread:120 - End of CheckServer Thread
2023-11-28 19:26:20,280 [WARN] PackLoader:240 - Cannot read IP mode file for STMicroelectronics.X-CUBE-SMBUS.2.1.0
2023-11-28 19:26:20,648 [WARN] PackLoader:240 - Cannot read IP mode file for STMicroelectronics.X-CUBE-AZRTOS-F7.1.1.0
2023-11-28 19:26:20,784 [WARN] PackLoader:240 - Cannot read IP mode file for STMicroelectronics.FP-SNS-MOTENV1.4.3.2
2023-11-28 19:26:20,916 [WARN] PackLoader:240 - Cannot read IP mode file for STMicroelectronics.FP-SNS-FLIGHT1.5.0.2
2023-11-28 19:26:21,093 [WARN] PackLoader:240 - Cannot read IP mode file for STMicroelectronics.X-CUBE-DISPLAY.3.0.0
2023-11-28 19:26:21,369 [WARN] PackLoader:240 - Cannot read IP mode file for STMicroelectronics.X-CUBE-BLE1.7.0.0
2023-11-28 19:26:21,603 [WARN] PackLoader:240 - Cannot read IP mode file for emotas.I-CUBE-CANOPEN.1.3.0
2023-11-28 19:26:21,688 [WARN] PackLoader:240 - Cannot read IP mode file for STMicroelectronics.X-CUBE-TOUCHGFX.4.22.1
2023-11-28 19:26:21,808 [WARN] PackLoader:240 - Cannot read IP mode file for STMicroelectronics.FP-SNS-SMARTAG2.1.2.0
2023-11-28 19:26:22,131 [INFO] LogOutputStream:77 - [STDOUT_REDIRECT] 1 : Invalid condition id : UX_CORESTACK_Condition cause : null
2023-11-28 19:26:22,139 [INFO] LogOutputStream:77 - [STDOUT_REDIRECT] 1 : Invalid condition id : UX_CORESTACK_Condition cause : null
2023-11-28 19:26:22,148 [INFO] LogOutputStream:77 - [STDOUT_REDIRECT] 1 : Invalid condition id : UX_CORESTACK_Condition cause : null
2023-11-28 19:26:22,155 [INFO] LogOutputStream:77 - [STDOUT_REDIRECT] 1 : Invalid condition id : UX_CORESTACK_Condition cause : null
2023-11-28 19:26:22,159 [INFO] LogOutputStream:77 - [STDOUT_REDIRECT] 1 : Invalid condition id : UX_CORESTACK_Condition cause : null
2023-11-28 19:26:22,212 [WARN] PackLoader:240 - Cannot read IP mode file for STMicroelectronics.X-CUBE-AZRTOS-WL.2.0.0
2023-11-28 19:26:22,305 [WARN] PackLoader:240 - Cannot read IP mode file for WES.I-CUBE-Cesium.1.3.0
2023-11-28 19:26:22,352 [WARN] PackLoader:240 - Cannot read IP mode file for STMicroelectronics.X-CUBE-BLE2.3.3.0
2023-11-28 19:26:22,425 [WARN] PackLoader:240 - Cannot read IP mode file for STMicroelectronics.X-CUBE-ALGOBUILD.1.3.0
2023-11-28 19:26:22,655 [WARN] PackLoader:240 - Cannot read IP mode file for STMicroelectronics.X-CUBE-AZRTOS-G0.1.1.0
2023-11-28 19:26:22,781 [WARN] PackLoader:240 - Cannot read IP mode file for STMicroelectronics.X-CUBE-NFC4.3.0.0
2023-11-28 19:26:23,739 [WARN] PackLoader:240 - Cannot read IP mode file for STMicroelectronics.X-CUBE-BLEMGR.3.0.0
2023-11-28 19:26:23,781 [WARN] PackLoader:240 - Cannot read IP mode file for STMicroelectronics.FP-ATR-SIGFOX1.3.2.0
2023-11-28 19:26:24,679 [WARN] PackLoader:240 - Cannot read IP mode file for SEGGER.I-CUBE-embOS.1.3.1
2023-11-28 19:26:25,270 [WARN] PackLoader:240 - Cannot read IP mode file for STMicroelectronics.X-CUBE-GNSS1.6.0.0
2023-11-28 19:26:25,714 [WARN] PackLoader:240 - Cannot read IP mode file for STMicroelectronics.X-CUBE-AZRTOS-F4.1.1.0
2023-11-28 19:26:25,881 [WARN] PackLoader:240 - Cannot read IP mode file for wolfSSL.I-CUBE-wolfSSL.5.6.3
2023-11-28 19:26:26,210 [WARN] PackLoader:240 - Cannot read IP mode file for STMicroelectronics.X-CUBE-AZRTOS-L5.2.0.0
2023-11-28 19:26:26,552 [WARN] PackLoader:240 - Cannot read IP mode file for STMicroelectronics.X-CUBE-MEMS1.9.6.0
2023-11-28 19:26:28,590 [WARN] PackLoader:240 - Cannot read IP mode file for STMicroelectronics.X-CUBE-EEPRMA1.4.2.0
2023-11-28 19:26:28,632 [WARN] PackLoader:240 - Cannot read IP mode file for ITTIA_DB.I-CUBE-ITTIADB.8.8.0
2023-11-28 19:26:28,689 [WARN] PackLoader:240 - Cannot read IP mode file for STMicroelectronics.X-CUBE-BLEMGR.2.0.0
2023-11-28 19:26:28,808 [WARN] ConditionMgr:438 - getConditionDescription Invalid condition id : UX DEVICE CLASS RTOS Condition cause : null
2023-11-28 19:26:28,808 [WARN] ConditionMgr:438 - getConditionDescription Invalid condition id : UX DEVICE CLASS RTOS Condition cause : null
2023-11-28 19:26:28,839 [WARN] PackLoader:240 - Cannot read IP mode file for STMicroelectronics.X-CUBE-AZRTOS-H7.3.1.0
2023-11-28 19:26:28,868 [WARN] ConditionMgr:1039 - genDependencies : Invalid condition id : UX DEVICE CLASS RTOS Condition cause : null
2023-11-28 19:26:28,869 [WARN] ConditionMgr:1039 - genDependencies : Invalid condition id : UX DEVICE CLASS RTOS Condition cause : null
2023-11-28 19:26:28,881 [WARN] ConditionMgr:1039 - genDependencies : Invalid condition id : UX DEVICE CLASS RTOS Condition cause : null
2023-11-28 19:26:28,892 [WARN] ConditionMgr:1039 - genDependencies : Invalid condition id : UX DEVICE CLASS RTOS Condition cause : null
2023-11-28 19:26:28,892 [WARN] ConditionMgr:1039 - genDependencies : Invalid condition id : UX DEVICE CLASS RTOS Condition cause : null
2023-11-28 19:26:28,968 [WARN] PackLoader:240 - Cannot read IP mode file for STMicroelectronics.X-CUBE-NFC7.1.0.1
2023-11-28 19:26:29,059 [WARN] PackLoader:240 - Cannot read IP mode file for STMicroelectronics.X-CUBE-NFC6.3.0.0
2023-11-28 19:26:29,152 [WARN] PackLoader:240 - Cannot read IP mode file for STMicroelectronics.X-CUBE-EEPRMA1.4.1.0
2023-11-28 19:26:29,200 [WARN] PackLoader:240 - Cannot read IP mode file for STMicroelectronics.X-CUBE-AI.8.1.0
2023-11-28 19:26:29,548 [WARN] ConditionMgr:438 - getConditionDescription Invalid condition id : LAN8742 Phy interface Condition cause : null
2023-11-28 19:26:29,549 [WARN] PackLoader:240 - Cannot read IP mode file for STMicroelectronics.X-CUBE-AZRTOS-L4.2.0.0
2023-11-28 19:26:29,583 [WARN] ConditionMgr:1039 - genDependencies : Invalid condition id : LAN8742 Phy interface Condition cause : null
2023-11-28 19:26:29,583 [WARN] ConditionMgr:1039 - genDependencies : Invalid condition id : LAN8742 Phy interface Condition cause : null
2023-11-28 19:26:29,584 [WARN] ConditionMgr:1039 - genDependencies : Invalid condition id : LAN8742 Phy interface Condition cause : null
2023-11-28 19:26:29,627 [WARN] PackLoader:240 - Cannot read IP mode file for STMicroelectronics.X-CUBE-SFXS2LP1.4.0.0
2023-11-28 19:26:29,662 [WARN] PackLoader:240 - Cannot read IP mode file for STMicroelectronics.X-CUBE-ISPU.1.1.0
2023-11-28 19:26:29,745 [WARN] ConditionMgr:438 - getConditionDescription Invalid condition id : UX DEVICE CLASS RTOS Condition cause : null
2023-11-28 19:26:29,745 [WARN] ConditionMgr:438 - getConditionDescription Invalid condition id : UX DEVICE CLASS RTOS Condition cause : null
2023-11-28 19:26:29,773 [WARN] PackLoader:240 - Cannot read IP mode file for STMicroelectronics.X-CUBE-AZRTOS-WB.2.0.0
2023-11-28 19:26:29,786 [WARN] ConditionMgr:1039 - genDependencies : Invalid condition id : UX DEVICE CLASS RTOS Condition cause : null
2023-11-28 19:26:29,786 [WARN] ConditionMgr:1039 - genDependencies : Invalid condition id : UX DEVICE CLASS RTOS Condition cause : null
2023-11-28 19:26:29,787 [WARN] ConditionMgr:1039 - genDependencies : Invalid condition id : UX DEVICE CLASS RTOS Condition cause : null
2023-11-28 19:26:29,798 [WARN] ConditionMgr:1039 - genDependencies : Invalid condition id : UX DEVICE CLASS RTOS Condition cause : null
2023-11-28 19:26:29,798 [WARN] ConditionMgr:1039 - genDependencies : Invalid condition id : UX DEVICE CLASS RTOS Condition cause : null
2023-11-28 19:26:29,871 [WARN] PackLoader:240 - Cannot read IP mode file for STMicroelectronics.X-CUBE-SUBG2.5.0.0
2023-11-28 19:26:29,960 [WARN] PackLoader:240 - Cannot read IP mode file for STMicroelectronics.X-CUBE-TOF1.3.3.1
2023-11-28 19:26:30,112 [WARN] PackLoader:240 - Cannot read IP mode file for STMicroelectronics.X-CUBE-AZRTOS-G4.2.0.0
2023-11-28 19:26:30,324 [WARN] PackLoader:240 - Cannot read IP mode file for Infineon.AIROC-Wi-Fi-Bluetooth-STM32.1.5.1
2023-11-28 19:26:30,367 [WARN] PackLoader:240 - Cannot read IP mode file for STMicroelectronics.FP-SNS-MOTENVWB1.1.3.0
2023-11-28 19:26:30,726 [WARN] PackLoader:240 - Cannot read IP mode file for STMicroelectronics.X-CUBE-MEMS1.10.0.0
2023-11-28 19:26:31,238 [WARN] PackLoader:240 - Cannot read IP mode file for STMicroelectronics.X-CUBE-FREERTOS.1.1.0
2023-11-28 19:26:31,259 [WARN] PackLoader:240 - Cannot read IP mode file for portGmbH.I-Cube-SoM-uGOAL.1.1.0
2023-11-28 19:26:31,270 [WARN] PackLoader:240 - Cannot read IP mode file for STMicroelectronics.X-CUBE-ALS.1.0.1
2023-11-28 19:26:31,285 [WARN] PackLoader:240 - Cannot read IP mode file for STMicroelectronics.FP-ATR-ASTRA1.2.0.0
2023-11-28 19:26:31,387 [WARN] PackLoader:240 - Cannot read IP mode file for STMicroelectronics.X-CUBE-TOF1.3.4.0
2023-11-28 19:26:31,426 [INFO] ThirdParty:978 - Integrity check success = true
2023-11-28 19:26:31,426 [INFO] IntegrityCheckThread:100 - exiting critical section [integrity check]
2023-11-28 19:26:31,427 [INFO] IntegrityCheckThread:103 - End integrity checks thread
2023-11-28 19:26:40,736 [ERROR] LogOutputStream:75 - [STDERR_REDIRECT] SLF4J: Failed to load class "org.slf4j.impl.StaticLoggerBinder".
2023-11-28 19:26:40,737 [ERROR] LogOutputStream:75 - [STDERR_REDIRECT] SLF4J: Defaulting to no-operation (NOP) logger implementation
2023-11-28 19:26:40,738 [ERROR] LogOutputStream:75 - [STDERR_REDIRECT] SLF4J: See http://www.slf4j.org/codes.html#StaticLoggerBinder for further details.
