2023-11-24 00:46:10,648 [ERROR] ConfigurationRetriever:142 - IOException on connection: sw-center.st.com
2023-11-24 00:46:10,722 [ERROR] ConfigurationRetriever:142 - IOException on connection: sw-center.st.com
2023-11-24 00:46:10,722 [ERROR] ConfigurationRetriever:142 - IOException on connection: sw-center.st.com
2023-11-24 00:46:11,630 [ERROR] ConfigurationRetriever:142 - IOException on connection: sw-center.st.com
2023-11-24 00:46:11,631 [ERROR] ConfigurationRetriever:142 - IOException on connection: sw-center.st.com
2023-11-24 00:46:11,631 [ERROR] ConfigurationRetriever:142 - IOException on connection: sw-center.st.com
2023-11-24 00:47:27,826 [ERROR] ConfigurationRetriever:142 - IOException on connection: sw-center.st.com
2023-11-24 00:47:27,859 [ERROR] ConfigurationRetriever:142 - IOException on connection: sw-center.st.com
2023-11-24 00:47:27,860 [ERROR] ConfigurationRetriever:142 - IOException on connection: sw-center.st.com
2023-11-24 00:51:51,287 [ERROR] ConfigurationRetriever:142 - IOException on connection: sw-center.st.com
2023-11-24 00:51:51,288 [ERROR] ConfigurationRetriever:142 - IOException on connection: sw-center.st.com
2023-11-24 00:51:51,288 [ERROR] ConfigurationRetriever:142 - IOException on connection: sw-center.st.com
2023-11-24 00:51:52,342 [ERROR] ConfigurationRetriever:142 - IOException on connection: sw-center.st.com
2023-11-24 00:51:52,375 [ERROR] ConfigurationRetriever:142 - IOException on connection: sw-center.st.com
2023-11-24 00:51:52,376 [ERROR] ConfigurationRetriever:142 - IOException on connection: sw-center.st.com
2023-11-24 00:53:13,243 [ERROR] ConfigurationRetriever:142 - IOException on connection: sw-center.st.com
2023-11-24 00:53:13,255 [ERROR] ConfigurationRetriever:142 - IOException on connection: sw-center.st.com
2023-11-24 00:53:13,265 [ERROR] ConfigurationRetriever:142 - IOException on connection: sw-center.st.com
2023-11-24 00:53:14,199 [ERROR] ConfigurationRetriever:142 - IOException on connection: sw-center.st.com
2023-11-24 00:53:14,214 [ERROR] ConfigurationRetriever:142 - IOException on connection: sw-center.st.com
2023-11-24 00:53:14,222 [ERROR] ConfigurationRetriever:142 - IOException on connection: sw-center.st.com
2023-11-24 00:55:39,532 [ERROR] ConfigurationRetriever:142 - IOException on connection: sw-center.st.com
2023-11-24 00:55:39,548 [ERROR] ConfigurationRetriever:142 - IOException on connection: sw-center.st.com
2023-11-24 00:55:39,557 [ERROR] ConfigurationRetriever:142 - IOException on connection: sw-center.st.com
2023-11-24 00:55:40,339 [ERROR] ConfigurationRetriever:142 - IOException on connection: sw-center.st.com
2023-11-24 00:55:40,339 [ERROR] ConfigurationRetriever:142 - IOException on connection: sw-center.st.com
2023-11-24 00:55:40,350 [ERROR] ConfigurationRetriever:142 - IOException on connection: sw-center.st.com
2023-11-24 01:03:32,049 [ERROR] ConfigurationRetriever:142 - IOException on connection: sw-center.st.com
2023-11-24 01:03:32,053 [ERROR] ConfigurationRetriever:142 - IOException on connection: sw-center.st.com
2023-11-24 01:03:32,054 [ERROR] ConfigurationRetriever:142 - IOException on connection: sw-center.st.com
2023-11-24 01:03:32,709 [ERROR] ConfigurationRetriever:142 - IOException on connection: sw-center.st.com
2023-11-24 01:03:32,710 [ERROR] ConfigurationRetriever:142 - IOException on connection: sw-center.st.com
2023-11-24 01:03:32,740 [ERROR] ConfigurationRetriever:142 - IOException on connection: sw-center.st.com
2023-11-24 01:11:57,927 [ERROR] ConfigurationRetriever:142 - IOException on connection: sw-center.st.com
2023-11-24 01:11:57,938 [ERROR] ConfigurationRetriever:142 - IOException on connection: sw-center.st.com
2023-11-24 01:11:57,940 [ERROR] ConfigurationRetriever:142 - IOException on connection: sw-center.st.com
2023-11-24 18:02:40,110 [INFO] Activator:176 - 


2023-11-24 18:02:40,115 [INFO] Activator:177 - !SESSION log4j initialized
2023-11-24 18:02:50,886 [ERROR] LogOutputStream:75 - [STDERR_REDIRECT] Managed Build system manifest file error: Option com.atollic.truestudio.general.runtimelib.515011658 uses a null category that is invalid in its context. The option was ignored.
2023-11-24 18:02:50,897 [ERROR] LogOutputStream:75 - [STDERR_REDIRECT] Managed Build system manifest file error: Option com.atollic.truestudio.toolchain_options.mcu.1215812750 uses a null category that is invalid in its context. The option was ignored.
2023-11-24 18:02:50,898 [ERROR] LogOutputStream:75 - [STDERR_REDIRECT] Managed Build system manifest file error: Option com.atollic.truestudio.toolchain_options.vendor.1616666001 uses a null category that is invalid in its context. The option was ignored.
2023-11-24 18:02:51,027 [ERROR] LogOutputStream:75 - [STDERR_REDIRECT] Managed Build system manifest file error: Option com.atollic.truestudio.general.runtimelib.1515049018 uses a null category that is invalid in its context. The option was ignored.
2023-11-24 18:02:51,032 [ERROR] LogOutputStream:75 - [STDERR_REDIRECT] Managed Build system manifest file error: Option com.atollic.truestudio.toolchain_options.mcu.1352430483 uses a null category that is invalid in its context. The option was ignored.
2023-11-24 18:02:51,033 [ERROR] LogOutputStream:75 - [STDERR_REDIRECT] Managed Build system manifest file error: Option com.atollic.truestudio.toolchain_options.vendor.1233035770 uses a null category that is invalid in its context. The option was ignored.
2023-11-24 18:03:00,338 [INFO] LogOutputStream:77 - [STDOUT_REDIRECT] 
2023-11-24 18:03:08,438 [INFO] ApplicationProperties:184 - Using Application install path: /opt/st/stm32cubeide_1.13.2/plugins/com.st.stm32cube.common.mx_6.9.2.202309101412
2023-11-24 18:03:08,584 [INFO] DbMcusXml:78 - Set database path to: /opt/st/stm32cubeide_1.13.2/plugins/com.st.stm32cube.common.mx_6.9.2.202309101412//db//mcu/
2023-11-24 18:03:08,591 [INFO] ApiDb:274 - Set plugin database path to: /opt/st/stm32cubeide_1.13.2/plugins/com.st.stm32cube.common.mx_6.9.2.202309101412//db//plugins/boardmanager/
2023-11-24 18:03:08,592 [WARN] ApiDb:259 - Overriding images path with different value:  => /opt/st/stm32cubeide_1.13.2/plugins/com.st.stm32cube.common.mx_6.9.2.202309101412//db//plugins/mcufinder/images/
2023-11-24 18:03:08,656 [INFO] ApiDb:250 - Set database path to: /home/osboxes/.stmcufinder/plugins/mcufinder//mcu/
2023-11-24 18:03:08,657 [INFO] DbMcusAds:125 - Set database path to: /home/osboxes/.stmcufinder/plugins/mcufinder//mcu/
2023-11-24 18:03:08,672 [INFO] CrossReferenceDbSqlite:203 - Set database path to: /home/osboxes/.stmcufinder/plugins/mcufinder//mcu/cs/
2023-11-24 18:03:09,594 [INFO] RulesReader:64 - Compatibility file has been processed (293 Rules)
2023-11-24 18:03:10,574 [INFO] DbMcusXml:78 - Set database path to: /opt/st/stm32cubeide_1.13.2/plugins/com.st.stm32cube.common.mx_6.9.2.202309101412//db//mcu/
2023-11-24 18:03:10,576 [INFO] ApiDb:274 - Set plugin database path to: /opt/st/stm32cubeide_1.13.2/plugins/com.st.stm32cube.common.mx_6.9.2.202309101412//db//plugins/boardmanager/
2023-11-24 18:03:10,583 [INFO] ApiDb:261 - Set plugin images path to: /opt/st/stm32cubeide_1.13.2/plugins/com.st.stm32cube.common.mx_6.9.2.202309101412//db//plugins/mcufinder/images/
2023-11-24 18:03:10,591 [WARN] DbFile:41 - Overriding database path with different value: /home/osboxes/.stmcufinder/plugins/mcufinder/ => /home/osboxes/.stmcufinder/plugins/mcufinder
2023-11-24 18:03:10,591 [INFO] ApiDb:250 - Set database path to: /home/osboxes/.stmcufinder/plugins/mcufinder//mcu/
2023-11-24 18:03:10,591 [WARN] DbFile:41 - Overriding database path with different value: /home/osboxes/.stmcufinder/plugins/mcufinder/ => /home/osboxes/.stmcufinder/plugins/mcufinder
2023-11-24 18:03:10,591 [INFO] DbMcusAds:125 - Set database path to: /home/osboxes/.stmcufinder/plugins/mcufinder//mcu/
2023-11-24 18:03:10,591 [WARN] DbFile:41 - Overriding database path with different value: /home/osboxes/.stmcufinder/plugins/mcufinder/ => /home/osboxes/.stmcufinder/plugins/mcufinder
2023-11-24 18:03:10,591 [WARN] DbFile:41 - Overriding database path with different value: /home/osboxes/.stmcufinder/plugins/mcufinder/ => /home/osboxes/.stmcufinder/plugins/mcufinder
2023-11-24 18:03:10,592 [INFO] CrossReferenceDbSqlite:203 - Set database path to: /home/osboxes/.stmcufinder/plugins/mcufinder//mcu/cs/
2023-11-24 18:03:11,270 [INFO] MainPanel:262 - HeapMemory: 268435456
2023-11-24 18:03:12,259 [INFO] DbMcusXml:78 - Set database path to: /opt/st/stm32cubeide_1.13.2/plugins/com.st.stm32cube.common.mx_6.9.2.202309101412//db//mcu/
2023-11-24 18:03:12,261 [INFO] ApiDb:274 - Set plugin database path to: /opt/st/stm32cubeide_1.13.2/plugins/com.st.stm32cube.common.mx_6.9.2.202309101412//db//plugins/boardmanager/
2023-11-24 18:03:12,270 [INFO] ApiDb:261 - Set plugin images path to: /opt/st/stm32cubeide_1.13.2/plugins/com.st.stm32cube.common.mx_6.9.2.202309101412//db//plugins/mcufinder/images/
2023-11-24 18:03:12,275 [WARN] DbFile:41 - Overriding database path with different value: /home/osboxes/.stmcufinder/plugins/mcufinder/ => /home/osboxes/.stmcufinder/plugins/mcufinder
2023-11-24 18:03:12,275 [INFO] ApiDb:250 - Set database path to: /home/osboxes/.stmcufinder/plugins/mcufinder//mcu/
2023-11-24 18:03:12,276 [WARN] DbFile:41 - Overriding database path with different value: /home/osboxes/.stmcufinder/plugins/mcufinder/ => /home/osboxes/.stmcufinder/plugins/mcufinder
2023-11-24 18:03:12,276 [INFO] DbMcusAds:125 - Set database path to: /home/osboxes/.stmcufinder/plugins/mcufinder//mcu/
2023-11-24 18:03:12,276 [WARN] DbFile:41 - Overriding database path with different value: /home/osboxes/.stmcufinder/plugins/mcufinder/ => /home/osboxes/.stmcufinder/plugins/mcufinder
2023-11-24 18:03:12,276 [WARN] DbFile:41 - Overriding database path with different value: /home/osboxes/.stmcufinder/plugins/mcufinder/ => /home/osboxes/.stmcufinder/plugins/mcufinder
2023-11-24 18:03:12,500 [INFO] CrossReferenceDbSqlite:203 - Set database path to: /home/osboxes/.stmcufinder/plugins/mcufinder//mcu/cs/
2023-11-24 18:03:12,619 [INFO] ApplicationProperties:184 - Using Application install path: /opt/st/stm32cubeide_1.13.2/plugins/com.st.stm32cube.common.mx_6.9.2.202309101412
2023-11-24 18:03:12,633 [INFO] PluginManage:196 - Search for loadable plugins [exclusion list=, ]
2023-11-24 18:03:12,643 [INFO] PluginManage:310 - Check plugin analytics
2023-11-24 18:03:13,901 [INFO] AnalyticsPlugin:253 - Accepted Software Licenses: 
2023-11-24 18:03:13,901 [INFO] AnalyticsPlugin:255 - Accepted CMSIS Pack Licenses: STMicroelectronics.X-CUBE-NFC4.3.0.0
2023-11-24 18:03:13,901 [INFO] AnalyticsPlugin:257 - Accepted Firmware Licenses: FW.F4.1.27.0
2023-11-24 18:03:13,929 [INFO] PluginManage:359 - Loaded plugin analytics (category:tool,tabindex:-1)
2023-11-24 18:03:13,944 [INFO] PluginManage:310 - Check plugin cadmodel
2023-11-24 18:03:14,224 [INFO] CADModel:105 - Init CAD model plugin
2023-11-24 18:03:14,225 [INFO] PluginManage:359 - Loaded plugin cadmodel (category:power,tabindex:5)
2023-11-24 18:03:14,228 [INFO] PluginManage:310 - Check plugin clock
2023-11-24 18:03:14,302 [INFO] PluginManage:359 - Loaded plugin clock (category:base,tabindex:2)
2023-11-24 18:03:14,302 [INFO] PluginManage:310 - Check plugin ddr
2023-11-24 18:03:14,332 [INFO] PluginManage:359 - Loaded plugin ddr (category:tool,tabindex:6)
2023-11-24 18:03:14,332 [INFO] PluginManage:310 - Check plugin filemanager
2023-11-24 18:03:15,351 [INFO] PluginManage:359 - Loaded plugin filemanager (category:base,tabindex:10)
2023-11-24 18:03:15,359 [INFO] PluginManage:310 - Check plugin ipmanager
2023-11-24 18:03:15,400 [INFO] PluginManage:359 - Loaded plugin ipmanager (category:base,tabindex:5)
2023-11-24 18:03:15,400 [INFO] PluginManage:310 - Check plugin lpbam
2023-11-24 18:03:15,480 [INFO] PluginManage:359 - Loaded plugin lpbam (category:base,tabindex:0)
2023-11-24 18:03:15,480 [INFO] PluginManage:310 - Check plugin memorymap
2023-11-24 18:03:15,584 [INFO] PluginManage:359 - Loaded plugin memorymap (category:base,tabindex:4)
2023-11-24 18:03:15,595 [INFO] PluginManage:310 - Check plugin pinoutandconfiguration
2023-11-24 18:03:15,648 [INFO] PluginManage:359 - Loaded plugin pinoutandconfiguration (category:base,tabindex:1)
2023-11-24 18:03:15,648 [INFO] PluginManage:310 - Check plugin pinoutconfig
2023-11-24 18:03:16,365 [WARN] SupportedApi:132 - Cannot load RTOS API schema: s4s-elt-must-match.1: The content of 'definitions' must match (annotation?, (simpleType | complexType)?, (unique | key | keyref)*)). A problem was found starting at: attribute.
2023-11-24 18:03:17,645 [INFO] PluginManage:359 - Loaded plugin pinoutconfig (category:base,tabindex:0)
2023-11-24 18:03:17,654 [INFO] PluginManage:310 - Check plugin power
2023-11-24 18:03:17,736 [INFO] PluginManage:359 - Loaded plugin power (category:power,tabindex:4)
2023-11-24 18:03:17,737 [INFO] PluginManage:310 - Check plugin projectmanager
2023-11-24 18:03:17,867 [INFO] PluginManage:359 - Loaded plugin projectmanager (category:projectmanager,tabindex:3)
2023-11-24 18:03:17,873 [INFO] PluginManage:310 - Check plugin thirdparty
2023-11-24 18:03:18,948 [WARN] IntegrityCheckThread:84 - waiting for thirdparty lock release [integrity check]
2023-11-24 18:03:18,949 [INFO] IntegrityCheckThread:86 - entering critical section [integrity check]
2023-11-24 18:03:18,947 [INFO] PluginManage:359 - Loaded plugin thirdparty (category:base,tabindex:-1)
2023-11-24 18:03:18,954 [INFO] PluginManage:310 - Check plugin tools
2023-11-24 18:03:18,958 [INFO] ThirdPartyUpdaterWithRetryManager:70 - Updater plugin not ready yet. [1/15]
2023-11-24 18:03:18,978 [INFO] PluginManage:359 - Loaded plugin tools (category:base,tabindex:7)
2023-11-24 18:03:18,986 [INFO] PluginManage:310 - Check plugin tutovideos
2023-11-24 18:03:20,828 [INFO] PluginManage:359 - Loaded plugin tutovideos (category:base,tabindex:-1)
2023-11-24 18:03:20,835 [INFO] PluginManage:310 - Check plugin updater
2023-11-24 18:03:20,927 [INFO] PluginManage:359 - Loaded plugin updater (category:base,tabindex:12)
2023-11-24 18:03:20,932 [INFO] PluginManage:310 - Check plugin userauth
2023-11-24 18:03:20,972 [INFO] UserAuth:113 - Init User Auth plugin
2023-11-24 18:03:20,973 [INFO] PluginManage:359 - Loaded plugin userauth (category:base,tabindex:14)
2023-11-24 18:03:20,986 [INFO] PluginManage:283 - PluginManage : Loaded plugins [17]
2023-11-24 18:03:21,959 [INFO] ThirdPartyUpdaterWithRetryManager:70 - Updater plugin not ready yet. [2/15]
2023-11-24 18:03:22,857 [INFO] PinOutPanel:1499 - setPackage(No Configuration,No Configuration)
2023-11-24 18:03:23,900 [INFO] CADModel:165 - CPN selected for project level
2023-11-24 18:03:23,904 [INFO] CADModel:114 - Register for checkConnection events
2023-11-24 18:03:23,983 [INFO] IPUIPlugin:80 - create IPUIPlugin
2023-11-24 18:03:23,985 [INFO] PluginManager:220 - loadIPPluginJar : add dma3
2023-11-24 18:03:24,008 [INFO] IPUIPlugin:80 - create IPUIPlugin
2023-11-24 18:03:24,009 [INFO] PluginManager:220 - loadIPPluginJar : add tracer_emb
2023-11-24 18:03:24,062 [INFO] IPUIPlugin:80 - create IPUIPlugin
2023-11-24 18:03:24,063 [INFO] PluginManager:220 - loadIPPluginJar : add gpio
2023-11-24 18:03:24,165 [INFO] IPUIPlugin:80 - create IPUIPlugin
2023-11-24 18:03:24,165 [INFO] PluginManager:220 - loadIPPluginJar : add ipddr
2023-11-24 18:03:24,196 [INFO] IPUIPlugin:80 - create IPUIPlugin
2023-11-24 18:03:24,198 [INFO] PluginManager:220 - loadIPPluginJar : add sai
2023-11-24 18:03:24,222 [INFO] IPUIPlugin:80 - create IPUIPlugin
2023-11-24 18:03:24,225 [INFO] PluginManager:220 - loadIPPluginJar : add i2s
2023-11-24 18:03:24,285 [INFO] IPUIPlugin:80 - create IPUIPlugin
2023-11-24 18:03:24,287 [INFO] PluginManager:220 - loadIPPluginJar : add dma
2023-11-24 18:03:24,310 [INFO] IPUIPlugin:80 - create IPUIPlugin
2023-11-24 18:03:24,310 [INFO] PluginManager:220 - loadIPPluginJar : add fmc
2023-11-24 18:03:24,326 [INFO] IPUIPlugin:80 - create IPUIPlugin
2023-11-24 18:03:24,326 [INFO] PluginManager:220 - loadIPPluginJar : add hash
2023-11-24 18:03:24,359 [INFO] IPUIPlugin:80 - create IPUIPlugin
2023-11-24 18:03:24,360 [INFO] PluginManager:220 - loadIPPluginJar : add spi
2023-11-24 18:03:24,420 [INFO] IPUIPlugin:80 - create IPUIPlugin
2023-11-24 18:03:24,429 [INFO] PluginManager:220 - loadIPPluginJar : add nvic
2023-11-24 18:03:24,464 [INFO] IPUIPlugin:80 - create IPUIPlugin
2023-11-24 18:03:24,465 [INFO] PluginManager:220 - loadIPPluginJar : add stm32_wpan
2023-11-24 18:03:24,474 [INFO] IPUIPlugin:80 - create IPUIPlugin
2023-11-24 18:03:24,490 [INFO] PluginManager:220 - loadIPPluginJar : add comp
2023-11-24 18:03:24,521 [INFO] IPUIPlugin:80 - create IPUIPlugin
2023-11-24 18:03:24,522 [INFO] PluginManager:220 - loadIPPluginJar : add gfxmmu
2023-11-24 18:03:24,532 [INFO] IPUIPlugin:80 - create IPUIPlugin
2023-11-24 18:03:24,532 [INFO] PluginManager:220 - loadIPPluginJar : add aes
2023-11-24 18:03:24,567 [INFO] IPUIPlugin:80 - create IPUIPlugin
2023-11-24 18:03:24,568 [INFO] PluginManager:220 - loadIPPluginJar : add fatfs
2023-11-24 18:03:24,601 [INFO] IPUIPlugin:80 - create IPUIPlugin
2023-11-24 18:03:24,602 [INFO] PluginManager:220 - loadIPPluginJar : add openamp
2023-11-24 18:03:24,638 [INFO] IPUIPlugin:80 - create IPUIPlugin
2023-11-24 18:03:24,638 [INFO] PluginManager:220 - loadIPPluginJar : add pdm2pcm
2023-11-24 18:03:24,663 [INFO] IPUIPlugin:80 - create IPUIPlugin
2023-11-24 18:03:24,666 [INFO] PluginManager:220 - loadIPPluginJar : add tim
2023-11-24 18:03:24,699 [INFO] IPUIPlugin:80 - create IPUIPlugin
2023-11-24 18:03:24,699 [INFO] PluginManager:220 - loadIPPluginJar : add resmgrutility
2023-11-24 18:03:24,718 [INFO] IPUIPlugin:80 - create IPUIPlugin
2023-11-24 18:03:24,718 [INFO] PluginManager:220 - loadIPPluginJar : add ltdc
2023-11-24 18:03:24,741 [INFO] IPUIPlugin:80 - create IPUIPlugin
2023-11-24 18:03:24,742 [INFO] PluginManager:220 - loadIPPluginJar : add ucpd
2023-11-24 18:03:24,800 [INFO] IPUIPlugin:80 - create IPUIPlugin
2023-11-24 18:03:24,801 [INFO] PluginManager:220 - loadIPPluginJar : add usbx
2023-11-24 18:03:24,819 [INFO] IPUIPlugin:80 - create IPUIPlugin
2023-11-24 18:03:24,827 [INFO] PluginManager:220 - loadIPPluginJar : add cryp
2023-11-24 18:03:24,909 [INFO] IPUIPlugin:80 - create IPUIPlugin
2023-11-24 18:03:24,910 [INFO] PluginManager:220 - loadIPPluginJar : add gic
2023-11-24 18:03:24,961 [INFO] ThirdPartyUpdaterWithRetryManager:70 - Updater plugin not ready yet. [3/15]
2023-11-24 18:03:24,966 [INFO] IPUIPlugin:80 - create IPUIPlugin
2023-11-24 18:03:24,969 [INFO] PluginManager:220 - loadIPPluginJar : add adc
2023-11-24 18:03:24,984 [INFO] IPUIPlugin:80 - create IPUIPlugin
2023-11-24 18:03:24,984 [INFO] PluginManager:220 - loadIPPluginJar : add ts
2023-11-24 18:03:25,029 [INFO] IPUIPlugin:80 - create IPUIPlugin
2023-11-24 18:03:25,029 [INFO] PluginManager:220 - loadIPPluginJar : add touchsensing
2023-11-24 18:03:25,055 [INFO] IPUIPlugin:80 - create IPUIPlugin
2023-11-24 18:03:25,055 [INFO] PluginManager:220 - loadIPPluginJar : add dfsdm
2023-11-24 18:03:25,082 [INFO] IPUIPlugin:80 - create IPUIPlugin
2023-11-24 18:03:25,087 [INFO] PluginManager:220 - loadIPPluginJar : add usart
2023-11-24 18:03:25,099 [INFO] IPUIPlugin:80 - create IPUIPlugin
2023-11-24 18:03:25,099 [INFO] PluginManager:220 - loadIPPluginJar : add lorawan
2023-11-24 18:03:25,112 [INFO] IPUIPlugin:80 - create IPUIPlugin
2023-11-24 18:03:25,112 [INFO] PluginManager:220 - loadIPPluginJar : add tsc
2023-11-24 18:03:25,218 [INFO] IPUIPlugin:80 - create IPUIPlugin
2023-11-24 18:03:25,218 [INFO] PluginManager:220 - loadIPPluginJar : add linkedlist
2023-11-24 18:03:25,311 [INFO] IPUIPlugin:80 - create IPUIPlugin
2023-11-24 18:03:25,340 [INFO] PluginManager:220 - loadIPPluginJar : add plateformsettings
2023-11-24 18:03:25,354 [INFO] IPUIPlugin:80 - create IPUIPlugin
2023-11-24 18:03:25,358 [INFO] PluginManager:220 - loadIPPluginJar : add genericplugin
2023-11-24 18:03:25,422 [INFO] IPUIPlugin:80 - create IPUIPlugin
2023-11-24 18:03:25,426 [INFO] PluginManager:220 - loadIPPluginJar : add mdma
2023-11-24 18:03:25,452 [INFO] IPUIPlugin:80 - create IPUIPlugin
2023-11-24 18:03:25,454 [INFO] PluginManager:220 - loadIPPluginJar : add gtzc
2023-11-24 18:03:25,466 [INFO] IPUIPlugin:80 - create IPUIPlugin
2023-11-24 18:03:25,480 [INFO] PluginManager:220 - loadIPPluginJar : add can
2023-11-24 18:03:25,497 [INFO] IPUIPlugin:80 - create IPUIPlugin
2023-11-24 18:03:25,497 [INFO] PluginManager:220 - loadIPPluginJar : add i3c
2023-11-24 18:03:25,542 [INFO] IPUIPlugin:80 - create IPUIPlugin
2023-11-24 18:03:25,547 [INFO] PluginManager:220 - loadIPPluginJar : add freertos
2023-11-24 18:03:25,557 [INFO] IPUIPlugin:80 - create IPUIPlugin
2023-11-24 18:03:25,557 [INFO] PluginManager:220 - loadIPPluginJar : add quadspi
2023-11-24 18:03:25,573 [INFO] IPUIPlugin:80 - create IPUIPlugin
2023-11-24 18:03:25,573 [INFO] PluginManager:220 - loadIPPluginJar : add opamp
2023-11-24 18:03:25,594 [INFO] IPUIPlugin:80 - create IPUIPlugin
2023-11-24 18:03:25,594 [INFO] PluginManager:220 - loadIPPluginJar : add i2c
2023-11-24 18:03:26,051 [INFO] CADModel:165 - CPN selected for project level
2023-11-24 18:03:26,052 [INFO] CADModel:114 - Register for checkConnection events
2023-11-24 18:03:26,056 [FATAL] Updater:308 - Updater called before beeing initialized
2023-11-24 18:03:26,056 [ERROR] CADModel:125 - Updater not yet initialized, retry later 
2023-11-24 18:03:27,381 [INFO] CADModel:165 - CPN selected for project level
2023-11-24 18:03:27,384 [INFO] CADModel:114 - Register for checkConnection events
2023-11-24 18:03:27,384 [FATAL] Updater:308 - Updater called before beeing initialized
2023-11-24 18:03:27,384 [ERROR] CADModel:125 - Updater not yet initialized, retry later 
2023-11-24 18:03:27,429 [FATAL] Updater:308 - Updater called before beeing initialized
2023-11-24 18:03:27,962 [INFO] ThirdPartyUpdaterWithRetryManager:70 - Updater plugin not ready yet. [4/15]
2023-11-24 18:03:28,307 [FATAL] Updater:308 - Updater called before beeing initialized
2023-11-24 18:03:28,354 [INFO] DbMcusAds:53 - JSON generation date=Tue Mar 07 05:50:55 ART 2023 (1678179055114)
2023-11-24 18:03:28,354 [FATAL] Updater:308 - Updater called before beeing initialized
2023-11-24 18:03:28,639 [WARN] DetailPanel:346 - Failed to get advertising image, set to default
2023-11-24 18:03:29,304 [FATAL] Updater:308 - Updater called before beeing initialized
2023-11-24 18:03:29,321 [FATAL] Updater:308 - Updater called before beeing initialized
2023-11-24 18:03:29,321 [FATAL] Updater:308 - Updater called before beeing initialized
2023-11-24 18:03:29,321 [WARN] DetailPanel:346 - Failed to get advertising image, set to default
2023-11-24 18:03:29,334 [FATAL] Updater:308 - Updater called before beeing initialized
2023-11-24 18:03:29,625 [ERROR] Updater:1120 - MainUpdater not yet initialized. External WinMGr cannot be set.
2023-11-24 18:03:29,643 [INFO] Updater:1056 - Updater Version found : 6.9.2
2023-11-24 18:03:29,869 [INFO] ApplicationProperties:184 - Using Application install path: /opt/st/stm32cubeide_1.13.2/plugins/com.st.stm32cube.common.mx_6.9.2.202309101412
2023-11-24 18:03:30,963 [FATAL] Updater:308 - Updater called before beeing initialized
2023-11-24 18:03:30,964 [ERROR] IntegrityCheckThread:130 - Cannot retrieve database content from updater: error 21
2023-11-24 18:03:30,965 [INFO] ThirdParty:978 - Integrity check success = false
2023-11-24 18:03:30,965 [INFO] IntegrityCheckThread:100 - exiting critical section [integrity check]
2023-11-24 18:03:30,966 [INFO] IntegrityCheckThread:103 - End integrity checks thread
2023-11-24 18:03:31,176 [INFO] MainUpdater:2868 - connection check result : 10
2023-11-24 18:03:31,195 [INFO] MainUpdater:285 - Updater Check For Update Now.
2023-11-24 18:03:31,195 [INFO] MicroXplorer:498 - Change Database Version : DB.6.0.92
2023-11-24 18:03:31,297 [INFO] McuFinderGlobals:63 - Set McuFinder mode to 2 (CubeIDE integrated)
2023-11-24 18:03:32,147 [INFO] CheckServerUpdateThread:120 - End of CheckServer Thread
2023-11-24 18:03:54,665 [ERROR] LogOutputStream:75 - [STDERR_REDIRECT] SLF4J: Failed to load class "org.slf4j.impl.StaticLoggerBinder".
2023-11-24 18:03:54,668 [ERROR] LogOutputStream:75 - [STDERR_REDIRECT] SLF4J: Defaulting to no-operation (NOP) logger implementation
2023-11-24 18:03:54,668 [ERROR] LogOutputStream:75 - [STDERR_REDIRECT] SLF4J: See http://www.slf4j.org/codes.html#StaticLoggerBinder for further details.
2023-11-24 19:14:18,040 [INFO] Activator:176 - 


2023-11-24 19:14:18,048 [INFO] Activator:177 - !SESSION log4j initialized
2023-11-24 19:14:29,656 [ERROR] LogOutputStream:75 - [STDERR_REDIRECT] Managed Build system manifest file error: Option com.atollic.truestudio.general.runtimelib.515011658 uses a null category that is invalid in its context. The option was ignored.
2023-11-24 19:14:29,662 [ERROR] LogOutputStream:75 - [STDERR_REDIRECT] Managed Build system manifest file error: Option com.atollic.truestudio.toolchain_options.mcu.1215812750 uses a null category that is invalid in its context. The option was ignored.
2023-11-24 19:14:29,663 [ERROR] LogOutputStream:75 - [STDERR_REDIRECT] Managed Build system manifest file error: Option com.atollic.truestudio.toolchain_options.vendor.1616666001 uses a null category that is invalid in its context. The option was ignored.
2023-11-24 19:14:29,798 [ERROR] LogOutputStream:75 - [STDERR_REDIRECT] Managed Build system manifest file error: Option com.atollic.truestudio.general.runtimelib.1515049018 uses a null category that is invalid in its context. The option was ignored.
2023-11-24 19:14:29,799 [ERROR] LogOutputStream:75 - [STDERR_REDIRECT] Managed Build system manifest file error: Option com.atollic.truestudio.toolchain_options.mcu.1352430483 uses a null category that is invalid in its context. The option was ignored.
2023-11-24 19:14:29,803 [ERROR] LogOutputStream:75 - [STDERR_REDIRECT] Managed Build system manifest file error: Option com.atollic.truestudio.toolchain_options.vendor.1233035770 uses a null category that is invalid in its context. The option was ignored.
2023-11-24 19:14:36,465 [INFO] LogOutputStream:77 - [STDOUT_REDIRECT] 
2023-11-24 19:14:44,408 [INFO] ApplicationProperties:184 - Using Application install path: /opt/st/stm32cubeide_1.13.2/plugins/com.st.stm32cube.common.mx_6.9.2.202309101412
2023-11-24 19:14:44,556 [INFO] DbMcusXml:78 - Set database path to: /opt/st/stm32cubeide_1.13.2/plugins/com.st.stm32cube.common.mx_6.9.2.202309101412//db//mcu/
2023-11-24 19:14:44,561 [INFO] ApiDb:274 - Set plugin database path to: /opt/st/stm32cubeide_1.13.2/plugins/com.st.stm32cube.common.mx_6.9.2.202309101412//db//plugins/boardmanager/
2023-11-24 19:14:44,571 [WARN] ApiDb:259 - Overriding images path with different value:  => /opt/st/stm32cubeide_1.13.2/plugins/com.st.stm32cube.common.mx_6.9.2.202309101412//db//plugins/mcufinder/images/
2023-11-24 19:14:44,659 [INFO] ApiDb:250 - Set database path to: /home/osboxes/.stmcufinder/plugins/mcufinder//mcu/
2023-11-24 19:14:44,661 [INFO] DbMcusAds:125 - Set database path to: /home/osboxes/.stmcufinder/plugins/mcufinder//mcu/
2023-11-24 19:14:44,676 [INFO] CrossReferenceDbSqlite:203 - Set database path to: /home/osboxes/.stmcufinder/plugins/mcufinder//mcu/cs/
2023-11-24 19:14:45,220 [INFO] RulesReader:64 - Compatibility file has been processed (293 Rules)
2023-11-24 19:14:45,498 [INFO] DbMcusXml:78 - Set database path to: /opt/st/stm32cubeide_1.13.2/plugins/com.st.stm32cube.common.mx_6.9.2.202309101412//db//mcu/
2023-11-24 19:14:45,498 [INFO] ApiDb:274 - Set plugin database path to: /opt/st/stm32cubeide_1.13.2/plugins/com.st.stm32cube.common.mx_6.9.2.202309101412//db//plugins/boardmanager/
2023-11-24 19:14:45,504 [INFO] ApiDb:261 - Set plugin images path to: /opt/st/stm32cubeide_1.13.2/plugins/com.st.stm32cube.common.mx_6.9.2.202309101412//db//plugins/mcufinder/images/
2023-11-24 19:14:45,511 [WARN] DbFile:41 - Overriding database path with different value: /home/osboxes/.stmcufinder/plugins/mcufinder/ => /home/osboxes/.stmcufinder/plugins/mcufinder
2023-11-24 19:14:45,511 [INFO] ApiDb:250 - Set database path to: /home/osboxes/.stmcufinder/plugins/mcufinder//mcu/
2023-11-24 19:14:45,512 [WARN] DbFile:41 - Overriding database path with different value: /home/osboxes/.stmcufinder/plugins/mcufinder/ => /home/osboxes/.stmcufinder/plugins/mcufinder
2023-11-24 19:14:45,512 [INFO] DbMcusAds:125 - Set database path to: /home/osboxes/.stmcufinder/plugins/mcufinder//mcu/
2023-11-24 19:14:45,512 [WARN] DbFile:41 - Overriding database path with different value: /home/osboxes/.stmcufinder/plugins/mcufinder/ => /home/osboxes/.stmcufinder/plugins/mcufinder
2023-11-24 19:14:45,512 [WARN] DbFile:41 - Overriding database path with different value: /home/osboxes/.stmcufinder/plugins/mcufinder/ => /home/osboxes/.stmcufinder/plugins/mcufinder
2023-11-24 19:14:45,512 [INFO] CrossReferenceDbSqlite:203 - Set database path to: /home/osboxes/.stmcufinder/plugins/mcufinder//mcu/cs/
2023-11-24 19:14:45,990 [INFO] MainPanel:262 - HeapMemory: 268435456
2023-11-24 19:14:46,749 [INFO] DbMcusXml:78 - Set database path to: /opt/st/stm32cubeide_1.13.2/plugins/com.st.stm32cube.common.mx_6.9.2.202309101412//db//mcu/
2023-11-24 19:14:46,749 [INFO] ApiDb:274 - Set plugin database path to: /opt/st/stm32cubeide_1.13.2/plugins/com.st.stm32cube.common.mx_6.9.2.202309101412//db//plugins/boardmanager/
2023-11-24 19:14:46,749 [INFO] ApiDb:261 - Set plugin images path to: /opt/st/stm32cubeide_1.13.2/plugins/com.st.stm32cube.common.mx_6.9.2.202309101412//db//plugins/mcufinder/images/
2023-11-24 19:14:46,750 [WARN] DbFile:41 - Overriding database path with different value: /home/osboxes/.stmcufinder/plugins/mcufinder/ => /home/osboxes/.stmcufinder/plugins/mcufinder
2023-11-24 19:14:46,750 [INFO] ApiDb:250 - Set database path to: /home/osboxes/.stmcufinder/plugins/mcufinder//mcu/
2023-11-24 19:14:46,755 [WARN] DbFile:41 - Overriding database path with different value: /home/osboxes/.stmcufinder/plugins/mcufinder/ => /home/osboxes/.stmcufinder/plugins/mcufinder
2023-11-24 19:14:46,755 [INFO] DbMcusAds:125 - Set database path to: /home/osboxes/.stmcufinder/plugins/mcufinder//mcu/
2023-11-24 19:14:46,755 [WARN] DbFile:41 - Overriding database path with different value: /home/osboxes/.stmcufinder/plugins/mcufinder/ => /home/osboxes/.stmcufinder/plugins/mcufinder
2023-11-24 19:14:46,755 [WARN] DbFile:41 - Overriding database path with different value: /home/osboxes/.stmcufinder/plugins/mcufinder/ => /home/osboxes/.stmcufinder/plugins/mcufinder
2023-11-24 19:14:46,758 [INFO] CrossReferenceDbSqlite:203 - Set database path to: /home/osboxes/.stmcufinder/plugins/mcufinder//mcu/cs/
2023-11-24 19:14:46,900 [INFO] ApplicationProperties:184 - Using Application install path: /opt/st/stm32cubeide_1.13.2/plugins/com.st.stm32cube.common.mx_6.9.2.202309101412
2023-11-24 19:14:46,922 [INFO] PluginManage:196 - Search for loadable plugins [exclusion list=, ]
2023-11-24 19:14:46,932 [INFO] PluginManage:310 - Check plugin analytics
2023-11-24 19:14:48,579 [INFO] AnalyticsPlugin:253 - Accepted Software Licenses: 
2023-11-24 19:14:48,580 [INFO] AnalyticsPlugin:255 - Accepted CMSIS Pack Licenses: STMicroelectronics.X-CUBE-NFC4.3.0.0
2023-11-24 19:14:48,580 [INFO] AnalyticsPlugin:257 - Accepted Firmware Licenses: FW.F4.1.27.0
2023-11-24 19:14:48,623 [INFO] PluginManage:359 - Loaded plugin analytics (category:tool,tabindex:-1)
2023-11-24 19:14:48,641 [INFO] PluginManage:310 - Check plugin cadmodel
2023-11-24 19:14:48,940 [INFO] CADModel:105 - Init CAD model plugin
2023-11-24 19:14:48,940 [INFO] PluginManage:359 - Loaded plugin cadmodel (category:power,tabindex:5)
2023-11-24 19:14:48,940 [INFO] PluginManage:310 - Check plugin clock
2023-11-24 19:14:49,037 [INFO] PluginManage:359 - Loaded plugin clock (category:base,tabindex:2)
2023-11-24 19:14:49,037 [INFO] PluginManage:310 - Check plugin ddr
2023-11-24 19:14:49,069 [INFO] PluginManage:359 - Loaded plugin ddr (category:tool,tabindex:6)
2023-11-24 19:14:49,069 [INFO] PluginManage:310 - Check plugin filemanager
2023-11-24 19:14:50,588 [INFO] PluginManage:359 - Loaded plugin filemanager (category:base,tabindex:10)
2023-11-24 19:14:50,593 [INFO] PluginManage:310 - Check plugin ipmanager
2023-11-24 19:14:50,667 [INFO] PluginManage:359 - Loaded plugin ipmanager (category:base,tabindex:5)
2023-11-24 19:14:50,668 [INFO] PluginManage:310 - Check plugin lpbam
2023-11-24 19:14:50,746 [INFO] PluginManage:359 - Loaded plugin lpbam (category:base,tabindex:0)
2023-11-24 19:14:50,746 [INFO] PluginManage:310 - Check plugin memorymap
2023-11-24 19:14:50,854 [INFO] PluginManage:359 - Loaded plugin memorymap (category:base,tabindex:4)
2023-11-24 19:14:50,860 [INFO] PluginManage:310 - Check plugin pinoutandconfiguration
2023-11-24 19:14:50,924 [INFO] PluginManage:359 - Loaded plugin pinoutandconfiguration (category:base,tabindex:1)
2023-11-24 19:14:50,924 [INFO] PluginManage:310 - Check plugin pinoutconfig
2023-11-24 19:14:51,908 [WARN] SupportedApi:132 - Cannot load RTOS API schema: s4s-elt-must-match.1: The content of 'definitions' must match (annotation?, (simpleType | complexType)?, (unique | key | keyref)*)). A problem was found starting at: attribute.
2023-11-24 19:14:52,925 [INFO] PluginManage:359 - Loaded plugin pinoutconfig (category:base,tabindex:0)
2023-11-24 19:14:52,934 [INFO] PluginManage:310 - Check plugin power
2023-11-24 19:14:53,023 [INFO] PluginManage:359 - Loaded plugin power (category:power,tabindex:4)
2023-11-24 19:14:53,024 [INFO] PluginManage:310 - Check plugin projectmanager
2023-11-24 19:14:53,133 [INFO] PluginManage:359 - Loaded plugin projectmanager (category:projectmanager,tabindex:3)
2023-11-24 19:14:53,133 [INFO] PluginManage:310 - Check plugin thirdparty
2023-11-24 19:14:54,399 [INFO] PluginManage:359 - Loaded plugin thirdparty (category:base,tabindex:-1)
2023-11-24 19:14:54,405 [INFO] PluginManage:310 - Check plugin tools
2023-11-24 19:14:54,405 [WARN] IntegrityCheckThread:84 - waiting for thirdparty lock release [integrity check]
2023-11-24 19:14:54,427 [INFO] IntegrityCheckThread:86 - entering critical section [integrity check]
2023-11-24 19:14:54,432 [INFO] ThirdPartyUpdaterWithRetryManager:70 - Updater plugin not ready yet. [1/15]
2023-11-24 19:14:54,425 [INFO] PluginManage:359 - Loaded plugin tools (category:base,tabindex:7)
2023-11-24 19:14:54,433 [INFO] PluginManage:310 - Check plugin tutovideos
2023-11-24 19:14:55,333 [INFO] PluginManage:359 - Loaded plugin tutovideos (category:base,tabindex:-1)
2023-11-24 19:14:55,333 [INFO] PluginManage:310 - Check plugin updater
2023-11-24 19:14:55,393 [INFO] PluginManage:359 - Loaded plugin updater (category:base,tabindex:12)
2023-11-24 19:14:55,393 [INFO] PluginManage:310 - Check plugin userauth
2023-11-24 19:14:55,431 [INFO] UserAuth:113 - Init User Auth plugin
2023-11-24 19:14:55,431 [INFO] PluginManage:359 - Loaded plugin userauth (category:base,tabindex:14)
2023-11-24 19:14:55,436 [INFO] PluginManage:283 - PluginManage : Loaded plugins [17]
2023-11-24 19:14:56,571 [INFO] PinOutPanel:1499 - setPackage(No Configuration,No Configuration)
2023-11-24 19:14:56,960 [INFO] CADModel:165 - CPN selected for project level
2023-11-24 19:14:56,962 [INFO] CADModel:114 - Register for checkConnection events
2023-11-24 19:14:57,044 [INFO] IPUIPlugin:80 - create IPUIPlugin
2023-11-24 19:14:57,058 [INFO] PluginManager:220 - loadIPPluginJar : add dma3
2023-11-24 19:14:57,078 [INFO] IPUIPlugin:80 - create IPUIPlugin
2023-11-24 19:14:57,083 [INFO] PluginManager:220 - loadIPPluginJar : add tracer_emb
2023-11-24 19:14:57,127 [INFO] IPUIPlugin:80 - create IPUIPlugin
2023-11-24 19:14:57,127 [INFO] PluginManager:220 - loadIPPluginJar : add gpio
2023-11-24 19:14:57,153 [INFO] IPUIPlugin:80 - create IPUIPlugin
2023-11-24 19:14:57,160 [INFO] PluginManager:220 - loadIPPluginJar : add ipddr
2023-11-24 19:14:57,174 [INFO] IPUIPlugin:80 - create IPUIPlugin
2023-11-24 19:14:57,175 [INFO] PluginManager:220 - loadIPPluginJar : add sai
2023-11-24 19:14:57,182 [INFO] IPUIPlugin:80 - create IPUIPlugin
2023-11-24 19:14:57,183 [INFO] PluginManager:220 - loadIPPluginJar : add i2s
2023-11-24 19:14:57,218 [INFO] IPUIPlugin:80 - create IPUIPlugin
2023-11-24 19:14:57,221 [INFO] PluginManager:220 - loadIPPluginJar : add dma
2023-11-24 19:14:57,249 [INFO] IPUIPlugin:80 - create IPUIPlugin
2023-11-24 19:14:57,249 [INFO] PluginManager:220 - loadIPPluginJar : add fmc
2023-11-24 19:14:57,259 [INFO] IPUIPlugin:80 - create IPUIPlugin
2023-11-24 19:14:57,259 [INFO] PluginManager:220 - loadIPPluginJar : add hash
2023-11-24 19:14:57,264 [INFO] IPUIPlugin:80 - create IPUIPlugin
2023-11-24 19:14:57,264 [INFO] PluginManager:220 - loadIPPluginJar : add spi
2023-11-24 19:14:57,292 [INFO] IPUIPlugin:80 - create IPUIPlugin
2023-11-24 19:14:57,293 [INFO] PluginManager:220 - loadIPPluginJar : add nvic
2023-11-24 19:14:57,326 [INFO] IPUIPlugin:80 - create IPUIPlugin
2023-11-24 19:14:57,326 [INFO] PluginManager:220 - loadIPPluginJar : add stm32_wpan
2023-11-24 19:14:57,330 [INFO] IPUIPlugin:80 - create IPUIPlugin
2023-11-24 19:14:57,330 [INFO] PluginManager:220 - loadIPPluginJar : add comp
2023-11-24 19:14:57,344 [INFO] IPUIPlugin:80 - create IPUIPlugin
2023-11-24 19:14:57,344 [INFO] PluginManager:220 - loadIPPluginJar : add gfxmmu
2023-11-24 19:14:57,354 [INFO] IPUIPlugin:80 - create IPUIPlugin
2023-11-24 19:14:57,355 [INFO] PluginManager:220 - loadIPPluginJar : add aes
2023-11-24 19:14:57,358 [INFO] IPUIPlugin:80 - create IPUIPlugin
2023-11-24 19:14:57,358 [INFO] PluginManager:220 - loadIPPluginJar : add fatfs
2023-11-24 19:14:57,368 [INFO] IPUIPlugin:80 - create IPUIPlugin
2023-11-24 19:14:57,369 [INFO] PluginManager:220 - loadIPPluginJar : add openamp
2023-11-24 19:14:57,379 [INFO] IPUIPlugin:80 - create IPUIPlugin
2023-11-24 19:14:57,379 [INFO] PluginManager:220 - loadIPPluginJar : add pdm2pcm
2023-11-24 19:14:57,386 [INFO] IPUIPlugin:80 - create IPUIPlugin
2023-11-24 19:14:57,387 [INFO] PluginManager:220 - loadIPPluginJar : add tim
2023-11-24 19:14:57,397 [INFO] IPUIPlugin:80 - create IPUIPlugin
2023-11-24 19:14:57,397 [INFO] PluginManager:220 - loadIPPluginJar : add resmgrutility
2023-11-24 19:14:57,403 [INFO] IPUIPlugin:80 - create IPUIPlugin
2023-11-24 19:14:57,407 [INFO] PluginManager:220 - loadIPPluginJar : add ltdc
2023-11-24 19:14:57,411 [INFO] IPUIPlugin:80 - create IPUIPlugin
2023-11-24 19:14:57,412 [INFO] PluginManager:220 - loadIPPluginJar : add ucpd
2023-11-24 19:14:57,430 [INFO] IPUIPlugin:80 - create IPUIPlugin
2023-11-24 19:14:57,430 [INFO] PluginManager:220 - loadIPPluginJar : add usbx
2023-11-24 19:14:57,433 [INFO] ThirdPartyUpdaterWithRetryManager:70 - Updater plugin not ready yet. [2/15]
2023-11-24 19:14:57,436 [INFO] IPUIPlugin:80 - create IPUIPlugin
2023-11-24 19:14:57,438 [INFO] PluginManager:220 - loadIPPluginJar : add cryp
2023-11-24 19:14:57,461 [INFO] IPUIPlugin:80 - create IPUIPlugin
2023-11-24 19:14:57,463 [INFO] PluginManager:220 - loadIPPluginJar : add gic
2023-11-24 19:14:57,487 [INFO] IPUIPlugin:80 - create IPUIPlugin
2023-11-24 19:14:57,487 [INFO] PluginManager:220 - loadIPPluginJar : add adc
2023-11-24 19:14:57,491 [INFO] IPUIPlugin:80 - create IPUIPlugin
2023-11-24 19:14:57,493 [INFO] PluginManager:220 - loadIPPluginJar : add ts
2023-11-24 19:14:57,504 [INFO] IPUIPlugin:80 - create IPUIPlugin
2023-11-24 19:14:57,507 [INFO] PluginManager:220 - loadIPPluginJar : add touchsensing
2023-11-24 19:14:57,512 [INFO] IPUIPlugin:80 - create IPUIPlugin
2023-11-24 19:14:57,513 [INFO] PluginManager:220 - loadIPPluginJar : add dfsdm
2023-11-24 19:14:57,522 [INFO] IPUIPlugin:80 - create IPUIPlugin
2023-11-24 19:14:57,522 [INFO] PluginManager:220 - loadIPPluginJar : add usart
2023-11-24 19:14:57,534 [INFO] IPUIPlugin:80 - create IPUIPlugin
2023-11-24 19:14:57,534 [INFO] PluginManager:220 - loadIPPluginJar : add lorawan
2023-11-24 19:14:57,537 [INFO] IPUIPlugin:80 - create IPUIPlugin
2023-11-24 19:14:57,537 [INFO] PluginManager:220 - loadIPPluginJar : add tsc
2023-11-24 19:14:57,567 [INFO] IPUIPlugin:80 - create IPUIPlugin
2023-11-24 19:14:57,567 [INFO] PluginManager:220 - loadIPPluginJar : add linkedlist
2023-11-24 19:14:57,594 [INFO] IPUIPlugin:80 - create IPUIPlugin
2023-11-24 19:14:57,607 [INFO] PluginManager:220 - loadIPPluginJar : add plateformsettings
2023-11-24 19:14:57,610 [INFO] IPUIPlugin:80 - create IPUIPlugin
2023-11-24 19:14:57,615 [INFO] PluginManager:220 - loadIPPluginJar : add genericplugin
2023-11-24 19:14:57,634 [INFO] IPUIPlugin:80 - create IPUIPlugin
2023-11-24 19:14:57,639 [INFO] PluginManager:220 - loadIPPluginJar : add mdma
2023-11-24 19:14:57,652 [INFO] IPUIPlugin:80 - create IPUIPlugin
2023-11-24 19:14:57,652 [INFO] PluginManager:220 - loadIPPluginJar : add gtzc
2023-11-24 19:14:57,663 [INFO] IPUIPlugin:80 - create IPUIPlugin
2023-11-24 19:14:57,663 [INFO] PluginManager:220 - loadIPPluginJar : add can
2023-11-24 19:14:57,676 [INFO] IPUIPlugin:80 - create IPUIPlugin
2023-11-24 19:14:57,676 [INFO] PluginManager:220 - loadIPPluginJar : add i3c
2023-11-24 19:14:57,696 [INFO] IPUIPlugin:80 - create IPUIPlugin
2023-11-24 19:14:57,696 [INFO] PluginManager:220 - loadIPPluginJar : add freertos
2023-11-24 19:14:57,699 [INFO] IPUIPlugin:80 - create IPUIPlugin
2023-11-24 19:14:57,699 [INFO] PluginManager:220 - loadIPPluginJar : add quadspi
2023-11-24 19:14:57,711 [INFO] IPUIPlugin:80 - create IPUIPlugin
2023-11-24 19:14:57,711 [INFO] PluginManager:220 - loadIPPluginJar : add opamp
2023-11-24 19:14:57,719 [INFO] IPUIPlugin:80 - create IPUIPlugin
2023-11-24 19:14:57,719 [INFO] PluginManager:220 - loadIPPluginJar : add i2c
2023-11-24 19:14:57,907 [INFO] CADModel:165 - CPN selected for project level
2023-11-24 19:14:57,910 [INFO] CADModel:114 - Register for checkConnection events
2023-11-24 19:14:57,911 [FATAL] Updater:308 - Updater called before beeing initialized
2023-11-24 19:14:57,912 [ERROR] CADModel:125 - Updater not yet initialized, retry later 
2023-11-24 19:14:58,459 [INFO] CADModel:165 - CPN selected for project level
2023-11-24 19:14:58,460 [INFO] CADModel:114 - Register for checkConnection events
2023-11-24 19:14:58,460 [FATAL] Updater:308 - Updater called before beeing initialized
2023-11-24 19:14:58,460 [ERROR] CADModel:125 - Updater not yet initialized, retry later 
2023-11-24 19:14:58,476 [FATAL] Updater:308 - Updater called before beeing initialized
2023-11-24 19:14:58,751 [FATAL] Updater:308 - Updater called before beeing initialized
2023-11-24 19:14:58,763 [INFO] DbMcusAds:53 - JSON generation date=Tue Mar 07 05:50:55 ART 2023 (1678179055114)
2023-11-24 19:14:58,763 [FATAL] Updater:308 - Updater called before beeing initialized
2023-11-24 19:14:58,854 [WARN] DetailPanel:346 - Failed to get advertising image, set to default
2023-11-24 19:14:59,075 [FATAL] Updater:308 - Updater called before beeing initialized
2023-11-24 19:14:59,079 [FATAL] Updater:308 - Updater called before beeing initialized
2023-11-24 19:14:59,079 [FATAL] Updater:308 - Updater called before beeing initialized
2023-11-24 19:14:59,079 [WARN] DetailPanel:346 - Failed to get advertising image, set to default
2023-11-24 19:14:59,084 [FATAL] Updater:308 - Updater called before beeing initialized
2023-11-24 19:14:59,177 [ERROR] Updater:1120 - MainUpdater not yet initialized. External WinMGr cannot be set.
2023-11-24 19:14:59,179 [INFO] Updater:1056 - Updater Version found : 6.9.2
2023-11-24 19:14:59,253 [INFO] ApplicationProperties:184 - Using Application install path: /opt/st/stm32cubeide_1.13.2/plugins/com.st.stm32cube.common.mx_6.9.2.202309101412
2023-11-24 19:14:59,620 [INFO] MainUpdater:2868 - connection check result : 10
2023-11-24 19:14:59,626 [INFO] MainUpdater:285 - Updater Check For Update Now.
2023-11-24 19:14:59,626 [INFO] MicroXplorer:498 - Change Database Version : DB.6.0.92
2023-11-24 19:14:59,652 [INFO] McuFinderGlobals:63 - Set McuFinder mode to 2 (CubeIDE integrated)
2023-11-24 19:15:00,006 [INFO] CheckServerUpdateThread:120 - End of CheckServer Thread
2023-11-24 19:15:01,124 [WARN] PackLoader:240 - Cannot read IP mode file for STMicroelectronics.X-CUBE-SMBUS.2.1.0
2023-11-24 19:15:01,292 [WARN] PackLoader:240 - Cannot read IP mode file for STMicroelectronics.X-CUBE-AZRTOS-F7.1.1.0
2023-11-24 19:15:01,327 [WARN] PackLoader:240 - Cannot read IP mode file for STMicroelectronics.FP-SNS-MOTENV1.4.3.2
2023-11-24 19:15:01,498 [WARN] PackLoader:240 - Cannot read IP mode file for STMicroelectronics.FP-SNS-FLIGHT1.5.0.2
2023-11-24 19:15:01,536 [WARN] PackLoader:240 - Cannot read IP mode file for STMicroelectronics.X-CUBE-DISPLAY.3.0.0
2023-11-24 19:15:01,606 [WARN] PackLoader:240 - Cannot read IP mode file for STMicroelectronics.X-CUBE-BLE1.7.0.0
2023-11-24 19:15:01,645 [WARN] PackLoader:240 - Cannot read IP mode file for emotas.I-CUBE-CANOPEN.1.3.0
2023-11-24 19:15:01,667 [WARN] PackLoader:240 - Cannot read IP mode file for STMicroelectronics.X-CUBE-TOUCHGFX.4.22.1
2023-11-24 19:15:01,686 [WARN] PackLoader:240 - Cannot read IP mode file for STMicroelectronics.FP-SNS-SMARTAG2.1.2.0
2023-11-24 19:15:01,746 [INFO] LogOutputStream:77 - [STDOUT_REDIRECT] 1 : Invalid condition id : UX_CORESTACK_Condition cause : null
2023-11-24 19:15:01,750 [INFO] LogOutputStream:77 - [STDOUT_REDIRECT] 1 : Invalid condition id : UX_CORESTACK_Condition cause : null
2023-11-24 19:15:01,751 [INFO] LogOutputStream:77 - [STDOUT_REDIRECT] 1 : Invalid condition id : UX_CORESTACK_Condition cause : null
2023-11-24 19:15:01,751 [INFO] LogOutputStream:77 - [STDOUT_REDIRECT] 1 : Invalid condition id : UX_CORESTACK_Condition cause : null
2023-11-24 19:15:01,755 [INFO] LogOutputStream:77 - [STDOUT_REDIRECT] 1 : Invalid condition id : UX_CORESTACK_Condition cause : null
2023-11-24 19:15:01,768 [WARN] PackLoader:240 - Cannot read IP mode file for STMicroelectronics.X-CUBE-AZRTOS-WL.2.0.0
2023-11-24 19:15:01,812 [WARN] PackLoader:240 - Cannot read IP mode file for WES.I-CUBE-Cesium.1.3.0
2023-11-24 19:15:01,826 [WARN] PackLoader:240 - Cannot read IP mode file for STMicroelectronics.X-CUBE-BLE2.3.3.0
2023-11-24 19:15:01,863 [WARN] PackLoader:240 - Cannot read IP mode file for STMicroelectronics.X-CUBE-ALGOBUILD.1.3.0
2023-11-24 19:15:01,968 [WARN] PackLoader:240 - Cannot read IP mode file for STMicroelectronics.X-CUBE-AZRTOS-G0.1.1.0
2023-11-24 19:15:02,010 [WARN] PackLoader:240 - Cannot read IP mode file for STMicroelectronics.X-CUBE-NFC4.3.0.0
2023-11-24 19:15:02,325 [WARN] PackLoader:240 - Cannot read IP mode file for STMicroelectronics.X-CUBE-BLEMGR.3.0.0
2023-11-24 19:15:02,351 [WARN] PackLoader:240 - Cannot read IP mode file for STMicroelectronics.FP-ATR-SIGFOX1.3.2.0
2023-11-24 19:15:02,485 [WARN] PackLoader:240 - Cannot read IP mode file for SEGGER.I-CUBE-embOS.1.3.1
2023-11-24 19:15:02,780 [WARN] PackLoader:240 - Cannot read IP mode file for STMicroelectronics.X-CUBE-GNSS1.6.0.0
2023-11-24 19:15:02,984 [WARN] PackLoader:240 - Cannot read IP mode file for STMicroelectronics.X-CUBE-AZRTOS-F4.1.1.0
2023-11-24 19:15:03,035 [WARN] PackLoader:240 - Cannot read IP mode file for wolfSSL.I-CUBE-wolfSSL.5.6.3
2023-11-24 19:15:03,180 [WARN] PackLoader:240 - Cannot read IP mode file for STMicroelectronics.X-CUBE-AZRTOS-L5.2.0.0
2023-11-24 19:15:03,449 [WARN] PackLoader:240 - Cannot read IP mode file for STMicroelectronics.X-CUBE-MEMS1.9.6.0
2023-11-24 19:15:04,305 [WARN] PackLoader:240 - Cannot read IP mode file for STMicroelectronics.X-CUBE-EEPRMA1.4.2.0
2023-11-24 19:15:04,330 [WARN] PackLoader:240 - Cannot read IP mode file for ITTIA_DB.I-CUBE-ITTIADB.8.8.0
2023-11-24 19:15:04,360 [WARN] PackLoader:240 - Cannot read IP mode file for STMicroelectronics.X-CUBE-BLEMGR.2.0.0
2023-11-24 19:15:04,423 [WARN] ConditionMgr:438 - getConditionDescription Invalid condition id : UX DEVICE CLASS RTOS Condition cause : null
2023-11-24 19:15:04,423 [WARN] ConditionMgr:438 - getConditionDescription Invalid condition id : UX DEVICE CLASS RTOS Condition cause : null
2023-11-24 19:15:04,426 [WARN] PackLoader:240 - Cannot read IP mode file for STMicroelectronics.X-CUBE-AZRTOS-H7.3.1.0
2023-11-24 19:15:04,432 [WARN] ConditionMgr:1039 - genDependencies : Invalid condition id : UX DEVICE CLASS RTOS Condition cause : null
2023-11-24 19:15:04,432 [WARN] ConditionMgr:1039 - genDependencies : Invalid condition id : UX DEVICE CLASS RTOS Condition cause : null
2023-11-24 19:15:04,432 [WARN] ConditionMgr:1039 - genDependencies : Invalid condition id : UX DEVICE CLASS RTOS Condition cause : null
2023-11-24 19:15:04,433 [WARN] ConditionMgr:1039 - genDependencies : Invalid condition id : UX DEVICE CLASS RTOS Condition cause : null
2023-11-24 19:15:04,433 [WARN] ConditionMgr:1039 - genDependencies : Invalid condition id : UX DEVICE CLASS RTOS Condition cause : null
2023-11-24 19:15:04,447 [WARN] PackLoader:240 - Cannot read IP mode file for STMicroelectronics.X-CUBE-NFC7.1.0.1
2023-11-24 19:15:04,466 [WARN] PackLoader:240 - Cannot read IP mode file for STMicroelectronics.X-CUBE-NFC6.3.0.0
2023-11-24 19:15:04,484 [WARN] PackLoader:240 - Cannot read IP mode file for STMicroelectronics.X-CUBE-EEPRMA1.4.1.0
2023-11-24 19:15:04,494 [WARN] PackLoader:240 - Cannot read IP mode file for STMicroelectronics.X-CUBE-AI.8.1.0
2023-11-24 19:15:04,548 [WARN] ConditionMgr:438 - getConditionDescription Invalid condition id : LAN8742 Phy interface Condition cause : null
2023-11-24 19:15:04,549 [WARN] PackLoader:240 - Cannot read IP mode file for STMicroelectronics.X-CUBE-AZRTOS-L4.2.0.0
2023-11-24 19:15:04,558 [WARN] ConditionMgr:1039 - genDependencies : Invalid condition id : LAN8742 Phy interface Condition cause : null
2023-11-24 19:15:04,559 [WARN] ConditionMgr:1039 - genDependencies : Invalid condition id : LAN8742 Phy interface Condition cause : null
2023-11-24 19:15:04,559 [WARN] ConditionMgr:1039 - genDependencies : Invalid condition id : LAN8742 Phy interface Condition cause : null
2023-11-24 19:15:04,576 [WARN] PackLoader:240 - Cannot read IP mode file for STMicroelectronics.X-CUBE-SFXS2LP1.4.0.0
2023-11-24 19:15:04,600 [WARN] PackLoader:240 - Cannot read IP mode file for STMicroelectronics.X-CUBE-ISPU.1.1.0
2023-11-24 19:15:04,638 [WARN] ConditionMgr:438 - getConditionDescription Invalid condition id : UX DEVICE CLASS RTOS Condition cause : null
2023-11-24 19:15:04,647 [WARN] ConditionMgr:438 - getConditionDescription Invalid condition id : UX DEVICE CLASS RTOS Condition cause : null
2023-11-24 19:15:04,649 [WARN] PackLoader:240 - Cannot read IP mode file for STMicroelectronics.X-CUBE-AZRTOS-WB.2.0.0
2023-11-24 19:15:04,650 [WARN] ConditionMgr:1039 - genDependencies : Invalid condition id : UX DEVICE CLASS RTOS Condition cause : null
2023-11-24 19:15:04,650 [WARN] ConditionMgr:1039 - genDependencies : Invalid condition id : UX DEVICE CLASS RTOS Condition cause : null
2023-11-24 19:15:04,655 [WARN] ConditionMgr:1039 - genDependencies : Invalid condition id : UX DEVICE CLASS RTOS Condition cause : null
2023-11-24 19:15:04,656 [WARN] ConditionMgr:1039 - genDependencies : Invalid condition id : UX DEVICE CLASS RTOS Condition cause : null
2023-11-24 19:15:04,659 [WARN] ConditionMgr:1039 - genDependencies : Invalid condition id : UX DEVICE CLASS RTOS Condition cause : null
2023-11-24 19:15:04,685 [WARN] PackLoader:240 - Cannot read IP mode file for STMicroelectronics.X-CUBE-SUBG2.5.0.0
2023-11-24 19:15:04,735 [WARN] PackLoader:240 - Cannot read IP mode file for STMicroelectronics.X-CUBE-TOF1.3.3.1
2023-11-24 19:15:04,822 [WARN] PackLoader:240 - Cannot read IP mode file for STMicroelectronics.X-CUBE-AZRTOS-G4.2.0.0
2023-11-24 19:15:04,879 [WARN] PackLoader:240 - Cannot read IP mode file for Infineon.AIROC-Wi-Fi-Bluetooth-STM32.1.5.1
2023-11-24 19:15:04,907 [WARN] PackLoader:240 - Cannot read IP mode file for STMicroelectronics.FP-SNS-MOTENVWB1.1.3.0
2023-11-24 19:15:05,086 [WARN] PackLoader:240 - Cannot read IP mode file for STMicroelectronics.X-CUBE-MEMS1.10.0.0
2023-11-24 19:15:05,701 [WARN] PackLoader:240 - Cannot read IP mode file for STMicroelectronics.X-CUBE-FREERTOS.1.1.0
2023-11-24 19:15:05,775 [WARN] PackLoader:240 - Cannot read IP mode file for portGmbH.I-Cube-SoM-uGOAL.1.1.0
2023-11-24 19:15:05,815 [WARN] PackLoader:240 - Cannot read IP mode file for STMicroelectronics.X-CUBE-ALS.1.0.1
2023-11-24 19:15:05,836 [WARN] PackLoader:240 - Cannot read IP mode file for STMicroelectronics.FP-ATR-ASTRA1.2.0.0
2023-11-24 19:15:05,842 [INFO] ThirdParty:978 - Integrity check success = true
2023-11-24 19:15:05,849 [INFO] IntegrityCheckThread:100 - exiting critical section [integrity check]
2023-11-24 19:15:05,849 [INFO] IntegrityCheckThread:103 - End integrity checks thread
2023-11-24 19:15:23,268 [ERROR] LogOutputStream:75 - [STDERR_REDIRECT] SLF4J: Failed to load class "org.slf4j.impl.StaticLoggerBinder".
2023-11-24 19:15:23,268 [ERROR] LogOutputStream:75 - [STDERR_REDIRECT] SLF4J: Defaulting to no-operation (NOP) logger implementation
2023-11-24 19:15:23,269 [ERROR] LogOutputStream:75 - [STDERR_REDIRECT] SLF4J: See http://www.slf4j.org/codes.html#StaticLoggerBinder for further details.
