22:56:55 **** Incremental Build of configuration Debug for project Trabajo_Final ****
make -j1 all 
arm-none-eabi-gcc "../Drivers/API/Src/API_screen_managment.c" -mcpu=cortex-m4 -std=gnu11 -g3 -DDEBUG -DUSE_HAL_DRIVER -DSTM32F401xE -c -I../Core/Inc -I../Drivers/STM32F4xx_HAL_Driver/Inc -I../Drivers/STM32F4xx_HAL_Driver/Inc/Legacy -I../Drivers/CMSIS/Device/ST/STM32F4xx/Include -I../Drivers/CMSIS/Include -I"/home/osboxes/Gustavo/Embebidos/PdM_workspace/Trabajo_Final/Drivers" -I"/home/osboxes/Gustavo/Embebidos/PdM_workspace/Trabajo_Final/Drivers/API/Inc" -I"/home/osboxes/Gustavo/Embebidos/PdM_workspace/Trabajo_Final/Drivers/API" -O0 -ffunction-sections -fdata-sections -Wall -fstack-usage -fcyclomatic-complexity -MMD -MP -MF"Drivers/API/Src/API_screen_managment.d" -MT"Drivers/API/Src/API_screen_managment.o" --specs=nano.specs -mfpu=fpv4-sp-d16 -mfloat-abi=hard -mthumb -o "Drivers/API/Src/API_screen_managment.o"
arm-none-eabi-gcc -o "Trabajo_Final.elf" @"objects.list"   -mcpu=cortex-m4 -T"/home/osboxes/Gustavo/Embebidos/PdM_workspace/Trabajo_Final/STM32F401RETX_FLASH.ld" --specs=nosys.specs -Wl,-Map="Trabajo_Final.map" -Wl,--gc-sections -static --specs=nano.specs -mfpu=fpv4-sp-d16 -mfloat-abi=hard -mthumb -u _printf_float -Wl,--start-group -lc -lm -Wl,--end-group
Finished building target: Trabajo_Final.elf
 
arm-none-eabi-size   Trabajo_Final.elf 
   text	   data	    bss	    dec	    hex	filename
  34336	    476	   2332	  37144	   9118	Trabajo_Final.elf
Finished building: default.size.stdout
 
arm-none-eabi-objdump -h -S  Trabajo_Final.elf  > "Trabajo_Final.list"
Finished building: Trabajo_Final.list
 
22:57:17 **** Incremental Build of configuration Debug for project Trabajo_Final ****
make -j1 all 
arm-none-eabi-size   Trabajo_Final.elf 
   text	   data	    bss	    dec	    hex	filename
  34336	    476	   2332	  37144	   9118	Trabajo_Final.elf
Finished building: default.size.stdout
 
22:57:46 **** Incremental Build of configuration Debug for project Trabajo_Final ****
make -j1 all 
arm-none-eabi-gcc "../Drivers/API/Src/API_screen_managment.c" -mcpu=cortex-m4 -std=gnu11 -g3 -DDEBUG -DUSE_HAL_DRIVER -DSTM32F401xE -c -I../Core/Inc -I../Drivers/STM32F4xx_HAL_Driver/Inc -I../Drivers/STM32F4xx_HAL_Driver/Inc/Legacy -I../Drivers/CMSIS/Device/ST/STM32F4xx/Include -I../Drivers/CMSIS/Include -I"/home/osboxes/Gustavo/Embebidos/PdM_workspace/Trabajo_Final/Drivers" -I"/home/osboxes/Gustavo/Embebidos/PdM_workspace/Trabajo_Final/Drivers/API/Inc" -I"/home/osboxes/Gustavo/Embebidos/PdM_workspace/Trabajo_Final/Drivers/API" -O0 -ffunction-sections -fdata-sections -Wall -fstack-usage -fcyclomatic-complexity -MMD -MP -MF"Drivers/API/Src/API_screen_managment.d" -MT"Drivers/API/Src/API_screen_managment.o" --specs=nano.specs -mfpu=fpv4-sp-d16 -mfloat-abi=hard -mthumb -o "Drivers/API/Src/API_screen_managment.o"
arm-none-eabi-gcc -o "Trabajo_Final.elf" @"objects.list"   -mcpu=cortex-m4 -T"/home/osboxes/Gustavo/Embebidos/PdM_workspace/Trabajo_Final/STM32F401RETX_FLASH.ld" --specs=nosys.specs -Wl,-Map="Trabajo_Final.map" -Wl,--gc-sections -static --specs=nano.specs -mfpu=fpv4-sp-d16 -mfloat-abi=hard -mthumb -u _printf_float -Wl,--start-group -lc -lm -Wl,--end-group
Finished building target: Trabajo_Final.elf
 
arm-none-eabi-size   Trabajo_Final.elf 
   text	   data	    bss	    dec	    hex	filename
  34320	    476	   2332	  37128	   9108	Trabajo_Final.elf
Finished building: default.size.stdout
 
arm-none-eabi-objdump -h -S  Trabajo_Final.elf  > "Trabajo_Final.list"
Finished building: Trabajo_Final.list
 
22:58:55 **** Incremental Build of configuration Debug for project Trabajo_Final ****
make -j1 all 
arm-none-eabi-gcc "../Drivers/API/Src/API_screen_managment.c" -mcpu=cortex-m4 -std=gnu11 -g3 -DDEBUG -DUSE_HAL_DRIVER -DSTM32F401xE -c -I../Core/Inc -I../Drivers/STM32F4xx_HAL_Driver/Inc -I../Drivers/STM32F4xx_HAL_Driver/Inc/Legacy -I../Drivers/CMSIS/Device/ST/STM32F4xx/Include -I../Drivers/CMSIS/Include -I"/home/osboxes/Gustavo/Embebidos/PdM_workspace/Trabajo_Final/Drivers" -I"/home/osboxes/Gustavo/Embebidos/PdM_workspace/Trabajo_Final/Drivers/API/Inc" -I"/home/osboxes/Gustavo/Embebidos/PdM_workspace/Trabajo_Final/Drivers/API" -O0 -ffunction-sections -fdata-sections -Wall -fstack-usage -fcyclomatic-complexity -MMD -MP -MF"Drivers/API/Src/API_screen_managment.d" -MT"Drivers/API/Src/API_screen_managment.o" --specs=nano.specs -mfpu=fpv4-sp-d16 -mfloat-abi=hard -mthumb -o "Drivers/API/Src/API_screen_managment.o"
arm-none-eabi-gcc -o "Trabajo_Final.elf" @"objects.list"   -mcpu=cortex-m4 -T"/home/osboxes/Gustavo/Embebidos/PdM_workspace/Trabajo_Final/STM32F401RETX_FLASH.ld" --specs=nosys.specs -Wl,-Map="Trabajo_Final.map" -Wl,--gc-sections -static --specs=nano.specs -mfpu=fpv4-sp-d16 -mfloat-abi=hard -mthumb -u _printf_float -Wl,--start-group -lc -lm -Wl,--end-group
Finished building target: Trabajo_Final.elf
 
arm-none-eabi-size   Trabajo_Final.elf 
   text	   data	    bss	    dec	    hex	filename
  34336	    476	   2332	  37144	   9118	Trabajo_Final.elf
Finished building: default.size.stdout
 
arm-none-eabi-objdump -h -S  Trabajo_Final.elf  > "Trabajo_Final.list"
Finished building: Trabajo_Final.list
 
22:59:59 **** Incremental Build of configuration Debug for project Trabajo_Final ****
make -j1 all 
arm-none-eabi-gcc "../Drivers/API/Src/API_screen_managment.c" -mcpu=cortex-m4 -std=gnu11 -g3 -DDEBUG -DUSE_HAL_DRIVER -DSTM32F401xE -c -I../Core/Inc -I../Drivers/STM32F4xx_HAL_Driver/Inc -I../Drivers/STM32F4xx_HAL_Driver/Inc/Legacy -I../Drivers/CMSIS/Device/ST/STM32F4xx/Include -I../Drivers/CMSIS/Include -I"/home/osboxes/Gustavo/Embebidos/PdM_workspace/Trabajo_Final/Drivers" -I"/home/osboxes/Gustavo/Embebidos/PdM_workspace/Trabajo_Final/Drivers/API/Inc" -I"/home/osboxes/Gustavo/Embebidos/PdM_workspace/Trabajo_Final/Drivers/API" -O0 -ffunction-sections -fdata-sections -Wall -fstack-usage -fcyclomatic-complexity -MMD -MP -MF"Drivers/API/Src/API_screen_managment.d" -MT"Drivers/API/Src/API_screen_managment.o" --specs=nano.specs -mfpu=fpv4-sp-d16 -mfloat-abi=hard -mthumb -o "Drivers/API/Src/API_screen_managment.o"
arm-none-eabi-gcc -o "Trabajo_Final.elf" @"objects.list"   -mcpu=cortex-m4 -T"/home/osboxes/Gustavo/Embebidos/PdM_workspace/Trabajo_Final/STM32F401RETX_FLASH.ld" --specs=nosys.specs -Wl,-Map="Trabajo_Final.map" -Wl,--gc-sections -static --specs=nano.specs -mfpu=fpv4-sp-d16 -mfloat-abi=hard -mthumb -u _printf_float -Wl,--start-group -lc -lm -Wl,--end-group
Finished building target: Trabajo_Final.elf
 
arm-none-eabi-size   Trabajo_Final.elf 
   text	   data	    bss	    dec	    hex	filename
  34336	    476	   2332	  37144	   9118	Trabajo_Final.elf
Finished building: default.size.stdout
 
arm-none-eabi-objdump -h -S  Trabajo_Final.elf  > "Trabajo_Final.list"
Finished building: Trabajo_Final.list
 
